

================================================================
== Vitis HLS Report for 'fc6_hls_Pipeline_VITIS_LOOP_24_21'
================================================================
* Date:           Fri Dec 13 17:23:44 2024

* Version:        2023.2 (Build 4023990 on Oct 11 2023)
* Project:        lenet_fc6
* Solution:       solution1 (Vivado IP Flow Target)
* Product family: zynquplus
* Target device:  xck26-sfvc784-2LV-c


================================================================
== Performance Estimates
================================================================
+ Timing: 
    * Summary: 
    +--------+----------+----------+------------+
    |  Clock |  Target  | Estimated| Uncertainty|
    +--------+----------+----------+------------+
    |ap_clk  |  10.00 ns|  7.300 ns|     2.70 ns|
    +--------+----------+----------+------------+

+ Latency: 
    * Summary: 
    +---------+---------+----------+----------+-----+-----+---------+
    |  Latency (cycles) |  Latency (absolute) |  Interval | Pipeline|
    |   min   |   max   |    min   |    max   | min | max |   Type  |
    +---------+---------+----------+----------+-----+-----+---------+
    |      367|      367|  3.670 us|  3.670 us|  367|  367|       no|
    +---------+---------+----------+----------+-----+-----+---------+

    + Detail: 
        * Instance: 
        N/A

        * Loop: 
        +-------------------+---------+---------+----------+-----------+-----------+------+----------+
        |                   |  Latency (cycles) | Iteration|  Initiation Interval  | Trip |          |
        |     Loop Name     |   min   |   max   |  Latency |  achieved |   target  | Count| Pipelined|
        +-------------------+---------+---------+----------+-----------+-----------+------+----------+
        |- VITIS_LOOP_24_2  |      365|      365|         9|          3|          1|   120|       yes|
        +-------------------+---------+---------+----------+-----------+-----------+------+----------+

============================================================
+ Verbose Summary: Synthesis Manager
============================================================
InlineROM: 1
ExposeGlobal: 0
============================================================
+ Verbose Summary: CDFG Model
============================================================
IsTopModel: 0
ResetActiveHigh: 1
IsCombinational: 0
IsDatapathOnly: 0
HasWiredReturn: 1
HasMFsm: 2
HasVarLatency: 1
IsPipeline: 0
IsRtlPipelined: 0
IsInstanceOverlapped: 0
IsDontTouch: 0
HasImplIP: 0
IsGatedGlobalClock: 0

+ Individual pipeline summary: 
  * Pipeline-0: initiation interval (II) = 3, depth = 9


============================================================
+ Verbose Summary: Schedule
============================================================
* Number of FSM states : 9
* Pipeline : 1
  Pipeline-0 : II = 3, D = 9, States = { 1 2 3 4 5 6 7 8 9 }
* Dataflow Pipeline: 0

* FSM state transitions: 
1 --> 2 
2 --> 3 
3 --> 4 
4 --> 5 
5 --> 6 
6 --> 7 
7 --> 8 
8 --> 9 
9 --> 

* FSM state operations: 

State 1 <SV = 0> <Delay = 1.62>
ST_1 : Operation 12 [1/1] (0.00ns)   --->   "%sum = alloca i32 1" [../SoC-based-MatMul-Accelerator-and-DNN-Accelerator/lenet_hls/lenet_fc6_hls.cpp:21]   --->   Operation 12 'alloca' 'sum' <Predicate = true> <Delay = 0.00>
ST_1 : Operation 13 [1/1] (0.00ns)   --->   "%c = alloca i32 1" [../SoC-based-MatMul-Accelerator-and-DNN-Accelerator/lenet_hls/lenet_fc6_hls.cpp:24]   --->   Operation 13 'alloca' 'c' <Predicate = true> <Delay = 0.00>
ST_1 : Operation 14 [1/1] (0.00ns)   --->   "%sext_ln24_2_read = read i62 @_ssdm_op_Read.ap_auto.i62, i62 %sext_ln24_2"   --->   Operation 14 'read' 'sext_ln24_2_read' <Predicate = true> <Delay = 0.00>
ST_1 : Operation 15 [1/1] (0.00ns)   --->   "%sext_ln24_read = read i62 @_ssdm_op_Read.ap_auto.i62, i62 %sext_ln24"   --->   Operation 15 'read' 'sext_ln24_read' <Predicate = true> <Delay = 0.00>
ST_1 : Operation 16 [1/1] (0.00ns)   --->   "%sext_ln24_2_cast = sext i62 %sext_ln24_2_read"   --->   Operation 16 'sext' 'sext_ln24_2_cast' <Predicate = true> <Delay = 0.00>
ST_1 : Operation 17 [1/1] (0.00ns)   --->   "%sext_ln24_cast = sext i62 %sext_ln24_read"   --->   Operation 17 'sext' 'sext_ln24_cast' <Predicate = true> <Delay = 0.00>
ST_1 : Operation 18 [1/1] (0.00ns)   --->   "%specinterface_ln0 = specinterface void @_ssdm_op_SpecInterface, i32 %WEIGHTS, void @empty, i32 0, i32 0, void @empty_0, i32 0, i32 1200, void @empty_3, void @empty_2, void @empty_0, i32 16, i32 16, i32 16, i32 16, void @empty_0, void @empty_0, i32 4294967295, i32 0"   --->   Operation 18 'specinterface' 'specinterface_ln0' <Predicate = true> <Delay = 0.00>
ST_1 : Operation 19 [1/1] (0.00ns)   --->   "%specinterface_ln0 = specinterface void @_ssdm_op_SpecInterface, i32 %INPUT_r, void @empty, i32 0, i32 0, void @empty_0, i32 0, i32 120, void @empty_1, void @empty_2, void @empty_0, i32 16, i32 16, i32 16, i32 16, void @empty_0, void @empty_0, i32 4294967295, i32 0"   --->   Operation 19 'specinterface' 'specinterface_ln0' <Predicate = true> <Delay = 0.00>
ST_1 : Operation 20 [1/1] (0.42ns)   --->   "%store_ln24 = store i7 0, i7 %c" [../SoC-based-MatMul-Accelerator-and-DNN-Accelerator/lenet_hls/lenet_fc6_hls.cpp:24]   --->   Operation 20 'store' 'store_ln24' <Predicate = true> <Delay = 0.42>
ST_1 : Operation 21 [1/1] (0.42ns)   --->   "%store_ln21 = store i32 0, i32 %sum" [../SoC-based-MatMul-Accelerator-and-DNN-Accelerator/lenet_hls/lenet_fc6_hls.cpp:21]   --->   Operation 21 'store' 'store_ln21' <Predicate = true> <Delay = 0.42>
ST_1 : Operation 22 [1/1] (0.00ns)   --->   "%br_ln0 = br void %for.inc.1"   --->   Operation 22 'br' 'br_ln0' <Predicate = true> <Delay = 0.00>
ST_1 : Operation 23 [1/1] (0.00ns)   --->   "%c_1 = load i7 %c" [../SoC-based-MatMul-Accelerator-and-DNN-Accelerator/lenet_hls/lenet_fc6_hls.cpp:24]   --->   Operation 23 'load' 'c_1' <Predicate = true> <Delay = 0.00>
ST_1 : Operation 24 [1/1] (0.00ns)   --->   "%specbitsmap_ln0 = specbitsmap void @_ssdm_op_SpecBitsMap, i32 %WEIGHTS"   --->   Operation 24 'specbitsmap' 'specbitsmap_ln0' <Predicate = true> <Delay = 0.00>
ST_1 : Operation 25 [1/1] (0.00ns)   --->   "%specbitsmap_ln0 = specbitsmap void @_ssdm_op_SpecBitsMap, i32 %INPUT_r"   --->   Operation 25 'specbitsmap' 'specbitsmap_ln0' <Predicate = true> <Delay = 0.00>
ST_1 : Operation 26 [1/1] (0.77ns)   --->   "%icmp_ln24 = icmp_eq  i7 %c_1, i7 120" [../SoC-based-MatMul-Accelerator-and-DNN-Accelerator/lenet_hls/lenet_fc6_hls.cpp:24]   --->   Operation 26 'icmp' 'icmp_ln24' <Predicate = true> <Delay = 0.77> <CoreInst = "Cmp">   --->   Core 9 'Cmp' <Latency = 0> <II = 1> <Delay = 0.77> <FuncUnit> <Opcode : 'icmp'> <InPorts = 2> <OutPorts = 1>
ST_1 : Operation 27 [1/1] (0.77ns)   --->   "%add_ln24 = add i7 %c_1, i7 1" [../SoC-based-MatMul-Accelerator-and-DNN-Accelerator/lenet_hls/lenet_fc6_hls.cpp:24]   --->   Operation 27 'add' 'add_ln24' <Predicate = true> <Delay = 0.77> <CoreInst = "Adder">   --->   Core 1 'Adder' <Latency = 0> <II = 1> <Delay = 0.77> <FuncUnit> <Opcode : 'add' 'sub'> <InPorts = 2> <OutPorts = 1>
ST_1 : Operation 28 [1/1] (0.00ns)   --->   "%br_ln24 = br i1 %icmp_ln24, void %for.inc.1.split, void %for.inc18.1.exitStub" [../SoC-based-MatMul-Accelerator-and-DNN-Accelerator/lenet_hls/lenet_fc6_hls.cpp:24]   --->   Operation 28 'br' 'br_ln24' <Predicate = true> <Delay = 0.00>
ST_1 : Operation 29 [1/1] (0.42ns)   --->   "%store_ln24 = store i7 %add_ln24, i7 %c" [../SoC-based-MatMul-Accelerator-and-DNN-Accelerator/lenet_hls/lenet_fc6_hls.cpp:24]   --->   Operation 29 'store' 'store_ln24' <Predicate = (!icmp_ln24)> <Delay = 0.42>

State 2 <SV = 1> <Delay = 7.30>
ST_2 : Operation 30 [1/1] (0.00ns)   --->   "%INPUT_r_addr = getelementptr i32 %INPUT_r, i64 %sext_ln24_cast" [../SoC-based-MatMul-Accelerator-and-DNN-Accelerator/lenet_hls/lenet_fc6_hls.cpp:24]   --->   Operation 30 'getelementptr' 'INPUT_r_addr' <Predicate = (!icmp_ln24)> <Delay = 0.00>
ST_2 : Operation 31 [1/1] (0.00ns)   --->   "%WEIGHTS_addr = getelementptr i32 %WEIGHTS, i64 %sext_ln24_2_cast" [../SoC-based-MatMul-Accelerator-and-DNN-Accelerator/lenet_hls/lenet_fc6_hls.cpp:24]   --->   Operation 31 'getelementptr' 'WEIGHTS_addr' <Predicate = (!icmp_ln24)> <Delay = 0.00>
ST_2 : Operation 32 [1/1] (7.30ns)   --->   "%INPUT_r_addr_read = read i32 @_ssdm_op_Read.m_axi.p1i32, i32 %INPUT_r_addr" [../SoC-based-MatMul-Accelerator-and-DNN-Accelerator/lenet_hls/lenet_fc6_hls.cpp:26]   --->   Operation 32 'read' 'INPUT_r_addr_read' <Predicate = (!icmp_ln24)> <Delay = 7.30> <CoreInst = "m_axi">   --->   Core 121 'm_axi' <Latency = 0> <II = 1> <Delay = 1.00> <Adapter> <Opcode : 'read' 'write' 'readreq' 'writereq' 'writeresp'>
ST_2 : Operation 33 [1/1] (7.30ns)   --->   "%WEIGHTS_addr_read = read i32 @_ssdm_op_Read.m_axi.p1i32, i32 %WEIGHTS_addr" [../SoC-based-MatMul-Accelerator-and-DNN-Accelerator/lenet_hls/lenet_fc6_hls.cpp:27]   --->   Operation 33 'read' 'WEIGHTS_addr_read' <Predicate = (!icmp_ln24)> <Delay = 7.30> <CoreInst = "m_axi">   --->   Core 121 'm_axi' <Latency = 0> <II = 1> <Delay = 1.00> <Adapter> <Opcode : 'read' 'write' 'readreq' 'writereq' 'writeresp'>

State 3 <SV = 2> <Delay = 7.01>
ST_3 : Operation 34 [1/1] (0.00ns)   --->   "%input_val = bitcast i32 %INPUT_r_addr_read" [../SoC-based-MatMul-Accelerator-and-DNN-Accelerator/lenet_hls/lenet_fc6_hls.cpp:26]   --->   Operation 34 'bitcast' 'input_val' <Predicate = (!icmp_ln24)> <Delay = 0.00>
ST_3 : Operation 35 [1/1] (0.00ns)   --->   "%weight_val = bitcast i32 %WEIGHTS_addr_read" [../SoC-based-MatMul-Accelerator-and-DNN-Accelerator/lenet_hls/lenet_fc6_hls.cpp:27]   --->   Operation 35 'bitcast' 'weight_val' <Predicate = (!icmp_ln24)> <Delay = 0.00>
ST_3 : Operation 36 [3/3] (7.01ns)   --->   "%mul_1 = fmul i32 %input_val, i32 %weight_val" [../SoC-based-MatMul-Accelerator-and-DNN-Accelerator/lenet_hls/lenet_fc6_hls.cpp:28]   --->   Operation 36 'fmul' 'mul_1' <Predicate = (!icmp_ln24)> <Delay = 7.01> <CoreInst = "FMul_maxdsp">   --->   Core 30 'FMul_maxdsp' <Latency = 2> <II = 1> <Delay = 7.01> <FuncUnit> <Opcode : 'fmul'> <InPorts = 2> <OutPorts = 1>

State 4 <SV = 3> <Delay = 7.01>
ST_4 : Operation 37 [2/3] (7.01ns)   --->   "%mul_1 = fmul i32 %input_val, i32 %weight_val" [../SoC-based-MatMul-Accelerator-and-DNN-Accelerator/lenet_hls/lenet_fc6_hls.cpp:28]   --->   Operation 37 'fmul' 'mul_1' <Predicate = true> <Delay = 7.01> <CoreInst = "FMul_maxdsp">   --->   Core 30 'FMul_maxdsp' <Latency = 2> <II = 1> <Delay = 7.01> <FuncUnit> <Opcode : 'fmul'> <InPorts = 2> <OutPorts = 1>

State 5 <SV = 4> <Delay = 7.01>
ST_5 : Operation 38 [1/3] (7.01ns)   --->   "%mul_1 = fmul i32 %input_val, i32 %weight_val" [../SoC-based-MatMul-Accelerator-and-DNN-Accelerator/lenet_hls/lenet_fc6_hls.cpp:28]   --->   Operation 38 'fmul' 'mul_1' <Predicate = true> <Delay = 7.01> <CoreInst = "FMul_maxdsp">   --->   Core 30 'FMul_maxdsp' <Latency = 2> <II = 1> <Delay = 7.01> <FuncUnit> <Opcode : 'fmul'> <InPorts = 2> <OutPorts = 1>

State 6 <SV = 5> <Delay = 6.43>
ST_6 : Operation 39 [1/1] (0.00ns)   --->   "%sum_load_1 = load i32 %sum" [../SoC-based-MatMul-Accelerator-and-DNN-Accelerator/lenet_hls/lenet_fc6_hls.cpp:28]   --->   Operation 39 'load' 'sum_load_1' <Predicate = true> <Delay = 0.00>
ST_6 : Operation 40 [4/4] (6.43ns)   --->   "%sum_1 = fadd i32 %sum_load_1, i32 %mul_1" [../SoC-based-MatMul-Accelerator-and-DNN-Accelerator/lenet_hls/lenet_fc6_hls.cpp:28]   --->   Operation 40 'fadd' 'sum_1' <Predicate = true> <Delay = 6.43> <CoreInst = "FAddSub_fulldsp">   --->   Core 18 'FAddSub_fulldsp' <Latency = 3> <II = 1> <Delay = 6.43> <FuncUnit> <Opcode : 'fadd' 'fsub'> <InPorts = 2> <OutPorts = 1>
ST_6 : Operation 49 [1/1] (0.00ns)   --->   "%sum_load = load i32 %sum"   --->   Operation 49 'load' 'sum_load' <Predicate = (icmp_ln24)> <Delay = 0.00>
ST_6 : Operation 50 [1/1] (0.00ns)   --->   "%write_ln0 = write void @_ssdm_op_Write.ap_auto.floatP0A, i32 %sum_2_out, i32 %sum_load"   --->   Operation 50 'write' 'write_ln0' <Predicate = (icmp_ln24)> <Delay = 0.00>
ST_6 : Operation 51 [1/1] (0.00ns)   --->   "%ret_ln0 = ret"   --->   Operation 51 'ret' 'ret_ln0' <Predicate = (icmp_ln24)> <Delay = 0.00>

State 7 <SV = 6> <Delay = 6.43>
ST_7 : Operation 41 [3/4] (6.43ns)   --->   "%sum_1 = fadd i32 %sum_load_1, i32 %mul_1" [../SoC-based-MatMul-Accelerator-and-DNN-Accelerator/lenet_hls/lenet_fc6_hls.cpp:28]   --->   Operation 41 'fadd' 'sum_1' <Predicate = true> <Delay = 6.43> <CoreInst = "FAddSub_fulldsp">   --->   Core 18 'FAddSub_fulldsp' <Latency = 3> <II = 1> <Delay = 6.43> <FuncUnit> <Opcode : 'fadd' 'fsub'> <InPorts = 2> <OutPorts = 1>

State 8 <SV = 7> <Delay = 6.43>
ST_8 : Operation 42 [2/4] (6.43ns)   --->   "%sum_1 = fadd i32 %sum_load_1, i32 %mul_1" [../SoC-based-MatMul-Accelerator-and-DNN-Accelerator/lenet_hls/lenet_fc6_hls.cpp:28]   --->   Operation 42 'fadd' 'sum_1' <Predicate = true> <Delay = 6.43> <CoreInst = "FAddSub_fulldsp">   --->   Core 18 'FAddSub_fulldsp' <Latency = 3> <II = 1> <Delay = 6.43> <FuncUnit> <Opcode : 'fadd' 'fsub'> <InPorts = 2> <OutPorts = 1>

State 9 <SV = 8> <Delay = 6.86>
ST_9 : Operation 43 [1/1] (0.00ns)   --->   "%specpipeline_ln25 = specpipeline void @_ssdm_op_SpecPipeline, i32 1, i32 0, i32 0, i32 0, void @empty_0" [../SoC-based-MatMul-Accelerator-and-DNN-Accelerator/lenet_hls/lenet_fc6_hls.cpp:25]   --->   Operation 43 'specpipeline' 'specpipeline_ln25' <Predicate = true> <Delay = 0.00>
ST_9 : Operation 44 [1/1] (0.00ns)   --->   "%speclooptripcount_ln21 = speclooptripcount void @_ssdm_op_SpecLoopTripCount, i64 120, i64 120, i64 120" [../SoC-based-MatMul-Accelerator-and-DNN-Accelerator/lenet_hls/lenet_fc6_hls.cpp:21]   --->   Operation 44 'speclooptripcount' 'speclooptripcount_ln21' <Predicate = true> <Delay = 0.00>
ST_9 : Operation 45 [1/1] (0.00ns)   --->   "%specloopname_ln24 = specloopname void @_ssdm_op_SpecLoopName, void @empty_16" [../SoC-based-MatMul-Accelerator-and-DNN-Accelerator/lenet_hls/lenet_fc6_hls.cpp:24]   --->   Operation 45 'specloopname' 'specloopname_ln24' <Predicate = true> <Delay = 0.00>
ST_9 : Operation 46 [1/4] (6.43ns)   --->   "%sum_1 = fadd i32 %sum_load_1, i32 %mul_1" [../SoC-based-MatMul-Accelerator-and-DNN-Accelerator/lenet_hls/lenet_fc6_hls.cpp:28]   --->   Operation 46 'fadd' 'sum_1' <Predicate = true> <Delay = 6.43> <CoreInst = "FAddSub_fulldsp">   --->   Core 18 'FAddSub_fulldsp' <Latency = 3> <II = 1> <Delay = 6.43> <FuncUnit> <Opcode : 'fadd' 'fsub'> <InPorts = 2> <OutPorts = 1>
ST_9 : Operation 47 [1/1] (0.42ns)   --->   "%store_ln21 = store i32 %sum_1, i32 %sum" [../SoC-based-MatMul-Accelerator-and-DNN-Accelerator/lenet_hls/lenet_fc6_hls.cpp:21]   --->   Operation 47 'store' 'store_ln21' <Predicate = true> <Delay = 0.42>
ST_9 : Operation 48 [1/1] (0.00ns)   --->   "%br_ln24 = br void %for.inc.1" [../SoC-based-MatMul-Accelerator-and-DNN-Accelerator/lenet_hls/lenet_fc6_hls.cpp:24]   --->   Operation 48 'br' 'br_ln24' <Predicate = true> <Delay = 0.00>


============================================================
+ Verbose Summary: Timing violations
============================================================
Target clock period: 10.000ns, clock uncertainty: 2.700ns.

 <State 1>: 1.627ns
The critical path consists of the following:
	'store' operation 0 bit ('store_ln24', ../SoC-based-MatMul-Accelerator-and-DNN-Accelerator/lenet_hls/lenet_fc6_hls.cpp:24) of constant 0 on local variable 'c', ../SoC-based-MatMul-Accelerator-and-DNN-Accelerator/lenet_hls/lenet_fc6_hls.cpp:24 [14]  (0.427 ns)
	'load' operation 7 bit ('c', ../SoC-based-MatMul-Accelerator-and-DNN-Accelerator/lenet_hls/lenet_fc6_hls.cpp:24) on local variable 'c', ../SoC-based-MatMul-Accelerator-and-DNN-Accelerator/lenet_hls/lenet_fc6_hls.cpp:24 [18]  (0.000 ns)
	'icmp' operation 1 bit ('icmp_ln24', ../SoC-based-MatMul-Accelerator-and-DNN-Accelerator/lenet_hls/lenet_fc6_hls.cpp:24) [21]  (0.773 ns)
	'store' operation 0 bit ('store_ln24', ../SoC-based-MatMul-Accelerator-and-DNN-Accelerator/lenet_hls/lenet_fc6_hls.cpp:24) of variable 'add_ln24', ../SoC-based-MatMul-Accelerator-and-DNN-Accelerator/lenet_hls/lenet_fc6_hls.cpp:24 on local variable 'c', ../SoC-based-MatMul-Accelerator-and-DNN-Accelerator/lenet_hls/lenet_fc6_hls.cpp:24 [37]  (0.427 ns)

 <State 2>: 7.300ns
The critical path consists of the following:
	'getelementptr' operation 32 bit ('INPUT_r_addr', ../SoC-based-MatMul-Accelerator-and-DNN-Accelerator/lenet_hls/lenet_fc6_hls.cpp:24) [26]  (0.000 ns)
	bus read operation ('INPUT_r_addr_read', ../SoC-based-MatMul-Accelerator-and-DNN-Accelerator/lenet_hls/lenet_fc6_hls.cpp:26) on port 'INPUT_r' (../SoC-based-MatMul-Accelerator-and-DNN-Accelerator/lenet_hls/lenet_fc6_hls.cpp:26) [31]  (7.300 ns)

 <State 3>: 7.016ns
The critical path consists of the following:
	'fmul' operation 32 bit ('mul_1', ../SoC-based-MatMul-Accelerator-and-DNN-Accelerator/lenet_hls/lenet_fc6_hls.cpp:28) [35]  (7.016 ns)

 <State 4>: 7.016ns
The critical path consists of the following:
	'fmul' operation 32 bit ('mul_1', ../SoC-based-MatMul-Accelerator-and-DNN-Accelerator/lenet_hls/lenet_fc6_hls.cpp:28) [35]  (7.016 ns)

 <State 5>: 7.016ns
The critical path consists of the following:
	'fmul' operation 32 bit ('mul_1', ../SoC-based-MatMul-Accelerator-and-DNN-Accelerator/lenet_hls/lenet_fc6_hls.cpp:28) [35]  (7.016 ns)

 <State 6>: 6.437ns
The critical path consists of the following:
	'load' operation 32 bit ('sum_load_1', ../SoC-based-MatMul-Accelerator-and-DNN-Accelerator/lenet_hls/lenet_fc6_hls.cpp:28) on local variable 'sum', ../SoC-based-MatMul-Accelerator-and-DNN-Accelerator/lenet_hls/lenet_fc6_hls.cpp:21 [25]  (0.000 ns)
	'fadd' operation 32 bit ('sum', ../SoC-based-MatMul-Accelerator-and-DNN-Accelerator/lenet_hls/lenet_fc6_hls.cpp:28) [36]  (6.437 ns)

 <State 7>: 6.437ns
The critical path consists of the following:
	'fadd' operation 32 bit ('sum', ../SoC-based-MatMul-Accelerator-and-DNN-Accelerator/lenet_hls/lenet_fc6_hls.cpp:28) [36]  (6.437 ns)

 <State 8>: 6.437ns
The critical path consists of the following:
	'fadd' operation 32 bit ('sum', ../SoC-based-MatMul-Accelerator-and-DNN-Accelerator/lenet_hls/lenet_fc6_hls.cpp:28) [36]  (6.437 ns)

 <State 9>: 6.864ns
The critical path consists of the following:
	'fadd' operation 32 bit ('sum', ../SoC-based-MatMul-Accelerator-and-DNN-Accelerator/lenet_hls/lenet_fc6_hls.cpp:28) [36]  (6.437 ns)
	'store' operation 0 bit ('store_ln21', ../SoC-based-MatMul-Accelerator-and-DNN-Accelerator/lenet_hls/lenet_fc6_hls.cpp:21) of variable 'sum', ../SoC-based-MatMul-Accelerator-and-DNN-Accelerator/lenet_hls/lenet_fc6_hls.cpp:28 on local variable 'sum', ../SoC-based-MatMul-Accelerator-and-DNN-Accelerator/lenet_hls/lenet_fc6_hls.cpp:21 [38]  (0.427 ns)


============================================================
+ Verbose Summary: Binding
============================================================
N/A
* FSMD analyzer results:
  - Output states:
 - Input state : 
  - Chain level:
	State 1
	State 2
	State 3
	State 4
	State 5
	State 6
	State 7
	State 8
	State 9


============================================================
+ Verbose Summary: Datapath Resource usage 
============================================================
N/A
