E:\Vitis\lenet_fc6\solution1\.autopilot\db\lenet_fc6_hls.pp.0.cpp:1445:7: warning: Added loop label VITIS_LOOP_1207_1:   [xilinx-label-all-loops]
      for (i = 0; i < __N - 1; ++i) {
      ^~~
      VITIS_LOOP_1207_1: 
E:\Vitis\lenet_fc6\solution1\.autopilot\db\lenet_fc6_hls.pp.0.cpp:1445:7: note: FIX-IT applied suggested code changes
E:\Vitis\lenet_fc6\solution1\.autopilot\db\lenet_fc6_hls.pp.0.cpp:2419:5: warning: Added loop label VITIS_LOOP_676_1:   [xilinx-label-all-loops]
    for (unsigned i = low; i != high; ++i) {
    ^~~
    VITIS_LOOP_676_1: 
E:\Vitis\lenet_fc6\solution1\.autopilot\db\lenet_fc6_hls.pp.0.cpp:2419:5: note: FIX-IT applied suggested code changes
E:\Vitis\lenet_fc6\solution1\.autopilot\db\lenet_fc6_hls.pp.0.cpp:2433:5: warning: Added loop label VITIS_LOOP_690_1:   [xilinx-label-all-loops]
    for (unsigned i = low; i != high; ++i) {
    ^~~
    VITIS_LOOP_690_1: 
E:\Vitis\lenet_fc6\solution1\.autopilot\db\lenet_fc6_hls.pp.0.cpp:2433:5: note: FIX-IT applied suggested code changes
E:\Vitis\lenet_fc6\solution1\.autopilot\db\lenet_fc6_hls.pp.0.cpp:2447:5: warning: Added loop label VITIS_LOOP_704_1:   [xilinx-label-all-loops]
    for (unsigned i = low; i != high; ++i) {
    ^~~
    VITIS_LOOP_704_1: 
E:\Vitis\lenet_fc6\solution1\.autopilot\db\lenet_fc6_hls.pp.0.cpp:2447:5: note: FIX-IT applied suggested code changes
E:\Vitis\lenet_fc6\solution1\.autopilot\db\lenet_fc6_hls.pp.0.cpp:4076:7: warning: Added loop label VITIS_LOOP_1247_1:   [xilinx-label-all-loops]
      for (i = 0; i < __N - 1; ++i) {
      ^~~
      VITIS_LOOP_1247_1: 
E:\Vitis\lenet_fc6\solution1\.autopilot\db\lenet_fc6_hls.pp.0.cpp:4076:7: note: FIX-IT applied suggested code changes
E:\Vitis\lenet_fc6\solution1\.autopilot\db\lenet_fc6_hls.pp.0.cpp:5869:2: warning: Added loop label VITIS_LOOP_18_1:   [xilinx-label-all-loops]
 for (int n = 0; n < 10; n++) {
 ^~~
 VITIS_LOOP_18_1: 
E:\Vitis\lenet_fc6\solution1\.autopilot\db\lenet_fc6_hls.pp.0.cpp:5869:2: note: FIX-IT applied suggested code changes
E:\Vitis\lenet_fc6\solution1\.autopilot\db\lenet_fc6_hls.pp.0.cpp:5875:9: warning: Added loop label VITIS_LOOP_24_2:   [xilinx-label-all-loops]
        for (int c = 0; c < 120; c++) {
        ^~~
        VITIS_LOOP_24_2: 
E:\Vitis\lenet_fc6\solution1\.autopilot\db\lenet_fc6_hls.pp.0.cpp:5875:9: note: FIX-IT applied suggested code changes
