E:/Vitis/lenet_conv3/solution1/csynth.tcl:14:9: warning: HLS pragma dump _XLX_SEP_ PragmaIsValid=1_XLX_SEP_ PragmaType=top_XLX_SEP_ PragmaContext=directive_XLX_SEP_ PragmaFunction=convolution3_hls_XLX_SEP_ PragmaOptions=name=convolution3_hls_XLX_SEP_ [-Wdump-hls-pragmas]
#pragma HLSDIRECTIVE TOP name=convolution3_hls
        ^
../SoC-based-MatMul-Accelerator-and-DNN-Accelerator/lenet_hls/lenet_conv3_hls.cpp:10:9: warning: HLS pragma dump _XLX_SEP_ PragmaIsValid=1_XLX_SEP_ PragmaType=interface_XLX_SEP_ PragmaContext=_XLX_SEP_ PragmaFunction=convolution3_hls_XLX_SEP_ PragmaOptions=s_axilite port=return bundle=CTRL_BUS_XLX_SEP_ [-Wdump-hls-pragmas]
#pragma HLS INTERFACE s_axilite port=return bundle=CTRL_BUS
        ^
../SoC-based-MatMul-Accelerator-and-DNN-Accelerator/lenet_hls/lenet_conv3_hls.cpp:11:9: warning: HLS pragma dump _XLX_SEP_ PragmaIsValid=1_XLX_SEP_ PragmaType=interface_XLX_SEP_ PragmaContext=_XLX_SEP_ PragmaFunction=convolution3_hls_XLX_SEP_ PragmaOptions=m_axi depth=4704 port=input offset=slave bundle=INPUT_XLX_SEP_ [-Wdump-hls-pragmas]
#pragma HLS INTERFACE m_axi depth=4704 port=input offset=slave bundle=INPUT
        ^
../SoC-based-MatMul-Accelerator-and-DNN-Accelerator/lenet_hls/lenet_conv3_hls.cpp:12:9: warning: HLS pragma dump _XLX_SEP_ PragmaIsValid=1_XLX_SEP_ PragmaType=interface_XLX_SEP_ PragmaContext=_XLX_SEP_ PragmaFunction=convolution3_hls_XLX_SEP_ PragmaOptions=m_axi depth=9600 port=weights offset=slave bundle=WEIGHTS_XLX_SEP_ [-Wdump-hls-pragmas]
#pragma HLS INTERFACE m_axi depth=9600 port=weights offset=slave bundle=WEIGHTS
        ^
../SoC-based-MatMul-Accelerator-and-DNN-Accelerator/lenet_hls/lenet_conv3_hls.cpp:13:9: warning: HLS pragma dump _XLX_SEP_ PragmaIsValid=1_XLX_SEP_ PragmaType=interface_XLX_SEP_ PragmaContext=_XLX_SEP_ PragmaFunction=convolution3_hls_XLX_SEP_ PragmaOptions=m_axi depth=16 port=bias offset=slave bundle=BIAS_XLX_SEP_ [-Wdump-hls-pragmas]
#pragma HLS INTERFACE m_axi depth=16 port=bias offset=slave bundle=BIAS
        ^
../SoC-based-MatMul-Accelerator-and-DNN-Accelerator/lenet_hls/lenet_conv3_hls.cpp:14:9: warning: HLS pragma dump _XLX_SEP_ PragmaIsValid=1_XLX_SEP_ PragmaType=interface_XLX_SEP_ PragmaContext=_XLX_SEP_ PragmaFunction=convolution3_hls_XLX_SEP_ PragmaOptions=m_axi depth=1600 port=output offset=slave bundle=OUTPUT_XLX_SEP_ [-Wdump-hls-pragmas]
#pragma HLS INTERFACE m_axi depth=1600 port=output offset=slave bundle=OUTPUT
        ^
../SoC-based-MatMul-Accelerator-and-DNN-Accelerator/lenet_hls/lenet_conv3_hls.cpp:20:9: warning: HLS pragma dump _XLX_SEP_ PragmaIsValid=1_XLX_SEP_ PragmaType=array_partition_XLX_SEP_ PragmaContext=_XLX_SEP_ PragmaFunction=convolution3_hls_XLX_SEP_ PragmaOptions=variable=local_input dim=1 complete_XLX_SEP_ [-Wdump-hls-pragmas]
#pragma HLS ARRAY_PARTITION variable=local_input dim=1 complete
        ^
../SoC-based-MatMul-Accelerator-and-DNN-Accelerator/lenet_hls/lenet_conv3_hls.cpp:21:9: warning: HLS pragma dump _XLX_SEP_ PragmaIsValid=1_XLX_SEP_ PragmaType=array_partition_XLX_SEP_ PragmaContext=_XLX_SEP_ PragmaFunction=convolution3_hls_XLX_SEP_ PragmaOptions=variable=local_weights dim=1 complete_XLX_SEP_ [-Wdump-hls-pragmas]
#pragma HLS ARRAY_PARTITION variable=local_weights dim=1 complete
        ^
../SoC-based-MatMul-Accelerator-and-DNN-Accelerator/lenet_hls/lenet_conv3_hls.cpp:27:9: warning: HLS pragma dump _XLX_SEP_ PragmaIsValid=1_XLX_SEP_ PragmaType=pipeline_XLX_SEP_ PragmaContext=_XLX_SEP_ PragmaFunction=convolution3_hls_XLX_SEP_ PragmaOptions=II=1_XLX_SEP_ [-Wdump-hls-pragmas]
#pragma HLS PIPELINE II=1
        ^
../SoC-based-MatMul-Accelerator-and-DNN-Accelerator/lenet_hls/lenet_conv3_hls.cpp:38:9: warning: HLS pragma dump _XLX_SEP_ PragmaIsValid=1_XLX_SEP_ PragmaType=pipeline_XLX_SEP_ PragmaContext=_XLX_SEP_ PragmaFunction=convolution3_hls_XLX_SEP_ PragmaOptions=II=1_XLX_SEP_ [-Wdump-hls-pragmas]
#pragma HLS PIPELINE II=1
        ^
../SoC-based-MatMul-Accelerator-and-DNN-Accelerator/lenet_hls/lenet_conv3_hls.cpp:47:9: warning: HLS pragma dump _XLX_SEP_ PragmaIsValid=1_XLX_SEP_ PragmaType=pipeline_XLX_SEP_ PragmaContext=_XLX_SEP_ PragmaFunction=convolution3_hls_XLX_SEP_ PragmaOptions=II=1_XLX_SEP_ [-Wdump-hls-pragmas]
#pragma HLS PIPELINE II=1
        ^
../SoC-based-MatMul-Accelerator-and-DNN-Accelerator/lenet_hls/lenet_conv3_hls.cpp:53:9: warning: HLS pragma dump _XLX_SEP_ PragmaIsValid=1_XLX_SEP_ PragmaType=unroll_XLX_SEP_ PragmaContext=_XLX_SEP_ PragmaFunction=convolution3_hls_XLX_SEP_ PragmaOptions=factor=4_XLX_SEP_ [-Wdump-hls-pragmas]
#pragma HLS UNROLL factor=4
        ^
../SoC-based-MatMul-Accelerator-and-DNN-Accelerator/lenet_hls/lenet_conv3_hls.cpp:60:9: warning: HLS pragma dump _XLX_SEP_ PragmaIsValid=1_XLX_SEP_ PragmaType=pipeline_XLX_SEP_ PragmaContext=_XLX_SEP_ PragmaFunction=convolution3_hls_XLX_SEP_ PragmaOptions=II=1_XLX_SEP_ [-Wdump-hls-pragmas]
#pragma HLS PIPELINE II=1
        ^
13 warnings generated.
