

================================================================
== Vitis HLS Report for 'convolution1_hls_Pipeline_VITIS_LOOP_36_6'
================================================================
* Date:           Fri Dec 13 17:10:08 2024

* Version:        2023.2 (Build 4023990 on Oct 11 2023)
* Project:        lenet_conv1
* Solution:       solution1 (Vivado IP Flow Target)
* Product family: zynquplus
* Target device:  xck26-sfvc784-2LV-c


================================================================
== Performance Estimates
================================================================
+ Timing: 
    * Summary: 
    +--------+----------+----------+------------+
    |  Clock |  Target  | Estimated| Uncertainty|
    +--------+----------+----------+------------+
    |ap_clk  |  10.00 ns|  7.300 ns|     2.70 ns|
    +--------+----------+----------+------------+

+ Latency: 
    * Summary: 
    +---------+---------+-----------+-----------+-----+-----+---------+
    |  Latency (cycles) |   Latency (absolute)  |  Interval | Pipeline|
    |   min   |   max   |    min    |    max    | min | max |   Type  |
    +---------+---------+-----------+-----------+-----+-----+---------+
    |        9|        9|  90.000 ns|  90.000 ns|    9|    9|       no|
    +---------+---------+-----------+-----------+-----+-----+---------+

    + Detail: 
        * Instance: 
        N/A

        * Loop: 
        +-------------------+---------+---------+----------+-----------+-----------+------+----------+
        |                   |  Latency (cycles) | Iteration|  Initiation Interval  | Trip |          |
        |     Loop Name     |   min   |   max   |  Latency |  achieved |   target  | Count| Pipelined|
        +-------------------+---------+---------+----------+-----------+-----------+------+----------+
        |- VITIS_LOOP_36_6  |        7|        7|         3|          1|          1|     6|       yes|
        +-------------------+---------+---------+----------+-----------+-----------+------+----------+

============================================================
+ Verbose Summary: Synthesis Manager
============================================================
InlineROM: 1
ExposeGlobal: 0
============================================================
+ Verbose Summary: CDFG Model
============================================================
IsTopModel: 0
ResetActiveHigh: 1
IsCombinational: 0
IsDatapathOnly: 0
HasWiredReturn: 1
HasMFsm: 2
HasVarLatency: 1
IsPipeline: 0
IsRtlPipelined: 0
IsInstanceOverlapped: 0
IsDontTouch: 0
HasImplIP: 0
IsGatedGlobalClock: 0

+ Individual pipeline summary: 
  * Pipeline-0: initiation interval (II) = 1, depth = 3


============================================================
+ Verbose Summary: Schedule
============================================================
* Number of FSM states : 3
* Pipeline : 1
  Pipeline-0 : II = 1, D = 3, States = { 1 2 3 }
* Dataflow Pipeline: 0

* FSM state transitions: 
1 --> 2 
2 --> 3 
3 --> 

* FSM state operations: 

State 1 <SV = 0> <Delay = 1.52>
ST_1 : Operation 6 [1/1] (0.00ns)   --->   "%co = alloca i32 1" [../SoC-based-MatMul-Accelerator-and-DNN-Accelerator/lenet_hls/lenet_conv1_hls.cpp:36]   --->   Operation 6 'alloca' 'co' <Predicate = true> <Delay = 0.00>
ST_1 : Operation 7 [1/1] (0.00ns)   --->   "%sext_ln36_read = read i62 @_ssdm_op_Read.ap_auto.i62, i62 %sext_ln36"   --->   Operation 7 'read' 'sext_ln36_read' <Predicate = true> <Delay = 0.00>
ST_1 : Operation 8 [1/1] (0.00ns)   --->   "%sext_ln36_cast = sext i62 %sext_ln36_read"   --->   Operation 8 'sext' 'sext_ln36_cast' <Predicate = true> <Delay = 0.00>
ST_1 : Operation 9 [1/1] (0.00ns)   --->   "%specinterface_ln0 = specinterface void @_ssdm_op_SpecInterface, i32 %BIAS, void @empty, i32 0, i32 0, void @empty_0, i32 0, i32 6, void @empty_4, void @empty_2, void @empty_0, i32 16, i32 16, i32 16, i32 16, void @empty_0, void @empty_0, i32 4294967295, i32 0"   --->   Operation 9 'specinterface' 'specinterface_ln0' <Predicate = true> <Delay = 0.00>
ST_1 : Operation 10 [1/1] (0.42ns)   --->   "%store_ln36 = store i3 0, i3 %co" [../SoC-based-MatMul-Accelerator-and-DNN-Accelerator/lenet_hls/lenet_conv1_hls.cpp:36]   --->   Operation 10 'store' 'store_ln36' <Predicate = true> <Delay = 0.42>
ST_1 : Operation 11 [1/1] (0.00ns)   --->   "%br_ln0 = br void %for.inc58"   --->   Operation 11 'br' 'br_ln0' <Predicate = true> <Delay = 0.00>
ST_1 : Operation 12 [1/1] (0.00ns)   --->   "%co_1 = load i3 %co" [../SoC-based-MatMul-Accelerator-and-DNN-Accelerator/lenet_hls/lenet_conv1_hls.cpp:36]   --->   Operation 12 'load' 'co_1' <Predicate = true> <Delay = 0.00>
ST_1 : Operation 13 [1/1] (0.00ns)   --->   "%specbitsmap_ln0 = specbitsmap void @_ssdm_op_SpecBitsMap, i32 %BIAS"   --->   Operation 13 'specbitsmap' 'specbitsmap_ln0' <Predicate = true> <Delay = 0.00>
ST_1 : Operation 14 [1/1] (0.67ns)   --->   "%icmp_ln36 = icmp_eq  i3 %co_1, i3 6" [../SoC-based-MatMul-Accelerator-and-DNN-Accelerator/lenet_hls/lenet_conv1_hls.cpp:36]   --->   Operation 14 'icmp' 'icmp_ln36' <Predicate = true> <Delay = 0.67> <CoreInst = "Cmp">   --->   Core 9 'Cmp' <Latency = 0> <II = 1> <Delay = 0.67> <FuncUnit> <Opcode : 'icmp'> <InPorts = 2> <OutPorts = 1>
ST_1 : Operation 15 [1/1] (0.67ns)   --->   "%add_ln36 = add i3 %co_1, i3 1" [../SoC-based-MatMul-Accelerator-and-DNN-Accelerator/lenet_hls/lenet_conv1_hls.cpp:36]   --->   Operation 15 'add' 'add_ln36' <Predicate = true> <Delay = 0.67> <CoreInst = "Adder">   --->   Core 1 'Adder' <Latency = 0> <II = 1> <Delay = 0.67> <FuncUnit> <Opcode : 'add' 'sub'> <InPorts = 2> <OutPorts = 1>
ST_1 : Operation 16 [1/1] (0.00ns)   --->   "%br_ln36 = br i1 %icmp_ln36, void %for.inc58.split, void %VITIS_LOOP_44_8.preheader.exitStub" [../SoC-based-MatMul-Accelerator-and-DNN-Accelerator/lenet_hls/lenet_conv1_hls.cpp:36]   --->   Operation 16 'br' 'br_ln36' <Predicate = true> <Delay = 0.00>
ST_1 : Operation 17 [1/1] (0.42ns)   --->   "%store_ln36 = store i3 %add_ln36, i3 %co" [../SoC-based-MatMul-Accelerator-and-DNN-Accelerator/lenet_hls/lenet_conv1_hls.cpp:36]   --->   Operation 17 'store' 'store_ln36' <Predicate = (!icmp_ln36)> <Delay = 0.42>

State 2 <SV = 1> <Delay = 7.30>
ST_2 : Operation 18 [1/1] (0.00ns)   --->   "%BIAS_addr = getelementptr i32 %BIAS, i64 %sext_ln36_cast" [../SoC-based-MatMul-Accelerator-and-DNN-Accelerator/lenet_hls/lenet_conv1_hls.cpp:36]   --->   Operation 18 'getelementptr' 'BIAS_addr' <Predicate = true> <Delay = 0.00>
ST_2 : Operation 19 [1/1] (7.30ns)   --->   "%BIAS_addr_read = read i32 @_ssdm_op_Read.m_axi.p1i32, i32 %BIAS_addr" [../SoC-based-MatMul-Accelerator-and-DNN-Accelerator/lenet_hls/lenet_conv1_hls.cpp:38]   --->   Operation 19 'read' 'BIAS_addr_read' <Predicate = true> <Delay = 7.30> <CoreInst = "m_axi">   --->   Core 121 'm_axi' <Latency = 0> <II = 1> <Delay = 1.00> <Adapter> <Opcode : 'read' 'write' 'readreq' 'writereq' 'writeresp'>
ST_2 : Operation 28 [1/1] (0.00ns)   --->   "%ret_ln0 = ret"   --->   Operation 28 'ret' 'ret_ln0' <Predicate = (icmp_ln36)> <Delay = 0.00>

State 3 <SV = 2> <Delay = 0.67>
ST_3 : Operation 20 [1/1] (0.00ns)   --->   "%zext_ln36 = zext i3 %co_1" [../SoC-based-MatMul-Accelerator-and-DNN-Accelerator/lenet_hls/lenet_conv1_hls.cpp:36]   --->   Operation 20 'zext' 'zext_ln36' <Predicate = true> <Delay = 0.00>
ST_3 : Operation 21 [1/1] (0.00ns)   --->   "%specpipeline_ln37 = specpipeline void @_ssdm_op_SpecPipeline, i32 1, i32 0, i32 0, i32 0, void @empty_0" [../SoC-based-MatMul-Accelerator-and-DNN-Accelerator/lenet_hls/lenet_conv1_hls.cpp:37]   --->   Operation 21 'specpipeline' 'specpipeline_ln37' <Predicate = true> <Delay = 0.00>
ST_3 : Operation 22 [1/1] (0.00ns)   --->   "%speclooptripcount_ln36 = speclooptripcount void @_ssdm_op_SpecLoopTripCount, i64 6, i64 6, i64 6" [../SoC-based-MatMul-Accelerator-and-DNN-Accelerator/lenet_hls/lenet_conv1_hls.cpp:36]   --->   Operation 22 'speclooptripcount' 'speclooptripcount_ln36' <Predicate = true> <Delay = 0.00>
ST_3 : Operation 23 [1/1] (0.00ns)   --->   "%specloopname_ln36 = specloopname void @_ssdm_op_SpecLoopName, void @empty_17" [../SoC-based-MatMul-Accelerator-and-DNN-Accelerator/lenet_hls/lenet_conv1_hls.cpp:36]   --->   Operation 23 'specloopname' 'specloopname_ln36' <Predicate = true> <Delay = 0.00>
ST_3 : Operation 24 [1/1] (0.00ns)   --->   "%bitcast_ln38 = bitcast i32 %BIAS_addr_read" [../SoC-based-MatMul-Accelerator-and-DNN-Accelerator/lenet_hls/lenet_conv1_hls.cpp:38]   --->   Operation 24 'bitcast' 'bitcast_ln38' <Predicate = true> <Delay = 0.00>
ST_3 : Operation 25 [1/1] (0.00ns)   --->   "%local_bias_addr = getelementptr i32 %local_bias, i64 0, i64 %zext_ln36" [../SoC-based-MatMul-Accelerator-and-DNN-Accelerator/lenet_hls/lenet_conv1_hls.cpp:38]   --->   Operation 25 'getelementptr' 'local_bias_addr' <Predicate = true> <Delay = 0.00>
ST_3 : Operation 26 [1/1] (0.67ns)   --->   "%store_ln38 = store i32 %bitcast_ln38, i3 %local_bias_addr" [../SoC-based-MatMul-Accelerator-and-DNN-Accelerator/lenet_hls/lenet_conv1_hls.cpp:38]   --->   Operation 26 'store' 'store_ln38' <Predicate = true> <Delay = 0.67> <CoreInst = "RAM">   --->   Core 83 'RAM' <Latency = 1> <II = 1> <Delay = 0.67> <Storage> <Opcode : 'load' 'store'> <Ports = 2> <Width = 32> <Depth = 6> <RAM>
ST_3 : Operation 27 [1/1] (0.00ns)   --->   "%br_ln36 = br void %for.inc58" [../SoC-based-MatMul-Accelerator-and-DNN-Accelerator/lenet_hls/lenet_conv1_hls.cpp:36]   --->   Operation 27 'br' 'br_ln36' <Predicate = true> <Delay = 0.00>


============================================================
+ Verbose Summary: Timing violations
============================================================
Target clock period: 10.000ns, clock uncertainty: 2.700ns.

 <State 1>: 1.527ns
The critical path consists of the following:
	'store' operation 0 bit ('store_ln36', ../SoC-based-MatMul-Accelerator-and-DNN-Accelerator/lenet_hls/lenet_conv1_hls.cpp:36) of constant 0 on local variable 'co', ../SoC-based-MatMul-Accelerator-and-DNN-Accelerator/lenet_hls/lenet_conv1_hls.cpp:36 [8]  (0.427 ns)
	'load' operation 3 bit ('co', ../SoC-based-MatMul-Accelerator-and-DNN-Accelerator/lenet_hls/lenet_conv1_hls.cpp:36) on local variable 'co', ../SoC-based-MatMul-Accelerator-and-DNN-Accelerator/lenet_hls/lenet_conv1_hls.cpp:36 [11]  (0.000 ns)
	'icmp' operation 1 bit ('icmp_ln36', ../SoC-based-MatMul-Accelerator-and-DNN-Accelerator/lenet_hls/lenet_conv1_hls.cpp:36) [13]  (0.673 ns)
	'store' operation 0 bit ('store_ln36', ../SoC-based-MatMul-Accelerator-and-DNN-Accelerator/lenet_hls/lenet_conv1_hls.cpp:36) of variable 'add_ln36', ../SoC-based-MatMul-Accelerator-and-DNN-Accelerator/lenet_hls/lenet_conv1_hls.cpp:36 on local variable 'co', ../SoC-based-MatMul-Accelerator-and-DNN-Accelerator/lenet_hls/lenet_conv1_hls.cpp:36 [26]  (0.427 ns)

 <State 2>: 7.300ns
The critical path consists of the following:
	'getelementptr' operation 32 bit ('BIAS_addr', ../SoC-based-MatMul-Accelerator-and-DNN-Accelerator/lenet_hls/lenet_conv1_hls.cpp:36) [17]  (0.000 ns)
	bus read operation ('BIAS_addr_read', ../SoC-based-MatMul-Accelerator-and-DNN-Accelerator/lenet_hls/lenet_conv1_hls.cpp:38) on port 'BIAS' (../SoC-based-MatMul-Accelerator-and-DNN-Accelerator/lenet_hls/lenet_conv1_hls.cpp:38) [22]  (7.300 ns)

 <State 3>: 0.677ns
The critical path consists of the following:
	'getelementptr' operation 3 bit ('local_bias_addr', ../SoC-based-MatMul-Accelerator-and-DNN-Accelerator/lenet_hls/lenet_conv1_hls.cpp:38) [24]  (0.000 ns)
	'store' operation 0 bit ('store_ln38', ../SoC-based-MatMul-Accelerator-and-DNN-Accelerator/lenet_hls/lenet_conv1_hls.cpp:38) of variable 'bitcast_ln38', ../SoC-based-MatMul-Accelerator-and-DNN-Accelerator/lenet_hls/lenet_conv1_hls.cpp:38 on array 'local_bias' [25]  (0.677 ns)


============================================================
+ Verbose Summary: Binding
============================================================
N/A
* FSMD analyzer results:
  - Output states:
 - Input state : 
  - Chain level:
	State 1
	State 2
	State 3


============================================================
+ Verbose Summary: Datapath Resource usage 
============================================================
N/A
