E:/Vitis/lenet_conv1/solution1/csynth.tcl:15:9: warning: HLS pragma dump _XLX_SEP_ PragmaIsValid=1_XLX_SEP_ PragmaType=top_XLX_SEP_ PragmaContext=directive_XLX_SEP_ PragmaFunction=convolution1_hls_XLX_SEP_ PragmaOptions=name=convolution1_hls_XLX_SEP_ [-Wdump-hls-pragmas]
#pragma HLSDIRECTIVE TOP name=convolution1_hls
        ^
E:/Vitis/lenet_conv1/solution1/directives.tcl:7:9: warning: HLS pragma dump _XLX_SEP_ PragmaIsValid=1_XLX_SEP_ PragmaType=top_XLX_SEP_ PragmaContext=directive_XLX_SEP_ PragmaFunction=convolution1_hls_XLX_SEP_ PragmaOptions=name=convolution1_hls_XLX_SEP_ [-Wdump-hls-pragmas]
#pragma HLSDIRECTIVE TOP name=convolution1_hls
        ^
../SoC-based-MatMul-Accelerator-and-DNN-Accelerator/lenet_hls/lenet_conv1_hls.cpp:7:9: warning: HLS pragma dump _XLX_SEP_ PragmaIsValid=1_XLX_SEP_ PragmaType=interface_XLX_SEP_ PragmaContext=_XLX_SEP_ PragmaFunction=convolution1_hls_XLX_SEP_ PragmaOptions=s_axilite port=return bundle=CTRL_BUS_XLX_SEP_ [-Wdump-hls-pragmas]
#pragma HLS INTERFACE s_axilite port=return bundle=CTRL_BUS
        ^
../SoC-based-MatMul-Accelerator-and-DNN-Accelerator/lenet_hls/lenet_conv1_hls.cpp:8:9: warning: HLS pragma dump _XLX_SEP_ PragmaIsValid=1_XLX_SEP_ PragmaType=interface_XLX_SEP_ PragmaContext=_XLX_SEP_ PragmaFunction=convolution1_hls_XLX_SEP_ PragmaOptions=m_axi depth=1024 port=input offset=slave bundle=INPUT_XLX_SEP_ [-Wdump-hls-pragmas]
#pragma HLS INTERFACE m_axi depth=1024 port=input offset=slave bundle=INPUT
        ^
../SoC-based-MatMul-Accelerator-and-DNN-Accelerator/lenet_hls/lenet_conv1_hls.cpp:9:9: warning: HLS pragma dump _XLX_SEP_ PragmaIsValid=1_XLX_SEP_ PragmaType=interface_XLX_SEP_ PragmaContext=_XLX_SEP_ PragmaFunction=convolution1_hls_XLX_SEP_ PragmaOptions=m_axi depth=1024 port=weights offset=slave bundle=WEIGHTS_XLX_SEP_ [-Wdump-hls-pragmas]
#pragma HLS INTERFACE m_axi depth=1024 port=weights offset=slave bundle=WEIGHTS
        ^
../SoC-based-MatMul-Accelerator-and-DNN-Accelerator/lenet_hls/lenet_conv1_hls.cpp:10:9: warning: HLS pragma dump _XLX_SEP_ PragmaIsValid=1_XLX_SEP_ PragmaType=interface_XLX_SEP_ PragmaContext=_XLX_SEP_ PragmaFunction=convolution1_hls_XLX_SEP_ PragmaOptions=m_axi depth=6 port=bias offset=slave bundle=BIAS_XLX_SEP_ [-Wdump-hls-pragmas]
#pragma HLS INTERFACE m_axi depth=6 port=bias offset=slave bundle=BIAS
        ^
../SoC-based-MatMul-Accelerator-and-DNN-Accelerator/lenet_hls/lenet_conv1_hls.cpp:11:9: warning: HLS pragma dump _XLX_SEP_ PragmaIsValid=1_XLX_SEP_ PragmaType=interface_XLX_SEP_ PragmaContext=_XLX_SEP_ PragmaFunction=convolution1_hls_XLX_SEP_ PragmaOptions=m_axi depth=1680 port=output offset=slave bundle=OUTPUT_XLX_SEP_ [-Wdump-hls-pragmas]
#pragma HLS INTERFACE m_axi depth=1680 port=output offset=slave bundle=OUTPUT
        ^
../SoC-based-MatMul-Accelerator-and-DNN-Accelerator/lenet_hls/lenet_conv1_hls.cpp:20:9: warning: HLS pragma dump _XLX_SEP_ PragmaIsValid=1_XLX_SEP_ PragmaType=pipeline_XLX_SEP_ PragmaContext=_XLX_SEP_ PragmaFunction=convolution1_hls_XLX_SEP_ PragmaOptions=II=1_XLX_SEP_ [-Wdump-hls-pragmas]
#pragma HLS PIPELINE II=1
        ^
../SoC-based-MatMul-Accelerator-and-DNN-Accelerator/lenet_hls/lenet_conv1_hls.cpp:29:9: warning: HLS pragma dump _XLX_SEP_ PragmaIsValid=1_XLX_SEP_ PragmaType=pipeline_XLX_SEP_ PragmaContext=_XLX_SEP_ PragmaFunction=convolution1_hls_XLX_SEP_ PragmaOptions=II=1_XLX_SEP_ [-Wdump-hls-pragmas]
#pragma HLS PIPELINE II=1
        ^
../SoC-based-MatMul-Accelerator-and-DNN-Accelerator/lenet_hls/lenet_conv1_hls.cpp:37:9: warning: HLS pragma dump _XLX_SEP_ PragmaIsValid=1_XLX_SEP_ PragmaType=pipeline_XLX_SEP_ PragmaContext=_XLX_SEP_ PragmaFunction=convolution1_hls_XLX_SEP_ PragmaOptions=II=1_XLX_SEP_ [-Wdump-hls-pragmas]
#pragma HLS PIPELINE II=1
        ^
../SoC-based-MatMul-Accelerator-and-DNN-Accelerator/lenet_hls/lenet_conv1_hls.cpp:43:9: warning: HLS pragma dump _XLX_SEP_ PragmaIsValid=1_XLX_SEP_ PragmaType=unroll_XLX_SEP_ PragmaContext=_XLX_SEP_ PragmaFunction=convolution1_hls_XLX_SEP_ PragmaOptions=factor=2_XLX_SEP_ [-Wdump-hls-pragmas]
#pragma HLS UNROLL factor=2
        ^
../SoC-based-MatMul-Accelerator-and-DNN-Accelerator/lenet_hls/lenet_conv1_hls.cpp:50:9: warning: HLS pragma dump _XLX_SEP_ PragmaIsValid=1_XLX_SEP_ PragmaType=pipeline_XLX_SEP_ PragmaContext=_XLX_SEP_ PragmaFunction=convolution1_hls_XLX_SEP_ PragmaOptions=II=1_XLX_SEP_ [-Wdump-hls-pragmas]
#pragma HLS PIPELINE II=1
        ^
12 warnings generated.
