

================================================================
== Vitis HLS Report for 'convolution3_hls'
================================================================
* Date:           Fri Dec 13 17:04:36 2024

* Version:        2023.2 (Build 4023990 on Oct 11 2023)
* Project:        lenet_conv3
* Solution:       solution1 (Vivado IP Flow Target)
* Product family: zynquplus
* Target device:  xck26-sfvc784-2LV-c


================================================================
== Performance Estimates
================================================================
+ Timing: 
    * Summary: 
    +--------+----------+----------+------------+
    |  Clock |  Target  | Estimated| Uncertainty|
    +--------+----------+----------+------------+
    |ap_clk  |  10.00 ns|  7.300 ns|     2.70 ns|
    +--------+----------+----------+------------+

+ Latency: 
    * Summary: 
    +---------+---------+----------+----------+--------+--------+---------+
    |  Latency (cycles) |  Latency (absolute) |     Interval    | Pipeline|
    |   min   |   max   |    min   |    max   |   min  |   max  |   Type  |
    +---------+---------+----------+----------+--------+--------+---------+
    |   722726|   722726|  7.227 ms|  7.227 ms|  722727|  722727|       no|
    +---------+---------+----------+----------+--------+--------+---------+

    + Detail: 
        * Instance: 
        +-----------------------------------------------------------------------------------------------+------------------------------------------------------------------------------------+---------+---------+-----------+-----------+-------+-------+---------+
        |                                                                                               |                                                                                    |  Latency (cycles) |   Latency (absolute)  |    Interval   | Pipeline|
        |                                            Instance                                           |                                       Module                                       |   min   |   max   |    min    |    max    |  min  |  max  |   Type  |
        +-----------------------------------------------------------------------------------------------+------------------------------------------------------------------------------------+---------+---------+-----------+-----------+-------+-------+---------+
        |grp_convolution3_hls_Pipeline_VITIS_LOOP_24_1_VITIS_LOOP_25_2_VITIS_LOOP_26_3_fu_342           |convolution3_hls_Pipeline_VITIS_LOOP_24_1_VITIS_LOOP_25_2_VITIS_LOOP_26_3           |     1179|     1179|  11.790 us|  11.790 us|   1179|   1179|       no|
        |grp_convolution3_hls_Pipeline_VITIS_LOOP_34_4_VITIS_LOOP_35_5_VITIS_LOOP_36_6_VITIS_s_fu_355   |convolution3_hls_Pipeline_VITIS_LOOP_34_4_VITIS_LOOP_35_5_VITIS_LOOP_36_6_VITIS_s   |     2403|     2403|  24.030 us|  24.030 us|   2403|   2403|       no|
        |grp_convolution3_hls_Pipeline_VITIS_LOOP_46_8_fu_378                                           |convolution3_hls_Pipeline_VITIS_LOOP_46_8                                           |       19|       19|   0.190 us|   0.190 us|     19|     19|       no|
        |grp_convolution3_hls_Pipeline_VITIS_LOOP_54_10_VITIS_LOOP_55_11_VITIS_LOOP_57_12_VIT_3_fu_386  |convolution3_hls_Pipeline_VITIS_LOOP_54_10_VITIS_LOOP_55_11_VITIS_LOOP_57_12_VIT_3  |    45012|    45012|   0.450 ms|   0.450 ms|  45012|  45012|       no|
        |grp_convolution3_hls_Pipeline_VITIS_LOOP_54_10_VITIS_LOOP_55_11_VITIS_LOOP_57_12_VIT_2_fu_406  |convolution3_hls_Pipeline_VITIS_LOOP_54_10_VITIS_LOOP_55_11_VITIS_LOOP_57_12_VIT_2  |    45012|    45012|   0.450 ms|   0.450 ms|  45012|  45012|       no|
        |grp_convolution3_hls_Pipeline_VITIS_LOOP_54_10_VITIS_LOOP_55_11_VITIS_LOOP_57_12_VIT_1_fu_426  |convolution3_hls_Pipeline_VITIS_LOOP_54_10_VITIS_LOOP_55_11_VITIS_LOOP_57_12_VIT_1  |    45012|    45012|   0.450 ms|   0.450 ms|  45012|  45012|       no|
        |grp_convolution3_hls_Pipeline_VITIS_LOOP_54_10_VITIS_LOOP_55_11_VITIS_LOOP_57_12_VIT_fu_446    |convolution3_hls_Pipeline_VITIS_LOOP_54_10_VITIS_LOOP_55_11_VITIS_LOOP_57_12_VIT    |    45012|    45012|   0.450 ms|   0.450 ms|  45012|  45012|       no|
        +-----------------------------------------------------------------------------------------------+------------------------------------------------------------------------------------+---------+---------+-----------+-----------+-------+-------+---------+

        * Loop: 
        +-------------------+---------+---------+----------+-----------+-----------+------+----------+
        |                   |  Latency (cycles) | Iteration|  Initiation Interval  | Trip |          |
        |     Loop Name     |   min   |   max   |  Latency |  achieved |   target  | Count| Pipelined|
        +-------------------+---------+---------+----------+-----------+-----------+------+----------+
        |- VITIS_LOOP_52_9  |   720312|   720312|    180078|          -|          -|     4|        no|
        +-------------------+---------+---------+----------+-----------+-----------+------+----------+



================================================================
== Utilization Estimates
================================================================
* Summary: 
+-----------------+---------+------+--------+--------+-----+
|       Name      | BRAM_18K|  DSP |   FF   |   LUT  | URAM|
+-----------------+---------+------+--------+--------+-----+
|DSP              |        -|     -|       -|       -|    -|
|Expression       |        -|     -|       0|     372|    -|
|FIFO             |        -|     -|       -|       -|    -|
|Instance         |       16|     5|    6076|    7726|    0|
|Memory           |       22|     -|      32|       8|    0|
|Multiplexer      |        -|     -|       -|    1844|    -|
|Register         |        -|     -|     605|       -|    -|
+-----------------+---------+------+--------+--------+-----+
|Total            |       38|     5|    6713|    9950|    0|
+-----------------+---------+------+--------+--------+-----+
|Available        |      288|  1248|  234240|  117120|   64|
+-----------------+---------+------+--------+--------+-----+
|Utilization (%)  |       13|    ~0|       2|       8|    0|
+-----------------+---------+------+--------+--------+-----+

+ Detail: 
    * Instance: 
    +-----------------------------------------------------------------------------------------------+------------------------------------------------------------------------------------+---------+----+-----+-----+-----+
    |                                            Instance                                           |                                       Module                                       | BRAM_18K| DSP|  FF | LUT | URAM|
    +-----------------------------------------------------------------------------------------------+------------------------------------------------------------------------------------+---------+----+-----+-----+-----+
    |BIAS_m_axi_U                                                                                   |BIAS_m_axi                                                                          |        4|   0|  830|  694|    0|
    |CTRL_BUS_s_axi_U                                                                               |CTRL_BUS_s_axi                                                                      |        0|   0|   36|   40|    0|
    |INPUT_r_m_axi_U                                                                                |INPUT_r_m_axi                                                                       |        4|   0|  830|  694|    0|
    |OUTPUT_r_m_axi_U                                                                               |OUTPUT_r_m_axi                                                                      |        4|   0|  830|  694|    0|
    |WEIGHTS_m_axi_U                                                                                |WEIGHTS_m_axi                                                                       |        4|   0|  830|  694|    0|
    |control_s_axi_U                                                                                |control_s_axi                                                                       |        0|   0|  310|  552|    0|
    |grp_convolution3_hls_Pipeline_VITIS_LOOP_24_1_VITIS_LOOP_25_2_VITIS_LOOP_26_3_fu_342           |convolution3_hls_Pipeline_VITIS_LOOP_24_1_VITIS_LOOP_25_2_VITIS_LOOP_26_3           |        0|   0|   72|  266|    0|
    |grp_convolution3_hls_Pipeline_VITIS_LOOP_34_4_VITIS_LOOP_35_5_VITIS_LOOP_36_6_VITIS_s_fu_355   |convolution3_hls_Pipeline_VITIS_LOOP_34_4_VITIS_LOOP_35_5_VITIS_LOOP_36_6_VITIS_s   |        0|   0|   83|  367|    0|
    |grp_convolution3_hls_Pipeline_VITIS_LOOP_46_8_fu_378                                           |convolution3_hls_Pipeline_VITIS_LOOP_46_8                                           |        0|   0|   52|   74|    0|
    |grp_convolution3_hls_Pipeline_VITIS_LOOP_54_10_VITIS_LOOP_55_11_VITIS_LOOP_57_12_VIT_fu_446    |convolution3_hls_Pipeline_VITIS_LOOP_54_10_VITIS_LOOP_55_11_VITIS_LOOP_57_12_VIT    |        0|   0|  462|  810|    0|
    |grp_convolution3_hls_Pipeline_VITIS_LOOP_54_10_VITIS_LOOP_55_11_VITIS_LOOP_57_12_VIT_1_fu_426  |convolution3_hls_Pipeline_VITIS_LOOP_54_10_VITIS_LOOP_55_11_VITIS_LOOP_57_12_VIT_1  |        0|   0|  462|  810|    0|
    |grp_convolution3_hls_Pipeline_VITIS_LOOP_54_10_VITIS_LOOP_55_11_VITIS_LOOP_57_12_VIT_2_fu_406  |convolution3_hls_Pipeline_VITIS_LOOP_54_10_VITIS_LOOP_55_11_VITIS_LOOP_57_12_VIT_2  |        0|   0|  462|  810|    0|
    |grp_convolution3_hls_Pipeline_VITIS_LOOP_54_10_VITIS_LOOP_55_11_VITIS_LOOP_57_12_VIT_3_fu_386  |convolution3_hls_Pipeline_VITIS_LOOP_54_10_VITIS_LOOP_55_11_VITIS_LOOP_57_12_VIT_3  |        0|   0|  462|  810|    0|
    |fadd_32ns_32ns_32_4_full_dsp_1_U105                                                            |fadd_32ns_32ns_32_4_full_dsp_1                                                      |        0|   2|  227|  214|    0|
    |fmul_32ns_32ns_32_3_max_dsp_1_U106                                                             |fmul_32ns_32ns_32_3_max_dsp_1                                                       |        0|   3|  128|  135|    0|
    |mul_5ns_10ns_13_1_1_U104                                                                       |mul_5ns_10ns_13_1_1                                                                 |        0|   0|    0|   62|    0|
    +-----------------------------------------------------------------------------------------------+------------------------------------------------------------------------------------+---------+----+-----+-----+-----+
    |Total                                                                                          |                                                                                    |       16|   5| 6076| 7726|    0|
    +-----------------------------------------------------------------------------------------------+------------------------------------------------------------------------------------+---------+----+-----+-----+-----+

    * DSP: 
    N/A

    * Memory: 
    +--------------------+-----------------------------+---------+----+----+-----+------+-----+------+-------------+
    |       Memory       |            Module           | BRAM_18K| FF | LUT| URAM| Words| Bits| Banks| W*Bits*Banks|
    +--------------------+-----------------------------+---------+----+----+-----+------+-----+------+-------------+
    |local_bias_U        |local_bias_RAM_AUTO_1R1W     |        0|  32|   8|    0|    16|   32|     1|          512|
    |local_input_U       |local_input_RAM_AUTO_1R1W    |        1|   0|   0|    0|   196|   32|     1|         6272|
    |local_input_1_U     |local_input_RAM_AUTO_1R1W    |        1|   0|   0|    0|   196|   32|     1|         6272|
    |local_input_2_U     |local_input_RAM_AUTO_1R1W    |        1|   0|   0|    0|   196|   32|     1|         6272|
    |local_input_3_U     |local_input_RAM_AUTO_1R1W    |        1|   0|   0|    0|   196|   32|     1|         6272|
    |local_input_4_U     |local_input_RAM_AUTO_1R1W    |        1|   0|   0|    0|   196|   32|     1|         6272|
    |local_input_5_U     |local_input_RAM_AUTO_1R1W    |        1|   0|   0|    0|   196|   32|     1|         6272|
    |local_weights_U     |local_weights_RAM_AUTO_1R1W  |        1|   0|   0|    0|   150|   32|     1|         4800|
    |local_weights_1_U   |local_weights_RAM_AUTO_1R1W  |        1|   0|   0|    0|   150|   32|     1|         4800|
    |local_weights_2_U   |local_weights_RAM_AUTO_1R1W  |        1|   0|   0|    0|   150|   32|     1|         4800|
    |local_weights_3_U   |local_weights_RAM_AUTO_1R1W  |        1|   0|   0|    0|   150|   32|     1|         4800|
    |local_weights_4_U   |local_weights_RAM_AUTO_1R1W  |        1|   0|   0|    0|   150|   32|     1|         4800|
    |local_weights_5_U   |local_weights_RAM_AUTO_1R1W  |        1|   0|   0|    0|   150|   32|     1|         4800|
    |local_weights_6_U   |local_weights_RAM_AUTO_1R1W  |        1|   0|   0|    0|   150|   32|     1|         4800|
    |local_weights_7_U   |local_weights_RAM_AUTO_1R1W  |        1|   0|   0|    0|   150|   32|     1|         4800|
    |local_weights_8_U   |local_weights_RAM_AUTO_1R1W  |        1|   0|   0|    0|   150|   32|     1|         4800|
    |local_weights_9_U   |local_weights_RAM_AUTO_1R1W  |        1|   0|   0|    0|   150|   32|     1|         4800|
    |local_weights_10_U  |local_weights_RAM_AUTO_1R1W  |        1|   0|   0|    0|   150|   32|     1|         4800|
    |local_weights_11_U  |local_weights_RAM_AUTO_1R1W  |        1|   0|   0|    0|   150|   32|     1|         4800|
    |local_weights_12_U  |local_weights_RAM_AUTO_1R1W  |        1|   0|   0|    0|   150|   32|     1|         4800|
    |local_weights_13_U  |local_weights_RAM_AUTO_1R1W  |        1|   0|   0|    0|   150|   32|     1|         4800|
    |local_weights_14_U  |local_weights_RAM_AUTO_1R1W  |        1|   0|   0|    0|   150|   32|     1|         4800|
    |local_weights_15_U  |local_weights_RAM_AUTO_1R1W  |        1|   0|   0|    0|   150|   32|     1|         4800|
    +--------------------+-----------------------------+---------+----+----+-----+------+-----+------+-------------+
    |Total               |                             |       22|  32|   8|    0|  3592|  736|    23|       114944|
    +--------------------+-----------------------------+---------+----+----+-----+------+-----+------+-------------+

    * FIFO: 
    N/A

    * Expression: 
    +----------------------------------+----------+----+---+----+------------+------------+
    |           Variable Name          | Operation| DSP| FF| LUT| Bitwidth P0| Bitwidth P1|
    +----------------------------------+----------+----+---+----+------------+------------+
    |add_ln52_1_fu_607_p2              |         +|   0|  0|  20|          13|           9|
    |add_ln52_2_fu_616_p2              |         +|   0|  0|  71|          64|          64|
    |add_ln52_3_fu_651_p2              |         +|   0|  0|  20|          13|          10|
    |add_ln52_4_fu_660_p2              |         +|   0|  0|  71|          64|          64|
    |add_ln52_5_fu_675_p2              |         +|   0|  0|  20|          13|          11|
    |add_ln52_6_fu_684_p2              |         +|   0|  0|  71|          64|          64|
    |add_ln52_7_fu_579_p2              |         +|   0|  0|  12|           5|           3|
    |add_ln52_fu_564_p2                |         +|   0|  0|  71|          64|          64|
    |ap_block_state11_on_subcall_done  |        or|   0|  0|   2|           1|           1|
    |ap_block_state2_io                |        or|   0|  0|   2|           1|           1|
    |or_ln52_1_fu_699_p2               |        or|   0|  0|   4|           4|           2|
    |or_ln52_2_fu_719_p2               |        or|   0|  0|   4|           4|           2|
    |or_ln52_fu_631_p2                 |        or|   0|  0|   4|           4|           1|
    +----------------------------------+----------+----+---+----+------------+------------+
    |Total                             |          |   0|  0| 372|         314|         296|
    +----------------------------------+----------+----+---+----+------------+------------+

    * Multiplexer: 
    +---------------------------+-----+-----------+-----+-----------+
    |            Name           | LUT | Input Size| Bits| Total Bits|
    +---------------------------+-----+-----------+-----+-----------+
    |BIAS_ARADDR                |   14|          3|   64|        192|
    |BIAS_ARLEN                 |   14|          3|   32|         96|
    |BIAS_ARVALID               |   14|          3|    1|          3|
    |BIAS_RREADY                |    9|          2|    1|          2|
    |BIAS_blk_n_AR              |    9|          2|    1|          2|
    |INPUT_r_ARADDR             |   14|          3|   64|        192|
    |INPUT_r_ARLEN              |   14|          3|   32|         96|
    |INPUT_r_ARVALID            |   14|          3|    1|          3|
    |INPUT_r_RREADY             |    9|          2|    1|          2|
    |INPUT_r_blk_n_AR           |    9|          2|    1|          2|
    |OUTPUT_r_AWADDR            |   49|          9|   64|        576|
    |OUTPUT_r_AWLEN             |   31|          6|   32|        192|
    |OUTPUT_r_AWVALID           |   31|          6|    1|          6|
    |OUTPUT_r_BREADY            |   31|          6|    1|          6|
    |OUTPUT_r_WDATA             |   26|          5|   32|        160|
    |OUTPUT_r_WSTRB             |   26|          5|    4|         20|
    |OUTPUT_r_WVALID            |   26|          5|    1|          5|
    |OUTPUT_r_blk_n_AW          |    9|          2|    1|          2|
    |OUTPUT_r_blk_n_B           |    9|          2|    1|          2|
    |WEIGHTS_ARADDR             |   14|          3|   64|        192|
    |WEIGHTS_ARLEN              |   14|          3|   32|         96|
    |WEIGHTS_ARVALID            |   14|          3|    1|          3|
    |WEIGHTS_RREADY             |    9|          2|    1|          2|
    |WEIGHTS_blk_n_AR           |    9|          2|    1|          2|
    |ap_NS_fsm                  |  189|         42|    1|         42|
    |co_fu_136                  |    9|          2|    5|         10|
    |grp_fu_878_ce              |   26|          5|    1|          5|
    |grp_fu_878_p0              |   26|          5|   32|        160|
    |grp_fu_878_p1              |   26|          5|   32|        160|
    |grp_fu_882_ce              |   26|          5|    1|          5|
    |grp_fu_882_p0              |   26|          5|   32|        160|
    |grp_fu_882_p1              |   26|          5|   32|        160|
    |local_bias_address0        |   31|          6|    4|         24|
    |local_bias_ce0             |   14|          3|    1|          3|
    |local_bias_we0             |    9|          2|    1|          2|
    |local_input_1_address0     |   31|          6|    8|         48|
    |local_input_1_ce0          |   31|          6|    1|          6|
    |local_input_1_we0          |    9|          2|    1|          2|
    |local_input_2_address0     |   31|          6|    8|         48|
    |local_input_2_ce0          |   31|          6|    1|          6|
    |local_input_2_we0          |    9|          2|    1|          2|
    |local_input_3_address0     |   31|          6|    8|         48|
    |local_input_3_ce0          |   31|          6|    1|          6|
    |local_input_3_we0          |    9|          2|    1|          2|
    |local_input_4_address0     |   31|          6|    8|         48|
    |local_input_4_ce0          |   31|          6|    1|          6|
    |local_input_4_we0          |    9|          2|    1|          2|
    |local_input_5_address0     |   31|          6|    8|         48|
    |local_input_5_ce0          |   31|          6|    1|          6|
    |local_input_5_we0          |    9|          2|    1|          2|
    |local_input_address0       |   31|          6|    8|         48|
    |local_input_ce0            |   31|          6|    1|          6|
    |local_input_we0            |    9|          2|    1|          2|
    |local_weights_10_address0  |   14|          3|    8|         24|
    |local_weights_10_ce0       |   14|          3|    1|          3|
    |local_weights_10_we0       |    9|          2|    1|          2|
    |local_weights_11_address0  |   14|          3|    8|         24|
    |local_weights_11_ce0       |   14|          3|    1|          3|
    |local_weights_11_we0       |    9|          2|    1|          2|
    |local_weights_12_address0  |   14|          3|    8|         24|
    |local_weights_12_ce0       |   14|          3|    1|          3|
    |local_weights_12_we0       |    9|          2|    1|          2|
    |local_weights_13_address0  |   14|          3|    8|         24|
    |local_weights_13_ce0       |   14|          3|    1|          3|
    |local_weights_13_we0       |    9|          2|    1|          2|
    |local_weights_14_address0  |   14|          3|    8|         24|
    |local_weights_14_ce0       |   14|          3|    1|          3|
    |local_weights_14_we0       |    9|          2|    1|          2|
    |local_weights_15_address0  |   14|          3|    8|         24|
    |local_weights_15_ce0       |   14|          3|    1|          3|
    |local_weights_15_we0       |    9|          2|    1|          2|
    |local_weights_1_address0   |   14|          3|    8|         24|
    |local_weights_1_ce0        |   14|          3|    1|          3|
    |local_weights_1_we0        |    9|          2|    1|          2|
    |local_weights_2_address0   |   14|          3|    8|         24|
    |local_weights_2_ce0        |   14|          3|    1|          3|
    |local_weights_2_we0        |    9|          2|    1|          2|
    |local_weights_3_address0   |   14|          3|    8|         24|
    |local_weights_3_ce0        |   14|          3|    1|          3|
    |local_weights_3_we0        |    9|          2|    1|          2|
    |local_weights_4_address0   |   14|          3|    8|         24|
    |local_weights_4_ce0        |   14|          3|    1|          3|
    |local_weights_4_we0        |    9|          2|    1|          2|
    |local_weights_5_address0   |   14|          3|    8|         24|
    |local_weights_5_ce0        |   14|          3|    1|          3|
    |local_weights_5_we0        |    9|          2|    1|          2|
    |local_weights_6_address0   |   14|          3|    8|         24|
    |local_weights_6_ce0        |   14|          3|    1|          3|
    |local_weights_6_we0        |    9|          2|    1|          2|
    |local_weights_7_address0   |   14|          3|    8|         24|
    |local_weights_7_ce0        |   14|          3|    1|          3|
    |local_weights_7_we0        |    9|          2|    1|          2|
    |local_weights_8_address0   |   14|          3|    8|         24|
    |local_weights_8_ce0        |   14|          3|    1|          3|
    |local_weights_8_we0        |    9|          2|    1|          2|
    |local_weights_9_address0   |   14|          3|    8|         24|
    |local_weights_9_ce0        |   14|          3|    1|          3|
    |local_weights_9_we0        |    9|          2|    1|          2|
    |local_weights_address0     |   14|          3|    8|         24|
    |local_weights_ce0          |   14|          3|    1|          3|
    |local_weights_we0          |    9|          2|    1|          2|
    +---------------------------+-----+-----------+-----+-----------+
    |Total                      | 1844|        382|  796|       3385|
    +---------------------------+-----+-----------+-----+-----------+

    * Register: 
    +------------------------------------------------------------------------------------------------------------+----+----+-----+-----------+
    |                                                    Name                                                    | FF | LUT| Bits| Const Bits|
    +------------------------------------------------------------------------------------------------------------+----+----+-----+-----------+
    |ap_CS_fsm                                                                                                   |  41|   0|   41|          0|
    |co_2_reg_787                                                                                                |   5|   0|    5|          0|
    |co_fu_136                                                                                                   |   5|   0|    5|          0|
    |grp_convolution3_hls_Pipeline_VITIS_LOOP_24_1_VITIS_LOOP_25_2_VITIS_LOOP_26_3_fu_342_ap_start_reg           |   1|   0|    1|          0|
    |grp_convolution3_hls_Pipeline_VITIS_LOOP_34_4_VITIS_LOOP_35_5_VITIS_LOOP_36_6_VITIS_s_fu_355_ap_start_reg   |   1|   0|    1|          0|
    |grp_convolution3_hls_Pipeline_VITIS_LOOP_46_8_fu_378_ap_start_reg                                           |   1|   0|    1|          0|
    |grp_convolution3_hls_Pipeline_VITIS_LOOP_54_10_VITIS_LOOP_55_11_VITIS_LOOP_57_12_VIT_1_fu_426_ap_start_reg  |   1|   0|    1|          0|
    |grp_convolution3_hls_Pipeline_VITIS_LOOP_54_10_VITIS_LOOP_55_11_VITIS_LOOP_57_12_VIT_2_fu_406_ap_start_reg  |   1|   0|    1|          0|
    |grp_convolution3_hls_Pipeline_VITIS_LOOP_54_10_VITIS_LOOP_55_11_VITIS_LOOP_57_12_VIT_3_fu_386_ap_start_reg  |   1|   0|    1|          0|
    |grp_convolution3_hls_Pipeline_VITIS_LOOP_54_10_VITIS_LOOP_55_11_VITIS_LOOP_57_12_VIT_fu_446_ap_start_reg    |   1|   0|    1|          0|
    |mul_ln52_reg_796                                                                                            |  13|   0|   13|          0|
    |output_r_read_reg_746                                                                                       |  64|   0|   64|          0|
    |reg_466                                                                                                     |  32|   0|   32|          0|
    |trunc_ln24_1_reg_754                                                                                        |  62|   0|   62|          0|
    |trunc_ln2_reg_803                                                                                           |  62|   0|   62|          0|
    |trunc_ln34_1_reg_760                                                                                        |  62|   0|   62|          0|
    |trunc_ln52_reg_809                                                                                          |   4|   0|    4|          0|
    |trunc_ln54_1_reg_830                                                                                        |  62|   0|   62|          0|
    |trunc_ln54_2_reg_846                                                                                        |  62|   0|   62|          0|
    |trunc_ln54_3_reg_852                                                                                        |  62|   0|   62|          0|
    |trunc_ln_reg_766                                                                                            |  62|   0|   62|          0|
    +------------------------------------------------------------------------------------------------------------+----+----+-----+-----------+
    |Total                                                                                                       | 605|   0|  605|          0|
    +------------------------------------------------------------------------------------------------------------+----+----+-----+-----------+



================================================================
== Interface
================================================================
* Summary: 
+-------------------------+-----+-----+------------+------------------+--------------+
|        RTL Ports        | Dir | Bits|  Protocol  |   Source Object  |    C Type    |
+-------------------------+-----+-----+------------+------------------+--------------+
|s_axi_CTRL_BUS_AWVALID   |   in|    1|       s_axi|          CTRL_BUS|   return void|
|s_axi_CTRL_BUS_AWREADY   |  out|    1|       s_axi|          CTRL_BUS|   return void|
|s_axi_CTRL_BUS_AWADDR    |   in|    4|       s_axi|          CTRL_BUS|   return void|
|s_axi_CTRL_BUS_WVALID    |   in|    1|       s_axi|          CTRL_BUS|   return void|
|s_axi_CTRL_BUS_WREADY    |  out|    1|       s_axi|          CTRL_BUS|   return void|
|s_axi_CTRL_BUS_WDATA     |   in|   32|       s_axi|          CTRL_BUS|   return void|
|s_axi_CTRL_BUS_WSTRB     |   in|    4|       s_axi|          CTRL_BUS|   return void|
|s_axi_CTRL_BUS_ARVALID   |   in|    1|       s_axi|          CTRL_BUS|   return void|
|s_axi_CTRL_BUS_ARREADY   |  out|    1|       s_axi|          CTRL_BUS|   return void|
|s_axi_CTRL_BUS_ARADDR    |   in|    4|       s_axi|          CTRL_BUS|   return void|
|s_axi_CTRL_BUS_RVALID    |  out|    1|       s_axi|          CTRL_BUS|   return void|
|s_axi_CTRL_BUS_RREADY    |   in|    1|       s_axi|          CTRL_BUS|   return void|
|s_axi_CTRL_BUS_RDATA     |  out|   32|       s_axi|          CTRL_BUS|   return void|
|s_axi_CTRL_BUS_RRESP     |  out|    2|       s_axi|          CTRL_BUS|   return void|
|s_axi_CTRL_BUS_BVALID    |  out|    1|       s_axi|          CTRL_BUS|   return void|
|s_axi_CTRL_BUS_BREADY    |   in|    1|       s_axi|          CTRL_BUS|   return void|
|s_axi_CTRL_BUS_BRESP     |  out|    2|       s_axi|          CTRL_BUS|   return void|
|s_axi_control_AWVALID    |   in|    1|       s_axi|           control|        scalar|
|s_axi_control_AWREADY    |  out|    1|       s_axi|           control|        scalar|
|s_axi_control_AWADDR     |   in|    6|       s_axi|           control|        scalar|
|s_axi_control_WVALID     |   in|    1|       s_axi|           control|        scalar|
|s_axi_control_WREADY     |  out|    1|       s_axi|           control|        scalar|
|s_axi_control_WDATA      |   in|   32|       s_axi|           control|        scalar|
|s_axi_control_WSTRB      |   in|    4|       s_axi|           control|        scalar|
|s_axi_control_ARVALID    |   in|    1|       s_axi|           control|        scalar|
|s_axi_control_ARREADY    |  out|    1|       s_axi|           control|        scalar|
|s_axi_control_ARADDR     |   in|    6|       s_axi|           control|        scalar|
|s_axi_control_RVALID     |  out|    1|       s_axi|           control|        scalar|
|s_axi_control_RREADY     |   in|    1|       s_axi|           control|        scalar|
|s_axi_control_RDATA      |  out|   32|       s_axi|           control|        scalar|
|s_axi_control_RRESP      |  out|    2|       s_axi|           control|        scalar|
|s_axi_control_BVALID     |  out|    1|       s_axi|           control|        scalar|
|s_axi_control_BREADY     |   in|    1|       s_axi|           control|        scalar|
|s_axi_control_BRESP      |  out|    2|       s_axi|           control|        scalar|
|ap_clk                   |   in|    1|  ap_ctrl_hs|  convolution3_hls|  return value|
|ap_rst_n                 |   in|    1|  ap_ctrl_hs|  convolution3_hls|  return value|
|interrupt                |  out|    1|  ap_ctrl_hs|  convolution3_hls|  return value|
|m_axi_INPUT_r_AWVALID    |  out|    1|       m_axi|           INPUT_r|       pointer|
|m_axi_INPUT_r_AWREADY    |   in|    1|       m_axi|           INPUT_r|       pointer|
|m_axi_INPUT_r_AWADDR     |  out|   64|       m_axi|           INPUT_r|       pointer|
|m_axi_INPUT_r_AWID       |  out|    1|       m_axi|           INPUT_r|       pointer|
|m_axi_INPUT_r_AWLEN      |  out|    8|       m_axi|           INPUT_r|       pointer|
|m_axi_INPUT_r_AWSIZE     |  out|    3|       m_axi|           INPUT_r|       pointer|
|m_axi_INPUT_r_AWBURST    |  out|    2|       m_axi|           INPUT_r|       pointer|
|m_axi_INPUT_r_AWLOCK     |  out|    2|       m_axi|           INPUT_r|       pointer|
|m_axi_INPUT_r_AWCACHE    |  out|    4|       m_axi|           INPUT_r|       pointer|
|m_axi_INPUT_r_AWPROT     |  out|    3|       m_axi|           INPUT_r|       pointer|
|m_axi_INPUT_r_AWQOS      |  out|    4|       m_axi|           INPUT_r|       pointer|
|m_axi_INPUT_r_AWREGION   |  out|    4|       m_axi|           INPUT_r|       pointer|
|m_axi_INPUT_r_AWUSER     |  out|    1|       m_axi|           INPUT_r|       pointer|
|m_axi_INPUT_r_WVALID     |  out|    1|       m_axi|           INPUT_r|       pointer|
|m_axi_INPUT_r_WREADY     |   in|    1|       m_axi|           INPUT_r|       pointer|
|m_axi_INPUT_r_WDATA      |  out|   32|       m_axi|           INPUT_r|       pointer|
|m_axi_INPUT_r_WSTRB      |  out|    4|       m_axi|           INPUT_r|       pointer|
|m_axi_INPUT_r_WLAST      |  out|    1|       m_axi|           INPUT_r|       pointer|
|m_axi_INPUT_r_WID        |  out|    1|       m_axi|           INPUT_r|       pointer|
|m_axi_INPUT_r_WUSER      |  out|    1|       m_axi|           INPUT_r|       pointer|
|m_axi_INPUT_r_ARVALID    |  out|    1|       m_axi|           INPUT_r|       pointer|
|m_axi_INPUT_r_ARREADY    |   in|    1|       m_axi|           INPUT_r|       pointer|
|m_axi_INPUT_r_ARADDR     |  out|   64|       m_axi|           INPUT_r|       pointer|
|m_axi_INPUT_r_ARID       |  out|    1|       m_axi|           INPUT_r|       pointer|
|m_axi_INPUT_r_ARLEN      |  out|    8|       m_axi|           INPUT_r|       pointer|
|m_axi_INPUT_r_ARSIZE     |  out|    3|       m_axi|           INPUT_r|       pointer|
|m_axi_INPUT_r_ARBURST    |  out|    2|       m_axi|           INPUT_r|       pointer|
|m_axi_INPUT_r_ARLOCK     |  out|    2|       m_axi|           INPUT_r|       pointer|
|m_axi_INPUT_r_ARCACHE    |  out|    4|       m_axi|           INPUT_r|       pointer|
|m_axi_INPUT_r_ARPROT     |  out|    3|       m_axi|           INPUT_r|       pointer|
|m_axi_INPUT_r_ARQOS      |  out|    4|       m_axi|           INPUT_r|       pointer|
|m_axi_INPUT_r_ARREGION   |  out|    4|       m_axi|           INPUT_r|       pointer|
|m_axi_INPUT_r_ARUSER     |  out|    1|       m_axi|           INPUT_r|       pointer|
|m_axi_INPUT_r_RVALID     |   in|    1|       m_axi|           INPUT_r|       pointer|
|m_axi_INPUT_r_RREADY     |  out|    1|       m_axi|           INPUT_r|       pointer|
|m_axi_INPUT_r_RDATA      |   in|   32|       m_axi|           INPUT_r|       pointer|
|m_axi_INPUT_r_RLAST      |   in|    1|       m_axi|           INPUT_r|       pointer|
|m_axi_INPUT_r_RID        |   in|    1|       m_axi|           INPUT_r|       pointer|
|m_axi_INPUT_r_RUSER      |   in|    1|       m_axi|           INPUT_r|       pointer|
|m_axi_INPUT_r_RRESP      |   in|    2|       m_axi|           INPUT_r|       pointer|
|m_axi_INPUT_r_BVALID     |   in|    1|       m_axi|           INPUT_r|       pointer|
|m_axi_INPUT_r_BREADY     |  out|    1|       m_axi|           INPUT_r|       pointer|
|m_axi_INPUT_r_BRESP      |   in|    2|       m_axi|           INPUT_r|       pointer|
|m_axi_INPUT_r_BID        |   in|    1|       m_axi|           INPUT_r|       pointer|
|m_axi_INPUT_r_BUSER      |   in|    1|       m_axi|           INPUT_r|       pointer|
|m_axi_WEIGHTS_AWVALID    |  out|    1|       m_axi|           WEIGHTS|       pointer|
|m_axi_WEIGHTS_AWREADY    |   in|    1|       m_axi|           WEIGHTS|       pointer|
|m_axi_WEIGHTS_AWADDR     |  out|   64|       m_axi|           WEIGHTS|       pointer|
|m_axi_WEIGHTS_AWID       |  out|    1|       m_axi|           WEIGHTS|       pointer|
|m_axi_WEIGHTS_AWLEN      |  out|    8|       m_axi|           WEIGHTS|       pointer|
|m_axi_WEIGHTS_AWSIZE     |  out|    3|       m_axi|           WEIGHTS|       pointer|
|m_axi_WEIGHTS_AWBURST    |  out|    2|       m_axi|           WEIGHTS|       pointer|
|m_axi_WEIGHTS_AWLOCK     |  out|    2|       m_axi|           WEIGHTS|       pointer|
|m_axi_WEIGHTS_AWCACHE    |  out|    4|       m_axi|           WEIGHTS|       pointer|
|m_axi_WEIGHTS_AWPROT     |  out|    3|       m_axi|           WEIGHTS|       pointer|
|m_axi_WEIGHTS_AWQOS      |  out|    4|       m_axi|           WEIGHTS|       pointer|
|m_axi_WEIGHTS_AWREGION   |  out|    4|       m_axi|           WEIGHTS|       pointer|
|m_axi_WEIGHTS_AWUSER     |  out|    1|       m_axi|           WEIGHTS|       pointer|
|m_axi_WEIGHTS_WVALID     |  out|    1|       m_axi|           WEIGHTS|       pointer|
|m_axi_WEIGHTS_WREADY     |   in|    1|       m_axi|           WEIGHTS|       pointer|
|m_axi_WEIGHTS_WDATA      |  out|   32|       m_axi|           WEIGHTS|       pointer|
|m_axi_WEIGHTS_WSTRB      |  out|    4|       m_axi|           WEIGHTS|       pointer|
|m_axi_WEIGHTS_WLAST      |  out|    1|       m_axi|           WEIGHTS|       pointer|
|m_axi_WEIGHTS_WID        |  out|    1|       m_axi|           WEIGHTS|       pointer|
|m_axi_WEIGHTS_WUSER      |  out|    1|       m_axi|           WEIGHTS|       pointer|
|m_axi_WEIGHTS_ARVALID    |  out|    1|       m_axi|           WEIGHTS|       pointer|
|m_axi_WEIGHTS_ARREADY    |   in|    1|       m_axi|           WEIGHTS|       pointer|
|m_axi_WEIGHTS_ARADDR     |  out|   64|       m_axi|           WEIGHTS|       pointer|
|m_axi_WEIGHTS_ARID       |  out|    1|       m_axi|           WEIGHTS|       pointer|
|m_axi_WEIGHTS_ARLEN      |  out|    8|       m_axi|           WEIGHTS|       pointer|
|m_axi_WEIGHTS_ARSIZE     |  out|    3|       m_axi|           WEIGHTS|       pointer|
|m_axi_WEIGHTS_ARBURST    |  out|    2|       m_axi|           WEIGHTS|       pointer|
|m_axi_WEIGHTS_ARLOCK     |  out|    2|       m_axi|           WEIGHTS|       pointer|
|m_axi_WEIGHTS_ARCACHE    |  out|    4|       m_axi|           WEIGHTS|       pointer|
|m_axi_WEIGHTS_ARPROT     |  out|    3|       m_axi|           WEIGHTS|       pointer|
|m_axi_WEIGHTS_ARQOS      |  out|    4|       m_axi|           WEIGHTS|       pointer|
|m_axi_WEIGHTS_ARREGION   |  out|    4|       m_axi|           WEIGHTS|       pointer|
|m_axi_WEIGHTS_ARUSER     |  out|    1|       m_axi|           WEIGHTS|       pointer|
|m_axi_WEIGHTS_RVALID     |   in|    1|       m_axi|           WEIGHTS|       pointer|
|m_axi_WEIGHTS_RREADY     |  out|    1|       m_axi|           WEIGHTS|       pointer|
|m_axi_WEIGHTS_RDATA      |   in|   32|       m_axi|           WEIGHTS|       pointer|
|m_axi_WEIGHTS_RLAST      |   in|    1|       m_axi|           WEIGHTS|       pointer|
|m_axi_WEIGHTS_RID        |   in|    1|       m_axi|           WEIGHTS|       pointer|
|m_axi_WEIGHTS_RUSER      |   in|    1|       m_axi|           WEIGHTS|       pointer|
|m_axi_WEIGHTS_RRESP      |   in|    2|       m_axi|           WEIGHTS|       pointer|
|m_axi_WEIGHTS_BVALID     |   in|    1|       m_axi|           WEIGHTS|       pointer|
|m_axi_WEIGHTS_BREADY     |  out|    1|       m_axi|           WEIGHTS|       pointer|
|m_axi_WEIGHTS_BRESP      |   in|    2|       m_axi|           WEIGHTS|       pointer|
|m_axi_WEIGHTS_BID        |   in|    1|       m_axi|           WEIGHTS|       pointer|
|m_axi_WEIGHTS_BUSER      |   in|    1|       m_axi|           WEIGHTS|       pointer|
|m_axi_BIAS_AWVALID       |  out|    1|       m_axi|              BIAS|       pointer|
|m_axi_BIAS_AWREADY       |   in|    1|       m_axi|              BIAS|       pointer|
|m_axi_BIAS_AWADDR        |  out|   64|       m_axi|              BIAS|       pointer|
|m_axi_BIAS_AWID          |  out|    1|       m_axi|              BIAS|       pointer|
|m_axi_BIAS_AWLEN         |  out|    8|       m_axi|              BIAS|       pointer|
|m_axi_BIAS_AWSIZE        |  out|    3|       m_axi|              BIAS|       pointer|
|m_axi_BIAS_AWBURST       |  out|    2|       m_axi|              BIAS|       pointer|
|m_axi_BIAS_AWLOCK        |  out|    2|       m_axi|              BIAS|       pointer|
|m_axi_BIAS_AWCACHE       |  out|    4|       m_axi|              BIAS|       pointer|
|m_axi_BIAS_AWPROT        |  out|    3|       m_axi|              BIAS|       pointer|
|m_axi_BIAS_AWQOS         |  out|    4|       m_axi|              BIAS|       pointer|
|m_axi_BIAS_AWREGION      |  out|    4|       m_axi|              BIAS|       pointer|
|m_axi_BIAS_AWUSER        |  out|    1|       m_axi|              BIAS|       pointer|
|m_axi_BIAS_WVALID        |  out|    1|       m_axi|              BIAS|       pointer|
|m_axi_BIAS_WREADY        |   in|    1|       m_axi|              BIAS|       pointer|
|m_axi_BIAS_WDATA         |  out|   32|       m_axi|              BIAS|       pointer|
|m_axi_BIAS_WSTRB         |  out|    4|       m_axi|              BIAS|       pointer|
|m_axi_BIAS_WLAST         |  out|    1|       m_axi|              BIAS|       pointer|
|m_axi_BIAS_WID           |  out|    1|       m_axi|              BIAS|       pointer|
|m_axi_BIAS_WUSER         |  out|    1|       m_axi|              BIAS|       pointer|
|m_axi_BIAS_ARVALID       |  out|    1|       m_axi|              BIAS|       pointer|
|m_axi_BIAS_ARREADY       |   in|    1|       m_axi|              BIAS|       pointer|
|m_axi_BIAS_ARADDR        |  out|   64|       m_axi|              BIAS|       pointer|
|m_axi_BIAS_ARID          |  out|    1|       m_axi|              BIAS|       pointer|
|m_axi_BIAS_ARLEN         |  out|    8|       m_axi|              BIAS|       pointer|
|m_axi_BIAS_ARSIZE        |  out|    3|       m_axi|              BIAS|       pointer|
|m_axi_BIAS_ARBURST       |  out|    2|       m_axi|              BIAS|       pointer|
|m_axi_BIAS_ARLOCK        |  out|    2|       m_axi|              BIAS|       pointer|
|m_axi_BIAS_ARCACHE       |  out|    4|       m_axi|              BIAS|       pointer|
|m_axi_BIAS_ARPROT        |  out|    3|       m_axi|              BIAS|       pointer|
|m_axi_BIAS_ARQOS         |  out|    4|       m_axi|              BIAS|       pointer|
|m_axi_BIAS_ARREGION      |  out|    4|       m_axi|              BIAS|       pointer|
|m_axi_BIAS_ARUSER        |  out|    1|       m_axi|              BIAS|       pointer|
|m_axi_BIAS_RVALID        |   in|    1|       m_axi|              BIAS|       pointer|
|m_axi_BIAS_RREADY        |  out|    1|       m_axi|              BIAS|       pointer|
|m_axi_BIAS_RDATA         |   in|   32|       m_axi|              BIAS|       pointer|
|m_axi_BIAS_RLAST         |   in|    1|       m_axi|              BIAS|       pointer|
|m_axi_BIAS_RID           |   in|    1|       m_axi|              BIAS|       pointer|
|m_axi_BIAS_RUSER         |   in|    1|       m_axi|              BIAS|       pointer|
|m_axi_BIAS_RRESP         |   in|    2|       m_axi|              BIAS|       pointer|
|m_axi_BIAS_BVALID        |   in|    1|       m_axi|              BIAS|       pointer|
|m_axi_BIAS_BREADY        |  out|    1|       m_axi|              BIAS|       pointer|
|m_axi_BIAS_BRESP         |   in|    2|       m_axi|              BIAS|       pointer|
|m_axi_BIAS_BID           |   in|    1|       m_axi|              BIAS|       pointer|
|m_axi_BIAS_BUSER         |   in|    1|       m_axi|              BIAS|       pointer|
|m_axi_OUTPUT_r_AWVALID   |  out|    1|       m_axi|          OUTPUT_r|       pointer|
|m_axi_OUTPUT_r_AWREADY   |   in|    1|       m_axi|          OUTPUT_r|       pointer|
|m_axi_OUTPUT_r_AWADDR    |  out|   64|       m_axi|          OUTPUT_r|       pointer|
|m_axi_OUTPUT_r_AWID      |  out|    1|       m_axi|          OUTPUT_r|       pointer|
|m_axi_OUTPUT_r_AWLEN     |  out|    8|       m_axi|          OUTPUT_r|       pointer|
|m_axi_OUTPUT_r_AWSIZE    |  out|    3|       m_axi|          OUTPUT_r|       pointer|
|m_axi_OUTPUT_r_AWBURST   |  out|    2|       m_axi|          OUTPUT_r|       pointer|
|m_axi_OUTPUT_r_AWLOCK    |  out|    2|       m_axi|          OUTPUT_r|       pointer|
|m_axi_OUTPUT_r_AWCACHE   |  out|    4|       m_axi|          OUTPUT_r|       pointer|
|m_axi_OUTPUT_r_AWPROT    |  out|    3|       m_axi|          OUTPUT_r|       pointer|
|m_axi_OUTPUT_r_AWQOS     |  out|    4|       m_axi|          OUTPUT_r|       pointer|
|m_axi_OUTPUT_r_AWREGION  |  out|    4|       m_axi|          OUTPUT_r|       pointer|
|m_axi_OUTPUT_r_AWUSER    |  out|    1|       m_axi|          OUTPUT_r|       pointer|
|m_axi_OUTPUT_r_WVALID    |  out|    1|       m_axi|          OUTPUT_r|       pointer|
|m_axi_OUTPUT_r_WREADY    |   in|    1|       m_axi|          OUTPUT_r|       pointer|
|m_axi_OUTPUT_r_WDATA     |  out|   32|       m_axi|          OUTPUT_r|       pointer|
|m_axi_OUTPUT_r_WSTRB     |  out|    4|       m_axi|          OUTPUT_r|       pointer|
|m_axi_OUTPUT_r_WLAST     |  out|    1|       m_axi|          OUTPUT_r|       pointer|
|m_axi_OUTPUT_r_WID       |  out|    1|       m_axi|          OUTPUT_r|       pointer|
|m_axi_OUTPUT_r_WUSER     |  out|    1|       m_axi|          OUTPUT_r|       pointer|
|m_axi_OUTPUT_r_ARVALID   |  out|    1|       m_axi|          OUTPUT_r|       pointer|
|m_axi_OUTPUT_r_ARREADY   |   in|    1|       m_axi|          OUTPUT_r|       pointer|
|m_axi_OUTPUT_r_ARADDR    |  out|   64|       m_axi|          OUTPUT_r|       pointer|
|m_axi_OUTPUT_r_ARID      |  out|    1|       m_axi|          OUTPUT_r|       pointer|
|m_axi_OUTPUT_r_ARLEN     |  out|    8|       m_axi|          OUTPUT_r|       pointer|
|m_axi_OUTPUT_r_ARSIZE    |  out|    3|       m_axi|          OUTPUT_r|       pointer|
|m_axi_OUTPUT_r_ARBURST   |  out|    2|       m_axi|          OUTPUT_r|       pointer|
|m_axi_OUTPUT_r_ARLOCK    |  out|    2|       m_axi|          OUTPUT_r|       pointer|
|m_axi_OUTPUT_r_ARCACHE   |  out|    4|       m_axi|          OUTPUT_r|       pointer|
|m_axi_OUTPUT_r_ARPROT    |  out|    3|       m_axi|          OUTPUT_r|       pointer|
|m_axi_OUTPUT_r_ARQOS     |  out|    4|       m_axi|          OUTPUT_r|       pointer|
|m_axi_OUTPUT_r_ARREGION  |  out|    4|       m_axi|          OUTPUT_r|       pointer|
|m_axi_OUTPUT_r_ARUSER    |  out|    1|       m_axi|          OUTPUT_r|       pointer|
|m_axi_OUTPUT_r_RVALID    |   in|    1|       m_axi|          OUTPUT_r|       pointer|
|m_axi_OUTPUT_r_RREADY    |  out|    1|       m_axi|          OUTPUT_r|       pointer|
|m_axi_OUTPUT_r_RDATA     |   in|   32|       m_axi|          OUTPUT_r|       pointer|
|m_axi_OUTPUT_r_RLAST     |   in|    1|       m_axi|          OUTPUT_r|       pointer|
|m_axi_OUTPUT_r_RID       |   in|    1|       m_axi|          OUTPUT_r|       pointer|
|m_axi_OUTPUT_r_RUSER     |   in|    1|       m_axi|          OUTPUT_r|       pointer|
|m_axi_OUTPUT_r_RRESP     |   in|    2|       m_axi|          OUTPUT_r|       pointer|
|m_axi_OUTPUT_r_BVALID    |   in|    1|       m_axi|          OUTPUT_r|       pointer|
|m_axi_OUTPUT_r_BREADY    |  out|    1|       m_axi|          OUTPUT_r|       pointer|
|m_axi_OUTPUT_r_BRESP     |   in|    2|       m_axi|          OUTPUT_r|       pointer|
|m_axi_OUTPUT_r_BID       |   in|    1|       m_axi|          OUTPUT_r|       pointer|
|m_axi_OUTPUT_r_BUSER     |   in|    1|       m_axi|          OUTPUT_r|       pointer|
+-------------------------+-----+-----+------------+------------------+--------------+

