

================================================================
== Vitis HLS Report for 'convolution3_hls_Pipeline_VITIS_LOOP_34_4_VITIS_LOOP_35_5_VITIS_LOOP_36_6_VITIS_s'
================================================================
* Date:           Fri Dec 13 17:04:33 2024

* Version:        2023.2 (Build 4023990 on Oct 11 2023)
* Project:        lenet_conv3
* Solution:       solution1 (Vivado IP Flow Target)
* Product family: zynquplus
* Target device:  xck26-sfvc784-2LV-c


================================================================
== Performance Estimates
================================================================
+ Timing: 
    * Summary: 
    +--------+----------+----------+------------+
    |  Clock |  Target  | Estimated| Uncertainty|
    +--------+----------+----------+------------+
    |ap_clk  |  10.00 ns|  7.300 ns|     2.70 ns|
    +--------+----------+----------+------------+

+ Latency: 
    * Summary: 
    +---------+---------+-----------+-----------+------+------+---------+
    |  Latency (cycles) |   Latency (absolute)  |   Interval  | Pipeline|
    |   min   |   max   |    min    |    max    |  min |  max |   Type  |
    +---------+---------+-----------+-----------+------+------+---------+
    |     2403|     2403|  24.030 us|  24.030 us|  2403|  2403|       no|
    +---------+---------+-----------+-----------+------+------+---------+

    + Detail: 
        * Instance: 
        N/A

        * Loop: 
        +-------------------------------------------------------------------+---------+---------+----------+-----------+-----------+------+----------+
        |                                                                   |  Latency (cycles) | Iteration|  Initiation Interval  | Trip |          |
        |                             Loop Name                             |   min   |   max   |  Latency |  achieved |   target  | Count| Pipelined|
        +-------------------------------------------------------------------+---------+---------+----------+-----------+-----------+------+----------+
        |- VITIS_LOOP_34_4_VITIS_LOOP_35_5_VITIS_LOOP_36_6_VITIS_LOOP_37_7  |     2401|     2401|         3|          1|          1|  2400|       yes|
        +-------------------------------------------------------------------+---------+---------+----------+-----------+-----------+------+----------+



================================================================
== Utilization Estimates
================================================================
* Summary: 
+-----------------+---------+------+--------+--------+-----+
|       Name      | BRAM_18K|  DSP |   FF   |   LUT  | URAM|
+-----------------+---------+------+--------+--------+-----+
|DSP              |        -|     -|       -|       -|    -|
|Expression       |        -|     -|       0|     268|    -|
|FIFO             |        -|     -|       -|       -|    -|
|Instance         |        -|     -|       -|       -|    -|
|Memory           |        -|     -|       -|       -|    -|
|Multiplexer      |        -|     -|       -|      99|    -|
|Register         |        -|     -|      83|       -|    -|
+-----------------+---------+------+--------+--------+-----+
|Total            |        0|     0|      83|     367|    0|
+-----------------+---------+------+--------+--------+-----+
|Available        |      288|  1248|  234240|  117120|   64|
+-----------------+---------+------+--------+--------+-----+
|Utilization (%)  |        0|     0|      ~0|      ~0|    0|
+-----------------+---------+------+--------+--------+-----+

+ Detail: 
    * Instance: 
    N/A

    * DSP: 
    N/A

    * Memory: 
    N/A

    * FIFO: 
    N/A

    * Expression: 
    +----------------------------------+----------+----+---+----+------------+------------+
    |           Variable Name          | Operation| DSP| FF| LUT| Bitwidth P0| Bitwidth P1|
    +----------------------------------+----------+----+---+----+------------+------------+
    |add_ln34_1_fu_435_p2              |         +|   0|  0|  19|          12|           1|
    |add_ln34_fu_458_p2                |         +|   0|  0|  12|           5|           1|
    |add_ln35_1_fu_486_p2              |         +|   0|  0|  15|           8|           1|
    |add_ln35_fu_552_p2                |         +|   0|  0|  10|           3|           1|
    |add_ln36_1_fu_724_p2              |         +|   0|  0|  13|           6|           1|
    |add_ln36_fu_602_p2                |         +|   0|  0|  10|           3|           1|
    |add_ln37_fu_718_p2                |         +|   0|  0|  10|           3|           1|
    |add_ln39_1_fu_661_p2              |         +|   0|  0|  13|           6|           6|
    |add_ln39_2_fu_679_p2              |         +|   0|  0|  19|           8|           8|
    |add_ln39_3_fu_689_p2              |         +|   0|  0|  19|           8|           8|
    |add_ln39_fu_651_p2                |         +|   0|  0|  13|           6|           6|
    |and_ln34_1_fu_546_p2              |       and|   0|  0|   2|           1|           1|
    |and_ln34_fu_582_p2                |       and|   0|  0|   2|           1|           1|
    |and_ln35_fu_588_p2                |       and|   0|  0|   2|           1|           1|
    |ap_block_pp0_stage0_11001         |       and|   0|  0|   2|           1|           1|
    |ap_block_state2_pp0_stage0_iter1  |       and|   0|  0|   2|           1|           1|
    |icmp_ln34_fu_429_p2               |      icmp|   0|  0|  19|          12|          12|
    |icmp_ln35_fu_464_p2               |      icmp|   0|  0|  15|           8|           8|
    |icmp_ln36_fu_540_p2               |      icmp|   0|  0|  13|           6|           5|
    |icmp_ln37_fu_534_p2               |      icmp|   0|  0|  10|           3|           3|
    |or_ln35_1_fu_577_p2               |        or|   0|  0|   2|           1|           1|
    |or_ln35_fu_558_p2                 |        or|   0|  0|   2|           1|           1|
    |or_ln36_1_fu_614_p2               |        or|   0|  0|   2|           1|           1|
    |or_ln36_fu_608_p2                 |        or|   0|  0|   2|           1|           1|
    |select_ln34_1_fu_470_p3           |    select|   0|  0|   5|           1|           5|
    |select_ln34_fu_522_p3             |    select|   0|  0|   3|           1|           1|
    |select_ln35_1_fu_594_p3           |    select|   0|  0|   3|           1|           3|
    |select_ln35_2_fu_492_p3           |    select|   0|  0|   8|           1|           1|
    |select_ln35_fu_563_p3             |    select|   0|  0|   3|           1|           1|
    |select_ln36_1_fu_627_p3           |    select|   0|  0|   3|           1|           3|
    |select_ln36_2_fu_730_p3           |    select|   0|  0|   6|           1|           1|
    |select_ln36_fu_619_p3             |    select|   0|  0|   3|           1|           1|
    |ap_enable_pp0                     |       xor|   0|  0|   2|           1|           2|
    |xor_ln34_fu_529_p2                |       xor|   0|  0|   2|           1|           2|
    |xor_ln35_fu_571_p2                |       xor|   0|  0|   2|           1|           2|
    +----------------------------------+----------+----+---+----+------------+------------+
    |Total                             |          |   0|  0| 268|         117|          94|
    +----------------------------------+----------+----+---+----+------------+------------+

    * Multiplexer: 
    +----------------------------------------+----+-----------+-----+-----------+
    |                  Name                  | LUT| Input Size| Bits| Total Bits|
    +----------------------------------------+----+-----------+-----+-----------+
    |WEIGHTS_blk_n_R                         |   9|          2|    1|          2|
    |ap_done_int                             |   9|          2|    1|          2|
    |ap_enable_reg_pp0_iter2                 |   9|          2|    1|          2|
    |ap_sig_allocacmp_indvar_flatten53_load  |   9|          2|   12|         24|
    |ci_fu_152                               |   9|          2|    3|          6|
    |co_fu_160                               |   9|          2|    5|         10|
    |indvar_flatten18_fu_148                 |   9|          2|    6|         12|
    |indvar_flatten31_fu_156                 |   9|          2|    8|         16|
    |indvar_flatten53_fu_164                 |   9|          2|   12|         24|
    |kh_fu_144                               |   9|          2|    3|          6|
    |kw_fu_140                               |   9|          2|    3|          6|
    +----------------------------------------+----+-----------+-----+-----------+
    |Total                                   |  99|         22|   55|        110|
    +----------------------------------------+----+-----------+-----+-----------+

    * Register: 
    +----------------------------------+----+----+-----+-----------+
    |               Name               | FF | LUT| Bits| Const Bits|
    +----------------------------------+----+----+-----+-----------+
    |ap_CS_fsm                         |   1|   0|    1|          0|
    |ap_done_reg                       |   1|   0|    1|          0|
    |ap_enable_reg_pp0_iter1           |   1|   0|    1|          0|
    |ap_enable_reg_pp0_iter2           |   1|   0|    1|          0|
    |ap_loop_exit_ready_pp0_iter1_reg  |   1|   0|    1|          0|
    |bitcast_ln39_reg_830              |  32|   0|   32|          0|
    |ci_fu_152                         |   3|   0|    3|          0|
    |co_fu_160                         |   5|   0|    5|          0|
    |icmp_ln34_reg_813                 |   1|   0|    1|          0|
    |icmp_ln35_reg_817                 |   1|   0|    1|          0|
    |indvar_flatten18_fu_148           |   6|   0|    6|          0|
    |indvar_flatten31_fu_156           |   8|   0|    8|          0|
    |indvar_flatten53_fu_164           |  12|   0|   12|          0|
    |kh_fu_144                         |   3|   0|    3|          0|
    |kw_fu_140                         |   3|   0|    3|          0|
    |trunc_ln34_reg_826                |   4|   0|    4|          0|
    +----------------------------------+----+----+-----+-----------+
    |Total                             |  83|   0|   83|          0|
    +----------------------------------+----+----+-----+-----------+



================================================================
== Interface
================================================================
* Summary: 
+---------------------------+-----+-----+------------+----------------------------------------------------------------------------------+--------------+
|         RTL Ports         | Dir | Bits|  Protocol  |                                   Source Object                                  |    C Type    |
+---------------------------+-----+-----+------------+----------------------------------------------------------------------------------+--------------+
|ap_clk                     |   in|    1|  ap_ctrl_hs|  convolution3_hls_Pipeline_VITIS_LOOP_34_4_VITIS_LOOP_35_5_VITIS_LOOP_36_6_VITIS_|  return value|
|ap_rst                     |   in|    1|  ap_ctrl_hs|  convolution3_hls_Pipeline_VITIS_LOOP_34_4_VITIS_LOOP_35_5_VITIS_LOOP_36_6_VITIS_|  return value|
|ap_start                   |   in|    1|  ap_ctrl_hs|  convolution3_hls_Pipeline_VITIS_LOOP_34_4_VITIS_LOOP_35_5_VITIS_LOOP_36_6_VITIS_|  return value|
|ap_done                    |  out|    1|  ap_ctrl_hs|  convolution3_hls_Pipeline_VITIS_LOOP_34_4_VITIS_LOOP_35_5_VITIS_LOOP_36_6_VITIS_|  return value|
|ap_idle                    |  out|    1|  ap_ctrl_hs|  convolution3_hls_Pipeline_VITIS_LOOP_34_4_VITIS_LOOP_35_5_VITIS_LOOP_36_6_VITIS_|  return value|
|ap_ready                   |  out|    1|  ap_ctrl_hs|  convolution3_hls_Pipeline_VITIS_LOOP_34_4_VITIS_LOOP_35_5_VITIS_LOOP_36_6_VITIS_|  return value|
|m_axi_WEIGHTS_AWVALID      |  out|    1|       m_axi|                                                                           WEIGHTS|       pointer|
|m_axi_WEIGHTS_AWREADY      |   in|    1|       m_axi|                                                                           WEIGHTS|       pointer|
|m_axi_WEIGHTS_AWADDR       |  out|   64|       m_axi|                                                                           WEIGHTS|       pointer|
|m_axi_WEIGHTS_AWID         |  out|    1|       m_axi|                                                                           WEIGHTS|       pointer|
|m_axi_WEIGHTS_AWLEN        |  out|   32|       m_axi|                                                                           WEIGHTS|       pointer|
|m_axi_WEIGHTS_AWSIZE       |  out|    3|       m_axi|                                                                           WEIGHTS|       pointer|
|m_axi_WEIGHTS_AWBURST      |  out|    2|       m_axi|                                                                           WEIGHTS|       pointer|
|m_axi_WEIGHTS_AWLOCK       |  out|    2|       m_axi|                                                                           WEIGHTS|       pointer|
|m_axi_WEIGHTS_AWCACHE      |  out|    4|       m_axi|                                                                           WEIGHTS|       pointer|
|m_axi_WEIGHTS_AWPROT       |  out|    3|       m_axi|                                                                           WEIGHTS|       pointer|
|m_axi_WEIGHTS_AWQOS        |  out|    4|       m_axi|                                                                           WEIGHTS|       pointer|
|m_axi_WEIGHTS_AWREGION     |  out|    4|       m_axi|                                                                           WEIGHTS|       pointer|
|m_axi_WEIGHTS_AWUSER       |  out|    1|       m_axi|                                                                           WEIGHTS|       pointer|
|m_axi_WEIGHTS_WVALID       |  out|    1|       m_axi|                                                                           WEIGHTS|       pointer|
|m_axi_WEIGHTS_WREADY       |   in|    1|       m_axi|                                                                           WEIGHTS|       pointer|
|m_axi_WEIGHTS_WDATA        |  out|   32|       m_axi|                                                                           WEIGHTS|       pointer|
|m_axi_WEIGHTS_WSTRB        |  out|    4|       m_axi|                                                                           WEIGHTS|       pointer|
|m_axi_WEIGHTS_WLAST        |  out|    1|       m_axi|                                                                           WEIGHTS|       pointer|
|m_axi_WEIGHTS_WID          |  out|    1|       m_axi|                                                                           WEIGHTS|       pointer|
|m_axi_WEIGHTS_WUSER        |  out|    1|       m_axi|                                                                           WEIGHTS|       pointer|
|m_axi_WEIGHTS_ARVALID      |  out|    1|       m_axi|                                                                           WEIGHTS|       pointer|
|m_axi_WEIGHTS_ARREADY      |   in|    1|       m_axi|                                                                           WEIGHTS|       pointer|
|m_axi_WEIGHTS_ARADDR       |  out|   64|       m_axi|                                                                           WEIGHTS|       pointer|
|m_axi_WEIGHTS_ARID         |  out|    1|       m_axi|                                                                           WEIGHTS|       pointer|
|m_axi_WEIGHTS_ARLEN        |  out|   32|       m_axi|                                                                           WEIGHTS|       pointer|
|m_axi_WEIGHTS_ARSIZE       |  out|    3|       m_axi|                                                                           WEIGHTS|       pointer|
|m_axi_WEIGHTS_ARBURST      |  out|    2|       m_axi|                                                                           WEIGHTS|       pointer|
|m_axi_WEIGHTS_ARLOCK       |  out|    2|       m_axi|                                                                           WEIGHTS|       pointer|
|m_axi_WEIGHTS_ARCACHE      |  out|    4|       m_axi|                                                                           WEIGHTS|       pointer|
|m_axi_WEIGHTS_ARPROT       |  out|    3|       m_axi|                                                                           WEIGHTS|       pointer|
|m_axi_WEIGHTS_ARQOS        |  out|    4|       m_axi|                                                                           WEIGHTS|       pointer|
|m_axi_WEIGHTS_ARREGION     |  out|    4|       m_axi|                                                                           WEIGHTS|       pointer|
|m_axi_WEIGHTS_ARUSER       |  out|    1|       m_axi|                                                                           WEIGHTS|       pointer|
|m_axi_WEIGHTS_RVALID       |   in|    1|       m_axi|                                                                           WEIGHTS|       pointer|
|m_axi_WEIGHTS_RREADY       |  out|    1|       m_axi|                                                                           WEIGHTS|       pointer|
|m_axi_WEIGHTS_RDATA        |   in|   32|       m_axi|                                                                           WEIGHTS|       pointer|
|m_axi_WEIGHTS_RLAST        |   in|    1|       m_axi|                                                                           WEIGHTS|       pointer|
|m_axi_WEIGHTS_RID          |   in|    1|       m_axi|                                                                           WEIGHTS|       pointer|
|m_axi_WEIGHTS_RFIFONUM     |   in|    9|       m_axi|                                                                           WEIGHTS|       pointer|
|m_axi_WEIGHTS_RUSER        |   in|    1|       m_axi|                                                                           WEIGHTS|       pointer|
|m_axi_WEIGHTS_RRESP        |   in|    2|       m_axi|                                                                           WEIGHTS|       pointer|
|m_axi_WEIGHTS_BVALID       |   in|    1|       m_axi|                                                                           WEIGHTS|       pointer|
|m_axi_WEIGHTS_BREADY       |  out|    1|       m_axi|                                                                           WEIGHTS|       pointer|
|m_axi_WEIGHTS_BRESP        |   in|    2|       m_axi|                                                                           WEIGHTS|       pointer|
|m_axi_WEIGHTS_BID          |   in|    1|       m_axi|                                                                           WEIGHTS|       pointer|
|m_axi_WEIGHTS_BUSER        |   in|    1|       m_axi|                                                                           WEIGHTS|       pointer|
|sext_ln34                  |   in|   62|     ap_none|                                                                         sext_ln34|        scalar|
|local_weights_address0     |  out|    8|   ap_memory|                                                                     local_weights|         array|
|local_weights_ce0          |  out|    1|   ap_memory|                                                                     local_weights|         array|
|local_weights_we0          |  out|    1|   ap_memory|                                                                     local_weights|         array|
|local_weights_d0           |  out|   32|   ap_memory|                                                                     local_weights|         array|
|local_weights_1_address0   |  out|    8|   ap_memory|                                                                   local_weights_1|         array|
|local_weights_1_ce0        |  out|    1|   ap_memory|                                                                   local_weights_1|         array|
|local_weights_1_we0        |  out|    1|   ap_memory|                                                                   local_weights_1|         array|
|local_weights_1_d0         |  out|   32|   ap_memory|                                                                   local_weights_1|         array|
|local_weights_2_address0   |  out|    8|   ap_memory|                                                                   local_weights_2|         array|
|local_weights_2_ce0        |  out|    1|   ap_memory|                                                                   local_weights_2|         array|
|local_weights_2_we0        |  out|    1|   ap_memory|                                                                   local_weights_2|         array|
|local_weights_2_d0         |  out|   32|   ap_memory|                                                                   local_weights_2|         array|
|local_weights_3_address0   |  out|    8|   ap_memory|                                                                   local_weights_3|         array|
|local_weights_3_ce0        |  out|    1|   ap_memory|                                                                   local_weights_3|         array|
|local_weights_3_we0        |  out|    1|   ap_memory|                                                                   local_weights_3|         array|
|local_weights_3_d0         |  out|   32|   ap_memory|                                                                   local_weights_3|         array|
|local_weights_4_address0   |  out|    8|   ap_memory|                                                                   local_weights_4|         array|
|local_weights_4_ce0        |  out|    1|   ap_memory|                                                                   local_weights_4|         array|
|local_weights_4_we0        |  out|    1|   ap_memory|                                                                   local_weights_4|         array|
|local_weights_4_d0         |  out|   32|   ap_memory|                                                                   local_weights_4|         array|
|local_weights_5_address0   |  out|    8|   ap_memory|                                                                   local_weights_5|         array|
|local_weights_5_ce0        |  out|    1|   ap_memory|                                                                   local_weights_5|         array|
|local_weights_5_we0        |  out|    1|   ap_memory|                                                                   local_weights_5|         array|
|local_weights_5_d0         |  out|   32|   ap_memory|                                                                   local_weights_5|         array|
|local_weights_6_address0   |  out|    8|   ap_memory|                                                                   local_weights_6|         array|
|local_weights_6_ce0        |  out|    1|   ap_memory|                                                                   local_weights_6|         array|
|local_weights_6_we0        |  out|    1|   ap_memory|                                                                   local_weights_6|         array|
|local_weights_6_d0         |  out|   32|   ap_memory|                                                                   local_weights_6|         array|
|local_weights_7_address0   |  out|    8|   ap_memory|                                                                   local_weights_7|         array|
|local_weights_7_ce0        |  out|    1|   ap_memory|                                                                   local_weights_7|         array|
|local_weights_7_we0        |  out|    1|   ap_memory|                                                                   local_weights_7|         array|
|local_weights_7_d0         |  out|   32|   ap_memory|                                                                   local_weights_7|         array|
|local_weights_8_address0   |  out|    8|   ap_memory|                                                                   local_weights_8|         array|
|local_weights_8_ce0        |  out|    1|   ap_memory|                                                                   local_weights_8|         array|
|local_weights_8_we0        |  out|    1|   ap_memory|                                                                   local_weights_8|         array|
|local_weights_8_d0         |  out|   32|   ap_memory|                                                                   local_weights_8|         array|
|local_weights_9_address0   |  out|    8|   ap_memory|                                                                   local_weights_9|         array|
|local_weights_9_ce0        |  out|    1|   ap_memory|                                                                   local_weights_9|         array|
|local_weights_9_we0        |  out|    1|   ap_memory|                                                                   local_weights_9|         array|
|local_weights_9_d0         |  out|   32|   ap_memory|                                                                   local_weights_9|         array|
|local_weights_10_address0  |  out|    8|   ap_memory|                                                                  local_weights_10|         array|
|local_weights_10_ce0       |  out|    1|   ap_memory|                                                                  local_weights_10|         array|
|local_weights_10_we0       |  out|    1|   ap_memory|                                                                  local_weights_10|         array|
|local_weights_10_d0        |  out|   32|   ap_memory|                                                                  local_weights_10|         array|
|local_weights_11_address0  |  out|    8|   ap_memory|                                                                  local_weights_11|         array|
|local_weights_11_ce0       |  out|    1|   ap_memory|                                                                  local_weights_11|         array|
|local_weights_11_we0       |  out|    1|   ap_memory|                                                                  local_weights_11|         array|
|local_weights_11_d0        |  out|   32|   ap_memory|                                                                  local_weights_11|         array|
|local_weights_12_address0  |  out|    8|   ap_memory|                                                                  local_weights_12|         array|
|local_weights_12_ce0       |  out|    1|   ap_memory|                                                                  local_weights_12|         array|
|local_weights_12_we0       |  out|    1|   ap_memory|                                                                  local_weights_12|         array|
|local_weights_12_d0        |  out|   32|   ap_memory|                                                                  local_weights_12|         array|
|local_weights_13_address0  |  out|    8|   ap_memory|                                                                  local_weights_13|         array|
|local_weights_13_ce0       |  out|    1|   ap_memory|                                                                  local_weights_13|         array|
|local_weights_13_we0       |  out|    1|   ap_memory|                                                                  local_weights_13|         array|
|local_weights_13_d0        |  out|   32|   ap_memory|                                                                  local_weights_13|         array|
|local_weights_14_address0  |  out|    8|   ap_memory|                                                                  local_weights_14|         array|
|local_weights_14_ce0       |  out|    1|   ap_memory|                                                                  local_weights_14|         array|
|local_weights_14_we0       |  out|    1|   ap_memory|                                                                  local_weights_14|         array|
|local_weights_14_d0        |  out|   32|   ap_memory|                                                                  local_weights_14|         array|
|local_weights_15_address0  |  out|    8|   ap_memory|                                                                  local_weights_15|         array|
|local_weights_15_ce0       |  out|    1|   ap_memory|                                                                  local_weights_15|         array|
|local_weights_15_we0       |  out|    1|   ap_memory|                                                                  local_weights_15|         array|
|local_weights_15_d0        |  out|   32|   ap_memory|                                                                  local_weights_15|         array|
+---------------------------+-----+-----+------------+----------------------------------------------------------------------------------+--------------+

