#-----------------------------------------------------------
# Vivado v2023.1 (64-bit)
# SW Build 3865809 on Sun May  7 15:04:56 MDT 2023
# IP Build 3864474 on Sun May  7 20:36:21 MDT 2023
# SharedData Build 3865790 on Sun May 07 13:33:03 MDT 2023
# Start of session at: Sun Nov  3 23:23:02 2024
# Process ID: 2506451
# Current directory: /users/ugrad/yuhuah2/eecs298soc/Matmul_no_op/solution1/impl/ip
# Command line: vivado -notrace -mode batch -source run_ippack.tcl
# Log file: /users/ugrad/yuhuah2/eecs298soc/Matmul_no_op/solution1/impl/ip/vivado.log
# Journal file: /users/ugrad/yuhuah2/eecs298soc/Matmul_no_op/solution1/impl/ip/vivado.jou
# Running On: bondi.eecs.uci.edu, OS: Linux, CPU Frequency: 3200.000 MHz, CPU Physical cores: 22, Host memory: 134526 MB
#-----------------------------------------------------------
source run_ippack.tcl -notrace
create_project: Time (s): cpu = 00:00:07 ; elapsed = 00:00:08 . Memory (MB): peak = 2127.430 ; gain = 124.984 ; free physical = 31436 ; free virtual = 106306
INFO: [IP_Flow 19-234] Refreshing IP repositories
INFO: [IP_Flow 19-1704] No user IP repositories specified
INFO: [IP_Flow 19-2313] Loaded Vivado IP repository '/ecelib/eceware/xilinx_2023.1/Vivado/2023.1/data/ip'.
INFO: [IP_Flow 19-1686] Generating 'Synthesis' target for IP 'matmul_plain_fadd_32ns_32ns_32_4_full_dsp_1_ip'...
INFO: [IP_Flow 19-1686] Generating 'Simulation' target for IP 'matmul_plain_fadd_32ns_32ns_32_4_full_dsp_1_ip'...
INFO: [IP_Flow 19-1686] Generating 'Synthesis' target for IP 'matmul_plain_fmul_32ns_32ns_32_3_max_dsp_1_ip'...
INFO: [IP_Flow 19-1686] Generating 'Simulation' target for IP 'matmul_plain_fmul_32ns_32ns_32_3_max_dsp_1_ip'...
INFO: [IP_Flow 19-234] Refreshing IP repositories
INFO: [IP_Flow 19-1704] No user IP repositories specified
INFO: [IP_Flow 19-2313] Loaded Vivado IP repository '/ecelib/eceware/xilinx_2023.1/Vivado/2023.1/data/ip'.
INFO: [Common 17-206] Exiting Vivado at Sun Nov  3 23:23:22 2024...
