E:/Vitis/lenet_ip_gen/solution1/csynth.tcl:15:9: warning: HLS pragma dump _XLX_SEP_ PragmaIsValid=1_XLX_SEP_ PragmaType=top_XLX_SEP_ PragmaContext=directive_XLX_SEP_ PragmaFunction=convolution5_hls_XLX_SEP_ PragmaOptions=name=convolution5_hls_XLX_SEP_ [-Wdump-hls-pragmas]
#pragma HLSDIRECTIVE TOP name=convolution5_hls
        ^
../SoC-based-MatMul-Accelerator-and-DNN-Accelerator/lenet_hls/lenet_conv5_hls.cpp:11:9: warning: HLS pragma dump _XLX_SEP_ PragmaIsValid=1_XLX_SEP_ PragmaType=interface_XLX_SEP_ PragmaContext=_XLX_SEP_ PragmaFunction=convolution5_hls_XLX_SEP_ PragmaOptions=s_axilite port=return bundle=CTRL_BUS_XLX_SEP_ [-Wdump-hls-pragmas]
#pragma HLS INTERFACE s_axilite port=return bundle=CTRL_BUS
        ^
../SoC-based-MatMul-Accelerator-and-DNN-Accelerator/lenet_hls/lenet_conv5_hls.cpp:12:9: warning: HLS pragma dump _XLX_SEP_ PragmaIsValid=1_XLX_SEP_ PragmaType=interface_XLX_SEP_ PragmaContext=_XLX_SEP_ PragmaFunction=convolution5_hls_XLX_SEP_ PragmaOptions=m_axi depth=400 port=input offset=slave bundle=INPUT_XLX_SEP_ [-Wdump-hls-pragmas]
#pragma HLS INTERFACE m_axi depth=400 port=input offset=slave bundle=INPUT
        ^
../SoC-based-MatMul-Accelerator-and-DNN-Accelerator/lenet_hls/lenet_conv5_hls.cpp:13:9: warning: HLS pragma dump _XLX_SEP_ PragmaIsValid=1_XLX_SEP_ PragmaType=interface_XLX_SEP_ PragmaContext=_XLX_SEP_ PragmaFunction=convolution5_hls_XLX_SEP_ PragmaOptions=m_axi depth=48000 port=weights offset=slave bundle=WEIGHTS_XLX_SEP_ [-Wdump-hls-pragmas]
#pragma HLS INTERFACE m_axi depth=48000 port=weights offset=slave bundle=WEIGHTS
        ^
../SoC-based-MatMul-Accelerator-and-DNN-Accelerator/lenet_hls/lenet_conv5_hls.cpp:14:9: warning: HLS pragma dump _XLX_SEP_ PragmaIsValid=1_XLX_SEP_ PragmaType=interface_XLX_SEP_ PragmaContext=_XLX_SEP_ PragmaFunction=convolution5_hls_XLX_SEP_ PragmaOptions=m_axi depth=120 port=bias offset=slave bundle=BIAS_XLX_SEP_ [-Wdump-hls-pragmas]
#pragma HLS INTERFACE m_axi depth=120 port=bias offset=slave bundle=BIAS
        ^
../SoC-based-MatMul-Accelerator-and-DNN-Accelerator/lenet_hls/lenet_conv5_hls.cpp:15:9: warning: HLS pragma dump _XLX_SEP_ PragmaIsValid=1_XLX_SEP_ PragmaType=interface_XLX_SEP_ PragmaContext=_XLX_SEP_ PragmaFunction=convolution5_hls_XLX_SEP_ PragmaOptions=m_axi depth=120 port=output offset=slave bundle=OUTPUT_XLX_SEP_ [-Wdump-hls-pragmas]
#pragma HLS INTERFACE m_axi depth=120 port=output offset=slave bundle=OUTPUT
        ^
../SoC-based-MatMul-Accelerator-and-DNN-Accelerator/lenet_hls/lenet_conv5_hls.cpp:19:9: warning: HLS pragma dump _XLX_SEP_ PragmaIsValid=1_XLX_SEP_ PragmaType=unroll_XLX_SEP_ PragmaContext=_XLX_SEP_ PragmaFunction=convolution5_hls_XLX_SEP_ PragmaOptions=factor=8_XLX_SEP_ [-Wdump-hls-pragmas]
#pragma HLS UNROLL factor=8
        ^
../SoC-based-MatMul-Accelerator-and-DNN-Accelerator/lenet_hls/lenet_conv5_hls.cpp:27:9: warning: HLS pragma dump _XLX_SEP_ PragmaIsValid=1_XLX_SEP_ PragmaType=pipeline_XLX_SEP_ PragmaContext=_XLX_SEP_ PragmaFunction=convolution5_hls_XLX_SEP_ PragmaOptions=II=1_XLX_SEP_ [-Wdump-hls-pragmas]
#pragma HLS PIPELINE II=1
        ^
8 warnings generated.
