
*** Running vivado
    with args -log design_1_auto_ds_1.vds -m64 -product Vivado -mode batch -messageDb vivado.pb -notrace -source design_1_auto_ds_1.tcl


****** Vivado v2023.1 (64-bit)
  **** SW Build 3865809 on Sun May  7 15:04:56 MDT 2023
  **** IP Build 3864474 on Sun May  7 20:36:21 MDT 2023
  **** SharedData Build 3865790 on Sun May 07 13:33:03 MDT 2023
    ** Copyright 1986-2022 Xilinx, Inc. All Rights Reserved.
    ** Copyright 2022-2023 Advanced Micro Devices, Inc. All Rights Reserved.

source design_1_auto_ds_1.tcl -notrace
create_project: Time (s): cpu = 00:00:08 ; elapsed = 00:00:08 . Memory (MB): peak = 2127.391 ; gain = 124.984 ; free physical = 24939 ; free virtual = 99474
INFO: [IP_Flow 19-234] Refreshing IP repositories
INFO: [IP_Flow 19-1700] Loaded user IP repository '/users/ugrad/yuhuah2/eecs298soc/Lab1'.
WARNING: [IP_Flow 19-3656] If you move the project, the path for repository '/users/ugrad/yuhuah2/eecs298soc/Lab1' may become invalid. A better location for the repository would be in a path adjacent to the project. (Current project location is '/users/ugrad/yuhuah2/eecs298soc/Lab1/Lab1.runs/design_1_auto_ds_1_synth_1'.)
INFO: [IP_Flow 19-2313] Loaded Vivado IP repository '/ecelib/eceware/xilinx_2023.1/Vivado/2023.1/data/ip'.
INFO: [IP_Flow 19-6924] IPCACHE: Running cache check for IP inst: design_1_auto_ds_1
INFO: [IP_Flow 19-6922] IPCACHE: Exporting cached entry 533eae5086494cf7 to dir: /users/ugrad/yuhuah2/eecs298soc/Lab1/Lab1.runs/design_1_auto_ds_1_synth_1
INFO: [IP_Flow 19-6928] IPCACHE: copied cached file /users/ugrad/yuhuah2/eecs298soc/Lab1/Lab1.cache/ip/2023.1/5/3/533eae5086494cf7/design_1_auto_ds_0.dcp to /users/ugrad/yuhuah2/eecs298soc/Lab1/Lab1.runs/design_1_auto_ds_1_synth_1/design_1_auto_ds_1.dcp.
INFO: [IP_Flow 19-6928] IPCACHE: copied cached file /users/ugrad/yuhuah2/eecs298soc/Lab1/Lab1.cache/ip/2023.1/5/3/533eae5086494cf7/design_1_auto_ds_0_stub.v to /users/ugrad/yuhuah2/eecs298soc/Lab1/Lab1.runs/design_1_auto_ds_1_synth_1/design_1_auto_ds_1_stub.v.
INFO: [IP_Flow 19-6928] IPCACHE: copied cached file /users/ugrad/yuhuah2/eecs298soc/Lab1/Lab1.cache/ip/2023.1/5/3/533eae5086494cf7/design_1_auto_ds_0_stub.vhdl to /users/ugrad/yuhuah2/eecs298soc/Lab1/Lab1.runs/design_1_auto_ds_1_synth_1/design_1_auto_ds_1_stub.vhdl.
INFO: [IP_Flow 19-6928] IPCACHE: copied cached file /users/ugrad/yuhuah2/eecs298soc/Lab1/Lab1.cache/ip/2023.1/5/3/533eae5086494cf7/design_1_auto_ds_0_sim_netlist.v to /users/ugrad/yuhuah2/eecs298soc/Lab1/Lab1.runs/design_1_auto_ds_1_synth_1/design_1_auto_ds_1_sim_netlist.v.
INFO: [IP_Flow 19-6928] IPCACHE: copied cached file /users/ugrad/yuhuah2/eecs298soc/Lab1/Lab1.cache/ip/2023.1/5/3/533eae5086494cf7/design_1_auto_ds_0_sim_netlist.vhdl to /users/ugrad/yuhuah2/eecs298soc/Lab1/Lab1.runs/design_1_auto_ds_1_synth_1/design_1_auto_ds_1_sim_netlist.vhdl.
INFO: [IP_Flow 19-4838] Using cached IP synthesis design for IP design_1_auto_ds_1, cache-ID = 533eae5086494cf7.
INFO: [Common 17-206] Exiting Vivado at Sun Nov  3 17:59:29 2024...
