
*** Running vivado
    with args -log design_1_matmul_plain_0_0.vds -m64 -product Vivado -mode batch -messageDb vivado.pb -notrace -source design_1_matmul_plain_0_0.tcl


****** Vivado v2023.1 (64-bit)
  **** SW Build 3865809 on Sun May  7 15:04:56 MDT 2023
  **** IP Build 3864474 on Sun May  7 20:36:21 MDT 2023
  **** SharedData Build 3865790 on Sun May 07 13:33:03 MDT 2023
    ** Copyright 1986-2022 Xilinx, Inc. All Rights Reserved.
    ** Copyright 2022-2023 Advanced Micro Devices, Inc. All Rights Reserved.

source design_1_matmul_plain_0_0.tcl -notrace
create_project: Time (s): cpu = 00:00:09 ; elapsed = 00:00:09 . Memory (MB): peak = 2127.395 ; gain = 124.984 ; free physical = 27413 ; free virtual = 102272
INFO: [IP_Flow 19-234] Refreshing IP repositories
INFO: [IP_Flow 19-1700] Loaded user IP repository '/users/ugrad/yuhuah2/eecs298soc/Matmul_no_op'.
WARNING: [IP_Flow 19-3656] If you move the project, the path for repository '/users/ugrad/yuhuah2/eecs298soc/Matmul_no_op' may become invalid. A better location for the repository would be in a path adjacent to the project. (Current project location is '/users/ugrad/yuhuah2/eecs298soc/Matmul_no_op_1/Matmul_no_op_1.runs/design_1_matmul_plain_0_0_synth_1'.)
INFO: [IP_Flow 19-2313] Loaded Vivado IP repository '/ecelib/eceware/xilinx_2023.1/Vivado/2023.1/data/ip'.
INFO: [IP_Flow 19-6924] IPCACHE: Running cache check for IP inst: design_1_matmul_plain_0_0
Command: synth_design -top design_1_matmul_plain_0_0 -part xck26-sfvc784-2LV-c -incremental_mode off -mode out_of_context
Starting synth_design
Attempting to get a license for feature 'Synthesis' and/or device 'xck26'
INFO: [Common 17-349] Got license for feature 'Synthesis' and/or device 'xck26'
INFO: [Device 21-403] Loading part xck26-sfvc784-2LV-c
INFO: [Synth 8-7079] Multithreading enabled for synth_design using a maximum of 4 processes.
INFO: [Synth 8-7078] Launching helper process for spawning children vivado processes
INFO: [Synth 8-7075] Helper process launched with PID 2348888
---------------------------------------------------------------------------------
Starting RTL Elaboration : Time (s): cpu = 00:00:06 ; elapsed = 00:00:06 . Memory (MB): peak = 3367.977 ; gain = 251.832 ; free physical = 26046 ; free virtual = 100905
---------------------------------------------------------------------------------
INFO: [Synth 8-6157] synthesizing module 'design_1_matmul_plain_0_0' [/users/ugrad/yuhuah2/eecs298soc/Matmul_no_op_1/Matmul_no_op_1.gen/sources_1/bd/design_1/ip/design_1_matmul_plain_0_0/synth/design_1_matmul_plain_0_0.v:53]
INFO: [Synth 8-6157] synthesizing module 'matmul_plain' [/users/ugrad/yuhuah2/eecs298soc/Matmul_no_op_1/Matmul_no_op_1.gen/sources_1/bd/design_1/ipshared/61b8/hdl/verilog/matmul_plain.v:9]
INFO: [Synth 8-6157] synthesizing module 'matmul_plain_ctrl_s_axi' [/users/ugrad/yuhuah2/eecs298soc/Matmul_no_op_1/Matmul_no_op_1.gen/sources_1/bd/design_1/ipshared/61b8/hdl/verilog/matmul_plain_ctrl_s_axi.v:9]
INFO: [Synth 8-155] case statement is not full and has no default [/users/ugrad/yuhuah2/eecs298soc/Matmul_no_op_1/Matmul_no_op_1.gen/sources_1/bd/design_1/ipshared/61b8/hdl/verilog/matmul_plain_ctrl_s_axi.v:225]
INFO: [Synth 8-6155] done synthesizing module 'matmul_plain_ctrl_s_axi' (0#1) [/users/ugrad/yuhuah2/eecs298soc/Matmul_no_op_1/Matmul_no_op_1.gen/sources_1/bd/design_1/ipshared/61b8/hdl/verilog/matmul_plain_ctrl_s_axi.v:9]
INFO: [Synth 8-6157] synthesizing module 'matmul_plain_dataA_m_axi' [/users/ugrad/yuhuah2/eecs298soc/Matmul_no_op_1/Matmul_no_op_1.gen/sources_1/bd/design_1/ipshared/61b8/hdl/verilog/matmul_plain_dataA_m_axi.v:11]
INFO: [Synth 8-6157] synthesizing module 'matmul_plain_dataA_m_axi_store' [/users/ugrad/yuhuah2/eecs298soc/Matmul_no_op_1/Matmul_no_op_1.gen/sources_1/bd/design_1/ipshared/61b8/hdl/verilog/matmul_plain_dataA_m_axi.v:796]
INFO: [Synth 8-6157] synthesizing module 'matmul_plain_dataA_m_axi_fifo' [/users/ugrad/yuhuah2/eecs298soc/Matmul_no_op_1/Matmul_no_op_1.gen/sources_1/bd/design_1/ipshared/61b8/hdl/verilog/matmul_plain_dataA_m_axi.v:2468]
INFO: [Synth 8-6157] synthesizing module 'matmul_plain_dataA_m_axi_srl' [/users/ugrad/yuhuah2/eecs298soc/Matmul_no_op_1/Matmul_no_op_1.gen/sources_1/bd/design_1/ipshared/61b8/hdl/verilog/matmul_plain_dataA_m_axi.v:2646]
INFO: [Synth 8-6155] done synthesizing module 'matmul_plain_dataA_m_axi_srl' (0#1) [/users/ugrad/yuhuah2/eecs298soc/Matmul_no_op_1/Matmul_no_op_1.gen/sources_1/bd/design_1/ipshared/61b8/hdl/verilog/matmul_plain_dataA_m_axi.v:2646]
INFO: [Synth 8-6155] done synthesizing module 'matmul_plain_dataA_m_axi_fifo' (0#1) [/users/ugrad/yuhuah2/eecs298soc/Matmul_no_op_1/Matmul_no_op_1.gen/sources_1/bd/design_1/ipshared/61b8/hdl/verilog/matmul_plain_dataA_m_axi.v:2468]
INFO: [Synth 8-6157] synthesizing module 'matmul_plain_dataA_m_axi_fifo__parameterized0' [/users/ugrad/yuhuah2/eecs298soc/Matmul_no_op_1/Matmul_no_op_1.gen/sources_1/bd/design_1/ipshared/61b8/hdl/verilog/matmul_plain_dataA_m_axi.v:2468]
INFO: [Synth 8-6157] synthesizing module 'matmul_plain_dataA_m_axi_mem' [/users/ugrad/yuhuah2/eecs298soc/Matmul_no_op_1/Matmul_no_op_1.gen/sources_1/bd/design_1/ipshared/61b8/hdl/verilog/matmul_plain_dataA_m_axi.v:2700]
INFO: [Synth 8-6155] done synthesizing module 'matmul_plain_dataA_m_axi_mem' (0#1) [/users/ugrad/yuhuah2/eecs298soc/Matmul_no_op_1/Matmul_no_op_1.gen/sources_1/bd/design_1/ipshared/61b8/hdl/verilog/matmul_plain_dataA_m_axi.v:2700]
INFO: [Synth 8-6155] done synthesizing module 'matmul_plain_dataA_m_axi_fifo__parameterized0' (0#1) [/users/ugrad/yuhuah2/eecs298soc/Matmul_no_op_1/Matmul_no_op_1.gen/sources_1/bd/design_1/ipshared/61b8/hdl/verilog/matmul_plain_dataA_m_axi.v:2468]
INFO: [Synth 8-6157] synthesizing module 'matmul_plain_dataA_m_axi_fifo__parameterized1' [/users/ugrad/yuhuah2/eecs298soc/Matmul_no_op_1/Matmul_no_op_1.gen/sources_1/bd/design_1/ipshared/61b8/hdl/verilog/matmul_plain_dataA_m_axi.v:2468]
INFO: [Synth 8-6157] synthesizing module 'matmul_plain_dataA_m_axi_srl__parameterized0' [/users/ugrad/yuhuah2/eecs298soc/Matmul_no_op_1/Matmul_no_op_1.gen/sources_1/bd/design_1/ipshared/61b8/hdl/verilog/matmul_plain_dataA_m_axi.v:2646]
INFO: [Synth 8-6155] done synthesizing module 'matmul_plain_dataA_m_axi_srl__parameterized0' (0#1) [/users/ugrad/yuhuah2/eecs298soc/Matmul_no_op_1/Matmul_no_op_1.gen/sources_1/bd/design_1/ipshared/61b8/hdl/verilog/matmul_plain_dataA_m_axi.v:2646]
INFO: [Synth 8-6155] done synthesizing module 'matmul_plain_dataA_m_axi_fifo__parameterized1' (0#1) [/users/ugrad/yuhuah2/eecs298soc/Matmul_no_op_1/Matmul_no_op_1.gen/sources_1/bd/design_1/ipshared/61b8/hdl/verilog/matmul_plain_dataA_m_axi.v:2468]
INFO: [Synth 8-6157] synthesizing module 'matmul_plain_dataA_m_axi_fifo__parameterized2' [/users/ugrad/yuhuah2/eecs298soc/Matmul_no_op_1/Matmul_no_op_1.gen/sources_1/bd/design_1/ipshared/61b8/hdl/verilog/matmul_plain_dataA_m_axi.v:2468]
INFO: [Synth 8-6157] synthesizing module 'matmul_plain_dataA_m_axi_srl__parameterized1' [/users/ugrad/yuhuah2/eecs298soc/Matmul_no_op_1/Matmul_no_op_1.gen/sources_1/bd/design_1/ipshared/61b8/hdl/verilog/matmul_plain_dataA_m_axi.v:2646]
INFO: [Synth 8-6155] done synthesizing module 'matmul_plain_dataA_m_axi_srl__parameterized1' (0#1) [/users/ugrad/yuhuah2/eecs298soc/Matmul_no_op_1/Matmul_no_op_1.gen/sources_1/bd/design_1/ipshared/61b8/hdl/verilog/matmul_plain_dataA_m_axi.v:2646]
INFO: [Synth 8-6155] done synthesizing module 'matmul_plain_dataA_m_axi_fifo__parameterized2' (0#1) [/users/ugrad/yuhuah2/eecs298soc/Matmul_no_op_1/Matmul_no_op_1.gen/sources_1/bd/design_1/ipshared/61b8/hdl/verilog/matmul_plain_dataA_m_axi.v:2468]
INFO: [Synth 8-6155] done synthesizing module 'matmul_plain_dataA_m_axi_store' (0#1) [/users/ugrad/yuhuah2/eecs298soc/Matmul_no_op_1/Matmul_no_op_1.gen/sources_1/bd/design_1/ipshared/61b8/hdl/verilog/matmul_plain_dataA_m_axi.v:796]
INFO: [Synth 8-6157] synthesizing module 'matmul_plain_dataA_m_axi_load' [/users/ugrad/yuhuah2/eecs298soc/Matmul_no_op_1/Matmul_no_op_1.gen/sources_1/bd/design_1/ipshared/61b8/hdl/verilog/matmul_plain_dataA_m_axi.v:329]
INFO: [Synth 8-6157] synthesizing module 'matmul_plain_dataA_m_axi_fifo__parameterized3' [/users/ugrad/yuhuah2/eecs298soc/Matmul_no_op_1/Matmul_no_op_1.gen/sources_1/bd/design_1/ipshared/61b8/hdl/verilog/matmul_plain_dataA_m_axi.v:2468]
INFO: [Synth 8-6157] synthesizing module 'matmul_plain_dataA_m_axi_mem__parameterized0' [/users/ugrad/yuhuah2/eecs298soc/Matmul_no_op_1/Matmul_no_op_1.gen/sources_1/bd/design_1/ipshared/61b8/hdl/verilog/matmul_plain_dataA_m_axi.v:2700]
INFO: [Synth 8-6155] done synthesizing module 'matmul_plain_dataA_m_axi_mem__parameterized0' (0#1) [/users/ugrad/yuhuah2/eecs298soc/Matmul_no_op_1/Matmul_no_op_1.gen/sources_1/bd/design_1/ipshared/61b8/hdl/verilog/matmul_plain_dataA_m_axi.v:2700]
INFO: [Synth 8-6155] done synthesizing module 'matmul_plain_dataA_m_axi_fifo__parameterized3' (0#1) [/users/ugrad/yuhuah2/eecs298soc/Matmul_no_op_1/Matmul_no_op_1.gen/sources_1/bd/design_1/ipshared/61b8/hdl/verilog/matmul_plain_dataA_m_axi.v:2468]
INFO: [Synth 8-6155] done synthesizing module 'matmul_plain_dataA_m_axi_load' (0#1) [/users/ugrad/yuhuah2/eecs298soc/Matmul_no_op_1/Matmul_no_op_1.gen/sources_1/bd/design_1/ipshared/61b8/hdl/verilog/matmul_plain_dataA_m_axi.v:329]
INFO: [Synth 8-6157] synthesizing module 'matmul_plain_dataA_m_axi_write' [/users/ugrad/yuhuah2/eecs298soc/Matmul_no_op_1/Matmul_no_op_1.gen/sources_1/bd/design_1/ipshared/61b8/hdl/verilog/matmul_plain_dataA_m_axi.v:1547]
INFO: [Synth 8-6157] synthesizing module 'matmul_plain_dataA_m_axi_burst_converter' [/users/ugrad/yuhuah2/eecs298soc/Matmul_no_op_1/Matmul_no_op_1.gen/sources_1/bd/design_1/ipshared/61b8/hdl/verilog/matmul_plain_dataA_m_axi.v:1867]
INFO: [Synth 8-6157] synthesizing module 'matmul_plain_dataA_m_axi_reg_slice' [/users/ugrad/yuhuah2/eecs298soc/Matmul_no_op_1/Matmul_no_op_1.gen/sources_1/bd/design_1/ipshared/61b8/hdl/verilog/matmul_plain_dataA_m_axi.v:2366]
INFO: [Synth 8-6155] done synthesizing module 'matmul_plain_dataA_m_axi_reg_slice' (0#1) [/users/ugrad/yuhuah2/eecs298soc/Matmul_no_op_1/Matmul_no_op_1.gen/sources_1/bd/design_1/ipshared/61b8/hdl/verilog/matmul_plain_dataA_m_axi.v:2366]
INFO: [Synth 8-6155] done synthesizing module 'matmul_plain_dataA_m_axi_burst_converter' (0#1) [/users/ugrad/yuhuah2/eecs298soc/Matmul_no_op_1/Matmul_no_op_1.gen/sources_1/bd/design_1/ipshared/61b8/hdl/verilog/matmul_plain_dataA_m_axi.v:1867]
INFO: [Synth 8-6157] synthesizing module 'matmul_plain_dataA_m_axi_fifo__parameterized4' [/users/ugrad/yuhuah2/eecs298soc/Matmul_no_op_1/Matmul_no_op_1.gen/sources_1/bd/design_1/ipshared/61b8/hdl/verilog/matmul_plain_dataA_m_axi.v:2468]
INFO: [Synth 8-6157] synthesizing module 'matmul_plain_dataA_m_axi_srl__parameterized2' [/users/ugrad/yuhuah2/eecs298soc/Matmul_no_op_1/Matmul_no_op_1.gen/sources_1/bd/design_1/ipshared/61b8/hdl/verilog/matmul_plain_dataA_m_axi.v:2646]
INFO: [Synth 8-6155] done synthesizing module 'matmul_plain_dataA_m_axi_srl__parameterized2' (0#1) [/users/ugrad/yuhuah2/eecs298soc/Matmul_no_op_1/Matmul_no_op_1.gen/sources_1/bd/design_1/ipshared/61b8/hdl/verilog/matmul_plain_dataA_m_axi.v:2646]
INFO: [Synth 8-6155] done synthesizing module 'matmul_plain_dataA_m_axi_fifo__parameterized4' (0#1) [/users/ugrad/yuhuah2/eecs298soc/Matmul_no_op_1/Matmul_no_op_1.gen/sources_1/bd/design_1/ipshared/61b8/hdl/verilog/matmul_plain_dataA_m_axi.v:2468]
INFO: [Synth 8-6157] synthesizing module 'matmul_plain_dataA_m_axi_throttle' [/users/ugrad/yuhuah2/eecs298soc/Matmul_no_op_1/Matmul_no_op_1.gen/sources_1/bd/design_1/ipshared/61b8/hdl/verilog/matmul_plain_dataA_m_axi.v:2140]
INFO: [Synth 8-6157] synthesizing module 'matmul_plain_dataA_m_axi_reg_slice__parameterized0' [/users/ugrad/yuhuah2/eecs298soc/Matmul_no_op_1/Matmul_no_op_1.gen/sources_1/bd/design_1/ipshared/61b8/hdl/verilog/matmul_plain_dataA_m_axi.v:2366]
INFO: [Synth 8-6155] done synthesizing module 'matmul_plain_dataA_m_axi_reg_slice__parameterized0' (0#1) [/users/ugrad/yuhuah2/eecs298soc/Matmul_no_op_1/Matmul_no_op_1.gen/sources_1/bd/design_1/ipshared/61b8/hdl/verilog/matmul_plain_dataA_m_axi.v:2366]
INFO: [Synth 8-6157] synthesizing module 'matmul_plain_dataA_m_axi_fifo__parameterized5' [/users/ugrad/yuhuah2/eecs298soc/Matmul_no_op_1/Matmul_no_op_1.gen/sources_1/bd/design_1/ipshared/61b8/hdl/verilog/matmul_plain_dataA_m_axi.v:2468]
INFO: [Synth 8-6157] synthesizing module 'matmul_plain_dataA_m_axi_srl__parameterized3' [/users/ugrad/yuhuah2/eecs298soc/Matmul_no_op_1/Matmul_no_op_1.gen/sources_1/bd/design_1/ipshared/61b8/hdl/verilog/matmul_plain_dataA_m_axi.v:2646]
INFO: [Synth 8-6155] done synthesizing module 'matmul_plain_dataA_m_axi_srl__parameterized3' (0#1) [/users/ugrad/yuhuah2/eecs298soc/Matmul_no_op_1/Matmul_no_op_1.gen/sources_1/bd/design_1/ipshared/61b8/hdl/verilog/matmul_plain_dataA_m_axi.v:2646]
INFO: [Synth 8-6155] done synthesizing module 'matmul_plain_dataA_m_axi_fifo__parameterized5' (0#1) [/users/ugrad/yuhuah2/eecs298soc/Matmul_no_op_1/Matmul_no_op_1.gen/sources_1/bd/design_1/ipshared/61b8/hdl/verilog/matmul_plain_dataA_m_axi.v:2468]
INFO: [Synth 8-6157] synthesizing module 'matmul_plain_dataA_m_axi_fifo__parameterized6' [/users/ugrad/yuhuah2/eecs298soc/Matmul_no_op_1/Matmul_no_op_1.gen/sources_1/bd/design_1/ipshared/61b8/hdl/verilog/matmul_plain_dataA_m_axi.v:2468]
INFO: [Synth 8-6157] synthesizing module 'matmul_plain_dataA_m_axi_srl__parameterized4' [/users/ugrad/yuhuah2/eecs298soc/Matmul_no_op_1/Matmul_no_op_1.gen/sources_1/bd/design_1/ipshared/61b8/hdl/verilog/matmul_plain_dataA_m_axi.v:2646]
INFO: [Synth 8-6155] done synthesizing module 'matmul_plain_dataA_m_axi_srl__parameterized4' (0#1) [/users/ugrad/yuhuah2/eecs298soc/Matmul_no_op_1/Matmul_no_op_1.gen/sources_1/bd/design_1/ipshared/61b8/hdl/verilog/matmul_plain_dataA_m_axi.v:2646]
INFO: [Synth 8-6155] done synthesizing module 'matmul_plain_dataA_m_axi_fifo__parameterized6' (0#1) [/users/ugrad/yuhuah2/eecs298soc/Matmul_no_op_1/Matmul_no_op_1.gen/sources_1/bd/design_1/ipshared/61b8/hdl/verilog/matmul_plain_dataA_m_axi.v:2468]
INFO: [Synth 8-6155] done synthesizing module 'matmul_plain_dataA_m_axi_throttle' (0#1) [/users/ugrad/yuhuah2/eecs298soc/Matmul_no_op_1/Matmul_no_op_1.gen/sources_1/bd/design_1/ipshared/61b8/hdl/verilog/matmul_plain_dataA_m_axi.v:2140]
INFO: [Synth 8-6157] synthesizing module 'matmul_plain_dataA_m_axi_reg_slice__parameterized1' [/users/ugrad/yuhuah2/eecs298soc/Matmul_no_op_1/Matmul_no_op_1.gen/sources_1/bd/design_1/ipshared/61b8/hdl/verilog/matmul_plain_dataA_m_axi.v:2366]
INFO: [Synth 8-6155] done synthesizing module 'matmul_plain_dataA_m_axi_reg_slice__parameterized1' (0#1) [/users/ugrad/yuhuah2/eecs298soc/Matmul_no_op_1/Matmul_no_op_1.gen/sources_1/bd/design_1/ipshared/61b8/hdl/verilog/matmul_plain_dataA_m_axi.v:2366]
WARNING: [Synth 8-589] replacing case/wildcard equality operator === with logical equality operator == [/users/ugrad/yuhuah2/eecs298soc/Matmul_no_op_1/Matmul_no_op_1.gen/sources_1/bd/design_1/ipshared/61b8/hdl/verilog/matmul_plain_dataA_m_axi.v:1858]
WARNING: [Synth 8-589] replacing case/wildcard equality operator === with logical equality operator == [/users/ugrad/yuhuah2/eecs298soc/Matmul_no_op_1/Matmul_no_op_1.gen/sources_1/bd/design_1/ipshared/61b8/hdl/verilog/matmul_plain_dataA_m_axi.v:1861]
INFO: [Synth 8-6155] done synthesizing module 'matmul_plain_dataA_m_axi_write' (0#1) [/users/ugrad/yuhuah2/eecs298soc/Matmul_no_op_1/Matmul_no_op_1.gen/sources_1/bd/design_1/ipshared/61b8/hdl/verilog/matmul_plain_dataA_m_axi.v:1547]
INFO: [Synth 8-6157] synthesizing module 'matmul_plain_dataA_m_axi_read' [/users/ugrad/yuhuah2/eecs298soc/Matmul_no_op_1/Matmul_no_op_1.gen/sources_1/bd/design_1/ipshared/61b8/hdl/verilog/matmul_plain_dataA_m_axi.v:1355]
INFO: [Synth 8-6157] synthesizing module 'matmul_plain_dataA_m_axi_reg_slice__parameterized2' [/users/ugrad/yuhuah2/eecs298soc/Matmul_no_op_1/Matmul_no_op_1.gen/sources_1/bd/design_1/ipshared/61b8/hdl/verilog/matmul_plain_dataA_m_axi.v:2366]
INFO: [Synth 8-6155] done synthesizing module 'matmul_plain_dataA_m_axi_reg_slice__parameterized2' (0#1) [/users/ugrad/yuhuah2/eecs298soc/Matmul_no_op_1/Matmul_no_op_1.gen/sources_1/bd/design_1/ipshared/61b8/hdl/verilog/matmul_plain_dataA_m_axi.v:2366]
WARNING: [Synth 8-589] replacing case/wildcard equality operator === with logical equality operator == [/users/ugrad/yuhuah2/eecs298soc/Matmul_no_op_1/Matmul_no_op_1.gen/sources_1/bd/design_1/ipshared/61b8/hdl/verilog/matmul_plain_dataA_m_axi.v:1539]
INFO: [Synth 8-6155] done synthesizing module 'matmul_plain_dataA_m_axi_read' (0#1) [/users/ugrad/yuhuah2/eecs298soc/Matmul_no_op_1/Matmul_no_op_1.gen/sources_1/bd/design_1/ipshared/61b8/hdl/verilog/matmul_plain_dataA_m_axi.v:1355]
INFO: [Synth 8-6155] done synthesizing module 'matmul_plain_dataA_m_axi' (0#1) [/users/ugrad/yuhuah2/eecs298soc/Matmul_no_op_1/Matmul_no_op_1.gen/sources_1/bd/design_1/ipshared/61b8/hdl/verilog/matmul_plain_dataA_m_axi.v:11]
INFO: [Synth 8-6157] synthesizing module 'matmul_plain_dataAB_m_axi' [/users/ugrad/yuhuah2/eecs298soc/Matmul_no_op_1/Matmul_no_op_1.gen/sources_1/bd/design_1/ipshared/61b8/hdl/verilog/matmul_plain_dataAB_m_axi.v:11]
INFO: [Synth 8-6157] synthesizing module 'matmul_plain_dataAB_m_axi_store' [/users/ugrad/yuhuah2/eecs298soc/Matmul_no_op_1/Matmul_no_op_1.gen/sources_1/bd/design_1/ipshared/61b8/hdl/verilog/matmul_plain_dataAB_m_axi.v:796]
INFO: [Synth 8-6157] synthesizing module 'matmul_plain_dataAB_m_axi_fifo' [/users/ugrad/yuhuah2/eecs298soc/Matmul_no_op_1/Matmul_no_op_1.gen/sources_1/bd/design_1/ipshared/61b8/hdl/verilog/matmul_plain_dataAB_m_axi.v:2468]
INFO: [Synth 8-6157] synthesizing module 'matmul_plain_dataAB_m_axi_srl' [/users/ugrad/yuhuah2/eecs298soc/Matmul_no_op_1/Matmul_no_op_1.gen/sources_1/bd/design_1/ipshared/61b8/hdl/verilog/matmul_plain_dataAB_m_axi.v:2646]
INFO: [Synth 8-6155] done synthesizing module 'matmul_plain_dataAB_m_axi_srl' (0#1) [/users/ugrad/yuhuah2/eecs298soc/Matmul_no_op_1/Matmul_no_op_1.gen/sources_1/bd/design_1/ipshared/61b8/hdl/verilog/matmul_plain_dataAB_m_axi.v:2646]
INFO: [Synth 8-6155] done synthesizing module 'matmul_plain_dataAB_m_axi_fifo' (0#1) [/users/ugrad/yuhuah2/eecs298soc/Matmul_no_op_1/Matmul_no_op_1.gen/sources_1/bd/design_1/ipshared/61b8/hdl/verilog/matmul_plain_dataAB_m_axi.v:2468]
INFO: [Synth 8-6157] synthesizing module 'matmul_plain_dataAB_m_axi_fifo__parameterized0' [/users/ugrad/yuhuah2/eecs298soc/Matmul_no_op_1/Matmul_no_op_1.gen/sources_1/bd/design_1/ipshared/61b8/hdl/verilog/matmul_plain_dataAB_m_axi.v:2468]
INFO: [Synth 8-6157] synthesizing module 'matmul_plain_dataAB_m_axi_mem' [/users/ugrad/yuhuah2/eecs298soc/Matmul_no_op_1/Matmul_no_op_1.gen/sources_1/bd/design_1/ipshared/61b8/hdl/verilog/matmul_plain_dataAB_m_axi.v:2700]
INFO: [Synth 8-6155] done synthesizing module 'matmul_plain_dataAB_m_axi_mem' (0#1) [/users/ugrad/yuhuah2/eecs298soc/Matmul_no_op_1/Matmul_no_op_1.gen/sources_1/bd/design_1/ipshared/61b8/hdl/verilog/matmul_plain_dataAB_m_axi.v:2700]
INFO: [Synth 8-6155] done synthesizing module 'matmul_plain_dataAB_m_axi_fifo__parameterized0' (0#1) [/users/ugrad/yuhuah2/eecs298soc/Matmul_no_op_1/Matmul_no_op_1.gen/sources_1/bd/design_1/ipshared/61b8/hdl/verilog/matmul_plain_dataAB_m_axi.v:2468]
INFO: [Synth 8-6157] synthesizing module 'matmul_plain_dataAB_m_axi_fifo__parameterized1' [/users/ugrad/yuhuah2/eecs298soc/Matmul_no_op_1/Matmul_no_op_1.gen/sources_1/bd/design_1/ipshared/61b8/hdl/verilog/matmul_plain_dataAB_m_axi.v:2468]
INFO: [Synth 8-6157] synthesizing module 'matmul_plain_dataAB_m_axi_srl__parameterized0' [/users/ugrad/yuhuah2/eecs298soc/Matmul_no_op_1/Matmul_no_op_1.gen/sources_1/bd/design_1/ipshared/61b8/hdl/verilog/matmul_plain_dataAB_m_axi.v:2646]
INFO: [Synth 8-6155] done synthesizing module 'matmul_plain_dataAB_m_axi_srl__parameterized0' (0#1) [/users/ugrad/yuhuah2/eecs298soc/Matmul_no_op_1/Matmul_no_op_1.gen/sources_1/bd/design_1/ipshared/61b8/hdl/verilog/matmul_plain_dataAB_m_axi.v:2646]
INFO: [Synth 8-6155] done synthesizing module 'matmul_plain_dataAB_m_axi_fifo__parameterized1' (0#1) [/users/ugrad/yuhuah2/eecs298soc/Matmul_no_op_1/Matmul_no_op_1.gen/sources_1/bd/design_1/ipshared/61b8/hdl/verilog/matmul_plain_dataAB_m_axi.v:2468]
INFO: [Synth 8-6157] synthesizing module 'matmul_plain_dataAB_m_axi_fifo__parameterized2' [/users/ugrad/yuhuah2/eecs298soc/Matmul_no_op_1/Matmul_no_op_1.gen/sources_1/bd/design_1/ipshared/61b8/hdl/verilog/matmul_plain_dataAB_m_axi.v:2468]
INFO: [Synth 8-6157] synthesizing module 'matmul_plain_dataAB_m_axi_srl__parameterized1' [/users/ugrad/yuhuah2/eecs298soc/Matmul_no_op_1/Matmul_no_op_1.gen/sources_1/bd/design_1/ipshared/61b8/hdl/verilog/matmul_plain_dataAB_m_axi.v:2646]
INFO: [Synth 8-6155] done synthesizing module 'matmul_plain_dataAB_m_axi_srl__parameterized1' (0#1) [/users/ugrad/yuhuah2/eecs298soc/Matmul_no_op_1/Matmul_no_op_1.gen/sources_1/bd/design_1/ipshared/61b8/hdl/verilog/matmul_plain_dataAB_m_axi.v:2646]
INFO: [Synth 8-6155] done synthesizing module 'matmul_plain_dataAB_m_axi_fifo__parameterized2' (0#1) [/users/ugrad/yuhuah2/eecs298soc/Matmul_no_op_1/Matmul_no_op_1.gen/sources_1/bd/design_1/ipshared/61b8/hdl/verilog/matmul_plain_dataAB_m_axi.v:2468]
INFO: [Synth 8-6155] done synthesizing module 'matmul_plain_dataAB_m_axi_store' (0#1) [/users/ugrad/yuhuah2/eecs298soc/Matmul_no_op_1/Matmul_no_op_1.gen/sources_1/bd/design_1/ipshared/61b8/hdl/verilog/matmul_plain_dataAB_m_axi.v:796]
INFO: [Synth 8-6157] synthesizing module 'matmul_plain_dataAB_m_axi_load' [/users/ugrad/yuhuah2/eecs298soc/Matmul_no_op_1/Matmul_no_op_1.gen/sources_1/bd/design_1/ipshared/61b8/hdl/verilog/matmul_plain_dataAB_m_axi.v:329]
INFO: [Synth 8-6157] synthesizing module 'matmul_plain_dataAB_m_axi_fifo__parameterized3' [/users/ugrad/yuhuah2/eecs298soc/Matmul_no_op_1/Matmul_no_op_1.gen/sources_1/bd/design_1/ipshared/61b8/hdl/verilog/matmul_plain_dataAB_m_axi.v:2468]
INFO: [Synth 8-6157] synthesizing module 'matmul_plain_dataAB_m_axi_mem__parameterized0' [/users/ugrad/yuhuah2/eecs298soc/Matmul_no_op_1/Matmul_no_op_1.gen/sources_1/bd/design_1/ipshared/61b8/hdl/verilog/matmul_plain_dataAB_m_axi.v:2700]
INFO: [Synth 8-6155] done synthesizing module 'matmul_plain_dataAB_m_axi_mem__parameterized0' (0#1) [/users/ugrad/yuhuah2/eecs298soc/Matmul_no_op_1/Matmul_no_op_1.gen/sources_1/bd/design_1/ipshared/61b8/hdl/verilog/matmul_plain_dataAB_m_axi.v:2700]
INFO: [Synth 8-6155] done synthesizing module 'matmul_plain_dataAB_m_axi_fifo__parameterized3' (0#1) [/users/ugrad/yuhuah2/eecs298soc/Matmul_no_op_1/Matmul_no_op_1.gen/sources_1/bd/design_1/ipshared/61b8/hdl/verilog/matmul_plain_dataAB_m_axi.v:2468]
INFO: [Synth 8-6155] done synthesizing module 'matmul_plain_dataAB_m_axi_load' (0#1) [/users/ugrad/yuhuah2/eecs298soc/Matmul_no_op_1/Matmul_no_op_1.gen/sources_1/bd/design_1/ipshared/61b8/hdl/verilog/matmul_plain_dataAB_m_axi.v:329]
INFO: [Synth 8-6157] synthesizing module 'matmul_plain_dataAB_m_axi_write' [/users/ugrad/yuhuah2/eecs298soc/Matmul_no_op_1/Matmul_no_op_1.gen/sources_1/bd/design_1/ipshared/61b8/hdl/verilog/matmul_plain_dataAB_m_axi.v:1547]
INFO: [Synth 8-6157] synthesizing module 'matmul_plain_dataAB_m_axi_burst_converter' [/users/ugrad/yuhuah2/eecs298soc/Matmul_no_op_1/Matmul_no_op_1.gen/sources_1/bd/design_1/ipshared/61b8/hdl/verilog/matmul_plain_dataAB_m_axi.v:1867]
INFO: [Synth 8-6157] synthesizing module 'matmul_plain_dataAB_m_axi_reg_slice' [/users/ugrad/yuhuah2/eecs298soc/Matmul_no_op_1/Matmul_no_op_1.gen/sources_1/bd/design_1/ipshared/61b8/hdl/verilog/matmul_plain_dataAB_m_axi.v:2366]
INFO: [Synth 8-6155] done synthesizing module 'matmul_plain_dataAB_m_axi_reg_slice' (0#1) [/users/ugrad/yuhuah2/eecs298soc/Matmul_no_op_1/Matmul_no_op_1.gen/sources_1/bd/design_1/ipshared/61b8/hdl/verilog/matmul_plain_dataAB_m_axi.v:2366]
INFO: [Synth 8-6155] done synthesizing module 'matmul_plain_dataAB_m_axi_burst_converter' (0#1) [/users/ugrad/yuhuah2/eecs298soc/Matmul_no_op_1/Matmul_no_op_1.gen/sources_1/bd/design_1/ipshared/61b8/hdl/verilog/matmul_plain_dataAB_m_axi.v:1867]
INFO: [Synth 8-6157] synthesizing module 'matmul_plain_dataAB_m_axi_fifo__parameterized4' [/users/ugrad/yuhuah2/eecs298soc/Matmul_no_op_1/Matmul_no_op_1.gen/sources_1/bd/design_1/ipshared/61b8/hdl/verilog/matmul_plain_dataAB_m_axi.v:2468]
INFO: [Synth 8-6157] synthesizing module 'matmul_plain_dataAB_m_axi_srl__parameterized2' [/users/ugrad/yuhuah2/eecs298soc/Matmul_no_op_1/Matmul_no_op_1.gen/sources_1/bd/design_1/ipshared/61b8/hdl/verilog/matmul_plain_dataAB_m_axi.v:2646]
INFO: [Synth 8-6155] done synthesizing module 'matmul_plain_dataAB_m_axi_srl__parameterized2' (0#1) [/users/ugrad/yuhuah2/eecs298soc/Matmul_no_op_1/Matmul_no_op_1.gen/sources_1/bd/design_1/ipshared/61b8/hdl/verilog/matmul_plain_dataAB_m_axi.v:2646]
INFO: [Synth 8-6155] done synthesizing module 'matmul_plain_dataAB_m_axi_fifo__parameterized4' (0#1) [/users/ugrad/yuhuah2/eecs298soc/Matmul_no_op_1/Matmul_no_op_1.gen/sources_1/bd/design_1/ipshared/61b8/hdl/verilog/matmul_plain_dataAB_m_axi.v:2468]
INFO: [Synth 8-6157] synthesizing module 'matmul_plain_dataAB_m_axi_throttle' [/users/ugrad/yuhuah2/eecs298soc/Matmul_no_op_1/Matmul_no_op_1.gen/sources_1/bd/design_1/ipshared/61b8/hdl/verilog/matmul_plain_dataAB_m_axi.v:2140]
INFO: [Synth 8-6157] synthesizing module 'matmul_plain_dataAB_m_axi_reg_slice__parameterized0' [/users/ugrad/yuhuah2/eecs298soc/Matmul_no_op_1/Matmul_no_op_1.gen/sources_1/bd/design_1/ipshared/61b8/hdl/verilog/matmul_plain_dataAB_m_axi.v:2366]
INFO: [Synth 8-6155] done synthesizing module 'matmul_plain_dataAB_m_axi_reg_slice__parameterized0' (0#1) [/users/ugrad/yuhuah2/eecs298soc/Matmul_no_op_1/Matmul_no_op_1.gen/sources_1/bd/design_1/ipshared/61b8/hdl/verilog/matmul_plain_dataAB_m_axi.v:2366]
INFO: [Synth 8-6157] synthesizing module 'matmul_plain_dataAB_m_axi_fifo__parameterized5' [/users/ugrad/yuhuah2/eecs298soc/Matmul_no_op_1/Matmul_no_op_1.gen/sources_1/bd/design_1/ipshared/61b8/hdl/verilog/matmul_plain_dataAB_m_axi.v:2468]
INFO: [Synth 8-6157] synthesizing module 'matmul_plain_dataAB_m_axi_srl__parameterized3' [/users/ugrad/yuhuah2/eecs298soc/Matmul_no_op_1/Matmul_no_op_1.gen/sources_1/bd/design_1/ipshared/61b8/hdl/verilog/matmul_plain_dataAB_m_axi.v:2646]
INFO: [Synth 8-6155] done synthesizing module 'matmul_plain_dataAB_m_axi_srl__parameterized3' (0#1) [/users/ugrad/yuhuah2/eecs298soc/Matmul_no_op_1/Matmul_no_op_1.gen/sources_1/bd/design_1/ipshared/61b8/hdl/verilog/matmul_plain_dataAB_m_axi.v:2646]
INFO: [Synth 8-6155] done synthesizing module 'matmul_plain_dataAB_m_axi_fifo__parameterized5' (0#1) [/users/ugrad/yuhuah2/eecs298soc/Matmul_no_op_1/Matmul_no_op_1.gen/sources_1/bd/design_1/ipshared/61b8/hdl/verilog/matmul_plain_dataAB_m_axi.v:2468]
INFO: [Synth 8-6157] synthesizing module 'matmul_plain_dataAB_m_axi_fifo__parameterized6' [/users/ugrad/yuhuah2/eecs298soc/Matmul_no_op_1/Matmul_no_op_1.gen/sources_1/bd/design_1/ipshared/61b8/hdl/verilog/matmul_plain_dataAB_m_axi.v:2468]
INFO: [Synth 8-6157] synthesizing module 'matmul_plain_dataAB_m_axi_srl__parameterized4' [/users/ugrad/yuhuah2/eecs298soc/Matmul_no_op_1/Matmul_no_op_1.gen/sources_1/bd/design_1/ipshared/61b8/hdl/verilog/matmul_plain_dataAB_m_axi.v:2646]
INFO: [Synth 8-6155] done synthesizing module 'matmul_plain_dataAB_m_axi_srl__parameterized4' (0#1) [/users/ugrad/yuhuah2/eecs298soc/Matmul_no_op_1/Matmul_no_op_1.gen/sources_1/bd/design_1/ipshared/61b8/hdl/verilog/matmul_plain_dataAB_m_axi.v:2646]
INFO: [Synth 8-6155] done synthesizing module 'matmul_plain_dataAB_m_axi_fifo__parameterized6' (0#1) [/users/ugrad/yuhuah2/eecs298soc/Matmul_no_op_1/Matmul_no_op_1.gen/sources_1/bd/design_1/ipshared/61b8/hdl/verilog/matmul_plain_dataAB_m_axi.v:2468]
INFO: [Synth 8-6155] done synthesizing module 'matmul_plain_dataAB_m_axi_throttle' (0#1) [/users/ugrad/yuhuah2/eecs298soc/Matmul_no_op_1/Matmul_no_op_1.gen/sources_1/bd/design_1/ipshared/61b8/hdl/verilog/matmul_plain_dataAB_m_axi.v:2140]
INFO: [Synth 8-6157] synthesizing module 'matmul_plain_dataAB_m_axi_reg_slice__parameterized1' [/users/ugrad/yuhuah2/eecs298soc/Matmul_no_op_1/Matmul_no_op_1.gen/sources_1/bd/design_1/ipshared/61b8/hdl/verilog/matmul_plain_dataAB_m_axi.v:2366]
INFO: [Synth 8-6155] done synthesizing module 'matmul_plain_dataAB_m_axi_reg_slice__parameterized1' (0#1) [/users/ugrad/yuhuah2/eecs298soc/Matmul_no_op_1/Matmul_no_op_1.gen/sources_1/bd/design_1/ipshared/61b8/hdl/verilog/matmul_plain_dataAB_m_axi.v:2366]
WARNING: [Synth 8-589] replacing case/wildcard equality operator === with logical equality operator == [/users/ugrad/yuhuah2/eecs298soc/Matmul_no_op_1/Matmul_no_op_1.gen/sources_1/bd/design_1/ipshared/61b8/hdl/verilog/matmul_plain_dataAB_m_axi.v:1858]
WARNING: [Synth 8-589] replacing case/wildcard equality operator === with logical equality operator == [/users/ugrad/yuhuah2/eecs298soc/Matmul_no_op_1/Matmul_no_op_1.gen/sources_1/bd/design_1/ipshared/61b8/hdl/verilog/matmul_plain_dataAB_m_axi.v:1861]
INFO: [Synth 8-6155] done synthesizing module 'matmul_plain_dataAB_m_axi_write' (0#1) [/users/ugrad/yuhuah2/eecs298soc/Matmul_no_op_1/Matmul_no_op_1.gen/sources_1/bd/design_1/ipshared/61b8/hdl/verilog/matmul_plain_dataAB_m_axi.v:1547]
INFO: [Synth 8-6157] synthesizing module 'matmul_plain_dataAB_m_axi_read' [/users/ugrad/yuhuah2/eecs298soc/Matmul_no_op_1/Matmul_no_op_1.gen/sources_1/bd/design_1/ipshared/61b8/hdl/verilog/matmul_plain_dataAB_m_axi.v:1355]
INFO: [Synth 8-6157] synthesizing module 'matmul_plain_dataAB_m_axi_reg_slice__parameterized2' [/users/ugrad/yuhuah2/eecs298soc/Matmul_no_op_1/Matmul_no_op_1.gen/sources_1/bd/design_1/ipshared/61b8/hdl/verilog/matmul_plain_dataAB_m_axi.v:2366]
INFO: [Synth 8-6155] done synthesizing module 'matmul_plain_dataAB_m_axi_reg_slice__parameterized2' (0#1) [/users/ugrad/yuhuah2/eecs298soc/Matmul_no_op_1/Matmul_no_op_1.gen/sources_1/bd/design_1/ipshared/61b8/hdl/verilog/matmul_plain_dataAB_m_axi.v:2366]
WARNING: [Synth 8-589] replacing case/wildcard equality operator === with logical equality operator == [/users/ugrad/yuhuah2/eecs298soc/Matmul_no_op_1/Matmul_no_op_1.gen/sources_1/bd/design_1/ipshared/61b8/hdl/verilog/matmul_plain_dataAB_m_axi.v:1539]
INFO: [Synth 8-6155] done synthesizing module 'matmul_plain_dataAB_m_axi_read' (0#1) [/users/ugrad/yuhuah2/eecs298soc/Matmul_no_op_1/Matmul_no_op_1.gen/sources_1/bd/design_1/ipshared/61b8/hdl/verilog/matmul_plain_dataAB_m_axi.v:1355]
INFO: [Synth 8-6155] done synthesizing module 'matmul_plain_dataAB_m_axi' (0#1) [/users/ugrad/yuhuah2/eecs298soc/Matmul_no_op_1/Matmul_no_op_1.gen/sources_1/bd/design_1/ipshared/61b8/hdl/verilog/matmul_plain_dataAB_m_axi.v:11]
INFO: [Synth 8-6157] synthesizing module 'matmul_plain_dataB_m_axi' [/users/ugrad/yuhuah2/eecs298soc/Matmul_no_op_1/Matmul_no_op_1.gen/sources_1/bd/design_1/ipshared/61b8/hdl/verilog/matmul_plain_dataB_m_axi.v:11]
INFO: [Synth 8-6157] synthesizing module 'matmul_plain_dataB_m_axi_store' [/users/ugrad/yuhuah2/eecs298soc/Matmul_no_op_1/Matmul_no_op_1.gen/sources_1/bd/design_1/ipshared/61b8/hdl/verilog/matmul_plain_dataB_m_axi.v:796]
INFO: [Synth 8-6157] synthesizing module 'matmul_plain_dataB_m_axi_fifo' [/users/ugrad/yuhuah2/eecs298soc/Matmul_no_op_1/Matmul_no_op_1.gen/sources_1/bd/design_1/ipshared/61b8/hdl/verilog/matmul_plain_dataB_m_axi.v:2468]
INFO: [Synth 8-6157] synthesizing module 'matmul_plain_dataB_m_axi_srl' [/users/ugrad/yuhuah2/eecs298soc/Matmul_no_op_1/Matmul_no_op_1.gen/sources_1/bd/design_1/ipshared/61b8/hdl/verilog/matmul_plain_dataB_m_axi.v:2646]
INFO: [Synth 8-6155] done synthesizing module 'matmul_plain_dataB_m_axi_srl' (0#1) [/users/ugrad/yuhuah2/eecs298soc/Matmul_no_op_1/Matmul_no_op_1.gen/sources_1/bd/design_1/ipshared/61b8/hdl/verilog/matmul_plain_dataB_m_axi.v:2646]
INFO: [Synth 8-6155] done synthesizing module 'matmul_plain_dataB_m_axi_fifo' (0#1) [/users/ugrad/yuhuah2/eecs298soc/Matmul_no_op_1/Matmul_no_op_1.gen/sources_1/bd/design_1/ipshared/61b8/hdl/verilog/matmul_plain_dataB_m_axi.v:2468]
INFO: [Synth 8-6157] synthesizing module 'matmul_plain_dataB_m_axi_fifo__parameterized0' [/users/ugrad/yuhuah2/eecs298soc/Matmul_no_op_1/Matmul_no_op_1.gen/sources_1/bd/design_1/ipshared/61b8/hdl/verilog/matmul_plain_dataB_m_axi.v:2468]
INFO: [Synth 8-6157] synthesizing module 'matmul_plain_dataB_m_axi_mem' [/users/ugrad/yuhuah2/eecs298soc/Matmul_no_op_1/Matmul_no_op_1.gen/sources_1/bd/design_1/ipshared/61b8/hdl/verilog/matmul_plain_dataB_m_axi.v:2700]
INFO: [Synth 8-6155] done synthesizing module 'matmul_plain_dataB_m_axi_mem' (0#1) [/users/ugrad/yuhuah2/eecs298soc/Matmul_no_op_1/Matmul_no_op_1.gen/sources_1/bd/design_1/ipshared/61b8/hdl/verilog/matmul_plain_dataB_m_axi.v:2700]
INFO: [Synth 8-6155] done synthesizing module 'matmul_plain_dataB_m_axi_fifo__parameterized0' (0#1) [/users/ugrad/yuhuah2/eecs298soc/Matmul_no_op_1/Matmul_no_op_1.gen/sources_1/bd/design_1/ipshared/61b8/hdl/verilog/matmul_plain_dataB_m_axi.v:2468]
INFO: [Synth 8-6157] synthesizing module 'matmul_plain_dataB_m_axi_fifo__parameterized1' [/users/ugrad/yuhuah2/eecs298soc/Matmul_no_op_1/Matmul_no_op_1.gen/sources_1/bd/design_1/ipshared/61b8/hdl/verilog/matmul_plain_dataB_m_axi.v:2468]
INFO: [Synth 8-6157] synthesizing module 'matmul_plain_dataB_m_axi_srl__parameterized0' [/users/ugrad/yuhuah2/eecs298soc/Matmul_no_op_1/Matmul_no_op_1.gen/sources_1/bd/design_1/ipshared/61b8/hdl/verilog/matmul_plain_dataB_m_axi.v:2646]
INFO: [Synth 8-6155] done synthesizing module 'matmul_plain_dataB_m_axi_srl__parameterized0' (0#1) [/users/ugrad/yuhuah2/eecs298soc/Matmul_no_op_1/Matmul_no_op_1.gen/sources_1/bd/design_1/ipshared/61b8/hdl/verilog/matmul_plain_dataB_m_axi.v:2646]
INFO: [Synth 8-6155] done synthesizing module 'matmul_plain_dataB_m_axi_fifo__parameterized1' (0#1) [/users/ugrad/yuhuah2/eecs298soc/Matmul_no_op_1/Matmul_no_op_1.gen/sources_1/bd/design_1/ipshared/61b8/hdl/verilog/matmul_plain_dataB_m_axi.v:2468]
INFO: [Synth 8-6157] synthesizing module 'matmul_plain_dataB_m_axi_fifo__parameterized2' [/users/ugrad/yuhuah2/eecs298soc/Matmul_no_op_1/Matmul_no_op_1.gen/sources_1/bd/design_1/ipshared/61b8/hdl/verilog/matmul_plain_dataB_m_axi.v:2468]
INFO: [Synth 8-6157] synthesizing module 'matmul_plain_dataB_m_axi_srl__parameterized1' [/users/ugrad/yuhuah2/eecs298soc/Matmul_no_op_1/Matmul_no_op_1.gen/sources_1/bd/design_1/ipshared/61b8/hdl/verilog/matmul_plain_dataB_m_axi.v:2646]
INFO: [Synth 8-6155] done synthesizing module 'matmul_plain_dataB_m_axi_srl__parameterized1' (0#1) [/users/ugrad/yuhuah2/eecs298soc/Matmul_no_op_1/Matmul_no_op_1.gen/sources_1/bd/design_1/ipshared/61b8/hdl/verilog/matmul_plain_dataB_m_axi.v:2646]
INFO: [Synth 8-6155] done synthesizing module 'matmul_plain_dataB_m_axi_fifo__parameterized2' (0#1) [/users/ugrad/yuhuah2/eecs298soc/Matmul_no_op_1/Matmul_no_op_1.gen/sources_1/bd/design_1/ipshared/61b8/hdl/verilog/matmul_plain_dataB_m_axi.v:2468]
INFO: [Synth 8-6155] done synthesizing module 'matmul_plain_dataB_m_axi_store' (0#1) [/users/ugrad/yuhuah2/eecs298soc/Matmul_no_op_1/Matmul_no_op_1.gen/sources_1/bd/design_1/ipshared/61b8/hdl/verilog/matmul_plain_dataB_m_axi.v:796]
INFO: [Synth 8-6157] synthesizing module 'matmul_plain_dataB_m_axi_load' [/users/ugrad/yuhuah2/eecs298soc/Matmul_no_op_1/Matmul_no_op_1.gen/sources_1/bd/design_1/ipshared/61b8/hdl/verilog/matmul_plain_dataB_m_axi.v:329]
INFO: [Synth 8-6157] synthesizing module 'matmul_plain_dataB_m_axi_fifo__parameterized3' [/users/ugrad/yuhuah2/eecs298soc/Matmul_no_op_1/Matmul_no_op_1.gen/sources_1/bd/design_1/ipshared/61b8/hdl/verilog/matmul_plain_dataB_m_axi.v:2468]
INFO: [Synth 8-6157] synthesizing module 'matmul_plain_dataB_m_axi_mem__parameterized0' [/users/ugrad/yuhuah2/eecs298soc/Matmul_no_op_1/Matmul_no_op_1.gen/sources_1/bd/design_1/ipshared/61b8/hdl/verilog/matmul_plain_dataB_m_axi.v:2700]
INFO: [Synth 8-6155] done synthesizing module 'matmul_plain_dataB_m_axi_mem__parameterized0' (0#1) [/users/ugrad/yuhuah2/eecs298soc/Matmul_no_op_1/Matmul_no_op_1.gen/sources_1/bd/design_1/ipshared/61b8/hdl/verilog/matmul_plain_dataB_m_axi.v:2700]
INFO: [Synth 8-6155] done synthesizing module 'matmul_plain_dataB_m_axi_fifo__parameterized3' (0#1) [/users/ugrad/yuhuah2/eecs298soc/Matmul_no_op_1/Matmul_no_op_1.gen/sources_1/bd/design_1/ipshared/61b8/hdl/verilog/matmul_plain_dataB_m_axi.v:2468]
INFO: [Synth 8-6155] done synthesizing module 'matmul_plain_dataB_m_axi_load' (0#1) [/users/ugrad/yuhuah2/eecs298soc/Matmul_no_op_1/Matmul_no_op_1.gen/sources_1/bd/design_1/ipshared/61b8/hdl/verilog/matmul_plain_dataB_m_axi.v:329]
INFO: [Synth 8-6157] synthesizing module 'matmul_plain_dataB_m_axi_write' [/users/ugrad/yuhuah2/eecs298soc/Matmul_no_op_1/Matmul_no_op_1.gen/sources_1/bd/design_1/ipshared/61b8/hdl/verilog/matmul_plain_dataB_m_axi.v:1547]
INFO: [Synth 8-6157] synthesizing module 'matmul_plain_dataB_m_axi_burst_converter' [/users/ugrad/yuhuah2/eecs298soc/Matmul_no_op_1/Matmul_no_op_1.gen/sources_1/bd/design_1/ipshared/61b8/hdl/verilog/matmul_plain_dataB_m_axi.v:1867]
INFO: [Synth 8-6157] synthesizing module 'matmul_plain_dataB_m_axi_reg_slice' [/users/ugrad/yuhuah2/eecs298soc/Matmul_no_op_1/Matmul_no_op_1.gen/sources_1/bd/design_1/ipshared/61b8/hdl/verilog/matmul_plain_dataB_m_axi.v:2366]
INFO: [Synth 8-6155] done synthesizing module 'matmul_plain_dataB_m_axi_reg_slice' (0#1) [/users/ugrad/yuhuah2/eecs298soc/Matmul_no_op_1/Matmul_no_op_1.gen/sources_1/bd/design_1/ipshared/61b8/hdl/verilog/matmul_plain_dataB_m_axi.v:2366]
INFO: [Synth 8-6155] done synthesizing module 'matmul_plain_dataB_m_axi_burst_converter' (0#1) [/users/ugrad/yuhuah2/eecs298soc/Matmul_no_op_1/Matmul_no_op_1.gen/sources_1/bd/design_1/ipshared/61b8/hdl/verilog/matmul_plain_dataB_m_axi.v:1867]
INFO: [Synth 8-6157] synthesizing module 'matmul_plain_dataB_m_axi_fifo__parameterized4' [/users/ugrad/yuhuah2/eecs298soc/Matmul_no_op_1/Matmul_no_op_1.gen/sources_1/bd/design_1/ipshared/61b8/hdl/verilog/matmul_plain_dataB_m_axi.v:2468]
INFO: [Synth 8-6157] synthesizing module 'matmul_plain_dataB_m_axi_srl__parameterized2' [/users/ugrad/yuhuah2/eecs298soc/Matmul_no_op_1/Matmul_no_op_1.gen/sources_1/bd/design_1/ipshared/61b8/hdl/verilog/matmul_plain_dataB_m_axi.v:2646]
INFO: [Synth 8-6155] done synthesizing module 'matmul_plain_dataB_m_axi_srl__parameterized2' (0#1) [/users/ugrad/yuhuah2/eecs298soc/Matmul_no_op_1/Matmul_no_op_1.gen/sources_1/bd/design_1/ipshared/61b8/hdl/verilog/matmul_plain_dataB_m_axi.v:2646]
INFO: [Synth 8-6155] done synthesizing module 'matmul_plain_dataB_m_axi_fifo__parameterized4' (0#1) [/users/ugrad/yuhuah2/eecs298soc/Matmul_no_op_1/Matmul_no_op_1.gen/sources_1/bd/design_1/ipshared/61b8/hdl/verilog/matmul_plain_dataB_m_axi.v:2468]
INFO: [Synth 8-6157] synthesizing module 'matmul_plain_dataB_m_axi_throttle' [/users/ugrad/yuhuah2/eecs298soc/Matmul_no_op_1/Matmul_no_op_1.gen/sources_1/bd/design_1/ipshared/61b8/hdl/verilog/matmul_plain_dataB_m_axi.v:2140]
INFO: [Synth 8-6157] synthesizing module 'matmul_plain_dataB_m_axi_reg_slice__parameterized0' [/users/ugrad/yuhuah2/eecs298soc/Matmul_no_op_1/Matmul_no_op_1.gen/sources_1/bd/design_1/ipshared/61b8/hdl/verilog/matmul_plain_dataB_m_axi.v:2366]
INFO: [Synth 8-6155] done synthesizing module 'matmul_plain_dataB_m_axi_reg_slice__parameterized0' (0#1) [/users/ugrad/yuhuah2/eecs298soc/Matmul_no_op_1/Matmul_no_op_1.gen/sources_1/bd/design_1/ipshared/61b8/hdl/verilog/matmul_plain_dataB_m_axi.v:2366]
INFO: [Synth 8-6157] synthesizing module 'matmul_plain_dataB_m_axi_fifo__parameterized5' [/users/ugrad/yuhuah2/eecs298soc/Matmul_no_op_1/Matmul_no_op_1.gen/sources_1/bd/design_1/ipshared/61b8/hdl/verilog/matmul_plain_dataB_m_axi.v:2468]
INFO: [Synth 8-6157] synthesizing module 'matmul_plain_dataB_m_axi_srl__parameterized3' [/users/ugrad/yuhuah2/eecs298soc/Matmul_no_op_1/Matmul_no_op_1.gen/sources_1/bd/design_1/ipshared/61b8/hdl/verilog/matmul_plain_dataB_m_axi.v:2646]
INFO: [Synth 8-6155] done synthesizing module 'matmul_plain_dataB_m_axi_srl__parameterized3' (0#1) [/users/ugrad/yuhuah2/eecs298soc/Matmul_no_op_1/Matmul_no_op_1.gen/sources_1/bd/design_1/ipshared/61b8/hdl/verilog/matmul_plain_dataB_m_axi.v:2646]
INFO: [Synth 8-6155] done synthesizing module 'matmul_plain_dataB_m_axi_fifo__parameterized5' (0#1) [/users/ugrad/yuhuah2/eecs298soc/Matmul_no_op_1/Matmul_no_op_1.gen/sources_1/bd/design_1/ipshared/61b8/hdl/verilog/matmul_plain_dataB_m_axi.v:2468]
INFO: [Synth 8-6157] synthesizing module 'matmul_plain_dataB_m_axi_fifo__parameterized6' [/users/ugrad/yuhuah2/eecs298soc/Matmul_no_op_1/Matmul_no_op_1.gen/sources_1/bd/design_1/ipshared/61b8/hdl/verilog/matmul_plain_dataB_m_axi.v:2468]
INFO: [Synth 8-6157] synthesizing module 'matmul_plain_dataB_m_axi_srl__parameterized4' [/users/ugrad/yuhuah2/eecs298soc/Matmul_no_op_1/Matmul_no_op_1.gen/sources_1/bd/design_1/ipshared/61b8/hdl/verilog/matmul_plain_dataB_m_axi.v:2646]
INFO: [Synth 8-6155] done synthesizing module 'matmul_plain_dataB_m_axi_srl__parameterized4' (0#1) [/users/ugrad/yuhuah2/eecs298soc/Matmul_no_op_1/Matmul_no_op_1.gen/sources_1/bd/design_1/ipshared/61b8/hdl/verilog/matmul_plain_dataB_m_axi.v:2646]
INFO: [Synth 8-6155] done synthesizing module 'matmul_plain_dataB_m_axi_fifo__parameterized6' (0#1) [/users/ugrad/yuhuah2/eecs298soc/Matmul_no_op_1/Matmul_no_op_1.gen/sources_1/bd/design_1/ipshared/61b8/hdl/verilog/matmul_plain_dataB_m_axi.v:2468]
INFO: [Synth 8-6155] done synthesizing module 'matmul_plain_dataB_m_axi_throttle' (0#1) [/users/ugrad/yuhuah2/eecs298soc/Matmul_no_op_1/Matmul_no_op_1.gen/sources_1/bd/design_1/ipshared/61b8/hdl/verilog/matmul_plain_dataB_m_axi.v:2140]
INFO: [Synth 8-6157] synthesizing module 'matmul_plain_dataB_m_axi_reg_slice__parameterized1' [/users/ugrad/yuhuah2/eecs298soc/Matmul_no_op_1/Matmul_no_op_1.gen/sources_1/bd/design_1/ipshared/61b8/hdl/verilog/matmul_plain_dataB_m_axi.v:2366]
INFO: [Synth 8-6155] done synthesizing module 'matmul_plain_dataB_m_axi_reg_slice__parameterized1' (0#1) [/users/ugrad/yuhuah2/eecs298soc/Matmul_no_op_1/Matmul_no_op_1.gen/sources_1/bd/design_1/ipshared/61b8/hdl/verilog/matmul_plain_dataB_m_axi.v:2366]
WARNING: [Synth 8-589] replacing case/wildcard equality operator === with logical equality operator == [/users/ugrad/yuhuah2/eecs298soc/Matmul_no_op_1/Matmul_no_op_1.gen/sources_1/bd/design_1/ipshared/61b8/hdl/verilog/matmul_plain_dataB_m_axi.v:1858]
WARNING: [Synth 8-589] replacing case/wildcard equality operator === with logical equality operator == [/users/ugrad/yuhuah2/eecs298soc/Matmul_no_op_1/Matmul_no_op_1.gen/sources_1/bd/design_1/ipshared/61b8/hdl/verilog/matmul_plain_dataB_m_axi.v:1861]
INFO: [Synth 8-6155] done synthesizing module 'matmul_plain_dataB_m_axi_write' (0#1) [/users/ugrad/yuhuah2/eecs298soc/Matmul_no_op_1/Matmul_no_op_1.gen/sources_1/bd/design_1/ipshared/61b8/hdl/verilog/matmul_plain_dataB_m_axi.v:1547]
INFO: [Synth 8-6157] synthesizing module 'matmul_plain_dataB_m_axi_read' [/users/ugrad/yuhuah2/eecs298soc/Matmul_no_op_1/Matmul_no_op_1.gen/sources_1/bd/design_1/ipshared/61b8/hdl/verilog/matmul_plain_dataB_m_axi.v:1355]
INFO: [Synth 8-6157] synthesizing module 'matmul_plain_dataB_m_axi_reg_slice__parameterized2' [/users/ugrad/yuhuah2/eecs298soc/Matmul_no_op_1/Matmul_no_op_1.gen/sources_1/bd/design_1/ipshared/61b8/hdl/verilog/matmul_plain_dataB_m_axi.v:2366]
INFO: [Synth 8-6155] done synthesizing module 'matmul_plain_dataB_m_axi_reg_slice__parameterized2' (0#1) [/users/ugrad/yuhuah2/eecs298soc/Matmul_no_op_1/Matmul_no_op_1.gen/sources_1/bd/design_1/ipshared/61b8/hdl/verilog/matmul_plain_dataB_m_axi.v:2366]
WARNING: [Synth 8-589] replacing case/wildcard equality operator === with logical equality operator == [/users/ugrad/yuhuah2/eecs298soc/Matmul_no_op_1/Matmul_no_op_1.gen/sources_1/bd/design_1/ipshared/61b8/hdl/verilog/matmul_plain_dataB_m_axi.v:1539]
INFO: [Synth 8-6155] done synthesizing module 'matmul_plain_dataB_m_axi_read' (0#1) [/users/ugrad/yuhuah2/eecs298soc/Matmul_no_op_1/Matmul_no_op_1.gen/sources_1/bd/design_1/ipshared/61b8/hdl/verilog/matmul_plain_dataB_m_axi.v:1355]
INFO: [Synth 8-6155] done synthesizing module 'matmul_plain_dataB_m_axi' (0#1) [/users/ugrad/yuhuah2/eecs298soc/Matmul_no_op_1/Matmul_no_op_1.gen/sources_1/bd/design_1/ipshared/61b8/hdl/verilog/matmul_plain_dataB_m_axi.v:11]
INFO: [Synth 8-6157] synthesizing module 'matmul_plain_fadd_32ns_32ns_32_4_full_dsp_1' [/users/ugrad/yuhuah2/eecs298soc/Matmul_no_op_1/Matmul_no_op_1.gen/sources_1/bd/design_1/ipshared/61b8/hdl/verilog/matmul_plain_fadd_32ns_32ns_32_4_full_dsp_1.v:9]
INFO: [Synth 8-6157] synthesizing module 'matmul_plain_fadd_32ns_32ns_32_4_full_dsp_1_ip' [/users/ugrad/yuhuah2/eecs298soc/Matmul_no_op_1/Matmul_no_op_1.gen/sources_1/bd/design_1/ipshared/61b8/hdl/ip/matmul_plain_fadd_32ns_32ns_32_4_full_dsp_1_ip.v:53]
INFO: [Synth 8-6157] synthesizing module 'LUT1' [/ecelib/eceware/xilinx_2023.1/Vivado/2023.1/scripts/rt/data/unisim_comp.v:79430]
INFO: [Synth 8-6155] done synthesizing module 'LUT1' (0#1) [/ecelib/eceware/xilinx_2023.1/Vivado/2023.1/scripts/rt/data/unisim_comp.v:79430]
INFO: [Synth 8-6155] done synthesizing module 'matmul_plain_fadd_32ns_32ns_32_4_full_dsp_1_ip' (0#1) [/users/ugrad/yuhuah2/eecs298soc/Matmul_no_op_1/Matmul_no_op_1.gen/sources_1/bd/design_1/ipshared/61b8/hdl/ip/matmul_plain_fadd_32ns_32ns_32_4_full_dsp_1_ip.v:53]
INFO: [Synth 8-6155] done synthesizing module 'matmul_plain_fadd_32ns_32ns_32_4_full_dsp_1' (0#1) [/users/ugrad/yuhuah2/eecs298soc/Matmul_no_op_1/Matmul_no_op_1.gen/sources_1/bd/design_1/ipshared/61b8/hdl/verilog/matmul_plain_fadd_32ns_32ns_32_4_full_dsp_1.v:9]
INFO: [Synth 8-6157] synthesizing module 'matmul_plain_fmul_32ns_32ns_32_3_max_dsp_1' [/users/ugrad/yuhuah2/eecs298soc/Matmul_no_op_1/Matmul_no_op_1.gen/sources_1/bd/design_1/ipshared/61b8/hdl/verilog/matmul_plain_fmul_32ns_32ns_32_3_max_dsp_1.v:9]
INFO: [Synth 8-6157] synthesizing module 'matmul_plain_fmul_32ns_32ns_32_3_max_dsp_1_ip' [/users/ugrad/yuhuah2/eecs298soc/Matmul_no_op_1/Matmul_no_op_1.gen/sources_1/bd/design_1/ipshared/61b8/hdl/ip/matmul_plain_fmul_32ns_32ns_32_3_max_dsp_1_ip.v:53]
INFO: [Synth 8-6155] done synthesizing module 'matmul_plain_fmul_32ns_32ns_32_3_max_dsp_1_ip' (0#1) [/users/ugrad/yuhuah2/eecs298soc/Matmul_no_op_1/Matmul_no_op_1.gen/sources_1/bd/design_1/ipshared/61b8/hdl/ip/matmul_plain_fmul_32ns_32ns_32_3_max_dsp_1_ip.v:53]
INFO: [Synth 8-6155] done synthesizing module 'matmul_plain_fmul_32ns_32ns_32_3_max_dsp_1' (0#1) [/users/ugrad/yuhuah2/eecs298soc/Matmul_no_op_1/Matmul_no_op_1.gen/sources_1/bd/design_1/ipshared/61b8/hdl/verilog/matmul_plain_fmul_32ns_32ns_32_3_max_dsp_1.v:9]
INFO: [Synth 8-6155] done synthesizing module 'matmul_plain' (0#1) [/users/ugrad/yuhuah2/eecs298soc/Matmul_no_op_1/Matmul_no_op_1.gen/sources_1/bd/design_1/ipshared/61b8/hdl/verilog/matmul_plain.v:9]
INFO: [Synth 8-6155] done synthesizing module 'design_1_matmul_plain_0_0' (0#1) [/users/ugrad/yuhuah2/eecs298soc/Matmul_no_op_1/Matmul_no_op_1.gen/sources_1/bd/design_1/ip/design_1_matmul_plain_0_0/synth/design_1_matmul_plain_0_0.v:53]
WARNING: [Synth 8-6014] Unused sequential element int_ap_done_reg was removed.  [/users/ugrad/yuhuah2/eecs298soc/Matmul_no_op_1/Matmul_no_op_1.gen/sources_1/bd/design_1/ipshared/61b8/hdl/verilog/matmul_plain_ctrl_s_axi.v:303]
WARNING: [Synth 8-7129] Port CLK in module xbip_pipe_v3_0_6_viv__parameterized3 is either unconnected or has no load
WARNING: [Synth 8-7129] Port CE in module xbip_pipe_v3_0_6_viv__parameterized3 is either unconnected or has no load
WARNING: [Synth 8-7129] Port SCLR in module xbip_pipe_v3_0_6_viv__parameterized3 is either unconnected or has no load
WARNING: [Synth 8-7129] Port SSET in module xbip_pipe_v3_0_6_viv__parameterized3 is either unconnected or has no load
WARNING: [Synth 8-7129] Port SINIT in module xbip_pipe_v3_0_6_viv__parameterized3 is either unconnected or has no load
WARNING: [Synth 8-7129] Port CLK in module xbip_pipe_v3_0_6_viv__parameterized57 is either unconnected or has no load
WARNING: [Synth 8-7129] Port CE in module xbip_pipe_v3_0_6_viv__parameterized57 is either unconnected or has no load
WARNING: [Synth 8-7129] Port SCLR in module xbip_pipe_v3_0_6_viv__parameterized57 is either unconnected or has no load
WARNING: [Synth 8-7129] Port SSET in module xbip_pipe_v3_0_6_viv__parameterized57 is either unconnected or has no load
WARNING: [Synth 8-7129] Port SINIT in module xbip_pipe_v3_0_6_viv__parameterized57 is either unconnected or has no load
WARNING: [Synth 8-7129] Port DEC_OP_STATE[11] in module flt_dec_op_lat is either unconnected or has no load
WARNING: [Synth 8-7129] Port DEC_OP_STATE[10] in module flt_dec_op_lat is either unconnected or has no load
WARNING: [Synth 8-7129] Port DEC_OP_STATE[9] in module flt_dec_op_lat is either unconnected or has no load
WARNING: [Synth 8-7129] Port DEC_OP_STATE[8] in module flt_dec_op_lat is either unconnected or has no load
WARNING: [Synth 8-7129] Port DIVIDE_BY_ZERO_IN in module flt_dec_op_lat is either unconnected or has no load
WARNING: [Synth 8-7129] Port CLK in module xbip_pipe_v3_0_6_viv__parameterized33 is either unconnected or has no load
WARNING: [Synth 8-7129] Port CE in module xbip_pipe_v3_0_6_viv__parameterized33 is either unconnected or has no load
WARNING: [Synth 8-7129] Port SCLR in module xbip_pipe_v3_0_6_viv__parameterized33 is either unconnected or has no load
WARNING: [Synth 8-7129] Port SSET in module xbip_pipe_v3_0_6_viv__parameterized33 is either unconnected or has no load
WARNING: [Synth 8-7129] Port SINIT in module xbip_pipe_v3_0_6_viv__parameterized33 is either unconnected or has no load
WARNING: [Synth 8-7129] Port CLK in module xbip_pipe_v3_0_6_viv__parameterized70 is either unconnected or has no load
WARNING: [Synth 8-7129] Port CE in module xbip_pipe_v3_0_6_viv__parameterized70 is either unconnected or has no load
WARNING: [Synth 8-7129] Port SCLR in module xbip_pipe_v3_0_6_viv__parameterized70 is either unconnected or has no load
WARNING: [Synth 8-7129] Port SSET in module xbip_pipe_v3_0_6_viv__parameterized70 is either unconnected or has no load
WARNING: [Synth 8-7129] Port SINIT in module xbip_pipe_v3_0_6_viv__parameterized70 is either unconnected or has no load
WARNING: [Synth 8-7129] Port CLK in module xbip_pipe_v3_0_6_viv__parameterized68 is either unconnected or has no load
WARNING: [Synth 8-7129] Port CE in module xbip_pipe_v3_0_6_viv__parameterized68 is either unconnected or has no load
WARNING: [Synth 8-7129] Port SCLR in module xbip_pipe_v3_0_6_viv__parameterized68 is either unconnected or has no load
WARNING: [Synth 8-7129] Port SSET in module xbip_pipe_v3_0_6_viv__parameterized68 is either unconnected or has no load
WARNING: [Synth 8-7129] Port SINIT in module xbip_pipe_v3_0_6_viv__parameterized68 is either unconnected or has no load
WARNING: [Synth 8-7129] Port CLK in module xbip_pipe_v3_0_6_viv__parameterized13 is either unconnected or has no load
WARNING: [Synth 8-7129] Port CE in module xbip_pipe_v3_0_6_viv__parameterized13 is either unconnected or has no load
WARNING: [Synth 8-7129] Port SCLR in module xbip_pipe_v3_0_6_viv__parameterized13 is either unconnected or has no load
WARNING: [Synth 8-7129] Port SSET in module xbip_pipe_v3_0_6_viv__parameterized13 is either unconnected or has no load
WARNING: [Synth 8-7129] Port SINIT in module xbip_pipe_v3_0_6_viv__parameterized13 is either unconnected or has no load
WARNING: [Synth 8-7129] Port CLK in module xbip_pipe_v3_0_6_viv__parameterized11 is either unconnected or has no load
WARNING: [Synth 8-7129] Port CE in module xbip_pipe_v3_0_6_viv__parameterized11 is either unconnected or has no load
WARNING: [Synth 8-7129] Port SCLR in module xbip_pipe_v3_0_6_viv__parameterized11 is either unconnected or has no load
WARNING: [Synth 8-7129] Port SSET in module xbip_pipe_v3_0_6_viv__parameterized11 is either unconnected or has no load
WARNING: [Synth 8-7129] Port SINIT in module xbip_pipe_v3_0_6_viv__parameterized11 is either unconnected or has no load
WARNING: [Synth 8-7129] Port CLK in module xbip_pipe_v3_0_6_viv__parameterized7 is either unconnected or has no load
WARNING: [Synth 8-7129] Port CE in module xbip_pipe_v3_0_6_viv__parameterized7 is either unconnected or has no load
WARNING: [Synth 8-7129] Port SCLR in module xbip_pipe_v3_0_6_viv__parameterized7 is either unconnected or has no load
WARNING: [Synth 8-7129] Port SSET in module xbip_pipe_v3_0_6_viv__parameterized7 is either unconnected or has no load
WARNING: [Synth 8-7129] Port SINIT in module xbip_pipe_v3_0_6_viv__parameterized7 is either unconnected or has no load
WARNING: [Synth 8-7129] Port SCLR in module dsp48e1_wrapper__parameterized3 is either unconnected or has no load
WARNING: [Synth 8-7129] Port SIGN in module flt_round_dsp_opt_full is either unconnected or has no load
WARNING: [Synth 8-7129] Port CLK in module xbip_pipe_v3_0_6_viv__parameterized66 is either unconnected or has no load
WARNING: [Synth 8-7129] Port CE in module xbip_pipe_v3_0_6_viv__parameterized66 is either unconnected or has no load
WARNING: [Synth 8-7129] Port SCLR in module xbip_pipe_v3_0_6_viv__parameterized66 is either unconnected or has no load
WARNING: [Synth 8-7129] Port SSET in module xbip_pipe_v3_0_6_viv__parameterized66 is either unconnected or has no load
WARNING: [Synth 8-7129] Port SINIT in module xbip_pipe_v3_0_6_viv__parameterized66 is either unconnected or has no load
WARNING: [Synth 8-7129] Port CLK in module xbip_pipe_v3_0_6_viv__parameterized51 is either unconnected or has no load
WARNING: [Synth 8-7129] Port CE in module xbip_pipe_v3_0_6_viv__parameterized51 is either unconnected or has no load
WARNING: [Synth 8-7129] Port SCLR in module xbip_pipe_v3_0_6_viv__parameterized51 is either unconnected or has no load
WARNING: [Synth 8-7129] Port SSET in module xbip_pipe_v3_0_6_viv__parameterized51 is either unconnected or has no load
WARNING: [Synth 8-7129] Port SINIT in module xbip_pipe_v3_0_6_viv__parameterized51 is either unconnected or has no load
WARNING: [Synth 8-7129] Port CLK in module xbip_pipe_v3_0_6_viv__parameterized49 is either unconnected or has no load
WARNING: [Synth 8-7129] Port CE in module xbip_pipe_v3_0_6_viv__parameterized49 is either unconnected or has no load
WARNING: [Synth 8-7129] Port SCLR in module xbip_pipe_v3_0_6_viv__parameterized49 is either unconnected or has no load
WARNING: [Synth 8-7129] Port SSET in module xbip_pipe_v3_0_6_viv__parameterized49 is either unconnected or has no load
WARNING: [Synth 8-7129] Port SINIT in module xbip_pipe_v3_0_6_viv__parameterized49 is either unconnected or has no load
WARNING: [Synth 8-7129] Port CLK in module xbip_pipe_v3_0_6_viv__parameterized64 is either unconnected or has no load
WARNING: [Synth 8-7129] Port CE in module xbip_pipe_v3_0_6_viv__parameterized64 is either unconnected or has no load
WARNING: [Synth 8-7129] Port SCLR in module xbip_pipe_v3_0_6_viv__parameterized64 is either unconnected or has no load
WARNING: [Synth 8-7129] Port SSET in module xbip_pipe_v3_0_6_viv__parameterized64 is either unconnected or has no load
WARNING: [Synth 8-7129] Port SINIT in module xbip_pipe_v3_0_6_viv__parameterized64 is either unconnected or has no load
WARNING: [Synth 8-7129] Port CLK in module xbip_pipe_v3_0_6_viv__parameterized45 is either unconnected or has no load
WARNING: [Synth 8-7129] Port CE in module xbip_pipe_v3_0_6_viv__parameterized45 is either unconnected or has no load
WARNING: [Synth 8-7129] Port SCLR in module xbip_pipe_v3_0_6_viv__parameterized45 is either unconnected or has no load
WARNING: [Synth 8-7129] Port SSET in module xbip_pipe_v3_0_6_viv__parameterized45 is either unconnected or has no load
WARNING: [Synth 8-7129] Port SINIT in module xbip_pipe_v3_0_6_viv__parameterized45 is either unconnected or has no load
WARNING: [Synth 8-7129] Port CLK in module xbip_pipe_v3_0_6_viv__parameterized53 is either unconnected or has no load
WARNING: [Synth 8-7129] Port CE in module xbip_pipe_v3_0_6_viv__parameterized53 is either unconnected or has no load
WARNING: [Synth 8-7129] Port SCLR in module xbip_pipe_v3_0_6_viv__parameterized53 is either unconnected or has no load
WARNING: [Synth 8-7129] Port SSET in module xbip_pipe_v3_0_6_viv__parameterized53 is either unconnected or has no load
WARNING: [Synth 8-7129] Port SINIT in module xbip_pipe_v3_0_6_viv__parameterized53 is either unconnected or has no load
WARNING: [Synth 8-7129] Port CARRYS_OUT[0] in module compare_eq_im__parameterized1 is either unconnected or has no load
WARNING: [Synth 8-7129] Port A[31] in module special_detect__parameterized0 is either unconnected or has no load
WARNING: [Synth 8-7129] Port CLK in module xbip_pipe_v3_0_6_viv__parameterized62 is either unconnected or has no load
WARNING: [Synth 8-7129] Port CE in module xbip_pipe_v3_0_6_viv__parameterized62 is either unconnected or has no load
WARNING: [Synth 8-7129] Port SCLR in module xbip_pipe_v3_0_6_viv__parameterized62 is either unconnected or has no load
WARNING: [Synth 8-7129] Port SSET in module xbip_pipe_v3_0_6_viv__parameterized62 is either unconnected or has no load
WARNING: [Synth 8-7129] Port SINIT in module xbip_pipe_v3_0_6_viv__parameterized62 is either unconnected or has no load
WARNING: [Synth 8-7129] Port CLK in module xbip_pipe_v3_0_6_viv__parameterized15 is either unconnected or has no load
WARNING: [Synth 8-7129] Port CE in module xbip_pipe_v3_0_6_viv__parameterized15 is either unconnected or has no load
WARNING: [Synth 8-7129] Port SCLR in module xbip_pipe_v3_0_6_viv__parameterized15 is either unconnected or has no load
WARNING: [Synth 8-7129] Port SSET in module xbip_pipe_v3_0_6_viv__parameterized15 is either unconnected or has no load
WARNING: [Synth 8-7129] Port SINIT in module xbip_pipe_v3_0_6_viv__parameterized15 is either unconnected or has no load
WARNING: [Synth 8-7129] Port SCLR in module dsp48e1_wrapper__parameterized2 is either unconnected or has no load
WARNING: [Synth 8-7129] Port CLK in module xbip_pipe_v3_0_6_viv__parameterized60 is either unconnected or has no load
WARNING: [Synth 8-7129] Port CE in module xbip_pipe_v3_0_6_viv__parameterized60 is either unconnected or has no load
WARNING: [Synth 8-7129] Port SCLR in module xbip_pipe_v3_0_6_viv__parameterized60 is either unconnected or has no load
WARNING: [Synth 8-7129] Port SSET in module xbip_pipe_v3_0_6_viv__parameterized60 is either unconnected or has no load
WARNING: [Synth 8-7129] Port SINIT in module xbip_pipe_v3_0_6_viv__parameterized60 is either unconnected or has no load
WARNING: [Synth 8-7129] Port CLK in module xbip_pipe_v3_0_6_viv__parameterized9 is either unconnected or has no load
WARNING: [Synth 8-7129] Port CE in module xbip_pipe_v3_0_6_viv__parameterized9 is either unconnected or has no load
WARNING: [Synth 8-7129] Port SCLR in module xbip_pipe_v3_0_6_viv__parameterized9 is either unconnected or has no load
WARNING: [Synth 8-7129] Port SSET in module xbip_pipe_v3_0_6_viv__parameterized9 is either unconnected or has no load
WARNING: [Synth 8-7129] Port SINIT in module xbip_pipe_v3_0_6_viv__parameterized9 is either unconnected or has no load
INFO: [Common 17-14] Message 'Synth 8-7129' appears 100 times and further instances of the messages will be disabled. Use the Tcl command set_msg_config to change the current settings.
---------------------------------------------------------------------------------
Finished RTL Elaboration : Time (s): cpu = 00:00:15 ; elapsed = 00:00:17 . Memory (MB): peak = 3587.820 ; gain = 471.676 ; free physical = 24369 ; free virtual = 99201
---------------------------------------------------------------------------------
---------------------------------------------------------------------------------
Start Handling Custom Attributes
---------------------------------------------------------------------------------
---------------------------------------------------------------------------------
Finished Handling Custom Attributes : Time (s): cpu = 00:00:15 ; elapsed = 00:00:17 . Memory (MB): peak = 3587.820 ; gain = 471.676 ; free physical = 24835 ; free virtual = 99667
---------------------------------------------------------------------------------
---------------------------------------------------------------------------------
Finished RTL Optimization Phase 1 : Time (s): cpu = 00:00:15 ; elapsed = 00:00:17 . Memory (MB): peak = 3587.820 ; gain = 471.676 ; free physical = 24851 ; free virtual = 99683
---------------------------------------------------------------------------------
Netlist sorting complete. Time (s): cpu = 00:00:00.31 ; elapsed = 00:00:00.32 . Memory (MB): peak = 3595.820 ; gain = 0.000 ; free physical = 25400 ; free virtual = 100233
INFO: [Netlist 29-17] Analyzing 118 Unisim elements for replacement
INFO: [Netlist 29-28] Unisim Transformation completed in 0 CPU seconds
INFO: [Project 1-570] Preparing netlist for logic optimization

Processing XDC Constraints
Initializing timing engine
Parsing XDC File [/users/ugrad/yuhuah2/eecs298soc/Matmul_no_op_1/Matmul_no_op_1.gen/sources_1/bd/design_1/ip/design_1_matmul_plain_0_0/constraints/matmul_plain_ooc.xdc] for cell 'inst'
create_clock: Time (s): cpu = 00:00:06 ; elapsed = 00:00:06 . Memory (MB): peak = 3718.664 ; gain = 0.000 ; free physical = 25275 ; free virtual = 100108
Finished Parsing XDC File [/users/ugrad/yuhuah2/eecs298soc/Matmul_no_op_1/Matmul_no_op_1.gen/sources_1/bd/design_1/ip/design_1_matmul_plain_0_0/constraints/matmul_plain_ooc.xdc] for cell 'inst'
Parsing XDC File [/users/ugrad/yuhuah2/eecs298soc/Matmul_no_op_1/Matmul_no_op_1.runs/design_1_matmul_plain_0_0_synth_1/dont_touch.xdc]
Finished Parsing XDC File [/users/ugrad/yuhuah2/eecs298soc/Matmul_no_op_1/Matmul_no_op_1.runs/design_1_matmul_plain_0_0_synth_1/dont_touch.xdc]
Completed Processing XDC Constraints

Netlist sorting complete. Time (s): cpu = 00:00:00 ; elapsed = 00:00:00 . Memory (MB): peak = 3718.664 ; gain = 0.000 ; free physical = 25275 ; free virtual = 100108
INFO: [Project 1-111] Unisim Transformation Summary:
  A total of 16 instances were transformed.
  DSP48E1 => DSP48E2 (DSP_ALU, DSP_A_B_DATA, DSP_C_DATA, DSP_MULTIPLIER, DSP_M_DATA, DSP_OUTPUT, DSP_PREADD, DSP_PREADD_DATA): 5 instances
  FDE => FDRE: 11 instances

Constraint Validation Runtime : Time (s): cpu = 00:00:00.75 ; elapsed = 00:00:00.27 . Memory (MB): peak = 3718.664 ; gain = 0.000 ; free physical = 25275 ; free virtual = 100108
INFO: [Designutils 20-5008] Incremental synthesis strategy off
---------------------------------------------------------------------------------
Finished Constraint Validation : Time (s): cpu = 00:00:33 ; elapsed = 00:00:34 . Memory (MB): peak = 3718.664 ; gain = 602.520 ; free physical = 25236 ; free virtual = 100071
---------------------------------------------------------------------------------
---------------------------------------------------------------------------------
Start Loading Part and Timing Information
---------------------------------------------------------------------------------
Loading part: xck26-sfvc784-2LV-c
INFO: [Synth 8-6742] Reading net delay rules and data
---------------------------------------------------------------------------------
Finished Loading Part and Timing Information : Time (s): cpu = 00:00:33 ; elapsed = 00:00:34 . Memory (MB): peak = 3718.664 ; gain = 602.520 ; free physical = 25236 ; free virtual = 100071
---------------------------------------------------------------------------------
---------------------------------------------------------------------------------
Start Applying 'set_property' XDC Constraints
---------------------------------------------------------------------------------
Applied set_property KEEP_HIERARCHY = SOFT for inst. (constraint file  /users/ugrad/yuhuah2/eecs298soc/Matmul_no_op_1/Matmul_no_op_1.runs/design_1_matmul_plain_0_0_synth_1/dont_touch.xdc, line 9).
---------------------------------------------------------------------------------
Finished applying 'set_property' XDC Constraints : Time (s): cpu = 00:00:33 ; elapsed = 00:00:34 . Memory (MB): peak = 3718.664 ; gain = 602.520 ; free physical = 25236 ; free virtual = 100071
---------------------------------------------------------------------------------
INFO: [Synth 8-802] inferred FSM for state register 'wstate_reg' in module 'matmul_plain_ctrl_s_axi'
INFO: [Synth 8-802] inferred FSM for state register 'rstate_reg' in module 'matmul_plain_ctrl_s_axi'
INFO: [Synth 8-802] inferred FSM for state register 'state_reg' in module 'matmul_plain_dataA_m_axi_reg_slice'
INFO: [Synth 8-802] inferred FSM for state register 'state_reg' in module 'matmul_plain_dataA_m_axi_reg_slice__parameterized0'
INFO: [Synth 8-802] inferred FSM for state register 'state_reg' in module 'matmul_plain_dataA_m_axi_reg_slice__parameterized1'
INFO: [Synth 8-802] inferred FSM for state register 'state_reg' in module 'matmul_plain_dataA_m_axi_reg_slice__parameterized2'
INFO: [Synth 8-802] inferred FSM for state register 'state_reg' in module 'matmul_plain_dataAB_m_axi_reg_slice'
INFO: [Synth 8-802] inferred FSM for state register 'state_reg' in module 'matmul_plain_dataAB_m_axi_reg_slice__parameterized0'
INFO: [Synth 8-802] inferred FSM for state register 'state_reg' in module 'matmul_plain_dataAB_m_axi_reg_slice__parameterized1'
INFO: [Synth 8-802] inferred FSM for state register 'state_reg' in module 'matmul_plain_dataAB_m_axi_reg_slice__parameterized2'
INFO: [Synth 8-802] inferred FSM for state register 'state_reg' in module 'matmul_plain_dataB_m_axi_reg_slice'
INFO: [Synth 8-802] inferred FSM for state register 'state_reg' in module 'matmul_plain_dataB_m_axi_reg_slice__parameterized0'
INFO: [Synth 8-802] inferred FSM for state register 'state_reg' in module 'matmul_plain_dataB_m_axi_reg_slice__parameterized1'
INFO: [Synth 8-802] inferred FSM for state register 'state_reg' in module 'matmul_plain_dataB_m_axi_reg_slice__parameterized2'
INFO: [Synth 8-4490] FSM extraction disabled for register 'ap_CS_fsm_reg' through user attribute
---------------------------------------------------------------------------------------------------
                   State |                     New Encoding |                Previous Encoding 
---------------------------------------------------------------------------------------------------
                  iSTATE |                             0001 |                               11
*
                  WRIDLE |                             0010 |                               00
                  WRDATA |                             0100 |                               01
                  WRRESP |                             1000 |                               10
---------------------------------------------------------------------------------------------------
INFO: [Synth 8-3354] encoded FSM with state register 'wstate_reg' using encoding 'one-hot' in module 'matmul_plain_ctrl_s_axi'
---------------------------------------------------------------------------------------------------
                   State |                     New Encoding |                Previous Encoding 
---------------------------------------------------------------------------------------------------
                  iSTATE |                              001 |                               10
*
                  RDIDLE |                              010 |                               00
                  RDDATA |                              100 |                               01
---------------------------------------------------------------------------------------------------
INFO: [Synth 8-3354] encoded FSM with state register 'rstate_reg' using encoding 'one-hot' in module 'matmul_plain_ctrl_s_axi'
INFO: [Synth 8-7082] The signal mem_reg is implemented as Block RAM but is better mapped onto distributed LUT RAM for the following reason(s): The depth (4 address bits) is shallow. Please use attribute (* ram_style = "distributed" *) to instruct Vivado to infer distributed LUT RAM.
---------------------------------------------------------------------------------------------------
                   State |                     New Encoding |                Previous Encoding 
---------------------------------------------------------------------------------------------------
                    ZERO |                               00 |                               10
                     ONE |                               10 |                               11
                     TWO |                               01 |                               01
---------------------------------------------------------------------------------------------------
INFO: [Synth 8-3354] encoded FSM with state register 'state_reg' using encoding 'sequential' in module 'matmul_plain_dataA_m_axi_reg_slice'
---------------------------------------------------------------------------------------------------
                   State |                     New Encoding |                Previous Encoding 
---------------------------------------------------------------------------------------------------
                    ZERO |                               00 |                               10
                     ONE |                               10 |                               11
                     TWO |                               01 |                               01
---------------------------------------------------------------------------------------------------
INFO: [Synth 8-3354] encoded FSM with state register 'state_reg' using encoding 'sequential' in module 'matmul_plain_dataA_m_axi_reg_slice__parameterized0'
---------------------------------------------------------------------------------------------------
                   State |                     New Encoding |                Previous Encoding 
---------------------------------------------------------------------------------------------------
                    ZERO |                               00 |                               10
                     ONE |                               10 |                               11
                     TWO |                               01 |                               01
---------------------------------------------------------------------------------------------------
INFO: [Synth 8-3354] encoded FSM with state register 'state_reg' using encoding 'sequential' in module 'matmul_plain_dataA_m_axi_reg_slice__parameterized1'
---------------------------------------------------------------------------------------------------
                   State |                     New Encoding |                Previous Encoding 
---------------------------------------------------------------------------------------------------
                    ZERO |                               00 |                               10
                     ONE |                               10 |                               11
                     TWO |                               01 |                               01
---------------------------------------------------------------------------------------------------
INFO: [Synth 8-3354] encoded FSM with state register 'state_reg' using encoding 'sequential' in module 'matmul_plain_dataA_m_axi_reg_slice__parameterized2'
INFO: [Synth 8-7082] The signal mem_reg is implemented as Block RAM but is better mapped onto distributed LUT RAM for the following reason(s): The depth (4 address bits) is shallow. Please use attribute (* ram_style = "distributed" *) to instruct Vivado to infer distributed LUT RAM.
---------------------------------------------------------------------------------------------------
                   State |                     New Encoding |                Previous Encoding 
---------------------------------------------------------------------------------------------------
                    ZERO |                               00 |                               10
                     ONE |                               10 |                               11
                     TWO |                               01 |                               01
---------------------------------------------------------------------------------------------------
INFO: [Synth 8-3354] encoded FSM with state register 'state_reg' using encoding 'sequential' in module 'matmul_plain_dataAB_m_axi_reg_slice'
---------------------------------------------------------------------------------------------------
                   State |                     New Encoding |                Previous Encoding 
---------------------------------------------------------------------------------------------------
                    ZERO |                               00 |                               10
                     ONE |                               10 |                               11
                     TWO |                               01 |                               01
---------------------------------------------------------------------------------------------------
INFO: [Synth 8-3354] encoded FSM with state register 'state_reg' using encoding 'sequential' in module 'matmul_plain_dataAB_m_axi_reg_slice__parameterized0'
---------------------------------------------------------------------------------------------------
                   State |                     New Encoding |                Previous Encoding 
---------------------------------------------------------------------------------------------------
                    ZERO |                               00 |                               10
                     ONE |                               10 |                               11
                     TWO |                               01 |                               01
---------------------------------------------------------------------------------------------------
INFO: [Synth 8-3354] encoded FSM with state register 'state_reg' using encoding 'sequential' in module 'matmul_plain_dataAB_m_axi_reg_slice__parameterized1'
---------------------------------------------------------------------------------------------------
                   State |                     New Encoding |                Previous Encoding 
---------------------------------------------------------------------------------------------------
                    ZERO |                               00 |                               10
                     ONE |                               10 |                               11
                     TWO |                               01 |                               01
---------------------------------------------------------------------------------------------------
INFO: [Synth 8-3354] encoded FSM with state register 'state_reg' using encoding 'sequential' in module 'matmul_plain_dataAB_m_axi_reg_slice__parameterized2'
INFO: [Synth 8-7082] The signal mem_reg is implemented as Block RAM but is better mapped onto distributed LUT RAM for the following reason(s): The depth (4 address bits) is shallow. Please use attribute (* ram_style = "distributed" *) to instruct Vivado to infer distributed LUT RAM.
---------------------------------------------------------------------------------------------------
                   State |                     New Encoding |                Previous Encoding 
---------------------------------------------------------------------------------------------------
                    ZERO |                               00 |                               10
                     ONE |                               10 |                               11
                     TWO |                               01 |                               01
---------------------------------------------------------------------------------------------------
INFO: [Synth 8-3354] encoded FSM with state register 'state_reg' using encoding 'sequential' in module 'matmul_plain_dataB_m_axi_reg_slice'
---------------------------------------------------------------------------------------------------
                   State |                     New Encoding |                Previous Encoding 
---------------------------------------------------------------------------------------------------
                    ZERO |                               00 |                               10
                     ONE |                               10 |                               11
                     TWO |                               01 |                               01
---------------------------------------------------------------------------------------------------
INFO: [Synth 8-3354] encoded FSM with state register 'state_reg' using encoding 'sequential' in module 'matmul_plain_dataB_m_axi_reg_slice__parameterized0'
---------------------------------------------------------------------------------------------------
                   State |                     New Encoding |                Previous Encoding 
---------------------------------------------------------------------------------------------------
                    ZERO |                               00 |                               10
                     ONE |                               10 |                               11
                     TWO |                               01 |                               01
---------------------------------------------------------------------------------------------------
INFO: [Synth 8-3354] encoded FSM with state register 'state_reg' using encoding 'sequential' in module 'matmul_plain_dataB_m_axi_reg_slice__parameterized1'
---------------------------------------------------------------------------------------------------
                   State |                     New Encoding |                Previous Encoding 
---------------------------------------------------------------------------------------------------
                    ZERO |                               00 |                               10
                     ONE |                               10 |                               11
                     TWO |                               01 |                               01
---------------------------------------------------------------------------------------------------
INFO: [Synth 8-3354] encoded FSM with state register 'state_reg' using encoding 'sequential' in module 'matmul_plain_dataB_m_axi_reg_slice__parameterized2'
---------------------------------------------------------------------------------
Finished RTL Optimization Phase 2 : Time (s): cpu = 00:00:37 ; elapsed = 00:00:39 . Memory (MB): peak = 3718.664 ; gain = 602.520 ; free physical = 25204 ; free virtual = 100039
---------------------------------------------------------------------------------
INFO: [Synth 8-223] decloning instance 'inst/fadd_32ns_32ns_32_4_full_dsp_1_U1/matmul_plain_fadd_32ns_32ns_32_4_full_dsp_1_ip_u/inst/i_synth/ADDSUB_OP.ADDSUB/DSP.OP/DSP48E1_BODY.ALIGN_ADD/SUB_DELAY' (delay__parameterized0) to 'inst/fadd_32ns_32ns_32_4_full_dsp_1_U1/matmul_plain_fadd_32ns_32ns_32_4_full_dsp_1_ip_u/inst/i_synth/ADDSUB_OP.ADDSUB/DSP.OP/DSP48E1_BODY.ALIGN_ADD/SUB_ADD_IP_DELAY'
INFO: [Synth 8-223] decloning instance 'inst/fadd_32ns_32ns_32_4_full_dsp_1_U1/matmul_plain_fadd_32ns_32ns_32_4_full_dsp_1_ip_u/inst/i_synth/DELAY_DIVIDE_BY_ZERO' (delay__parameterized0) to 'inst/fadd_32ns_32ns_32_4_full_dsp_1_U1/matmul_plain_fadd_32ns_32ns_32_4_full_dsp_1_ip_u/inst/i_synth/DELAY_ACCUM_OVERFLOW'
INFO: [Synth 8-223] decloning instance 'inst/fadd_32ns_32ns_32_4_full_dsp_1_U1/matmul_plain_fadd_32ns_32ns_32_4_full_dsp_1_ip_u/inst/i_synth/DELAY_DIVIDE_BY_ZERO' (delay__parameterized0) to 'inst/fadd_32ns_32ns_32_4_full_dsp_1_U1/matmul_plain_fadd_32ns_32ns_32_4_full_dsp_1_ip_u/inst/i_synth/DELAY_ACCUM_INPUT_OVERFLOW'
INFO: [Synth 8-223] decloning instance 'inst/fmul_32ns_32ns_32_3_max_dsp_1_U2/matmul_plain_fmul_32ns_32ns_32_3_max_dsp_1_ip_u/inst/i_synth/DELAY_DIVIDE_BY_ZERO' (delay__parameterized0) to 'inst/fmul_32ns_32ns_32_3_max_dsp_1_U2/matmul_plain_fmul_32ns_32ns_32_3_max_dsp_1_ip_u/inst/i_synth/DELAY_ACCUM_OVERFLOW'
INFO: [Synth 8-223] decloning instance 'inst/fmul_32ns_32ns_32_3_max_dsp_1_U2/matmul_plain_fmul_32ns_32ns_32_3_max_dsp_1_ip_u/inst/i_synth/DELAY_DIVIDE_BY_ZERO' (delay__parameterized0) to 'inst/fmul_32ns_32ns_32_3_max_dsp_1_U2/matmul_plain_fmul_32ns_32ns_32_3_max_dsp_1_ip_u/inst/i_synth/DELAY_ACCUM_INPUT_OVERFLOW'
---------------------------------------------------------------------------------
Start RTL Component Statistics 
---------------------------------------------------------------------------------
---------------------------------------------------------------------------------
Finished RTL Component Statistics 
---------------------------------------------------------------------------------
---------------------------------------------------------------------------------
Start Part Resource Summary
---------------------------------------------------------------------------------
Part Resources:
DSPs: 1248 (col length:96)
BRAMs: 288 (col length: RAMB18 96 RAMB36 48)
---------------------------------------------------------------------------------
Finished Part Resource Summary
---------------------------------------------------------------------------------
---------------------------------------------------------------------------------
Start Cross Boundary and Area Optimization
---------------------------------------------------------------------------------
WARNING: [Synth 8-7080] Parallel synthesis criteria is not met
INFO: [Synth 8-5784] Optimized 36 bits of RAM "store_unit/buff_wdata/U_fifo_mem/mem_reg" due to constant propagation. Old ram width 36 bits, new ram width 0 bits.
WARNING: [Synth 8-5785] Removed RAM "store_unit/buff_wdata/U_fifo_mem/mem_reg" due to constant propagation. Write data stuck at zero 
INFO: [Synth 8-7082] The signal store_unit/buff_wdata/U_fifo_mem/mem_reg is implemented as Block RAM but is better mapped onto distributed LUT RAM for the following reason(s): The depth (4 address bits) is shallow. Please use attribute (* ram_style = "distributed" *) to instruct Vivado to infer distributed LUT RAM.
INFO: [Synth 8-5784] Optimized 36 bits of RAM "dataB_m_axi_U/store_unit/buff_wdata/U_fifo_mem/mem_reg" due to constant propagation. Old ram width 36 bits, new ram width 0 bits.
WARNING: [Synth 8-5785] Removed RAM "dataB_m_axi_U/store_unit/buff_wdata/U_fifo_mem/mem_reg" due to constant propagation. Write data stuck at zero 
WARNING: [Synth 8-3332] Sequential element (FSM_onehot_wstate_reg[0]) is unused and will be removed from module matmul_plain_ctrl_s_axi.
WARNING: [Synth 8-3332] Sequential element (FSM_onehot_rstate_reg[0]) is unused and will be removed from module matmul_plain_ctrl_s_axi.
WARNING: [Synth 8-3332] Sequential element (bus_write/wreq_burst_conv/rs_req/FSM_sequential_state_reg[1]) is unused and will be removed from module matmul_plain_dataA_m_axi.
WARNING: [Synth 8-3332] Sequential element (bus_write/wreq_burst_conv/rs_req/FSM_sequential_state_reg[0]) is unused and will be removed from module matmul_plain_dataA_m_axi.
WARNING: [Synth 8-3332] Sequential element (bus_write/wreq_throttle/rs_req/FSM_sequential_state_reg[1]) is unused and will be removed from module matmul_plain_dataA_m_axi.
WARNING: [Synth 8-3332] Sequential element (bus_write/wreq_throttle/rs_req/FSM_sequential_state_reg[0]) is unused and will be removed from module matmul_plain_dataA_m_axi.
WARNING: [Synth 8-3332] Sequential element (bus_read/rreq_burst_conv/rs_req/FSM_sequential_state_reg[1]) is unused and will be removed from module matmul_plain_dataAB_m_axi.
WARNING: [Synth 8-3332] Sequential element (bus_read/rreq_burst_conv/rs_req/FSM_sequential_state_reg[0]) is unused and will be removed from module matmul_plain_dataAB_m_axi.
INFO: [Synth 8-3332] Sequential element (ADDSUB_OP.ADDSUB/DSP.OP/DSP48E1_BODY.NORM_RND/FULL_USAGE_DSP.LOD/dist_norm_reg[1]) is unused and will be removed from module floating_point_v7_1_15_viv.
INFO: [Synth 8-3332] Sequential element (ADDSUB_OP.ADDSUB/DSP.OP/DSP48E1_BODY.NORM_RND/FULL_USAGE_DSP.LOD/dist_norm_reg[0]) is unused and will be removed from module floating_point_v7_1_15_viv.
---------------------------------------------------------------------------------
Finished Cross Boundary and Area Optimization : Time (s): cpu = 00:01:22 ; elapsed = 00:01:25 . Memory (MB): peak = 3718.664 ; gain = 602.520 ; free physical = 23213 ; free virtual = 98048
---------------------------------------------------------------------------------
---------------------------------------------------------------------------------
Start Applying XDC Timing Constraints
---------------------------------------------------------------------------------
---------------------------------------------------------------------------------
Finished Applying XDC Timing Constraints : Time (s): cpu = 00:01:33 ; elapsed = 00:01:39 . Memory (MB): peak = 4083.766 ; gain = 967.621 ; free physical = 22796 ; free virtual = 97645
---------------------------------------------------------------------------------
---------------------------------------------------------------------------------
Start Timing Optimization
---------------------------------------------------------------------------------
---------------------------------------------------------------------------------
Finished Timing Optimization : Time (s): cpu = 00:02:27 ; elapsed = 00:02:33 . Memory (MB): peak = 4487.695 ; gain = 1371.551 ; free physical = 27432 ; free virtual = 102271
---------------------------------------------------------------------------------
---------------------------------------------------------------------------------
Start Technology Mapping
---------------------------------------------------------------------------------
INFO: [Synth 8-7052] The timing for the instance inst/dataA_m_axi_U/load_unit/buff_rdata/U_fifo_mem/mem_reg (implemented as a Block RAM) might be sub-optimal as no optional output register could be merged into the ram block. Providing additional output register may help in improving timing.
INFO: [Synth 8-7052] The timing for the instance inst/dataB_m_axi_U/load_unit/buff_rdata/U_fifo_mem/mem_reg (implemented as a Block RAM) might be sub-optimal as no optional output register could be merged into the ram block. Providing additional output register may help in improving timing.
---------------------------------------------------------------------------------
Finished Technology Mapping : Time (s): cpu = 00:02:35 ; elapsed = 00:02:42 . Memory (MB): peak = 4511.695 ; gain = 1395.551 ; free physical = 27407 ; free virtual = 102245
---------------------------------------------------------------------------------
---------------------------------------------------------------------------------
Start IO Insertion
---------------------------------------------------------------------------------
---------------------------------------------------------------------------------
Start Flattening Before IO Insertion
---------------------------------------------------------------------------------
---------------------------------------------------------------------------------
Finished Flattening Before IO Insertion
---------------------------------------------------------------------------------
---------------------------------------------------------------------------------
Start Final Netlist Cleanup
---------------------------------------------------------------------------------
---------------------------------------------------------------------------------
Finished Final Netlist Cleanup
---------------------------------------------------------------------------------
---------------------------------------------------------------------------------
Finished IO Insertion : Time (s): cpu = 00:02:41 ; elapsed = 00:02:47 . Memory (MB): peak = 4511.695 ; gain = 1395.551 ; free physical = 27272 ; free virtual = 102102
---------------------------------------------------------------------------------
---------------------------------------------------------------------------------
Start Renaming Generated Instances
---------------------------------------------------------------------------------
---------------------------------------------------------------------------------
Finished Renaming Generated Instances : Time (s): cpu = 00:02:41 ; elapsed = 00:02:47 . Memory (MB): peak = 4511.695 ; gain = 1395.551 ; free physical = 27260 ; free virtual = 102091
---------------------------------------------------------------------------------
---------------------------------------------------------------------------------
Start Rebuilding User Hierarchy
---------------------------------------------------------------------------------
---------------------------------------------------------------------------------
Finished Rebuilding User Hierarchy : Time (s): cpu = 00:02:42 ; elapsed = 00:02:49 . Memory (MB): peak = 4511.695 ; gain = 1395.551 ; free physical = 26935 ; free virtual = 101764
---------------------------------------------------------------------------------
---------------------------------------------------------------------------------
Start Renaming Generated Ports
---------------------------------------------------------------------------------
---------------------------------------------------------------------------------
Finished Renaming Generated Ports : Time (s): cpu = 00:02:42 ; elapsed = 00:02:49 . Memory (MB): peak = 4511.695 ; gain = 1395.551 ; free physical = 26907 ; free virtual = 101736
---------------------------------------------------------------------------------
---------------------------------------------------------------------------------
Start Handling Custom Attributes
---------------------------------------------------------------------------------
---------------------------------------------------------------------------------
Finished Handling Custom Attributes : Time (s): cpu = 00:02:43 ; elapsed = 00:02:50 . Memory (MB): peak = 4511.695 ; gain = 1395.551 ; free physical = 26847 ; free virtual = 101677
---------------------------------------------------------------------------------
---------------------------------------------------------------------------------
Start Renaming Generated Nets
---------------------------------------------------------------------------------
---------------------------------------------------------------------------------
Finished Renaming Generated Nets : Time (s): cpu = 00:02:43 ; elapsed = 00:02:50 . Memory (MB): peak = 4511.695 ; gain = 1395.551 ; free physical = 26846 ; free virtual = 101676
---------------------------------------------------------------------------------
---------------------------------------------------------------------------------
Start Writing Synthesis Report
---------------------------------------------------------------------------------

DSP Final Report (the ' indicates corresponding REG is set)
+--------------------------------+--------------+--------+--------+--------+--------+--------+------+------+------+------+-------+------+------+
|Module Name                     | DSP Mapping  | A Size | B Size | C Size | D Size | P Size | AREG | BREG | CREG | DREG | ADREG | MREG | PREG | 
+--------------------------------+--------------+--------+--------+--------+--------+--------+------+------+------+------+-------+------+------+
|dsp48e1_wrapper                 | Dynamic      | -      | -      | -      | -      | 40     | -    | -    | -    | -    | 0     | 0    | 0    | 
|dsp48e1_wrapper__parameterized0 | C+A*B        | 24     | 16     | 35     | -      | 35     | 0    | 0    | 0    | -    | -     | 0    | 0    | 
|dsp48e1_wrapper__parameterized1 | A*B          | 24     | 17     | -      | -      | 41     | 0    | 0    | -    | -    | -     | 0    | 0    | 
|dsp48e1_wrapper__parameterized2 | PCIN>>17+A*B | 0      | 7      | -      | -      | 31     | 0    | 0    | -    | -    | -     | 0    | 0    | 
|dsp48e1_wrapper__parameterized3 | PCIN+A:B+C   | 22     | 0      | -      | -      | 48     | 0    | 0    | -    | -    | -     | 0    | 0    | 
+--------------------------------+--------------+--------+--------+--------+--------+--------+------+------+------+------+-------+------+------+


Report BlackBoxes: 
+-+--------------+----------+
| |BlackBox name |Instances |
+-+--------------+----------+
+-+--------------+----------+

Report Cell Usage: 
+------+---------+------+
|      |Cell     |Count |
+------+---------+------+
|1     |CARRY8   |   577|
|2     |DSP48E1  |     5|
|3     |LUT1     |   265|
|4     |LUT2     |   371|
|5     |LUT3     |   998|
|6     |LUT4     |   563|
|7     |LUT5     |   899|
|8     |LUT6     |  4191|
|9     |MUXCY    |    74|
|10    |MUXF7    |     3|
|11    |RAMB18E2 |     3|
|13    |SRL16E   |   334|
|14    |XORCY    |    25|
|15    |FDE      |    11|
|16    |FDRE     | 13626|
|17    |FDSE     |     9|
+------+---------+------+
---------------------------------------------------------------------------------
Finished Writing Synthesis Report : Time (s): cpu = 00:02:43 ; elapsed = 00:02:50 . Memory (MB): peak = 4511.695 ; gain = 1395.551 ; free physical = 26845 ; free virtual = 101676
---------------------------------------------------------------------------------
Synthesis finished with 0 errors, 0 critical warnings and 11 warnings.
Synthesis Optimization Runtime : Time (s): cpu = 00:02:31 ; elapsed = 00:02:39 . Memory (MB): peak = 4511.695 ; gain = 1264.707 ; free physical = 26842 ; free virtual = 101673
Synthesis Optimization Complete : Time (s): cpu = 00:02:43 ; elapsed = 00:02:50 . Memory (MB): peak = 4511.703 ; gain = 1395.551 ; free physical = 26841 ; free virtual = 101671
INFO: [Project 1-571] Translating synthesized netlist
Netlist sorting complete. Time (s): cpu = 00:00:00.31 ; elapsed = 00:00:00.32 . Memory (MB): peak = 4511.703 ; gain = 0.000 ; free physical = 27009 ; free virtual = 101839
INFO: [Netlist 29-17] Analyzing 695 Unisim elements for replacement
INFO: [Netlist 29-28] Unisim Transformation completed in 0 CPU seconds
INFO: [Project 1-570] Preparing netlist for logic optimization
INFO: [Opt 31-138] Pushed 0 inverter(s) to 0 load pin(s).
Netlist sorting complete. Time (s): cpu = 00:00:00 ; elapsed = 00:00:00 . Memory (MB): peak = 4543.711 ; gain = 0.000 ; free physical = 25961 ; free virtual = 100792
INFO: [Project 1-111] Unisim Transformation Summary:
  A total of 29 instances were transformed.
  (CARRY4) => CARRY8: 13 instances
  DSP48E1 => DSP48E2 (DSP_ALU, DSP_A_B_DATA, DSP_C_DATA, DSP_MULTIPLIER, DSP_M_DATA, DSP_OUTPUT, DSP_PREADD, DSP_PREADD_DATA): 5 instances
  FDE => FDRE: 11 instances

Synth Design complete | Checksum: 52ddf529
INFO: [Common 17-83] Releasing license: Synthesis
246 Infos, 122 Warnings, 0 Critical Warnings and 0 Errors encountered.
synth_design completed successfully
synth_design: Time (s): cpu = 00:02:58 ; elapsed = 00:03:03 . Memory (MB): peak = 4543.711 ; gain = 2345.691 ; free physical = 25945 ; free virtual = 100775
INFO: [Common 17-2834] synth_design peak Physical Memory [PSS] (MB): overall = 4020.681; main = 3698.489; forked = 368.866
INFO: [Common 17-2834] synth_design peak Virtual Memory [VSS] (MB): overall = 5492.191; main = 4543.715; forked = 980.492
INFO: [Common 17-1381] The checkpoint '/users/ugrad/yuhuah2/eecs298soc/Matmul_no_op_1/Matmul_no_op_1.runs/design_1_matmul_plain_0_0_synth_1/design_1_matmul_plain_0_0.dcp' has been generated.
INFO: [Coretcl 2-1648] Added synthesis output to IP cache for IP design_1_matmul_plain_0_0, cache-ID = 3f48a687ddf3c3b6
INFO: [Coretcl 2-1174] Renamed 151 cell refs.
INFO: [Common 17-1381] The checkpoint '/users/ugrad/yuhuah2/eecs298soc/Matmul_no_op_1/Matmul_no_op_1.runs/design_1_matmul_plain_0_0_synth_1/design_1_matmul_plain_0_0.dcp' has been generated.
INFO: [runtcl-4] Executing : report_utilization -file design_1_matmul_plain_0_0_utilization_synth.rpt -pb design_1_matmul_plain_0_0_utilization_synth.pb
INFO: [Common 17-206] Exiting Vivado at Sun Nov  3 19:15:06 2024...
