INFO-FLOW: Workspace E:/Xilinx_Prj/SoC-based-MatMul-Accelerator-and-DNN-Accelerator/final_prj/solution1 opened at Fri Dec 13 14:49:47 -0800 2024
Execute     ap_set_clock -name default -period 10 -default=false 
INFO: [SYN 201-201] Setting up clock 'default' with a period of 10ns.
Execute     set_part xck26sfvc784-2LV-c 
Execute       create_platform xck26sfvc784-2LV-c -board  
DBG:HLSDevice: Trying to load device library: E:/Xilinx/Vitis_HLS/2023.2\lib\win64.o\xv_hlsvwrap.dll
DBG:HLSDevice: first parts/arch.xml in RDI_DATADIR: E:/Xilinx/Vivado/2023.2/data/parts/arch.xml
DBG:HLSDevice: init success
ERROR: [HLS 200-1023] Part 'xck26sfvc784-2LV-c' is not installed.
Command       create_platform done; error code: 1; 1.106 sec.
INFO-FLOW: Caught error in set_part: command 'create_platform' returned error code
    while executing
"create_platform $value -board $board"
    (procedure "ap_internal_set_part" line 26)
    invoked from within
"ap_internal_set_part "
Command     set_part done; error code: 2; 1.295 sec.
INFO-FLOW: Caught error in open_solution: command 'create_platform' returned error code
    while executing
"::AP::initSetPart"
    (procedure "ap_internal_open_solution" line 128)
    invoked from within
"ap_internal_open_solution "
Command   open_solution done; error code: 2; 1.408 sec.
Command ap_source done; error code: 1; 1.437 sec.
Execute cleanup_all 
