/users/ugrad/yuhuah2/eecs298soc/Lab1/solution1/.autopilot/db/pl_vecadd.pp.0.cpp:1320:7: warning: Added loop label VITIS_LOOP_1213_1:   [xilinx-label-all-loops]
      for (i = 0; i < __N - 1; ++i) {
      ^~~
      VITIS_LOOP_1213_1: 
/users/ugrad/yuhuah2/eecs298soc/Lab1/solution1/.autopilot/db/pl_vecadd.pp.0.cpp:1320:7: note: FIX-IT applied suggested code changes
/users/ugrad/yuhuah2/eecs298soc/Lab1/solution1/.autopilot/db/pl_vecadd.pp.0.cpp:2294:5: warning: Added loop label VITIS_LOOP_676_1:   [xilinx-label-all-loops]
    for (unsigned i = low; i != high; ++i) {
    ^~~
    VITIS_LOOP_676_1: 
/users/ugrad/yuhuah2/eecs298soc/Lab1/solution1/.autopilot/db/pl_vecadd.pp.0.cpp:2294:5: note: FIX-IT applied suggested code changes
/users/ugrad/yuhuah2/eecs298soc/Lab1/solution1/.autopilot/db/pl_vecadd.pp.0.cpp:2308:5: warning: Added loop label VITIS_LOOP_690_1:   [xilinx-label-all-loops]
    for (unsigned i = low; i != high; ++i) {
    ^~~
    VITIS_LOOP_690_1: 
/users/ugrad/yuhuah2/eecs298soc/Lab1/solution1/.autopilot/db/pl_vecadd.pp.0.cpp:2308:5: note: FIX-IT applied suggested code changes
/users/ugrad/yuhuah2/eecs298soc/Lab1/solution1/.autopilot/db/pl_vecadd.pp.0.cpp:2322:5: warning: Added loop label VITIS_LOOP_704_1:   [xilinx-label-all-loops]
    for (unsigned i = low; i != high; ++i) {
    ^~~
    VITIS_LOOP_704_1: 
/users/ugrad/yuhuah2/eecs298soc/Lab1/solution1/.autopilot/db/pl_vecadd.pp.0.cpp:2322:5: note: FIX-IT applied suggested code changes
/users/ugrad/yuhuah2/eecs298soc/Lab1/solution1/.autopilot/db/pl_vecadd.pp.0.cpp:3933:7: warning: Added loop label VITIS_LOOP_1247_1:   [xilinx-label-all-loops]
      for (i = 0; i < __N - 1; ++i) {
      ^~~
      VITIS_LOOP_1247_1: 
/users/ugrad/yuhuah2/eecs298soc/Lab1/solution1/.autopilot/db/pl_vecadd.pp.0.cpp:3933:7: note: FIX-IT applied suggested code changes
/users/ugrad/yuhuah2/eecs298soc/Lab1/solution1/.autopilot/db/pl_vecadd.pp.0.cpp:15301:72: error: Invalid Directive: for current device, ROM_1P + LUTRAM is invalid combination for BIND_STORAGE's option 'type + impl' [clang-diagnostic-error]
#pragma HLS BIND_STORAGE variable=fourth_order_double::sin_cos_K0 type=ROM_1P impl=LUTRAM
                                                                       ^
/users/ugrad/yuhuah2/eecs298soc/Lab1/solution1/.autopilot/db/pl_vecadd.pp.0.cpp:15302:72: error: Invalid Directive: for current device, ROM_1P + LUTRAM is invalid combination for BIND_STORAGE's option 'type + impl' [clang-diagnostic-error]
#pragma HLS BIND_STORAGE variable=fourth_order_double::sin_cos_K1 type=ROM_1P impl=LUTRAM
                                                                       ^
/users/ugrad/yuhuah2/eecs298soc/Lab1/solution1/.autopilot/db/pl_vecadd.pp.0.cpp:15303:72: error: Invalid Directive: for current device, ROM_1P + LUTRAM is invalid combination for BIND_STORAGE's option 'type + impl' [clang-diagnostic-error]
#pragma HLS BIND_STORAGE variable=fourth_order_double::sin_cos_K2 type=ROM_1P impl=LUTRAM
                                                                       ^
/users/ugrad/yuhuah2/eecs298soc/Lab1/solution1/.autopilot/db/pl_vecadd.pp.0.cpp:15304:72: error: Invalid Directive: for current device, ROM_1P + LUTRAM is invalid combination for BIND_STORAGE's option 'type + impl' [clang-diagnostic-error]
#pragma HLS BIND_STORAGE variable=fourth_order_double::sin_cos_K3 type=ROM_1P impl=LUTRAM
                                                                       ^
/users/ugrad/yuhuah2/eecs298soc/Lab1/solution1/.autopilot/db/pl_vecadd.pp.0.cpp:15305:72: error: Invalid Directive: for current device, ROM_1P + LUTRAM is invalid combination for BIND_STORAGE's option 'type + impl' [clang-diagnostic-error]
#pragma HLS BIND_STORAGE variable=fourth_order_double::sin_cos_K4 type=ROM_1P impl=LUTRAM
                                                                       ^
/users/ugrad/yuhuah2/eecs298soc/Lab1/solution1/.autopilot/db/pl_vecadd.pp.0.cpp:15335:68: error: Invalid Directive: for current device, ROM_1P + LUTRAM is invalid combination for BIND_STORAGE's option 'type + impl' [clang-diagnostic-error]
#pragma HLS BIND_STORAGE variable=fourth_order_double::cos_K0 type=ROM_1P impl=LUTRAM
                                                                   ^
/users/ugrad/yuhuah2/eecs298soc/Lab1/solution1/.autopilot/db/pl_vecadd.pp.0.cpp:15336:68: error: Invalid Directive: for current device, ROM_1P + LUTRAM is invalid combination for BIND_STORAGE's option 'type + impl' [clang-diagnostic-error]
#pragma HLS BIND_STORAGE variable=fourth_order_double::cos_K1 type=ROM_1P impl=LUTRAM
                                                                   ^
/users/ugrad/yuhuah2/eecs298soc/Lab1/solution1/.autopilot/db/pl_vecadd.pp.0.cpp:15337:68: error: Invalid Directive: for current device, ROM_1P + LUTRAM is invalid combination for BIND_STORAGE's option 'type + impl' [clang-diagnostic-error]
#pragma HLS BIND_STORAGE variable=fourth_order_double::cos_K2 type=ROM_1P impl=LUTRAM
                                                                   ^
/users/ugrad/yuhuah2/eecs298soc/Lab1/solution1/.autopilot/db/pl_vecadd.pp.0.cpp:15338:68: error: Invalid Directive: for current device, ROM_1P + LUTRAM is invalid combination for BIND_STORAGE's option 'type + impl' [clang-diagnostic-error]
#pragma HLS BIND_STORAGE variable=fourth_order_double::cos_K3 type=ROM_1P impl=LUTRAM
                                                                   ^
/users/ugrad/yuhuah2/eecs298soc/Lab1/solution1/.autopilot/db/pl_vecadd.pp.0.cpp:15339:68: error: Invalid Directive: for current device, ROM_1P + LUTRAM is invalid combination for BIND_STORAGE's option 'type + impl' [clang-diagnostic-error]
#pragma HLS BIND_STORAGE variable=fourth_order_double::cos_K4 type=ROM_1P impl=LUTRAM
                                                                   ^
/users/ugrad/yuhuah2/eecs298soc/Lab1/solution1/.autopilot/db/pl_vecadd.pp.0.cpp:15340:68: error: Invalid Directive: for current device, ROM_1P + LUTRAM is invalid combination for BIND_STORAGE's option 'type + impl' [clang-diagnostic-error]
#pragma HLS BIND_STORAGE variable=fourth_order_double::sin_K0 type=ROM_1P impl=LUTRAM
                                                                   ^
/users/ugrad/yuhuah2/eecs298soc/Lab1/solution1/.autopilot/db/pl_vecadd.pp.0.cpp:15341:68: error: Invalid Directive: for current device, ROM_1P + LUTRAM is invalid combination for BIND_STORAGE's option 'type + impl' [clang-diagnostic-error]
#pragma HLS BIND_STORAGE variable=fourth_order_double::sin_K1 type=ROM_1P impl=LUTRAM
                                                                   ^
/users/ugrad/yuhuah2/eecs298soc/Lab1/solution1/.autopilot/db/pl_vecadd.pp.0.cpp:15342:68: error: Invalid Directive: for current device, ROM_1P + LUTRAM is invalid combination for BIND_STORAGE's option 'type + impl' [clang-diagnostic-error]
#pragma HLS BIND_STORAGE variable=fourth_order_double::sin_K2 type=ROM_1P impl=LUTRAM
                                                                   ^
/users/ugrad/yuhuah2/eecs298soc/Lab1/solution1/.autopilot/db/pl_vecadd.pp.0.cpp:15343:68: error: Invalid Directive: for current device, ROM_1P + LUTRAM is invalid combination for BIND_STORAGE's option 'type + impl' [clang-diagnostic-error]
#pragma HLS BIND_STORAGE variable=fourth_order_double::sin_K3 type=ROM_1P impl=LUTRAM
                                                                   ^
/users/ugrad/yuhuah2/eecs298soc/Lab1/solution1/.autopilot/db/pl_vecadd.pp.0.cpp:15344:68: error: Invalid Directive: for current device, ROM_1P + LUTRAM is invalid combination for BIND_STORAGE's option 'type + impl' [clang-diagnostic-error]
#pragma HLS BIND_STORAGE variable=fourth_order_double::sin_K4 type=ROM_1P impl=LUTRAM
                                                                   ^
/users/ugrad/yuhuah2/eecs298soc/Lab1/solution1/.autopilot/db/pl_vecadd.pp.0.cpp:15394:71: error: Invalid Directive: for current device, ROM_1P + LUTRAM is invalid combination for BIND_STORAGE's option 'type + impl' [clang-diagnostic-error]
#pragma HLS BIND_STORAGE variable=second_order_float::sin_cos_K0 type=ROM_1P impl=LUTRAM
                                                                      ^
/users/ugrad/yuhuah2/eecs298soc/Lab1/solution1/.autopilot/db/pl_vecadd.pp.0.cpp:15395:71: error: Invalid Directive: for current device, ROM_1P + LUTRAM is invalid combination for BIND_STORAGE's option 'type + impl' [clang-diagnostic-error]
#pragma HLS BIND_STORAGE variable=second_order_float::sin_cos_K1 type=ROM_1P impl=LUTRAM
                                                                      ^
/users/ugrad/yuhuah2/eecs298soc/Lab1/solution1/.autopilot/db/pl_vecadd.pp.0.cpp:15396:71: error: Invalid Directive: for current device, ROM_1P + LUTRAM is invalid combination for BIND_STORAGE's option 'type + impl' [clang-diagnostic-error]
#pragma HLS BIND_STORAGE variable=second_order_float::sin_cos_K2 type=ROM_1P impl=LUTRAM
                                                                      ^
/users/ugrad/yuhuah2/eecs298soc/Lab1/solution1/.autopilot/db/pl_vecadd.pp.0.cpp:15423:67: error: Invalid Directive: for current device, ROM_1P + LUTRAM is invalid combination for BIND_STORAGE's option 'type + impl' [clang-diagnostic-error]
#pragma HLS BIND_STORAGE variable=second_order_float::cos_K0 type=ROM_1P impl=LUTRAM
                                                                  ^
/users/ugrad/yuhuah2/eecs298soc/Lab1/solution1/.autopilot/db/pl_vecadd.pp.0.cpp:15424:67: error: Invalid Directive: for current device, ROM_1P + LUTRAM is invalid combination for BIND_STORAGE's option 'type + impl' [clang-diagnostic-error]
#pragma HLS BIND_STORAGE variable=second_order_float::cos_K1 type=ROM_1P impl=LUTRAM
                                                                  ^
/users/ugrad/yuhuah2/eecs298soc/Lab1/solution1/.autopilot/db/pl_vecadd.pp.0.cpp:15425:67: error: Invalid Directive: for current device, ROM_1P + LUTRAM is invalid combination for BIND_STORAGE's option 'type + impl' [clang-diagnostic-error]
#pragma HLS BIND_STORAGE variable=second_order_float::cos_K2 type=ROM_1P impl=LUTRAM
                                                                  ^
/users/ugrad/yuhuah2/eecs298soc/Lab1/solution1/.autopilot/db/pl_vecadd.pp.0.cpp:15426:67: error: Invalid Directive: for current device, ROM_1P + LUTRAM is invalid combination for BIND_STORAGE's option 'type + impl' [clang-diagnostic-error]
#pragma HLS BIND_STORAGE variable=second_order_float::sin_K0 type=ROM_1P impl=LUTRAM
                                                                  ^
/users/ugrad/yuhuah2/eecs298soc/Lab1/solution1/.autopilot/db/pl_vecadd.pp.0.cpp:15427:67: error: Invalid Directive: for current device, ROM_1P + LUTRAM is invalid combination for BIND_STORAGE's option 'type + impl' [clang-diagnostic-error]
#pragma HLS BIND_STORAGE variable=second_order_float::sin_K1 type=ROM_1P impl=LUTRAM
                                                                  ^
/users/ugrad/yuhuah2/eecs298soc/Lab1/solution1/.autopilot/db/pl_vecadd.pp.0.cpp:15428:67: error: Invalid Directive: for current device, ROM_1P + LUTRAM is invalid combination for BIND_STORAGE's option 'type + impl' [clang-diagnostic-error]
#pragma HLS BIND_STORAGE variable=second_order_float::sin_K2 type=ROM_1P impl=LUTRAM
                                                                  ^
/users/ugrad/yuhuah2/eecs298soc/Lab1/solution1/.autopilot/db/pl_vecadd.pp.0.cpp:15464:73: error: Invalid Directive: for current device, ROM_1P + LUTRAM is invalid combination for BIND_STORAGE's option 'type + impl' [clang-diagnostic-error]
#pragma HLS BIND_STORAGE variable=first_order_fixed_16::sin_cos_K0 type=ROM_1P impl=LUTRAM
                                                                        ^
/users/ugrad/yuhuah2/eecs298soc/Lab1/solution1/.autopilot/db/pl_vecadd.pp.0.cpp:15465:73: error: Invalid Directive: for current device, ROM_1P + LUTRAM is invalid combination for BIND_STORAGE's option 'type + impl' [clang-diagnostic-error]
#pragma HLS BIND_STORAGE variable=first_order_fixed_16::sin_cos_K1 type=ROM_1P impl=LUTRAM
                                                                        ^
/users/ugrad/yuhuah2/eecs298soc/Lab1/solution1/.autopilot/db/pl_vecadd.pp.0.cpp:15739:5: warning: Added loop label VITIS_LOOP_87_1:   [xilinx-label-all-loops]
    for (int n=0; n<Nmax; n++){
    ^~~
    VITIS_LOOP_87_1: 
/users/ugrad/yuhuah2/eecs298soc/Lab1/solution1/.autopilot/db/pl_vecadd.pp.0.cpp:15739:5: note: FIX-IT applied suggested code changes
/users/ugrad/yuhuah2/eecs298soc/Lab1/solution1/.autopilot/db/pl_vecadd.pp.0.cpp:15785:5: warning: Added loop label VITIS_LOOP_143_1:   [xilinx-label-all-loops]
    for (int n=0; n<Nmax; n++){
    ^~~
    VITIS_LOOP_143_1: 
/users/ugrad/yuhuah2/eecs298soc/Lab1/solution1/.autopilot/db/pl_vecadd.pp.0.cpp:15785:5: note: FIX-IT applied suggested code changes
/users/ugrad/yuhuah2/eecs298soc/Lab1/solution1/.autopilot/db/pl_vecadd.pp.0.cpp:15948:9: warning: Added loop label VITIS_LOOP_315_1:   [xilinx-label-all-loops]
        for(int i=0;i<W-1;i++){
        ^~~
        VITIS_LOOP_315_1: 
/users/ugrad/yuhuah2/eecs298soc/Lab1/solution1/.autopilot/db/pl_vecadd.pp.0.cpp:15948:9: note: FIX-IT applied suggested code changes
/users/ugrad/yuhuah2/eecs298soc/Lab1/solution1/.autopilot/db/pl_vecadd.pp.0.cpp:16100:9: warning: Added loop label VITIS_LOOP_475_1:   [xilinx-label-all-loops]
        for(int i=0;i<W-1;i++){
        ^~~
        VITIS_LOOP_475_1: 
/users/ugrad/yuhuah2/eecs298soc/Lab1/solution1/.autopilot/db/pl_vecadd.pp.0.cpp:16100:9: note: FIX-IT applied suggested code changes
/users/ugrad/yuhuah2/eecs298soc/Lab1/solution1/.autopilot/db/pl_vecadd.pp.0.cpp:16280:5: warning: Added loop label VITIS_LOOP_655_1:   [xilinx-label-all-loops]
    for(int i=0;i<W+1;i++){
    ^~~
    VITIS_LOOP_655_1: 
/users/ugrad/yuhuah2/eecs298soc/Lab1/solution1/.autopilot/db/pl_vecadd.pp.0.cpp:16280:5: note: FIX-IT applied suggested code changes
/users/ugrad/yuhuah2/eecs298soc/Lab1/solution1/.autopilot/db/pl_vecadd.pp.0.cpp:16284:5: warning: Added loop label VITIS_LOOP_659_2:   [xilinx-label-all-loops]
    for(int i=0;i<W+1;i++){
    ^~~
    VITIS_LOOP_659_2: 
/users/ugrad/yuhuah2/eecs298soc/Lab1/solution1/.autopilot/db/pl_vecadd.pp.0.cpp:16284:5: note: FIX-IT applied suggested code changes
/users/ugrad/yuhuah2/eecs298soc/Lab1/solution1/.autopilot/db/pl_vecadd.pp.0.cpp:16394:5: warning: Added loop label VITIS_LOOP_769_1:   [xilinx-label-all-loops]
    for (int n=0; n<Nmax; n++){
    ^~~
    VITIS_LOOP_769_1: 
/users/ugrad/yuhuah2/eecs298soc/Lab1/solution1/.autopilot/db/pl_vecadd.pp.0.cpp:16394:5: note: FIX-IT applied suggested code changes
/users/ugrad/yuhuah2/eecs298soc/Lab1/solution1/.autopilot/db/pl_vecadd.pp.0.cpp:16484:7: warning: Added loop label VITIS_LOOP_866_1:   [xilinx-label-all-loops]
      for(int i=0;i<W-1;i++){
      ^~~
      VITIS_LOOP_866_1: 
/users/ugrad/yuhuah2/eecs298soc/Lab1/solution1/.autopilot/db/pl_vecadd.pp.0.cpp:16484:7: note: FIX-IT applied suggested code changes
/users/ugrad/yuhuah2/eecs298soc/Lab1/solution1/.autopilot/db/pl_vecadd.pp.0.cpp:16503:7: warning: Added loop label VITIS_LOOP_885_2:   [xilinx-label-all-loops]
      for(int i=0;i<W-1;i++){
      ^~~
      VITIS_LOOP_885_2: 
/users/ugrad/yuhuah2/eecs298soc/Lab1/solution1/.autopilot/db/pl_vecadd.pp.0.cpp:16503:7: note: FIX-IT applied suggested code changes
/users/ugrad/yuhuah2/eecs298soc/Lab1/solution1/.autopilot/db/pl_vecadd.pp.0.cpp:16793:5: warning: Added loop label VITIS_LOOP_1199_1:   [xilinx-label-all-loops]
    for(int i=0; i<Nmax; i++) {
    ^~~
    VITIS_LOOP_1199_1: 
/users/ugrad/yuhuah2/eecs298soc/Lab1/solution1/.autopilot/db/pl_vecadd.pp.0.cpp:16793:5: note: FIX-IT applied suggested code changes
/users/ugrad/yuhuah2/eecs298soc/Lab1/solution1/.autopilot/db/pl_vecadd.pp.0.cpp:16876:5: warning: Added loop label VITIS_LOOP_1282_1:   [xilinx-label-all-loops]
    for(int i=0; i<Nmax; i++) {
    ^~~
    VITIS_LOOP_1282_1: 
/users/ugrad/yuhuah2/eecs298soc/Lab1/solution1/.autopilot/db/pl_vecadd.pp.0.cpp:16876:5: note: FIX-IT applied suggested code changes
/users/ugrad/yuhuah2/eecs298soc/Lab1/solution1/.autopilot/db/pl_vecadd.pp.0.cpp:17282:13: warning: Added loop label VITIS_LOOP_94_1:   [xilinx-label-all-loops]
            for (int j = 3; j >= I_+1; j--) {
            ^~~
            VITIS_LOOP_94_1: 
/users/ugrad/yuhuah2/eecs298soc/Lab1/solution1/.autopilot/db/pl_vecadd.pp.0.cpp:17282:13: note: FIX-IT applied suggested code changes
/users/ugrad/yuhuah2/eecs298soc/Lab1/solution1/.autopilot/db/pl_vecadd.pp.0.cpp:17288:17: warning: Added loop label VITIS_LOOP_100_2:   [xilinx-label-all-loops]
                for (int j = 3; j >= I_+1; j--){
                ^~~
                VITIS_LOOP_100_2: 
/users/ugrad/yuhuah2/eecs298soc/Lab1/solution1/.autopilot/db/pl_vecadd.pp.0.cpp:17288:17: note: FIX-IT applied suggested code changes
/users/ugrad/yuhuah2/eecs298soc/Lab1/solution1/.autopilot/db/pl_vecadd.pp.0.cpp:17292:17: warning: Added loop label VITIS_LOOP_104_3:   [xilinx-label-all-loops]
                for (int j = I_; j >= 0; j--){
                ^~~
                VITIS_LOOP_104_3: 
/users/ugrad/yuhuah2/eecs298soc/Lab1/solution1/.autopilot/db/pl_vecadd.pp.0.cpp:17292:17: note: FIX-IT applied suggested code changes
/users/ugrad/yuhuah2/eecs298soc/Lab1/solution1/.autopilot/db/pl_vecadd.pp.0.cpp:17340:13: warning: Added loop label VITIS_LOOP_171_4:   [xilinx-label-all-loops]
            for (int j = 9; j >= I_+4; j--) {
            ^~~
            VITIS_LOOP_171_4: 
/users/ugrad/yuhuah2/eecs298soc/Lab1/solution1/.autopilot/db/pl_vecadd.pp.0.cpp:17340:13: note: FIX-IT applied suggested code changes
/users/ugrad/yuhuah2/eecs298soc/Lab1/solution1/.autopilot/db/pl_vecadd.pp.0.cpp:17346:17: warning: Added loop label VITIS_LOOP_177_5:   [xilinx-label-all-loops]
                for (int j = 9; j >= I_+4; j--){
                ^~~
                VITIS_LOOP_177_5: 
/users/ugrad/yuhuah2/eecs298soc/Lab1/solution1/.autopilot/db/pl_vecadd.pp.0.cpp:17346:17: note: FIX-IT applied suggested code changes
/users/ugrad/yuhuah2/eecs298soc/Lab1/solution1/.autopilot/db/pl_vecadd.pp.0.cpp:17350:17: warning: Added loop label VITIS_LOOP_181_6:   [xilinx-label-all-loops]
                for (int j = I_+3; j >= 0; j--){
                ^~~
                VITIS_LOOP_181_6: 
/users/ugrad/yuhuah2/eecs298soc/Lab1/solution1/.autopilot/db/pl_vecadd.pp.0.cpp:17350:17: note: FIX-IT applied suggested code changes
/users/ugrad/yuhuah2/eecs298soc/Lab1/solution1/.autopilot/db/pl_vecadd.pp.0.cpp:17365:9: warning: Added loop label VITIS_LOOP_196_7:   [xilinx-label-all-loops]
        for (int j = 14; j < 22; j++){
        ^~~
        VITIS_LOOP_196_7: 
/users/ugrad/yuhuah2/eecs298soc/Lab1/solution1/.autopilot/db/pl_vecadd.pp.0.cpp:17365:9: note: FIX-IT applied suggested code changes
/users/ugrad/yuhuah2/eecs298soc/Lab1/solution1/.autopilot/db/pl_vecadd.pp.0.cpp:17373:17: warning: Added loop label VITIS_LOOP_204_8:   [xilinx-label-all-loops]
                for (int j = 0; j < 22; j++){
                ^~~
                VITIS_LOOP_204_8: 
/users/ugrad/yuhuah2/eecs298soc/Lab1/solution1/.autopilot/db/pl_vecadd.pp.0.cpp:17373:17: note: FIX-IT applied suggested code changes
/users/ugrad/yuhuah2/eecs298soc/Lab1/solution1/.autopilot/db/pl_vecadd.pp.0.cpp:17438:13: warning: Added loop label VITIS_LOOP_269_9:   [xilinx-label-all-loops]
            for (int j = 21; j >= I_+10; j--) {
            ^~~
            VITIS_LOOP_269_9: 
/users/ugrad/yuhuah2/eecs298soc/Lab1/solution1/.autopilot/db/pl_vecadd.pp.0.cpp:17438:13: note: FIX-IT applied suggested code changes
/users/ugrad/yuhuah2/eecs298soc/Lab1/solution1/.autopilot/db/pl_vecadd.pp.0.cpp:17444:17: warning: Added loop label VITIS_LOOP_275_10:   [xilinx-label-all-loops]
                for (int j = 21; j >= I_+10; j--) {
                ^~~
                VITIS_LOOP_275_10: 
/users/ugrad/yuhuah2/eecs298soc/Lab1/solution1/.autopilot/db/pl_vecadd.pp.0.cpp:17444:17: note: FIX-IT applied suggested code changes
/users/ugrad/yuhuah2/eecs298soc/Lab1/solution1/.autopilot/db/pl_vecadd.pp.0.cpp:17448:17: warning: Added loop label VITIS_LOOP_279_11:   [xilinx-label-all-loops]
                for (int j = I_+9; j >= 0; j--) {
                ^~~
                VITIS_LOOP_279_11: 
/users/ugrad/yuhuah2/eecs298soc/Lab1/solution1/.autopilot/db/pl_vecadd.pp.0.cpp:17448:17: note: FIX-IT applied suggested code changes
/users/ugrad/yuhuah2/eecs298soc/Lab1/solution1/.autopilot/db/pl_vecadd.pp.0.cpp:17463:9: warning: Added loop label VITIS_LOOP_294_12:   [xilinx-label-all-loops]
        for (int j = 27; j < 46; j++){
        ^~~
        VITIS_LOOP_294_12: 
/users/ugrad/yuhuah2/eecs298soc/Lab1/solution1/.autopilot/db/pl_vecadd.pp.0.cpp:17463:9: note: FIX-IT applied suggested code changes
/users/ugrad/yuhuah2/eecs298soc/Lab1/solution1/.autopilot/db/pl_vecadd.pp.0.cpp:17471:17: warning: Added loop label VITIS_LOOP_302_13:   [xilinx-label-all-loops]
                for (int j = 0; j < 46; j++) {
                ^~~
                VITIS_LOOP_302_13: 
/users/ugrad/yuhuah2/eecs298soc/Lab1/solution1/.autopilot/db/pl_vecadd.pp.0.cpp:17471:17: note: FIX-IT applied suggested code changes
/users/ugrad/yuhuah2/eecs298soc/Lab1/solution1/.autopilot/db/pl_vecadd.pp.0.cpp:17700:13: warning: Added loop label VITIS_LOOP_531_14:   [xilinx-label-all-loops]
            for (int j = 45; j >= I_+22; j--) {
            ^~~
            VITIS_LOOP_531_14: 
/users/ugrad/yuhuah2/eecs298soc/Lab1/solution1/.autopilot/db/pl_vecadd.pp.0.cpp:17700:13: note: FIX-IT applied suggested code changes
/users/ugrad/yuhuah2/eecs298soc/Lab1/solution1/.autopilot/db/pl_vecadd.pp.0.cpp:17706:17: warning: Added loop label VITIS_LOOP_537_15:   [xilinx-label-all-loops]
                for (int j = 45; j >= I_+22; j--){
                ^~~
                VITIS_LOOP_537_15: 
/users/ugrad/yuhuah2/eecs298soc/Lab1/solution1/.autopilot/db/pl_vecadd.pp.0.cpp:17706:17: note: FIX-IT applied suggested code changes
/users/ugrad/yuhuah2/eecs298soc/Lab1/solution1/.autopilot/db/pl_vecadd.pp.0.cpp:17710:17: warning: Added loop label VITIS_LOOP_541_16:   [xilinx-label-all-loops]
                for (int j = I_+21; j >= 0; j--) {
                ^~~
                VITIS_LOOP_541_16: 
/users/ugrad/yuhuah2/eecs298soc/Lab1/solution1/.autopilot/db/pl_vecadd.pp.0.cpp:17710:17: note: FIX-IT applied suggested code changes
/users/ugrad/yuhuah2/eecs298soc/Lab1/solution1/.autopilot/db/pl_vecadd.pp.0.cpp:17720:9: warning: Added loop label VITIS_LOOP_551_17:   [xilinx-label-all-loops]
        for (int j = 32-F_; j < 32+I_; j++){
        ^~~
        VITIS_LOOP_551_17: 
/users/ugrad/yuhuah2/eecs298soc/Lab1/solution1/.autopilot/db/pl_vecadd.pp.0.cpp:17720:9: note: FIX-IT applied suggested code changes
/users/ugrad/yuhuah2/eecs298soc/Lab1/solution1/.autopilot/db/pl_vecadd.pp.0.cpp:17724:9: warning: Added loop label VITIS_LOOP_555_18:   [xilinx-label-all-loops]
        for (int j = 32+I_; j <= 64; j++){
        ^~~
        VITIS_LOOP_555_18: 
/users/ugrad/yuhuah2/eecs298soc/Lab1/solution1/.autopilot/db/pl_vecadd.pp.0.cpp:17724:9: note: FIX-IT applied suggested code changes
/users/ugrad/yuhuah2/eecs298soc/Lab1/solution1/.autopilot/db/pl_vecadd.pp.0.cpp:17734:9: warning: Added loop label VITIS_LOOP_565_19:   [xilinx-label-all-loops]
        for (int j = 37; j < 64; j++) {
        ^~~
        VITIS_LOOP_565_19: 
/users/ugrad/yuhuah2/eecs298soc/Lab1/solution1/.autopilot/db/pl_vecadd.pp.0.cpp:17734:9: note: FIX-IT applied suggested code changes
/users/ugrad/yuhuah2/eecs298soc/Lab1/solution1/.autopilot/db/pl_vecadd.pp.0.cpp:17742:17: warning: Added loop label VITIS_LOOP_573_20:   [xilinx-label-all-loops]
                for (int j = 0; j < 64; j++){
                ^~~
                VITIS_LOOP_573_20: 
/users/ugrad/yuhuah2/eecs298soc/Lab1/solution1/.autopilot/db/pl_vecadd.pp.0.cpp:17742:17: note: FIX-IT applied suggested code changes
/users/ugrad/yuhuah2/eecs298soc/Lab1/solution1/.autopilot/db/pl_vecadd.pp.0.cpp:18103:13: warning: Added loop label VITIS_LOOP_934_21:   [xilinx-label-all-loops]
            for (int j = 63; j >= I_+31; j--) {
            ^~~
            VITIS_LOOP_934_21: 
/users/ugrad/yuhuah2/eecs298soc/Lab1/solution1/.autopilot/db/pl_vecadd.pp.0.cpp:18103:13: note: FIX-IT applied suggested code changes
/users/ugrad/yuhuah2/eecs298soc/Lab1/solution1/.autopilot/db/pl_vecadd.pp.0.cpp:18109:17: warning: Added loop label VITIS_LOOP_940_22:   [xilinx-label-all-loops]
                for (int j = 63; j >= I_+31; j--) {
                ^~~
                VITIS_LOOP_940_22: 
/users/ugrad/yuhuah2/eecs298soc/Lab1/solution1/.autopilot/db/pl_vecadd.pp.0.cpp:18109:17: note: FIX-IT applied suggested code changes
/users/ugrad/yuhuah2/eecs298soc/Lab1/solution1/.autopilot/db/pl_vecadd.pp.0.cpp:18113:17: warning: Added loop label VITIS_LOOP_944_23:   [xilinx-label-all-loops]
                for (int j = I_+30; j >= 0; j--) {
                ^~~
                VITIS_LOOP_944_23: 
/users/ugrad/yuhuah2/eecs298soc/Lab1/solution1/.autopilot/db/pl_vecadd.pp.0.cpp:18113:17: note: FIX-IT applied suggested code changes
/users/ugrad/yuhuah2/eecs298soc/Lab1/solution1/.autopilot/db/pl_vecadd.pp.0.cpp:18229:13: warning: Added loop label VITIS_LOOP_1060_1:   [xilinx-label-all-loops]
            for (int j = 4; j >= I_+1; j--) {
            ^~~
            VITIS_LOOP_1060_1: 
/users/ugrad/yuhuah2/eecs298soc/Lab1/solution1/.autopilot/db/pl_vecadd.pp.0.cpp:18229:13: note: FIX-IT applied suggested code changes
/users/ugrad/yuhuah2/eecs298soc/Lab1/solution1/.autopilot/db/pl_vecadd.pp.0.cpp:18235:17: warning: Added loop label VITIS_LOOP_1066_2:   [xilinx-label-all-loops]
                for (int j = 4; j >= I_+1; j--) {
                ^~~
                VITIS_LOOP_1066_2: 
/users/ugrad/yuhuah2/eecs298soc/Lab1/solution1/.autopilot/db/pl_vecadd.pp.0.cpp:18235:17: note: FIX-IT applied suggested code changes
/users/ugrad/yuhuah2/eecs298soc/Lab1/solution1/.autopilot/db/pl_vecadd.pp.0.cpp:18239:17: warning: Added loop label VITIS_LOOP_1070_3:   [xilinx-label-all-loops]
                for (int j = I_; j >= 0; j--) {
                ^~~
                VITIS_LOOP_1070_3: 
/users/ugrad/yuhuah2/eecs298soc/Lab1/solution1/.autopilot/db/pl_vecadd.pp.0.cpp:18239:17: note: FIX-IT applied suggested code changes
/users/ugrad/yuhuah2/eecs298soc/Lab1/solution1/.autopilot/db/pl_vecadd.pp.0.cpp:18326:13: warning: Added loop label VITIS_LOOP_1157_4:   [xilinx-label-all-loops]
            for (int j = 10; j >= I_+4; j--) {
            ^~~
            VITIS_LOOP_1157_4: 
/users/ugrad/yuhuah2/eecs298soc/Lab1/solution1/.autopilot/db/pl_vecadd.pp.0.cpp:18326:13: note: FIX-IT applied suggested code changes
/users/ugrad/yuhuah2/eecs298soc/Lab1/solution1/.autopilot/db/pl_vecadd.pp.0.cpp:18332:17: warning: Added loop label VITIS_LOOP_1163_5:   [xilinx-label-all-loops]
                for (int j = 10; j >= I_+4; j--) {
                ^~~
                VITIS_LOOP_1163_5: 
/users/ugrad/yuhuah2/eecs298soc/Lab1/solution1/.autopilot/db/pl_vecadd.pp.0.cpp:18332:17: note: FIX-IT applied suggested code changes
/users/ugrad/yuhuah2/eecs298soc/Lab1/solution1/.autopilot/db/pl_vecadd.pp.0.cpp:18336:17: warning: Added loop label VITIS_LOOP_1167_6:   [xilinx-label-all-loops]
                for (int j = I_+3; j >= 0; j--) {
                ^~~
                VITIS_LOOP_1167_6: 
/users/ugrad/yuhuah2/eecs298soc/Lab1/solution1/.autopilot/db/pl_vecadd.pp.0.cpp:18336:17: note: FIX-IT applied suggested code changes
/users/ugrad/yuhuah2/eecs298soc/Lab1/solution1/.autopilot/db/pl_vecadd.pp.0.cpp:18355:9: warning: Added loop label VITIS_LOOP_1186_7:   [xilinx-label-all-loops]
        for (int j = wf+3; j < w-1; j++) {
        ^~~
        VITIS_LOOP_1186_7: 
/users/ugrad/yuhuah2/eecs298soc/Lab1/solution1/.autopilot/db/pl_vecadd.pp.0.cpp:18355:9: note: FIX-IT applied suggested code changes
/users/ugrad/yuhuah2/eecs298soc/Lab1/solution1/.autopilot/db/pl_vecadd.pp.0.cpp:18362:17: warning: Added loop label VITIS_LOOP_1193_8:   [xilinx-label-all-loops]
                for (int j = 0; j < 22; j++) {
                ^~~
                VITIS_LOOP_1193_8: 
/users/ugrad/yuhuah2/eecs298soc/Lab1/solution1/.autopilot/db/pl_vecadd.pp.0.cpp:18362:17: note: FIX-IT applied suggested code changes
/users/ugrad/yuhuah2/eecs298soc/Lab1/solution1/.autopilot/db/pl_vecadd.pp.0.cpp:18478:13: warning: Added loop label VITIS_LOOP_1309_9:   [xilinx-label-all-loops]
            for (int j = 22; j >= I_+10; j--) {
            ^~~
            VITIS_LOOP_1309_9: 
/users/ugrad/yuhuah2/eecs298soc/Lab1/solution1/.autopilot/db/pl_vecadd.pp.0.cpp:18478:13: note: FIX-IT applied suggested code changes
/users/ugrad/yuhuah2/eecs298soc/Lab1/solution1/.autopilot/db/pl_vecadd.pp.0.cpp:18484:17: warning: Added loop label VITIS_LOOP_1315_10:   [xilinx-label-all-loops]
                for (int j = 22; j >= I_+10; j--){
                ^~~
                VITIS_LOOP_1315_10: 
/users/ugrad/yuhuah2/eecs298soc/Lab1/solution1/.autopilot/db/pl_vecadd.pp.0.cpp:18484:17: note: FIX-IT applied suggested code changes
/users/ugrad/yuhuah2/eecs298soc/Lab1/solution1/.autopilot/db/pl_vecadd.pp.0.cpp:18488:17: warning: Added loop label VITIS_LOOP_1319_11:   [xilinx-label-all-loops]
                for (int j = I_+9; j >= 0; j--) {
                ^~~
                VITIS_LOOP_1319_11: 
/users/ugrad/yuhuah2/eecs298soc/Lab1/solution1/.autopilot/db/pl_vecadd.pp.0.cpp:18488:17: note: FIX-IT applied suggested code changes
/users/ugrad/yuhuah2/eecs298soc/Lab1/solution1/.autopilot/db/pl_vecadd.pp.0.cpp:18508:9: warning: Added loop label VITIS_LOOP_1339_12:   [xilinx-label-all-loops]
        for (int j = wf+4; j < w-1; j++){
        ^~~
        VITIS_LOOP_1339_12: 
/users/ugrad/yuhuah2/eecs298soc/Lab1/solution1/.autopilot/db/pl_vecadd.pp.0.cpp:18508:9: note: FIX-IT applied suggested code changes
/users/ugrad/yuhuah2/eecs298soc/Lab1/solution1/.autopilot/db/pl_vecadd.pp.0.cpp:18515:17: warning: Added loop label VITIS_LOOP_1346_13:   [xilinx-label-all-loops]
                for (int j = 0; j < 46; j++) {
                ^~~
                VITIS_LOOP_1346_13: 
/users/ugrad/yuhuah2/eecs298soc/Lab1/solution1/.autopilot/db/pl_vecadd.pp.0.cpp:18515:17: note: FIX-IT applied suggested code changes
/users/ugrad/yuhuah2/eecs298soc/Lab1/solution1/.autopilot/db/pl_vecadd.pp.0.cpp:18777:13: warning: Added loop label VITIS_LOOP_1608_14:   [xilinx-label-all-loops]
            for (int j = 46; j >= I_+22; j--) {
            ^~~
            VITIS_LOOP_1608_14: 
/users/ugrad/yuhuah2/eecs298soc/Lab1/solution1/.autopilot/db/pl_vecadd.pp.0.cpp:18777:13: note: FIX-IT applied suggested code changes
/users/ugrad/yuhuah2/eecs298soc/Lab1/solution1/.autopilot/db/pl_vecadd.pp.0.cpp:18783:17: warning: Added loop label VITIS_LOOP_1614_15:   [xilinx-label-all-loops]
                for (int j = 46; j >= I_+22; j--) {
                ^~~
                VITIS_LOOP_1614_15: 
/users/ugrad/yuhuah2/eecs298soc/Lab1/solution1/.autopilot/db/pl_vecadd.pp.0.cpp:18783:17: note: FIX-IT applied suggested code changes
/users/ugrad/yuhuah2/eecs298soc/Lab1/solution1/.autopilot/db/pl_vecadd.pp.0.cpp:18787:17: warning: Added loop label VITIS_LOOP_1618_16:   [xilinx-label-all-loops]
                for (int j = I_+21; j >= 0; j--) {
                ^~~
                VITIS_LOOP_1618_16: 
/users/ugrad/yuhuah2/eecs298soc/Lab1/solution1/.autopilot/db/pl_vecadd.pp.0.cpp:18787:17: note: FIX-IT applied suggested code changes
/users/ugrad/yuhuah2/eecs298soc/Lab1/solution1/.autopilot/db/pl_vecadd.pp.0.cpp:18811:9: warning: Added loop label VITIS_LOOP_1642_17:   [xilinx-label-all-loops]
        for (int j = wf+5; j < w-1; j++){
        ^~~
        VITIS_LOOP_1642_17: 
/users/ugrad/yuhuah2/eecs298soc/Lab1/solution1/.autopilot/db/pl_vecadd.pp.0.cpp:18811:9: note: FIX-IT applied suggested code changes
/users/ugrad/yuhuah2/eecs298soc/Lab1/solution1/.autopilot/db/pl_vecadd.pp.0.cpp:18818:17: warning: Added loop label VITIS_LOOP_1649_18:   [xilinx-label-all-loops]
                for (int j = 0; j < 64; j++) {
                ^~~
                VITIS_LOOP_1649_18: 
/users/ugrad/yuhuah2/eecs298soc/Lab1/solution1/.autopilot/db/pl_vecadd.pp.0.cpp:18818:17: note: FIX-IT applied suggested code changes
/users/ugrad/yuhuah2/eecs298soc/Lab1/solution1/.autopilot/db/pl_vecadd.pp.0.cpp:19248:13: warning: Added loop label VITIS_LOOP_2079_19:   [xilinx-label-all-loops]
            for (int j = 64; j >= I_+31; j--) {
            ^~~
            VITIS_LOOP_2079_19: 
/users/ugrad/yuhuah2/eecs298soc/Lab1/solution1/.autopilot/db/pl_vecadd.pp.0.cpp:19248:13: note: FIX-IT applied suggested code changes
/users/ugrad/yuhuah2/eecs298soc/Lab1/solution1/.autopilot/db/pl_vecadd.pp.0.cpp:19254:17: warning: Added loop label VITIS_LOOP_2085_20:   [xilinx-label-all-loops]
                for (int j = 64; j >= I_+31; j--) {
                ^~~
                VITIS_LOOP_2085_20: 
/users/ugrad/yuhuah2/eecs298soc/Lab1/solution1/.autopilot/db/pl_vecadd.pp.0.cpp:19254:17: note: FIX-IT applied suggested code changes
/users/ugrad/yuhuah2/eecs298soc/Lab1/solution1/.autopilot/db/pl_vecadd.pp.0.cpp:19258:17: warning: Added loop label VITIS_LOOP_2089_21:   [xilinx-label-all-loops]
                for (int j = I_+30; j >= 0; j--) {
                ^~~
                VITIS_LOOP_2089_21: 
/users/ugrad/yuhuah2/eecs298soc/Lab1/solution1/.autopilot/db/pl_vecadd.pp.0.cpp:19258:17: note: FIX-IT applied suggested code changes
/users/ugrad/yuhuah2/eecs298soc/Lab1/solution1/.autopilot/db/pl_vecadd.pp.0.cpp:19388:13: warning: Added loop label VITIS_LOOP_2219_1:   [xilinx-label-all-loops]
            for(int j=3; j>=I+1; j--) {
            ^~~
            VITIS_LOOP_2219_1: 
/users/ugrad/yuhuah2/eecs298soc/Lab1/solution1/.autopilot/db/pl_vecadd.pp.0.cpp:19388:13: note: FIX-IT applied suggested code changes
/users/ugrad/yuhuah2/eecs298soc/Lab1/solution1/.autopilot/db/pl_vecadd.pp.0.cpp:19395:17: warning: Added loop label VITIS_LOOP_2226_2:   [xilinx-label-all-loops]
                for(int j=3; j>=I+1; j--) {
                ^~~
                VITIS_LOOP_2226_2: 
/users/ugrad/yuhuah2/eecs298soc/Lab1/solution1/.autopilot/db/pl_vecadd.pp.0.cpp:19395:17: note: FIX-IT applied suggested code changes
/users/ugrad/yuhuah2/eecs298soc/Lab1/solution1/.autopilot/db/pl_vecadd.pp.0.cpp:19399:17: warning: Added loop label VITIS_LOOP_2230_3:   [xilinx-label-all-loops]
                for(int j=I; j>=0; j--) {
                ^~~
                VITIS_LOOP_2230_3: 
/users/ugrad/yuhuah2/eecs298soc/Lab1/solution1/.autopilot/db/pl_vecadd.pp.0.cpp:19399:17: note: FIX-IT applied suggested code changes
/users/ugrad/yuhuah2/eecs298soc/Lab1/solution1/.autopilot/db/pl_vecadd.pp.0.cpp:19446:13: warning: Added loop label VITIS_LOOP_2277_4:   [xilinx-label-all-loops]
            for(int j=7; j>=3+I; j--) {
            ^~~
            VITIS_LOOP_2277_4: 
/users/ugrad/yuhuah2/eecs298soc/Lab1/solution1/.autopilot/db/pl_vecadd.pp.0.cpp:19446:13: note: FIX-IT applied suggested code changes
/users/ugrad/yuhuah2/eecs298soc/Lab1/solution1/.autopilot/db/pl_vecadd.pp.0.cpp:19453:17: warning: Added loop label VITIS_LOOP_2284_5:   [xilinx-label-all-loops]
                for(int j=7; j>=3+I; j--) {
                ^~~
                VITIS_LOOP_2284_5: 
/users/ugrad/yuhuah2/eecs298soc/Lab1/solution1/.autopilot/db/pl_vecadd.pp.0.cpp:19453:17: note: FIX-IT applied suggested code changes
/users/ugrad/yuhuah2/eecs298soc/Lab1/solution1/.autopilot/db/pl_vecadd.pp.0.cpp:19457:17: warning: Added loop label VITIS_LOOP_2288_6:   [xilinx-label-all-loops]
                for(int j=I+2; j>=0; j--) {
                ^~~
                VITIS_LOOP_2288_6: 
/users/ugrad/yuhuah2/eecs298soc/Lab1/solution1/.autopilot/db/pl_vecadd.pp.0.cpp:19457:17: note: FIX-IT applied suggested code changes
/users/ugrad/yuhuah2/eecs298soc/Lab1/solution1/.autopilot/db/pl_vecadd.pp.0.cpp:19475:9: warning: Added loop label VITIS_LOOP_2306_7:   [xilinx-label-all-loops]
        for(int j=11; j<16; j++) {
        ^~~
        VITIS_LOOP_2306_7: 
/users/ugrad/yuhuah2/eecs298soc/Lab1/solution1/.autopilot/db/pl_vecadd.pp.0.cpp:19475:9: note: FIX-IT applied suggested code changes
/users/ugrad/yuhuah2/eecs298soc/Lab1/solution1/.autopilot/db/pl_vecadd.pp.0.cpp:19530:13: warning: Added loop label VITIS_LOOP_2361_8:   [xilinx-label-all-loops]
            for(int j=15; j>=7+I; j--) {
            ^~~
            VITIS_LOOP_2361_8: 
/users/ugrad/yuhuah2/eecs298soc/Lab1/solution1/.autopilot/db/pl_vecadd.pp.0.cpp:19530:13: note: FIX-IT applied suggested code changes
/users/ugrad/yuhuah2/eecs298soc/Lab1/solution1/.autopilot/db/pl_vecadd.pp.0.cpp:19537:17: warning: Added loop label VITIS_LOOP_2368_9:   [xilinx-label-all-loops]
                for(int j=15; j>=7+I; j--) {
                ^~~
                VITIS_LOOP_2368_9: 
/users/ugrad/yuhuah2/eecs298soc/Lab1/solution1/.autopilot/db/pl_vecadd.pp.0.cpp:19537:17: note: FIX-IT applied suggested code changes
/users/ugrad/yuhuah2/eecs298soc/Lab1/solution1/.autopilot/db/pl_vecadd.pp.0.cpp:19541:17: warning: Added loop label VITIS_LOOP_2372_10:   [xilinx-label-all-loops]
                for(int j=6+I; j>=0; j--) {
                ^~~
                VITIS_LOOP_2372_10: 
/users/ugrad/yuhuah2/eecs298soc/Lab1/solution1/.autopilot/db/pl_vecadd.pp.0.cpp:19541:17: note: FIX-IT applied suggested code changes
/users/ugrad/yuhuah2/eecs298soc/Lab1/solution1/.autopilot/db/pl_vecadd.pp.0.cpp:19559:9: warning: Added loop label VITIS_LOOP_2390_11:   [xilinx-label-all-loops]
        for(int j=20; j<32; j++) {
        ^~~
        VITIS_LOOP_2390_11: 
/users/ugrad/yuhuah2/eecs298soc/Lab1/solution1/.autopilot/db/pl_vecadd.pp.0.cpp:19559:9: note: FIX-IT applied suggested code changes
/users/ugrad/yuhuah2/eecs298soc/Lab1/solution1/.autopilot/db/pl_vecadd.pp.0.cpp:19648:13: warning: Added loop label VITIS_LOOP_2479_12:   [xilinx-label-all-loops]
            for(int j=31; j>=I+15; j--) {
            ^~~
            VITIS_LOOP_2479_12: 
/users/ugrad/yuhuah2/eecs298soc/Lab1/solution1/.autopilot/db/pl_vecadd.pp.0.cpp:19648:13: note: FIX-IT applied suggested code changes
/users/ugrad/yuhuah2/eecs298soc/Lab1/solution1/.autopilot/db/pl_vecadd.pp.0.cpp:19655:17: warning: Added loop label VITIS_LOOP_2486_13:   [xilinx-label-all-loops]
                for(int j=31; j>=I+15; j--) {
                ^~~
                VITIS_LOOP_2486_13: 
/users/ugrad/yuhuah2/eecs298soc/Lab1/solution1/.autopilot/db/pl_vecadd.pp.0.cpp:19655:17: note: FIX-IT applied suggested code changes
/users/ugrad/yuhuah2/eecs298soc/Lab1/solution1/.autopilot/db/pl_vecadd.pp.0.cpp:19659:17: warning: Added loop label VITIS_LOOP_2490_14:   [xilinx-label-all-loops]
                for(int j=I+14; j>=0; j--) {
                ^~~
                VITIS_LOOP_2490_14: 
/users/ugrad/yuhuah2/eecs298soc/Lab1/solution1/.autopilot/db/pl_vecadd.pp.0.cpp:19659:17: note: FIX-IT applied suggested code changes
/users/ugrad/yuhuah2/eecs298soc/Lab1/solution1/.autopilot/db/pl_vecadd.pp.0.cpp:19669:9: warning: Added loop label VITIS_LOOP_2500_15:   [xilinx-label-all-loops]
        for(int j=32-F; j<32+I; j++) {
        ^~~
        VITIS_LOOP_2500_15: 
/users/ugrad/yuhuah2/eecs298soc/Lab1/solution1/.autopilot/db/pl_vecadd.pp.0.cpp:19669:9: note: FIX-IT applied suggested code changes
/users/ugrad/yuhuah2/eecs298soc/Lab1/solution1/.autopilot/db/pl_vecadd.pp.0.cpp:19673:9: warning: Added loop label VITIS_LOOP_2504_16:   [xilinx-label-all-loops]
        for(int j=32+I; j<=64; j++) {
        ^~~
        VITIS_LOOP_2504_16: 
/users/ugrad/yuhuah2/eecs298soc/Lab1/solution1/.autopilot/db/pl_vecadd.pp.0.cpp:19673:9: note: FIX-IT applied suggested code changes
/users/ugrad/yuhuah2/eecs298soc/Lab1/solution1/.autopilot/db/pl_vecadd.pp.0.cpp:19684:9: warning: Added loop label VITIS_LOOP_2515_17:   [xilinx-label-all-loops]
        for(int j=37; j<64; j++) {
        ^~~
        VITIS_LOOP_2515_17: 
/users/ugrad/yuhuah2/eecs298soc/Lab1/solution1/.autopilot/db/pl_vecadd.pp.0.cpp:19684:9: note: FIX-IT applied suggested code changes
/users/ugrad/yuhuah2/eecs298soc/Lab1/solution1/.autopilot/db/pl_vecadd.pp.0.cpp:19692:17: warning: Added loop label VITIS_LOOP_2523_18:   [xilinx-label-all-loops]
                for(int j=0; j<64; j++) {
                ^~~
                VITIS_LOOP_2523_18: 
/users/ugrad/yuhuah2/eecs298soc/Lab1/solution1/.autopilot/db/pl_vecadd.pp.0.cpp:19692:17: note: FIX-IT applied suggested code changes
/users/ugrad/yuhuah2/eecs298soc/Lab1/solution1/.autopilot/db/pl_vecadd.pp.0.cpp:20017:13: warning: Added loop label VITIS_LOOP_2848_19:   [xilinx-label-all-loops]
            for(int j=63; j>=I+31; j--) {
            ^~~
            VITIS_LOOP_2848_19: 
/users/ugrad/yuhuah2/eecs298soc/Lab1/solution1/.autopilot/db/pl_vecadd.pp.0.cpp:20017:13: note: FIX-IT applied suggested code changes
/users/ugrad/yuhuah2/eecs298soc/Lab1/solution1/.autopilot/db/pl_vecadd.pp.0.cpp:20024:17: warning: Added loop label VITIS_LOOP_2855_20:   [xilinx-label-all-loops]
                for(int j=63; j>=I+31; j--) {
                ^~~
                VITIS_LOOP_2855_20: 
/users/ugrad/yuhuah2/eecs298soc/Lab1/solution1/.autopilot/db/pl_vecadd.pp.0.cpp:20024:17: note: FIX-IT applied suggested code changes
/users/ugrad/yuhuah2/eecs298soc/Lab1/solution1/.autopilot/db/pl_vecadd.pp.0.cpp:20028:17: warning: Added loop label VITIS_LOOP_2859_21:   [xilinx-label-all-loops]
                for(int j=I+30; j>=0; j--) {
                ^~~
                VITIS_LOOP_2859_21: 
/users/ugrad/yuhuah2/eecs298soc/Lab1/solution1/.autopilot/db/pl_vecadd.pp.0.cpp:20028:17: note: FIX-IT applied suggested code changes
/users/ugrad/yuhuah2/eecs298soc/Lab1/solution1/.autopilot/db/pl_vecadd.pp.0.cpp:20116:4: warning: Added loop label VITIS_LOOP_2947_1:   [xilinx-label-all-loops]
   for(int j = 5; j>=I_+2; j--) {
   ^~~
   VITIS_LOOP_2947_1: 
/users/ugrad/yuhuah2/eecs298soc/Lab1/solution1/.autopilot/db/pl_vecadd.pp.0.cpp:20116:4: note: FIX-IT applied suggested code changes
/users/ugrad/yuhuah2/eecs298soc/Lab1/solution1/.autopilot/db/pl_vecadd.pp.0.cpp:20123:5: warning: Added loop label VITIS_LOOP_2954_2:   [xilinx-label-all-loops]
    for(int j = 5; j>=I_+2; j--) {
    ^~~
    VITIS_LOOP_2954_2: 
/users/ugrad/yuhuah2/eecs298soc/Lab1/solution1/.autopilot/db/pl_vecadd.pp.0.cpp:20123:5: note: FIX-IT applied suggested code changes
/users/ugrad/yuhuah2/eecs298soc/Lab1/solution1/.autopilot/db/pl_vecadd.pp.0.cpp:20127:5: warning: Added loop label VITIS_LOOP_2958_3:   [xilinx-label-all-loops]
    for(int j = I_+1; j>=0; j--) {
    ^~~
    VITIS_LOOP_2958_3: 
/users/ugrad/yuhuah2/eecs298soc/Lab1/solution1/.autopilot/db/pl_vecadd.pp.0.cpp:20127:5: note: FIX-IT applied suggested code changes
/users/ugrad/yuhuah2/eecs298soc/Lab1/solution1/.autopilot/db/pl_vecadd.pp.0.cpp:20142:3: warning: Added loop label VITIS_LOOP_2973_4:   [xilinx-label-all-loops]
  for(int j = 11; j >=7; j--) {
  ^~~
  VITIS_LOOP_2973_4: 
/users/ugrad/yuhuah2/eecs298soc/Lab1/solution1/.autopilot/db/pl_vecadd.pp.0.cpp:20142:3: note: FIX-IT applied suggested code changes
/users/ugrad/yuhuah2/eecs298soc/Lab1/solution1/.autopilot/db/pl_vecadd.pp.0.cpp:20174:4: warning: Added loop label VITIS_LOOP_3005_5:   [xilinx-label-all-loops]
   for(int j = 11; j >= I_+5; j--) {
   ^~~
   VITIS_LOOP_3005_5: 
/users/ugrad/yuhuah2/eecs298soc/Lab1/solution1/.autopilot/db/pl_vecadd.pp.0.cpp:20174:4: note: FIX-IT applied suggested code changes
/users/ugrad/yuhuah2/eecs298soc/Lab1/solution1/.autopilot/db/pl_vecadd.pp.0.cpp:20181:5: warning: Added loop label VITIS_LOOP_3012_6:   [xilinx-label-all-loops]
    for(int j = 11; j>= I_+5; j--) {
    ^~~
    VITIS_LOOP_3012_6: 
/users/ugrad/yuhuah2/eecs298soc/Lab1/solution1/.autopilot/db/pl_vecadd.pp.0.cpp:20181:5: note: FIX-IT applied suggested code changes
/users/ugrad/yuhuah2/eecs298soc/Lab1/solution1/.autopilot/db/pl_vecadd.pp.0.cpp:20185:5: warning: Added loop label VITIS_LOOP_3016_7:   [xilinx-label-all-loops]
    for(int j = I_+4; j>=0; j--) {
    ^~~
    VITIS_LOOP_3016_7: 
/users/ugrad/yuhuah2/eecs298soc/Lab1/solution1/.autopilot/db/pl_vecadd.pp.0.cpp:20185:5: note: FIX-IT applied suggested code changes
/users/ugrad/yuhuah2/eecs298soc/Lab1/solution1/.autopilot/db/pl_vecadd.pp.0.cpp:20200:3: warning: Added loop label VITIS_LOOP_3031_8:   [xilinx-label-all-loops]
  for(int j = 25; j>=15; j--) {
  ^~~
  VITIS_LOOP_3031_8: 
/users/ugrad/yuhuah2/eecs298soc/Lab1/solution1/.autopilot/db/pl_vecadd.pp.0.cpp:20200:3: note: FIX-IT applied suggested code changes
/users/ugrad/yuhuah2/eecs298soc/Lab1/solution1/.autopilot/db/pl_vecadd.pp.0.cpp:20250:4: warning: Added loop label VITIS_LOOP_3081_9:   [xilinx-label-all-loops]
   for(int j = 25; j>= I_+12; j--) {
   ^~~
   VITIS_LOOP_3081_9: 
/users/ugrad/yuhuah2/eecs298soc/Lab1/solution1/.autopilot/db/pl_vecadd.pp.0.cpp:20250:4: note: FIX-IT applied suggested code changes
/users/ugrad/yuhuah2/eecs298soc/Lab1/solution1/.autopilot/db/pl_vecadd.pp.0.cpp:20257:5: warning: Added loop label VITIS_LOOP_3088_10:   [xilinx-label-all-loops]
    for(int j = 25; j>=I_+12; j--) {
    ^~~
    VITIS_LOOP_3088_10: 
/users/ugrad/yuhuah2/eecs298soc/Lab1/solution1/.autopilot/db/pl_vecadd.pp.0.cpp:20257:5: note: FIX-IT applied suggested code changes
/users/ugrad/yuhuah2/eecs298soc/Lab1/solution1/.autopilot/db/pl_vecadd.pp.0.cpp:20261:5: warning: Added loop label VITIS_LOOP_3092_11:   [xilinx-label-all-loops]
    for(int j = I_+11; j>=0; j--) {
    ^~~
    VITIS_LOOP_3092_11: 
/users/ugrad/yuhuah2/eecs298soc/Lab1/solution1/.autopilot/db/pl_vecadd.pp.0.cpp:20261:5: note: FIX-IT applied suggested code changes
/users/ugrad/yuhuah2/eecs298soc/Lab1/solution1/.autopilot/db/pl_vecadd.pp.0.cpp:20276:3: warning: Added loop label VITIS_LOOP_3107_12:   [xilinx-label-all-loops]
  for(int j = 51; j >= 29; j--) {
  ^~~
  VITIS_LOOP_3107_12: 
/users/ugrad/yuhuah2/eecs298soc/Lab1/solution1/.autopilot/db/pl_vecadd.pp.0.cpp:20276:3: note: FIX-IT applied suggested code changes
/users/ugrad/yuhuah2/eecs298soc/Lab1/solution1/.autopilot/db/pl_vecadd.pp.0.cpp:20413:4: warning: Added loop label VITIS_LOOP_3244_13:   [xilinx-label-all-loops]
   for(int j = 51; j >= 25 + I_; j--) {
   ^~~
   VITIS_LOOP_3244_13: 
/users/ugrad/yuhuah2/eecs298soc/Lab1/solution1/.autopilot/db/pl_vecadd.pp.0.cpp:20413:4: note: FIX-IT applied suggested code changes
/users/ugrad/yuhuah2/eecs298soc/Lab1/solution1/.autopilot/db/pl_vecadd.pp.0.cpp:20420:5: warning: Added loop label VITIS_LOOP_3251_14:   [xilinx-label-all-loops]
    for(int j = 51; j>=25 + I_; j--) {
    ^~~
    VITIS_LOOP_3251_14: 
/users/ugrad/yuhuah2/eecs298soc/Lab1/solution1/.autopilot/db/pl_vecadd.pp.0.cpp:20420:5: note: FIX-IT applied suggested code changes
/users/ugrad/yuhuah2/eecs298soc/Lab1/solution1/.autopilot/db/pl_vecadd.pp.0.cpp:20424:5: warning: Added loop label VITIS_LOOP_3255_15:   [xilinx-label-all-loops]
    for(int j = 24 + I_; j >= 0; j--) {
    ^~~
    VITIS_LOOP_3255_15: 
/users/ugrad/yuhuah2/eecs298soc/Lab1/solution1/.autopilot/db/pl_vecadd.pp.0.cpp:20424:5: note: FIX-IT applied suggested code changes
/users/ugrad/yuhuah2/eecs298soc/Lab1/solution1/.autopilot/db/pl_vecadd.pp.0.cpp:20439:3: warning: Added loop label VITIS_LOOP_3270_16:   [xilinx-label-all-loops]
  for(int j = 63; j >= 36; j--) {
  ^~~
  VITIS_LOOP_3270_16: 
/users/ugrad/yuhuah2/eecs298soc/Lab1/solution1/.autopilot/db/pl_vecadd.pp.0.cpp:20439:3: note: FIX-IT applied suggested code changes
/users/ugrad/yuhuah2/eecs298soc/Lab1/solution1/.autopilot/db/pl_vecadd.pp.0.cpp:20599:4: warning: Added loop label VITIS_LOOP_3430_17:   [xilinx-label-all-loops]
   for(int j = 63; j >= 31 + I_; j--) {
   ^~~
   VITIS_LOOP_3430_17: 
/users/ugrad/yuhuah2/eecs298soc/Lab1/solution1/.autopilot/db/pl_vecadd.pp.0.cpp:20599:4: note: FIX-IT applied suggested code changes
/users/ugrad/yuhuah2/eecs298soc/Lab1/solution1/.autopilot/db/pl_vecadd.pp.0.cpp:20606:5: warning: Added loop label VITIS_LOOP_3437_18:   [xilinx-label-all-loops]
    for(int j = 63; j >= 31 + I_; j--) {
    ^~~
    VITIS_LOOP_3437_18: 
/users/ugrad/yuhuah2/eecs298soc/Lab1/solution1/.autopilot/db/pl_vecadd.pp.0.cpp:20606:5: note: FIX-IT applied suggested code changes
/users/ugrad/yuhuah2/eecs298soc/Lab1/solution1/.autopilot/db/pl_vecadd.pp.0.cpp:20610:5: warning: Added loop label VITIS_LOOP_3441_19:   [xilinx-label-all-loops]
    for(int j = 30 + I_; j >= 0; j--) {
    ^~~
    VITIS_LOOP_3441_19: 
/users/ugrad/yuhuah2/eecs298soc/Lab1/solution1/.autopilot/db/pl_vecadd.pp.0.cpp:20610:5: note: FIX-IT applied suggested code changes
/users/ugrad/yuhuah2/eecs298soc/Lab1/solution1/.autopilot/db/pl_vecadd.pp.0.cpp:21325:13: warning: Added loop label VITIS_LOOP_729_1:   [xilinx-label-all-loops]
            for (b_exp = I_-1; b_exp >= -F_; b_exp--) {
            ^~~
            VITIS_LOOP_729_1: 
/users/ugrad/yuhuah2/eecs298soc/Lab1/solution1/.autopilot/db/pl_vecadd.pp.0.cpp:21325:13: note: FIX-IT applied suggested code changes
/users/ugrad/yuhuah2/eecs298soc/Lab1/solution1/.autopilot/db/pl_vecadd.pp.0.cpp:21543:13: warning: Added loop label VITIS_LOOP_947_1:   [xilinx-label-all-loops]
            for (b_exp = I_-1; b_exp >= -F_; b_exp--) {
            ^~~
            VITIS_LOOP_947_1: 
/users/ugrad/yuhuah2/eecs298soc/Lab1/solution1/.autopilot/db/pl_vecadd.pp.0.cpp:21543:13: note: FIX-IT applied suggested code changes
/users/ugrad/yuhuah2/eecs298soc/Lab1/solution1/.autopilot/db/pl_vecadd.pp.0.cpp:21960:13: warning: Added loop label VITIS_LOOP_1371_1:   [xilinx-label-all-loops]
            for (b_exp = I_-1; b_exp >= -F_; b_exp--) {
            ^~~
            VITIS_LOOP_1371_1: 
/users/ugrad/yuhuah2/eecs298soc/Lab1/solution1/.autopilot/db/pl_vecadd.pp.0.cpp:21960:13: note: FIX-IT applied suggested code changes
/users/ugrad/yuhuah2/eecs298soc/Lab1/solution1/.autopilot/db/pl_vecadd.pp.0.cpp:22274:9: warning: Added loop label VITIS_LOOP_266_1:   [xilinx-label-all-loops]
        for ( int pos = msbr-1; pos >= 0; pos-- ) {
        ^~~
        VITIS_LOOP_266_1: 
/users/ugrad/yuhuah2/eecs298soc/Lab1/solution1/.autopilot/db/pl_vecadd.pp.0.cpp:22274:9: note: FIX-IT applied suggested code changes
/users/ugrad/yuhuah2/eecs298soc/Lab1/solution1/.autopilot/db/pl_vecadd.pp.0.cpp:22302:9: warning: Added loop label VITIS_LOOP_294_2:   [xilinx-label-all-loops]
        for ( int pos = -1; pos >= -F_-1; pos-- ) {
        ^~~
        VITIS_LOOP_294_2: 
/users/ugrad/yuhuah2/eecs298soc/Lab1/solution1/.autopilot/db/pl_vecadd.pp.0.cpp:22302:9: note: FIX-IT applied suggested code changes
/users/ugrad/yuhuah2/eecs298soc/Lab1/solution1/.autopilot/db/pl_vecadd.pp.0.cpp:22997:13: warning: Added loop label VITIS_LOOP_74_1:   [xilinx-label-all-loops]
            for (int j = 0; j < W_-1; j++){
            ^~~
            VITIS_LOOP_74_1: 
/users/ugrad/yuhuah2/eecs298soc/Lab1/solution1/.autopilot/db/pl_vecadd.pp.0.cpp:22997:13: note: FIX-IT applied suggested code changes
/users/ugrad/yuhuah2/eecs298soc/Lab1/solution1/.autopilot/db/pl_vecadd.pp.0.cpp:23050:5: warning: Added loop label VITIS_LOOP_135_2:   [xilinx-label-all-loops]
    for (int j = F_l+F_+I_m-1; j < F_l+W_+5; j++){
    ^~~
    VITIS_LOOP_135_2: 
/users/ugrad/yuhuah2/eecs298soc/Lab1/solution1/.autopilot/db/pl_vecadd.pp.0.cpp:23050:5: note: FIX-IT applied suggested code changes
/users/ugrad/yuhuah2/eecs298soc/Lab1/solution1/.autopilot/db/pl_vecadd.pp.0.cpp:23064:13: warning: Added loop label VITIS_LOOP_149_3:   [xilinx-label-all-loops]
            for (int j = WO_m-1; j >= W_-1; j--) {
            ^~~
            VITIS_LOOP_149_3: 
/users/ugrad/yuhuah2/eecs298soc/Lab1/solution1/.autopilot/db/pl_vecadd.pp.0.cpp:23064:13: note: FIX-IT applied suggested code changes
/users/ugrad/yuhuah2/eecs298soc/Lab1/solution1/.autopilot/db/pl_vecadd.pp.0.cpp:23094:13: warning: Added loop label VITIS_LOOP_179_4:   [xilinx-label-all-loops]
            for (int j = W_-2; j >= 0; j--){
            ^~~
            VITIS_LOOP_179_4: 
/users/ugrad/yuhuah2/eecs298soc/Lab1/solution1/.autopilot/db/pl_vecadd.pp.0.cpp:23094:13: note: FIX-IT applied suggested code changes
/users/ugrad/yuhuah2/eecs298soc/Lab1/solution1/.autopilot/db/pl_vecadd.pp.0.cpp:23179:12: warning: Added loop label VITIS_LOOP_307_1:   [xilinx-label-all-loops]
           for(int i = wf_log+we_log-2; i > WI_e - 2; --i) {
           ^~~
           VITIS_LOOP_307_1: 
/users/ugrad/yuhuah2/eecs298soc/Lab1/solution1/.autopilot/db/pl_vecadd.pp.0.cpp:23179:12: note: FIX-IT applied suggested code changes
/users/ugrad/yuhuah2/eecs298soc/Lab1/solution1/.autopilot/db/pl_vecadd.pp.0.cpp:23199:16: warning: Added loop label VITIS_LOOP_327_2:   [xilinx-label-all-loops]
               for (int j = WO_e-1; j >= W_-1; j--) {
               ^~~
               VITIS_LOOP_327_2: 
/users/ugrad/yuhuah2/eecs298soc/Lab1/solution1/.autopilot/db/pl_vecadd.pp.0.cpp:23199:16: note: FIX-IT applied suggested code changes
/users/ugrad/yuhuah2/eecs298soc/Lab1/solution1/.autopilot/db/pl_vecadd.pp.0.cpp:23213:20: warning: Added loop label VITIS_LOOP_341_3:   [xilinx-label-all-loops]
                   for(int i = 0; i < W_-1; ++i) {
                   ^~~
                   VITIS_LOOP_341_3: 
/users/ugrad/yuhuah2/eecs298soc/Lab1/solution1/.autopilot/db/pl_vecadd.pp.0.cpp:23213:20: note: FIX-IT applied suggested code changes
/users/ugrad/yuhuah2/eecs298soc/Lab1/solution1/.autopilot/db/pl_vecadd.pp.0.cpp:23306:12: warning: Added loop label VITIS_LOOP_459_1:   [xilinx-label-all-loops]
           for (int j =WO_d-1; j >= W_-1; j--) {
           ^~~
           VITIS_LOOP_459_1: 
/users/ugrad/yuhuah2/eecs298soc/Lab1/solution1/.autopilot/db/pl_vecadd.pp.0.cpp:23306:12: note: FIX-IT applied suggested code changes
/users/ugrad/yuhuah2/eecs298soc/Lab1/solution1/.autopilot/db/pl_vecadd.pp.0.cpp:23320:15: warning: Added loop label VITIS_LOOP_473_2:   [xilinx-label-all-loops]
              for(int i = 0; i < W_-1; ++i) {
              ^~~
              VITIS_LOOP_473_2: 
/users/ugrad/yuhuah2/eecs298soc/Lab1/solution1/.autopilot/db/pl_vecadd.pp.0.cpp:23320:15: note: FIX-IT applied suggested code changes
/users/ugrad/yuhuah2/eecs298soc/Lab1/solution1/.autopilot/db/pl_vecadd.pp.0.cpp:23433:13: warning: Added loop label VITIS_LOOP_59_1:   [xilinx-label-all-loops]
            for (int i = 0; i < W_-1; i++){
            ^~~
            VITIS_LOOP_59_1: 
/users/ugrad/yuhuah2/eecs298soc/Lab1/solution1/.autopilot/db/pl_vecadd.pp.0.cpp:23433:13: note: FIX-IT applied suggested code changes
/users/ugrad/yuhuah2/eecs298soc/Lab1/solution1/.autopilot/db/pl_vecadd.pp.0.cpp:23557:13: warning: Added loop label VITIS_LOOP_209_1:   [xilinx-label-all-loops]
            for (int i = 0; i < W_-1; i++){
            ^~~
            VITIS_LOOP_209_1: 
/users/ugrad/yuhuah2/eecs298soc/Lab1/solution1/.autopilot/db/pl_vecadd.pp.0.cpp:23557:13: note: FIX-IT applied suggested code changes
/users/ugrad/yuhuah2/eecs298soc/Lab1/solution1/.autopilot/db/pl_vecadd.pp.0.cpp:23612:13: warning: Added loop label VITIS_LOOP_274_1:   [xilinx-label-all-loops]
            for (int i = 0; i < W_-1; i++){
            ^~~
            VITIS_LOOP_274_1: 
/users/ugrad/yuhuah2/eecs298soc/Lab1/solution1/.autopilot/db/pl_vecadd.pp.0.cpp:23612:13: note: FIX-IT applied suggested code changes
/users/ugrad/yuhuah2/eecs298soc/Lab1/solution1/.autopilot/db/pl_vecadd.pp.0.cpp:24117:2: warning: Added loop label VITIS_LOOP_42_1:   [xilinx-label-all-loops]
 for (int i=0; i<W_;i++)
 ^~~
 VITIS_LOOP_42_1: 
/users/ugrad/yuhuah2/eecs298soc/Lab1/solution1/.autopilot/db/pl_vecadd.pp.0.cpp:24117:2: note: FIX-IT applied suggested code changes
/users/ugrad/yuhuah2/eecs298soc/Lab1/solution1/.autopilot/db/pl_vecadd.pp.0.cpp:24128:2: warning: Added loop label VITIS_LOOP_53_1:   [xilinx-label-all-loops]
 for (int i=0; i<W_;i++)
 ^~~
 VITIS_LOOP_53_1: 
/users/ugrad/yuhuah2/eecs298soc/Lab1/solution1/.autopilot/db/pl_vecadd.pp.0.cpp:24128:2: note: FIX-IT applied suggested code changes
/users/ugrad/yuhuah2/eecs298soc/Lab1/solution1/.autopilot/db/pl_vecadd.pp.0.cpp:24139:2: warning: Added loop label VITIS_LOOP_64_1:   [xilinx-label-all-loops]
 for (int i=0; i<I_;i++)
 ^~~
 VITIS_LOOP_64_1: 
/users/ugrad/yuhuah2/eecs298soc/Lab1/solution1/.autopilot/db/pl_vecadd.pp.0.cpp:24139:2: note: FIX-IT applied suggested code changes
/users/ugrad/yuhuah2/eecs298soc/Lab1/solution1/.autopilot/db/pl_vecadd.pp.0.cpp:24150:2: warning: Added loop label VITIS_LOOP_75_1:   [xilinx-label-all-loops]
 for (int i=0; i<I_;i++)
 ^~~
 VITIS_LOOP_75_1: 
/users/ugrad/yuhuah2/eecs298soc/Lab1/solution1/.autopilot/db/pl_vecadd.pp.0.cpp:24150:2: note: FIX-IT applied suggested code changes
/users/ugrad/yuhuah2/eecs298soc/Lab1/solution1/.autopilot/db/pl_vecadd.pp.0.cpp:24161:2: warning: Added loop label VITIS_LOOP_86_1:   [xilinx-label-all-loops]
 for (int i=0; i<W_;i++)
 ^~~
 VITIS_LOOP_86_1: 
/users/ugrad/yuhuah2/eecs298soc/Lab1/solution1/.autopilot/db/pl_vecadd.pp.0.cpp:24161:2: note: FIX-IT applied suggested code changes
/users/ugrad/yuhuah2/eecs298soc/Lab1/solution1/.autopilot/db/pl_vecadd.pp.0.cpp:24172:2: warning: Added loop label VITIS_LOOP_97_1:   [xilinx-label-all-loops]
 for (int i=0; i<W_;i++)
 ^~~
 VITIS_LOOP_97_1: 
/users/ugrad/yuhuah2/eecs298soc/Lab1/solution1/.autopilot/db/pl_vecadd.pp.0.cpp:24172:2: note: FIX-IT applied suggested code changes
/users/ugrad/yuhuah2/eecs298soc/Lab1/solution1/.autopilot/db/pl_vecadd.pp.0.cpp:24183:2: warning: Added loop label VITIS_LOOP_108_1:   [xilinx-label-all-loops]
 for (int i=0; i<I_;i++)
 ^~~
 VITIS_LOOP_108_1: 
/users/ugrad/yuhuah2/eecs298soc/Lab1/solution1/.autopilot/db/pl_vecadd.pp.0.cpp:24183:2: note: FIX-IT applied suggested code changes
/users/ugrad/yuhuah2/eecs298soc/Lab1/solution1/.autopilot/db/pl_vecadd.pp.0.cpp:24194:2: warning: Added loop label VITIS_LOOP_119_1:   [xilinx-label-all-loops]
 for (int i=0; i<I_;i++)
 ^~~
 VITIS_LOOP_119_1: 
/users/ugrad/yuhuah2/eecs298soc/Lab1/solution1/.autopilot/db/pl_vecadd.pp.0.cpp:24194:2: note: FIX-IT applied suggested code changes
/users/ugrad/yuhuah2/eecs298soc/Lab1/solution1/.autopilot/db/pl_vecadd.pp.0.cpp:26495:12: warning: Added loop label VITIS_LOOP_23_1:   [xilinx-label-all-loops]
           for(int i = 0; i < W_-1; ++i) {
           ^~~
           VITIS_LOOP_23_1: 
/users/ugrad/yuhuah2/eecs298soc/Lab1/solution1/.autopilot/db/pl_vecadd.pp.0.cpp:26495:12: note: FIX-IT applied suggested code changes
/users/ugrad/yuhuah2/eecs298soc/Lab1/solution1/.autopilot/db/pl_vecadd.pp.0.cpp:26559:7: warning: Added loop label VITIS_LOOP_66_1:   [xilinx-label-all-loops]
      for(int pos = msbr - 1 ; pos >= -F-1; pos--) {
      ^~~
      VITIS_LOOP_66_1: 
/users/ugrad/yuhuah2/eecs298soc/Lab1/solution1/.autopilot/db/pl_vecadd.pp.0.cpp:26559:7: note: FIX-IT applied suggested code changes
/users/ugrad/yuhuah2/eecs298soc/Lab1/solution1/.autopilot/db/pl_vecadd.pp.0.cpp:26676:9: warning: Added loop label VITIS_LOOP_75_1:   [xilinx-label-all-loops]
        for(int pos = msbr - 1; pos >= 0; pos--) {
        ^~~
        VITIS_LOOP_75_1: 
/users/ugrad/yuhuah2/eecs298soc/Lab1/solution1/.autopilot/db/pl_vecadd.pp.0.cpp:26676:9: note: FIX-IT applied suggested code changes
/users/ugrad/yuhuah2/eecs298soc/Lab1/solution1/.autopilot/db/pl_vecadd.pp.0.cpp:26701:5: warning: Added loop label VITIS_LOOP_107_2:   [xilinx-label-all-loops]
    for(int pos = -1; pos >= -F-1; pos--) {
    ^~~
    VITIS_LOOP_107_2: 
/users/ugrad/yuhuah2/eecs298soc/Lab1/solution1/.autopilot/db/pl_vecadd.pp.0.cpp:26701:5: note: FIX-IT applied suggested code changes
/users/ugrad/yuhuah2/eecs298soc/Lab1/solution1/.autopilot/db/pl_vecadd.pp.0.cpp:26771:8: warning: Added loop label VITIS_LOOP_195_3:   [xilinx-label-all-loops]
       for(int i = 0; i < W - 1; ++i) {
       ^~~
       VITIS_LOOP_195_3: 
/users/ugrad/yuhuah2/eecs298soc/Lab1/solution1/.autopilot/db/pl_vecadd.pp.0.cpp:26771:8: note: FIX-IT applied suggested code changes
/users/ugrad/yuhuah2/eecs298soc/Lab1/solution1/.autopilot/db/pl_vecadd.pp.0.cpp:29006:2: warning: Added loop label VITIS_LOOP_14_1:   [xilinx-label-all-loops]
 for (int i = 0; i < 1024; i += 1)
 ^~~
 VITIS_LOOP_14_1: 
/users/ugrad/yuhuah2/eecs298soc/Lab1/solution1/.autopilot/db/pl_vecadd.pp.0.cpp:29006:2: note: FIX-IT applied suggested code changes
