# 
# Steps log generated by v++
# This log file contains a collection of steps that describe the kernel compilation flow
# Note: Some steps are tagged as internal, these steps are for debugging purposes and 
#       are not expected to be able to run independently.
# 

# The following environment variables are set when running v++
Environment variables :
------------------------------------------
ACSetupSvcPort=23210
ACSvcPort=17532
ALLUSERSPROFILE=C:\ProgramData
APPDATA=C:\Users\benj-\AppData\Roaming
arr.length=0
arr.Ubound=-1
asl.log=Destination=file
AUTOESL_JAVA=E:/Xilinx/Vitis_HLS/2024.1/tps/win64/jre11.0.16_1/bin/java
AUTOESL_OS=Windows NT
AUTOESL_ROOT=E:/Xilinx/Vitis_HLS/2024.1
AUTOESL_VIVADO_HLS_VERSION=true
AUTOPILOT_CONFIG=E:/Xilinx/Vitis_HLS/2024.1/common/config
AUTOPILOT_MACH=E:/Xilinx/Vitis_HLS/2024.1/win64
AUTOPILOT_ROOT=E:/Xilinx/Vitis_HLS/2024.1
AUTOPILOT_TECH=E:/Xilinx/Vitis_HLS/2024.1/common/technology
AUTOPILOT_TOOL=E:/Xilinx/Vitis_HLS/2024.1/win64/tools
CHARPOP=1
ChocolateyInstall=C:\ProgramData\chocolatey
ChocolateyLastPathUpdate=133270927262250169
CMAKE_OBJECT_PATH_MAX=4096
CommonProgramFiles=C:\Program Files\Common Files
CommonProgramFiles(x86)=C:\Program Files (x86)\Common Files
CommonProgramW6432=C:\Program Files\Common Files
COMPUTERNAME=BENJI-PROART
ComSpec=C:\WINDOWS\system32\cmd.exe
CUDA_BIN_PATH=C:\Program Files\NVIDIA GPU Computing Toolkit\CUDA\v11.6\bin
CUDA_LIB_PATH=C:\Program Files\NVIDIA GPU Computing Toolkit\CUDA\v11.6\lib\x64
CUDA_PATH=C:\Program Files\NVIDIA GPU Computing Toolkit\CUDA\v11.6
CUDA_PATH_V11_6=C:\Program Files\NVIDIA GPU Computing Toolkit\CUDA\v11.6
CUDA_SDK_BIN_PATH=C:\ProgramData\NVIDIA Corporation\CUDA Samples\v11.6\bin\win64
CUDA_SDK_LIB_PATH=C:\ProgramData\NVIDIA Corporation\CUDA Samples\v11.6\common\lib\x64
CUDA_SDK_PATH=C:\ProgramData\NVIDIA Corporation\CUDA Samples\v11.6
DriverData=C:\Windows\System32\Drivers\DriverData
EFC_5532=1
ETHEREUM_SOCKET=\\.\pipe\geth.ipc
FPS_BROWSER_APP_PROFILE_STRING=Internet Explorer
FPS_BROWSER_USER_PROFILE_STRING=Default
GRAPHVIZ_DOT=E:/Xilinx/Vitis_HLS/2024.1/tps/win64/dot-2.28
HDI_APPROOT=E:/Xilinx/Vitis/2024.1
HDI_PROCESSOR=i686
HLS_INTERPRETER=C:\WINDOWS\SysWOW64\cmd.exe
HLS_LOG=vitis_hls.log
HLS_MODE=ide
HLS_NEEDLOG=0
HLS_OTHER_ARG=0
hls_root=E:/Xilinx/Vitis_HLS/2024.1
HLS_TERSE_OUTPUT=0
HLS_TMP_CMD=call "E:/Xilinx/Vitis_HLS/2024.1/bin/loader.bat" -exec vitis_hls 
HLS_VERSION=2024.1
HOME=C:\Users\benj-
HOMEDRIVE=C:
HOMEPATH=\Users\benj-
HW_SERVER_DJTG_DISABLE=1
HW_SERVER_FTDIMGR_DISABLE=1
IDE_SKIP_SERVER_LICENSE=1
INTEL_DEV_REDIST=C:\Program Files (x86)\Common Files\Intel\Shared Libraries\
INT_VARIABLE_NAME=XILINX_PATH
ISL_IOSTREAMS_RSA=E:/Xilinx/Vitis/2024.1/tps/isl
JAVA_EXE=E:/Xilinx\Vitis\2024.1\tps\win64\jre11.0.16_1\bin\java.exe
JAVA_HOME=E:/Xilinx\Vitis\2024.1\tps\win64\jre11.0.16_1
LC_NUMERIC=C
LD_LIBRARY_PATH=E:/Xilinx/Vitis_HLS/2024.1/tps/win64/dot-2.28/lib;E:/Xilinx/Vitis_HLS/2024.1/win64/bin;E:/Xilinx/Vitis_HLS/2024.1/win64/tools/fpo_v7_0;E:/Xilinx/Vitis_HLS/2024.1/win64/tools/fft_v9_1;E:/Xilinx/Vitis_HLS/2024.1/win64/tools/fir_v7_0;E:/Xilinx/Vitis_HLS/2024.1/win64/tools/dds_v6_0;E:/Xilinx/Vitis_HLS/2024.1/win64/lib/csim
LM_LICENSE_FILE=C:\Synopsys\SCL\2018.06\admin\license\Synopsys.dat;C:\Microsemi\license.dat;
LOCALAPPDATA=C:\Users\benj-\AppData\Local
LOGONSERVER=\\BENJI-PROART
LOPPER_DTC_FLAGS=-b 0 -@
MGLS_LICENSE_FILE=E:\Mentor Graphics\LICENSE.TXT
MIC_LD_LIBRARY_PATH=C:\Program Files (x86)\Common Files\Intel\Shared Libraries\compiler\lib\mic
MY_ROOT_DIR=E:\Xilinx\Vitis_HLS\2024.1\bin\
NOSPLASH=false
NUMBER_OF_PROCESSORS=16
NVTOOLSEXT_PATH=C:\Program Files\NVIDIA Corporation\NvToolsExt\
OneDrive=C:\Users\benj-\OneDrive
ORIGINALHOMEDRIVE=C:
ORIGINAL_XDG_CURRENT_DESKTOP=undefined
OS=Windows_NT
PATH=E:/Xilinx/Vivado/2024.1/tps/win64/binutils-2.26/bin;E:/Xilinx/Vitis/2024.1/bin/../gnu/aarch64/nt/aarch64-linux/bin;E:/Xilinx/Vitis/2024.1/bin/../gnu/ppc64le/4.9.3/win64/bin;E:/Xilinx/Vitis/2024.1/bin/../gnu/aarch32/nt/gcc-arm-linux-gnueabi/bin;E:/Xilinx\Vitis_HLS\2024.1/tps/mingw/6.2.0/win64.o/nt/bin;E:/Xilinx/Vivado/2024.1\gnuwin\bin;E:/Xilinx/Vivado/2024.1\gnu\microblaze\nt\bin;E:/Xilinx/Vitis/2024.1/bin;E:/Xilinx/Vitis/2024.1/tps/win64/java-cef-95.0.4638.69/bin/lib/win64;E:/Xilinx/Vitis/2024.1/tps/win64/javafx-sdk-11.0.2/lib;E:/Xilinx/Vitis/2024.1/tps/win64/javafx-sdk-11.0.2/bin;E:/Xilinx/Vitis/2024.1/lib/win64.o;E:/Xilinx/Vitis/2024.1/tps/win64/jre11.0.16_1/bin/server;E:/Xilinx/Vitis/2024.1/tps/win64/jre11.0.16_1/bin;E:\Xilinx\Vitis\2024.1\tps\win64\lopper-1.1.0-packages\min_sdk\\usr\bin;E:/Xilinx\Vitis\2024.1\tps\win64\cmake-3.24.2\bin;E:/Xilinx\Vitis\2024.1\gnu\microblaze\nt\bin;E:/Xilinx\Vitis\2024.1\gnu\microblaze\linux_toolchain\nt64_le\bin;E:/Xilinx\Vitis\2024.1\gnu\aarch32\nt\gcc-arm-linux-gnueabi\bin;E:/Xilinx\Vitis\2024.1\gnu\aarch32\nt\gcc-arm-none-eabi\bin;E:/Xilinx\Vitis\2024.1\gnu\aarch64\nt\aarch64-linux\bin;E:/Xilinx\Vitis\2024.1\gnu\aarch64\nt\aarch64-none\bin;E:/Xilinx\Vitis\2024.1\gnu\armr5\nt\gcc-arm-none-eabi\bin;E:/Xilinx\Vitis\2024.1\gnuwin\bin;E:/Xilinx\Vitis\2024.1\tps\win64\python-3.8.3;E:/Xilinx\Vitis\2024.1\tps\win64\libxslt\bin;E:/Xilinx/Vivado/2024.1\bin;E:/Xilinx/Vitis/2024.1\gnu\arm\nt\bin;E:/Xilinx/Vitis/2024.1\gnu\microblaze\linux_toolchain\nt64_be\bin;E:/Xilinx/Vitis/2024.1\gnu\riscv\nt\riscv64-unknown-elf\bin;E:/Xilinx/Vitis/2024.1\tps\win64\git-2.16.2\bin;E:/Xilinx/Vitis/2024.1\win64\tools\clang\bin;E:/Xilinx\Vitis_HLS\2024.1\lib\win64.o;E:/Xilinx\Vitis_HLS\2024.1\bin;E:/Xilinx/Vivado/2024.1  /bin;/bin;E:\Xilinx\Model_Composer\2024.1\bin;E:\Xilinx\Vivado\2024.1\lib\win64.o;E:\Xilinx\DocNav;;E:/Xilinx/Vitis/2024.1\tps\mingw\6.2.0\win64.o\nt\bin;E:/Xilinx/Vitis/2024.1\tps\mingw\6.2.0\win64.o\nt\libexec\gcc\x86_64-w64-mingw32\6.2.0
PATHEXT=.COM;.EXE;.BAT;.CMD;.VBS;.VBE;.JS;.JSE;.WSF;.WSH;.MSC;.PY;.PYW
PROCESSOR_ARCHITECTURE=AMD64
PROCESSOR_IDENTIFIER=AMD64 Family 25 Model 80 Stepping 0, AuthenticAMD
PROCESSOR_LEVEL=25
PROCESSOR_REVISION=5000
PRODVERSION_EXE=E:/Xilinx/Vitis/2024.1/bin/unwrapped/win64.o/prodversion.exe
ProgramData=C:\ProgramData
ProgramFiles=C:\Program Files
ProgramFiles(x86)=C:\Program Files (x86)
ProgramW6432=C:\Program Files
PROMPT=$P$G
PSModulePath=C:\Program Files\WindowsPowerShell\Modules;C:\WINDOWS\system32\WindowsPowerShell\v1.0\Modules
PUBLIC=C:\Users\Public
PYTHONPATH=;E:/Xilinx/Vitis/2024.1\cli;E:/Xilinx/Vitis/2024.1\cli\python-packages\win64;E:/Xilinx/Vitis/2024.1\cli\python-packages\site-packages;E:/Xilinx/Vitis/2024.1\cli\proto;E:/Xilinx/Vitis/2024.1\scripts\python_pkg;
python_path=;E:/Xilinx/Vitis/2024.1\cli;E:/Xilinx/Vitis/2024.1\cli\python-packages\win64;E:/Xilinx/Vitis/2024.1\cli\python-packages\site-packages;E:/Xilinx/Vitis/2024.1\cli\proto;E:/Xilinx/Vitis/2024.1\scripts\python_pkg;
QSYS_ROOTDIR=E:\intelFPGA\quartus\sopc_builder\bin
QUARTUS_ROOTDIR=E:\intelFPGA\quartus
RDI_APPROOT=E:/Xilinx/Vitis/2024.1
RDI_ARGS= -c --mode hls --config E:\Xilinx_Prj\SoC-based-MatMul-Accelerator-and-DNN-Accelerator\eecs298soc\hls_component\hls_config.cfg --work_dir matmul_plain
RDI_ARGS_FUNCTION=RDI_EXEC_DEFAULT
RDI_BASEROOT=E:/Xilinx/Vitis
RDI_BINDIR=E:/Xilinx/Vitis/2024.1/bin
RDI_BINROOT=E:/Xilinx/Vitis/2024.1/bin
RDI_BUILD=yes
RDI_CHECK_PROG=True
RDI_DATADIR=E:/Xilinx/SharedData/2024.1/data;E:/Xilinx/Vitis/2024.1/data
RDI_INSTALLROOT=E:/Xilinx
RDI_INSTALLVER=2024.1
RDI_INSTALLVERSION=2024.1
RDI_JAVACEFROOT=E:/Xilinx/Vitis/2024.1/tps/win64/java-cef-95.0.4638.69
RDI_JAVAFXROOT=E:/Xilinx/Vitis/2024.1/tps/win64/javafx-sdk-11.0.2
RDI_JAVAROOT=E:/Xilinx/Vitis/2024.1/tps/win64/jre11.0.16_1
RDI_JAVA_VERSION=11.0.16_1
RDI_LIBDIR=E:/Xilinx/Vitis/2024.1/lib/win64.o
RDI_MINGW_LIB=E:/Xilinx/Vitis/2024.1\tps\mingw\6.2.0\win64.o\nt\bin;E:/Xilinx/Vitis/2024.1\tps\mingw\6.2.0\win64.o\nt\libexec\gcc\x86_64-w64-mingw32\6.2.0
RDI_OPT_EXT=.o
RDI_OS_ARCH=64
RDI_PLATFORM=win64
RDI_PREPEND_PATH=E:/Xilinx/Vitis/2024.1/bin;E:/Xilinx/Vitis/2024.1/bin
RDI_PROG=E:/Xilinx/Vitis/2024.1/bin/unwrapped/win64.o/v++.exe
RDI_PROGNAME=v++.exe
RDI_SESSION_INFO=C:\Users\benj-\AppData\Roaming\Xilinx\Vitis:BENJI-PROART-12-09-2024Mon_21-17-53.18
RDI_SHARED_DATA=E:/Xilinx/SharedData/2024.1/data
RDI_TPS_ROOT=E:/Xilinx/Vivado/2024.1/tps/win64
RDI_USE_JDK11=1
RDI_VERBOSE=0
RlsSvcPort=22112
ROOT_SWTICH_INGUI=1
RT_LIBPATH=E:/Xilinx/Vitis/2024.1/scripts/rt/data
RT_TCL_PATH=E:/Xilinx/Vitis/2024.1/scripts/rt/base_tcl/tcl
SDKROOT=E:\Xilinx\Vitis\2024.1\tps\win64\lopper-1.1.0-packages\min_sdk\
SESSIONNAME=Console
session_string=E:\Xilinx_Prj\SoC-based-MatMul-Accelerator-and-DNN-Accelerator\eecs298soc\hls_component:BENJI-PROART-12-09-2024Mon_21-53-32.94
SHARED_DATA_HOME="E:/Xilinx/SharedData/2024.1"
SOPC_KIT_NIOS2=E:\intelFPGA\nios2eds
SWIG_LIB=E:\Xilinx\Vitis\2024.1\tps\win64\lopper-1.1.0-packages\min_sdk\\usr\lib\swig\4.0.2
SWT_GTK3=1
SYNTH_COMMON=E:/Xilinx/Vitis/2024.1/scripts/rt/data
SystemDrive=C:
SystemRoot=C:\WINDOWS
TCL_LIBRARY=E:/Xilinx/Vitis/2024.1/tps/tcl/tcl8.6
TCMALLOC_LARGE_ALLOC_REPORT_THRESHOLD=4294967296
TEMP=C:\Users\benj-\AppData\Local\Temp
THEIA_APP_PROJECT_PATH=E:\Xilinx\Vitis\2024.1\ide\electron-app\win64\resources\app
THEIA_DEFAULT_PLUGINS=local-dir:E:\Xilinx\Vitis\2024.1\ide\electron-app\win64\resources\app\plugins
THEIA_ELECTRON_TOKEN={"value":"496b5243-553f-4e38-a4a7-c2f4b46f247a"}
THEIA_ELECTRON_VERSION=15.5.7
THEIA_PLUGINS=local-dir:C:\Users\benj-\.theia\plugins
TMP=C:\Users\benj-\AppData\Local\Temp
USERDOMAIN=BENJI-PROART
USERDOMAIN_ROAMINGPROFILE=BENJI-PROART
USERNAME=benj-
USERPROFILE=C:\Users\benj-
VITISNEW=true
VIVADO_HLS_ARG_DBG=0
VSCODE_API_VERSION=1.53.2
windir=C:\WINDOWS
XILINX_HLS=E:/Xilinx\Vitis_HLS\2024.1
XILINX_HLS_TPS_PATH=E:/Xilinx/Vitis_HLS/2024.1/tps;E:/Xilinx/Vitis/2024.1/tps
XILINX_OPENCL=E:/Xilinx/Vitis_HLS/2024.1
XILINX_OPENCL_CLANG=E:/Xilinx/Vitis_HLS/2024.1/win64/tools/clang
XILINX_PLANAHEAD=E:/Xilinx/Vitis/2024.1
XILINX_SDK=E:/Xilinx/Vitis/2024.1
XILINX_VCXX=E:/Xilinx/Vitis_HLS/2024.1/vcxx
XILINX_VERSION_DEFAULT=2024.1
XILINX_VERSION_VITIS=2024.1
XILINX_VITIS=E:/Xilinx\Vitis\2024.1
XILINX_VITIS_VERSION=Vitis v2024.1 (64-bit)
XILINX_VIVADO=E:/Xilinx/Vivado/2024.1
XILINX_VIVADO_HLS=E:/Xilinx/Vivado/2024.1
XIL_CHECK_TCL_DEBUG=False
XIL_NO_OVERRIDE=0
XIL_PA_NO_DEFAULT_OVERRIDE=1
XIL_SUPPRESS_OVERRIDE_WARNINGS=1
XVREDIST=E:/Xilinx/Vitis/2024.1\tps\win64\xvcredist.exe
_RDI_BINROOT=E:\Xilinx\Vitis\2024.1\bin
_RDI_CWD=E:\Xilinx_Prj\SoC-based-MatMul-Accelerator-and-DNN-Accelerator\eecs298soc\hls_component
_RDI_DONT_SET_XILINX_AS_PATH=True
_RDI_VERSION_PROG=v++
_valid=False
_XILINX_HLS_HIDE_BANNER_SUBPROC=1
XILINX_CD_CONNECT_ID=2020
XILINX_CD_SESSION=4e86a822-9022-4a29-8f55-4f43e255e644


V++ command line:
------------------------------------------
E:/Xilinx/Vitis/2024.1/bin/unwrapped/win64.o/v++.exe -c --mode hls --config E:\Xilinx_Prj\SoC-based-MatMul-Accelerator-and-DNN-Accelerator\eecs298soc\hls_component\hls_config.cfg --work_dir matmul_plain 

FINAL PROGRAM OPTIONS
--compile
--config E:\Xilinx_Prj\SoC-based-MatMul-Accelerator-and-DNN-Accelerator\eecs298soc\hls_component\hls_config.cfg
--hls.csim.code_analyzer 1
--hls.flow_target vivado
--hls.package.output.format ip_catalog
--hls.package.output.syn false
--hls.syn.file E:/Xilinx_Prj/SoC-based-MatMul-Accelerator-and-DNN-Accelerator/eecs298soc/Matmul_no_op.cpp
--hls.syn.top matmul_plain
--mode hls
--part xczu7ev-ffvc1156-2-e
--target hw
--work_dir matmul_plain

PARSED COMMAND LINE OPTIONS
-c 
--mode hls 
--config E:\Xilinx_Prj\SoC-based-MatMul-Accelerator-and-DNN-Accelerator\eecs298soc\hls_component\hls_config.cfg 
--work_dir matmul_plain 

PARSED CONFIG FILE (1) OPTIONS
file: E:\Xilinx_Prj\SoC-based-MatMul-Accelerator-and-DNN-Accelerator\eecs298soc\hls_component\hls_config.cfg
part xczu7ev-ffvc1156-2-e 
hls.flow_target vivado 
hls.package.output.format ip_catalog 
hls.package.output.syn false 
hls.syn.top matmul_plain 
hls.syn.file E:/Xilinx_Prj/SoC-based-MatMul-Accelerator-and-DNN-Accelerator/eecs298soc/Matmul_no_op.cpp 
hls.csim.code_analyzer 1 


==========================================
new:  steps log generated by v++ for new launch 
timestamp: 09 Dec 2024 21:53:37
------------------------------------------
V++ internal step: writing a config file for vitis_hls: E:/Xilinx_Prj/SoC-based-MatMul-Accelerator-and-DNN-Accelerator/eecs298soc/hls_component/matmul_plain/hls/config.cmdline
timestamp: 09 Dec 2024 21:53:37
V++ internal step status: success
------------------------------------------
V++ internal step: running vitis_hls
timestamp: 09 Dec 2024 21:53:37
working dir: E:/Xilinx_Prj/SoC-based-MatMul-Accelerator-and-DNN-Accelerator/eecs298soc/hls_component
cmd: vitis_hls -nolog -run csynth -work_dir E:/Xilinx_Prj/SoC-based-MatMul-Accelerator-and-DNN-Accelerator/eecs298soc/hls_component/matmul_plain -config E:/Xilinx_Prj/SoC-based-MatMul-Accelerator-and-DNN-Accelerator/eecs298soc/hls_component/hls_config.cfg -cmdlineconfig E:/Xilinx_Prj/SoC-based-MatMul-Accelerator-and-DNN-Accelerator/eecs298soc/hls_component/matmul_plain/hls/config.cmdline
V++ internal step status: success
