12/09/24 21:53:35: Running xcd server. This server was NOT built by gradle, but presumably rdi.
12/09/24 21:53:35: Server was asked to start on port: '2020'
12/09/24 21:53:35: Server is using token UUID: '8229b10f-7c3b-46a1-8151-2baf065001cf'
12/09/24 21:53:35: SESSION_MGR: creating session with session uuid: '6d04a3e9-ade5-4ab9-8d63-1f78fcd2ec76' and name 'default'
12/09/24 21:53:36: Attempting to start server on port '2020'
12/09/24 21:53:36: Running Dispatch Server
12/09/24 21:53:36: Version 2.2.0
12/09/24 21:53:37: Dispatch Server: Accepted socket connection from client
12/09/24 21:53:37: Starting Socket connection
12/09/24 21:53:37: EXCHANGE_TOKEN received, server token: 8229b10f-7c3b-46a1-8151-2baf065001cf, passed token: 8229b10f-7c3b-46a1-8151-2baf065001cf
12/09/24 21:53:37: DISPATCH_HANDLER: Adding handler from function makeHandler in library librdi_system_diagram failed with exception: Could not dynamically load librdi_system_diagram.dll
12/09/24 21:53:37: SESSION_MGR: creating session with session uuid: '4e86a822-9022-4a29-8f55-4f43e255e644' and name 'v++_compile_matmul_plain'
12/09/24 21:53:37: KERNEL_SVC: creating session with uuid: '4e86a822-9022-4a29-8f55-4f43e255e644' and name 'v++_compile_matmul_plain'
12/09/24 21:53:37: GUIDANCE_SMGR: creating guidance session with uuid: '4e86a822-9022-4a29-8f55-4f43e255e644' and name 'v++_compile_matmul_plain'
12/09/24 21:53:43: Dispatch Server: Accepted socket connection from client
12/09/24 21:53:43: Starting Socket connection
12/09/24 21:54:24: SESSION_MGR: closing session for UUID '4e86a822-9022-4a29-8f55-4f43e255e644' with name 'v++_compile_matmul_plain'
12/09/24 21:54:24: KERNEL_SVC: closing session for UUID '4e86a822-9022-4a29-8f55-4f43e255e644' with name 'v++_compile_matmul_plain'
12/09/24 21:54:24: GUIDANCE_SMGR: closing session for UUID '4e86a822-9022-4a29-8f55-4f43e255e644' with name 'v++_compile_matmul_plain'
12/09/24 21:54:25: STOP_SERVER received, server token: 8229b10f-7c3b-46a1-8151-2baf065001cf, passed token: 8229b10f-7c3b-46a1-8151-2baf065001cf
12/09/24 21:54:25: Socket received request to stop server.
12/09/24 21:54:25: Dispatch Server: do_await_stop
12/09/24 21:54:25: SERVER: destructor for server bound to port 2020
12/09/24 21:54:25: Server exiting with status 0.
12/09/24 21:54:25: Closing log file.
