

================================================================
== Vitis HLS Report for 'matmul_optimized_Pipeline_VITIS_LOOP_34_3_VITIS_LOOP_35_4'
================================================================
* Date:           Sun Nov  3 23:06:22 2024

* Version:        2023.1 (Build 3854077 on May  4 2023)
* Project:        Matmul_op_ver2
* Solution:       solution1 (Vivado IP Flow Target)
* Product family: zynquplus
* Target device:  xck26-sfvc784-2LV-c


================================================================
== Performance Estimates
================================================================
+ Timing: 
    * Summary: 
    +--------+----------+----------+------------+
    |  Clock |  Target  | Estimated| Uncertainty|
    +--------+----------+----------+------------+
    |ap_clk  |  10.00 ns|  7.114 ns|     2.70 ns|
    +--------+----------+----------+------------+

+ Latency: 
    * Summary: 
    +---------+---------+----------+----------+-----+-----+---------+
    |  Latency (cycles) |  Latency (absolute) |  Interval | Pipeline|
    |   min   |   max   |    min   |    max   | min | max |   Type  |
    +---------+---------+----------+----------+-----+-----+---------+
    |      325|      325|  3.250 us|  3.250 us|  325|  325|       no|
    +---------+---------+----------+----------+-----+-----+---------+

    + Detail: 
        * Instance: 
        N/A

        * Loop: 
        +-----------------------------------+---------+---------+----------+-----------+-----------+------+----------+
        |                                   |  Latency (cycles) | Iteration|  Initiation Interval  | Trip |          |
        |             Loop Name             |   min   |   max   |  Latency |  achieved |   target  | Count| Pipelined|
        +-----------------------------------+---------+---------+----------+-----------+-----------+------+----------+
        |- VITIS_LOOP_34_3_VITIS_LOOP_35_4  |      323|      323|        69|          1|          1|   256|       yes|
        +-----------------------------------+---------+---------+----------+-----------+-----------+------+----------+



================================================================
== Utilization Estimates
================================================================
* Summary: 
+-----------------+---------+------+--------+--------+-----+
|       Name      | BRAM_18K|  DSP |   FF   |   LUT  | URAM|
+-----------------+---------+------+--------+--------+-----+
|DSP              |        -|     -|       -|       -|    -|
|Expression       |        -|     -|       0|      82|    -|
|FIFO             |        -|     -|       -|       -|    -|
|Instance         |        -|    80|    5680|    5584|    -|
|Memory           |        -|     -|       -|       -|    -|
|Multiplexer      |        -|     -|       -|      72|    -|
|Register         |        -|     -|    2378|      96|    -|
+-----------------+---------+------+--------+--------+-----+
|Total            |        0|    80|    8058|    5834|    0|
+-----------------+---------+------+--------+--------+-----+
|Available        |      288|  1248|  234240|  117120|   64|
+-----------------+---------+------+--------+--------+-----+
|Utilization (%)  |        0|     6|       3|       4|    0|
+-----------------+---------+------+--------+--------+-----+

+ Detail: 
    * Instance: 
    +------------------------------------+--------------------------------+---------+----+-----+-----+-----+
    |              Instance              |             Module             | BRAM_18K| DSP|  FF | LUT | URAM|
    +------------------------------------+--------------------------------+---------+----+-----+-----+-----+
    |fadd_32ns_32ns_32_4_full_dsp_1_U53  |fadd_32ns_32ns_32_4_full_dsp_1  |        0|   2|  227|  214|    0|
    |fadd_32ns_32ns_32_4_full_dsp_1_U54  |fadd_32ns_32ns_32_4_full_dsp_1  |        0|   2|  227|  214|    0|
    |fadd_32ns_32ns_32_4_full_dsp_1_U55  |fadd_32ns_32ns_32_4_full_dsp_1  |        0|   2|  227|  214|    0|
    |fadd_32ns_32ns_32_4_full_dsp_1_U56  |fadd_32ns_32ns_32_4_full_dsp_1  |        0|   2|  227|  214|    0|
    |fadd_32ns_32ns_32_4_full_dsp_1_U57  |fadd_32ns_32ns_32_4_full_dsp_1  |        0|   2|  227|  214|    0|
    |fadd_32ns_32ns_32_4_full_dsp_1_U58  |fadd_32ns_32ns_32_4_full_dsp_1  |        0|   2|  227|  214|    0|
    |fadd_32ns_32ns_32_4_full_dsp_1_U59  |fadd_32ns_32ns_32_4_full_dsp_1  |        0|   2|  227|  214|    0|
    |fadd_32ns_32ns_32_4_full_dsp_1_U60  |fadd_32ns_32ns_32_4_full_dsp_1  |        0|   2|  227|  214|    0|
    |fadd_32ns_32ns_32_4_full_dsp_1_U61  |fadd_32ns_32ns_32_4_full_dsp_1  |        0|   2|  227|  214|    0|
    |fadd_32ns_32ns_32_4_full_dsp_1_U62  |fadd_32ns_32ns_32_4_full_dsp_1  |        0|   2|  227|  214|    0|
    |fadd_32ns_32ns_32_4_full_dsp_1_U63  |fadd_32ns_32ns_32_4_full_dsp_1  |        0|   2|  227|  214|    0|
    |fadd_32ns_32ns_32_4_full_dsp_1_U64  |fadd_32ns_32ns_32_4_full_dsp_1  |        0|   2|  227|  214|    0|
    |fadd_32ns_32ns_32_4_full_dsp_1_U65  |fadd_32ns_32ns_32_4_full_dsp_1  |        0|   2|  227|  214|    0|
    |fadd_32ns_32ns_32_4_full_dsp_1_U66  |fadd_32ns_32ns_32_4_full_dsp_1  |        0|   2|  227|  214|    0|
    |fadd_32ns_32ns_32_4_full_dsp_1_U67  |fadd_32ns_32ns_32_4_full_dsp_1  |        0|   2|  227|  214|    0|
    |fadd_32ns_32ns_32_4_full_dsp_1_U68  |fadd_32ns_32ns_32_4_full_dsp_1  |        0|   2|  227|  214|    0|
    |fmul_32ns_32ns_32_3_max_dsp_1_U69   |fmul_32ns_32ns_32_3_max_dsp_1   |        0|   3|  128|  135|    0|
    |fmul_32ns_32ns_32_3_max_dsp_1_U70   |fmul_32ns_32ns_32_3_max_dsp_1   |        0|   3|  128|  135|    0|
    |fmul_32ns_32ns_32_3_max_dsp_1_U71   |fmul_32ns_32ns_32_3_max_dsp_1   |        0|   3|  128|  135|    0|
    |fmul_32ns_32ns_32_3_max_dsp_1_U72   |fmul_32ns_32ns_32_3_max_dsp_1   |        0|   3|  128|  135|    0|
    |fmul_32ns_32ns_32_3_max_dsp_1_U73   |fmul_32ns_32ns_32_3_max_dsp_1   |        0|   3|  128|  135|    0|
    |fmul_32ns_32ns_32_3_max_dsp_1_U74   |fmul_32ns_32ns_32_3_max_dsp_1   |        0|   3|  128|  135|    0|
    |fmul_32ns_32ns_32_3_max_dsp_1_U75   |fmul_32ns_32ns_32_3_max_dsp_1   |        0|   3|  128|  135|    0|
    |fmul_32ns_32ns_32_3_max_dsp_1_U76   |fmul_32ns_32ns_32_3_max_dsp_1   |        0|   3|  128|  135|    0|
    |fmul_32ns_32ns_32_3_max_dsp_1_U77   |fmul_32ns_32ns_32_3_max_dsp_1   |        0|   3|  128|  135|    0|
    |fmul_32ns_32ns_32_3_max_dsp_1_U78   |fmul_32ns_32ns_32_3_max_dsp_1   |        0|   3|  128|  135|    0|
    |fmul_32ns_32ns_32_3_max_dsp_1_U79   |fmul_32ns_32ns_32_3_max_dsp_1   |        0|   3|  128|  135|    0|
    |fmul_32ns_32ns_32_3_max_dsp_1_U80   |fmul_32ns_32ns_32_3_max_dsp_1   |        0|   3|  128|  135|    0|
    |fmul_32ns_32ns_32_3_max_dsp_1_U81   |fmul_32ns_32ns_32_3_max_dsp_1   |        0|   3|  128|  135|    0|
    |fmul_32ns_32ns_32_3_max_dsp_1_U82   |fmul_32ns_32ns_32_3_max_dsp_1   |        0|   3|  128|  135|    0|
    |fmul_32ns_32ns_32_3_max_dsp_1_U83   |fmul_32ns_32ns_32_3_max_dsp_1   |        0|   3|  128|  135|    0|
    |fmul_32ns_32ns_32_3_max_dsp_1_U84   |fmul_32ns_32ns_32_3_max_dsp_1   |        0|   3|  128|  135|    0|
    +------------------------------------+--------------------------------+---------+----+-----+-----+-----+
    |Total                               |                                |        0|  80| 5680| 5584|    0|
    +------------------------------------+--------------------------------+---------+----+-----+-----+-----+

    * DSP: 
    N/A

    * Memory: 
    N/A

    * FIFO: 
    N/A

    * Expression: 
    +-------------------------+----------+----+---+----+------------+------------+
    |      Variable Name      | Operation| DSP| FF| LUT| Bitwidth P0| Bitwidth P1|
    +-------------------------+----------+----+---+----+------------+------------+
    |add_ln34_1_fu_991_p2     |         +|   0|  0|  12|           5|           1|
    |add_ln34_fu_965_p2       |         +|   0|  0|  16|           9|           1|
    |add_ln35_fu_1019_p2      |         +|   0|  0|  12|           5|           1|
    |icmp_ln34_fu_959_p2      |      icmp|   0|  0|  17|           9|          10|
    |icmp_ln35_fu_977_p2      |      icmp|   0|  0|  13|           5|           6|
    |select_ln34_1_fu_997_p3  |    select|   0|  0|   5|           1|           5|
    |select_ln34_fu_983_p3    |    select|   0|  0|   5|           1|           1|
    |ap_enable_pp0            |       xor|   0|  0|   2|           1|           2|
    +-------------------------+----------+----+---+----+------------+------------+
    |Total                    |          |   0|  0|  82|          36|          27|
    +-------------------------+----------+----+---+----+------------+------------+

    * Multiplexer: 
    +----------------------------------------+----+-----------+-----+-----------+
    |                  Name                  | LUT| Input Size| Bits| Total Bits|
    +----------------------------------------+----+-----------+-----+-----------+
    |ap_done_int                             |   9|          2|    1|          2|
    |ap_enable_reg_pp0_iter1                 |   9|          2|    1|          2|
    |ap_sig_allocacmp_i_1_load               |   9|          2|    5|         10|
    |ap_sig_allocacmp_indvar_flatten70_load  |   9|          2|    9|         18|
    |ap_sig_allocacmp_j_load                 |   9|          2|    5|         10|
    |i_1_fu_164                              |   9|          2|    5|         10|
    |indvar_flatten70_fu_168                 |   9|          2|    9|         18|
    |j_fu_160                                |   9|          2|    5|         10|
    +----------------------------------------+----+-----------+-----+-----------+
    |Total                                   |  72|         16|   40|         80|
    +----------------------------------------+----+-----------+-----+-----------+

    * Register: 
    +-----------------------------------+----+----+-----+-----------+
    |                Name               | FF | LUT| Bits| Const Bits|
    +-----------------------------------+----+----+-----+-----------+
    |A_local_10_load_reg_1428           |  32|   0|   32|          0|
    |A_local_11_load_reg_1458           |  32|   0|   32|          0|
    |A_local_12_load_reg_1488           |  32|   0|   32|          0|
    |A_local_13_load_reg_1518           |  32|   0|   32|          0|
    |A_local_14_load_reg_1548           |  32|   0|   32|          0|
    |A_local_15_load_reg_1578           |  32|   0|   32|          0|
    |A_local_1_load_reg_1158            |  32|   0|   32|          0|
    |A_local_2_load_reg_1188            |  32|   0|   32|          0|
    |A_local_3_load_reg_1218            |  32|   0|   32|          0|
    |A_local_4_load_reg_1248            |  32|   0|   32|          0|
    |A_local_5_load_reg_1278            |  32|   0|   32|          0|
    |A_local_6_load_reg_1308            |  32|   0|   32|          0|
    |A_local_7_load_reg_1338            |  32|   0|   32|          0|
    |A_local_8_load_reg_1368            |  32|   0|   32|          0|
    |A_local_9_load_reg_1398            |  32|   0|   32|          0|
    |A_local_load_reg_1133              |  32|   0|   32|          0|
    |B_local_10_load_reg_1433           |  32|   0|   32|          0|
    |B_local_11_load_reg_1463           |  32|   0|   32|          0|
    |B_local_12_load_reg_1493           |  32|   0|   32|          0|
    |B_local_13_load_reg_1523           |  32|   0|   32|          0|
    |B_local_14_load_reg_1553           |  32|   0|   32|          0|
    |B_local_15_load_reg_1583           |  32|   0|   32|          0|
    |B_local_1_load_reg_1163            |  32|   0|   32|          0|
    |B_local_2_load_reg_1193            |  32|   0|   32|          0|
    |B_local_3_load_reg_1223            |  32|   0|   32|          0|
    |B_local_4_load_reg_1253            |  32|   0|   32|          0|
    |B_local_5_load_reg_1283            |  32|   0|   32|          0|
    |B_local_6_load_reg_1313            |  32|   0|   32|          0|
    |B_local_7_load_reg_1343            |  32|   0|   32|          0|
    |B_local_8_load_reg_1373            |  32|   0|   32|          0|
    |B_local_9_load_reg_1403            |  32|   0|   32|          0|
    |B_local_load_reg_1138              |  32|   0|   32|          0|
    |ap_CS_fsm                          |   1|   0|    1|          0|
    |ap_done_reg                        |   1|   0|    1|          0|
    |ap_enable_reg_pp0_iter1            |   1|   0|    1|          0|
    |ap_enable_reg_pp0_iter10           |   1|   0|    1|          0|
    |ap_enable_reg_pp0_iter11           |   1|   0|    1|          0|
    |ap_enable_reg_pp0_iter12           |   1|   0|    1|          0|
    |ap_enable_reg_pp0_iter13           |   1|   0|    1|          0|
    |ap_enable_reg_pp0_iter14           |   1|   0|    1|          0|
    |ap_enable_reg_pp0_iter15           |   1|   0|    1|          0|
    |ap_enable_reg_pp0_iter16           |   1|   0|    1|          0|
    |ap_enable_reg_pp0_iter17           |   1|   0|    1|          0|
    |ap_enable_reg_pp0_iter18           |   1|   0|    1|          0|
    |ap_enable_reg_pp0_iter19           |   1|   0|    1|          0|
    |ap_enable_reg_pp0_iter2            |   1|   0|    1|          0|
    |ap_enable_reg_pp0_iter20           |   1|   0|    1|          0|
    |ap_enable_reg_pp0_iter21           |   1|   0|    1|          0|
    |ap_enable_reg_pp0_iter22           |   1|   0|    1|          0|
    |ap_enable_reg_pp0_iter23           |   1|   0|    1|          0|
    |ap_enable_reg_pp0_iter24           |   1|   0|    1|          0|
    |ap_enable_reg_pp0_iter25           |   1|   0|    1|          0|
    |ap_enable_reg_pp0_iter26           |   1|   0|    1|          0|
    |ap_enable_reg_pp0_iter27           |   1|   0|    1|          0|
    |ap_enable_reg_pp0_iter28           |   1|   0|    1|          0|
    |ap_enable_reg_pp0_iter29           |   1|   0|    1|          0|
    |ap_enable_reg_pp0_iter3            |   1|   0|    1|          0|
    |ap_enable_reg_pp0_iter30           |   1|   0|    1|          0|
    |ap_enable_reg_pp0_iter31           |   1|   0|    1|          0|
    |ap_enable_reg_pp0_iter32           |   1|   0|    1|          0|
    |ap_enable_reg_pp0_iter33           |   1|   0|    1|          0|
    |ap_enable_reg_pp0_iter34           |   1|   0|    1|          0|
    |ap_enable_reg_pp0_iter35           |   1|   0|    1|          0|
    |ap_enable_reg_pp0_iter36           |   1|   0|    1|          0|
    |ap_enable_reg_pp0_iter37           |   1|   0|    1|          0|
    |ap_enable_reg_pp0_iter38           |   1|   0|    1|          0|
    |ap_enable_reg_pp0_iter39           |   1|   0|    1|          0|
    |ap_enable_reg_pp0_iter4            |   1|   0|    1|          0|
    |ap_enable_reg_pp0_iter40           |   1|   0|    1|          0|
    |ap_enable_reg_pp0_iter41           |   1|   0|    1|          0|
    |ap_enable_reg_pp0_iter42           |   1|   0|    1|          0|
    |ap_enable_reg_pp0_iter43           |   1|   0|    1|          0|
    |ap_enable_reg_pp0_iter44           |   1|   0|    1|          0|
    |ap_enable_reg_pp0_iter45           |   1|   0|    1|          0|
    |ap_enable_reg_pp0_iter46           |   1|   0|    1|          0|
    |ap_enable_reg_pp0_iter47           |   1|   0|    1|          0|
    |ap_enable_reg_pp0_iter48           |   1|   0|    1|          0|
    |ap_enable_reg_pp0_iter49           |   1|   0|    1|          0|
    |ap_enable_reg_pp0_iter5            |   1|   0|    1|          0|
    |ap_enable_reg_pp0_iter50           |   1|   0|    1|          0|
    |ap_enable_reg_pp0_iter51           |   1|   0|    1|          0|
    |ap_enable_reg_pp0_iter52           |   1|   0|    1|          0|
    |ap_enable_reg_pp0_iter53           |   1|   0|    1|          0|
    |ap_enable_reg_pp0_iter54           |   1|   0|    1|          0|
    |ap_enable_reg_pp0_iter55           |   1|   0|    1|          0|
    |ap_enable_reg_pp0_iter56           |   1|   0|    1|          0|
    |ap_enable_reg_pp0_iter57           |   1|   0|    1|          0|
    |ap_enable_reg_pp0_iter58           |   1|   0|    1|          0|
    |ap_enable_reg_pp0_iter59           |   1|   0|    1|          0|
    |ap_enable_reg_pp0_iter6            |   1|   0|    1|          0|
    |ap_enable_reg_pp0_iter60           |   1|   0|    1|          0|
    |ap_enable_reg_pp0_iter61           |   1|   0|    1|          0|
    |ap_enable_reg_pp0_iter62           |   1|   0|    1|          0|
    |ap_enable_reg_pp0_iter63           |   1|   0|    1|          0|
    |ap_enable_reg_pp0_iter64           |   1|   0|    1|          0|
    |ap_enable_reg_pp0_iter65           |   1|   0|    1|          0|
    |ap_enable_reg_pp0_iter66           |   1|   0|    1|          0|
    |ap_enable_reg_pp0_iter67           |   1|   0|    1|          0|
    |ap_enable_reg_pp0_iter68           |   1|   0|    1|          0|
    |ap_enable_reg_pp0_iter7            |   1|   0|    1|          0|
    |ap_enable_reg_pp0_iter8            |   1|   0|    1|          0|
    |ap_enable_reg_pp0_iter9            |   1|   0|    1|          0|
    |ap_loop_exit_ready_pp0_iter10_reg  |   1|   0|    1|          0|
    |ap_loop_exit_ready_pp0_iter11_reg  |   1|   0|    1|          0|
    |ap_loop_exit_ready_pp0_iter12_reg  |   1|   0|    1|          0|
    |ap_loop_exit_ready_pp0_iter13_reg  |   1|   0|    1|          0|
    |ap_loop_exit_ready_pp0_iter14_reg  |   1|   0|    1|          0|
    |ap_loop_exit_ready_pp0_iter15_reg  |   1|   0|    1|          0|
    |ap_loop_exit_ready_pp0_iter16_reg  |   1|   0|    1|          0|
    |ap_loop_exit_ready_pp0_iter17_reg  |   1|   0|    1|          0|
    |ap_loop_exit_ready_pp0_iter18_reg  |   1|   0|    1|          0|
    |ap_loop_exit_ready_pp0_iter19_reg  |   1|   0|    1|          0|
    |ap_loop_exit_ready_pp0_iter1_reg   |   1|   0|    1|          0|
    |ap_loop_exit_ready_pp0_iter20_reg  |   1|   0|    1|          0|
    |ap_loop_exit_ready_pp0_iter21_reg  |   1|   0|    1|          0|
    |ap_loop_exit_ready_pp0_iter22_reg  |   1|   0|    1|          0|
    |ap_loop_exit_ready_pp0_iter23_reg  |   1|   0|    1|          0|
    |ap_loop_exit_ready_pp0_iter24_reg  |   1|   0|    1|          0|
    |ap_loop_exit_ready_pp0_iter25_reg  |   1|   0|    1|          0|
    |ap_loop_exit_ready_pp0_iter26_reg  |   1|   0|    1|          0|
    |ap_loop_exit_ready_pp0_iter27_reg  |   1|   0|    1|          0|
    |ap_loop_exit_ready_pp0_iter28_reg  |   1|   0|    1|          0|
    |ap_loop_exit_ready_pp0_iter29_reg  |   1|   0|    1|          0|
    |ap_loop_exit_ready_pp0_iter2_reg   |   1|   0|    1|          0|
    |ap_loop_exit_ready_pp0_iter30_reg  |   1|   0|    1|          0|
    |ap_loop_exit_ready_pp0_iter31_reg  |   1|   0|    1|          0|
    |ap_loop_exit_ready_pp0_iter32_reg  |   1|   0|    1|          0|
    |ap_loop_exit_ready_pp0_iter33_reg  |   1|   0|    1|          0|
    |ap_loop_exit_ready_pp0_iter34_reg  |   1|   0|    1|          0|
    |ap_loop_exit_ready_pp0_iter35_reg  |   1|   0|    1|          0|
    |ap_loop_exit_ready_pp0_iter36_reg  |   1|   0|    1|          0|
    |ap_loop_exit_ready_pp0_iter37_reg  |   1|   0|    1|          0|
    |ap_loop_exit_ready_pp0_iter38_reg  |   1|   0|    1|          0|
    |ap_loop_exit_ready_pp0_iter39_reg  |   1|   0|    1|          0|
    |ap_loop_exit_ready_pp0_iter3_reg   |   1|   0|    1|          0|
    |ap_loop_exit_ready_pp0_iter40_reg  |   1|   0|    1|          0|
    |ap_loop_exit_ready_pp0_iter41_reg  |   1|   0|    1|          0|
    |ap_loop_exit_ready_pp0_iter42_reg  |   1|   0|    1|          0|
    |ap_loop_exit_ready_pp0_iter43_reg  |   1|   0|    1|          0|
    |ap_loop_exit_ready_pp0_iter44_reg  |   1|   0|    1|          0|
    |ap_loop_exit_ready_pp0_iter45_reg  |   1|   0|    1|          0|
    |ap_loop_exit_ready_pp0_iter46_reg  |   1|   0|    1|          0|
    |ap_loop_exit_ready_pp0_iter47_reg  |   1|   0|    1|          0|
    |ap_loop_exit_ready_pp0_iter48_reg  |   1|   0|    1|          0|
    |ap_loop_exit_ready_pp0_iter49_reg  |   1|   0|    1|          0|
    |ap_loop_exit_ready_pp0_iter4_reg   |   1|   0|    1|          0|
    |ap_loop_exit_ready_pp0_iter50_reg  |   1|   0|    1|          0|
    |ap_loop_exit_ready_pp0_iter51_reg  |   1|   0|    1|          0|
    |ap_loop_exit_ready_pp0_iter52_reg  |   1|   0|    1|          0|
    |ap_loop_exit_ready_pp0_iter53_reg  |   1|   0|    1|          0|
    |ap_loop_exit_ready_pp0_iter54_reg  |   1|   0|    1|          0|
    |ap_loop_exit_ready_pp0_iter55_reg  |   1|   0|    1|          0|
    |ap_loop_exit_ready_pp0_iter56_reg  |   1|   0|    1|          0|
    |ap_loop_exit_ready_pp0_iter57_reg  |   1|   0|    1|          0|
    |ap_loop_exit_ready_pp0_iter58_reg  |   1|   0|    1|          0|
    |ap_loop_exit_ready_pp0_iter59_reg  |   1|   0|    1|          0|
    |ap_loop_exit_ready_pp0_iter5_reg   |   1|   0|    1|          0|
    |ap_loop_exit_ready_pp0_iter60_reg  |   1|   0|    1|          0|
    |ap_loop_exit_ready_pp0_iter61_reg  |   1|   0|    1|          0|
    |ap_loop_exit_ready_pp0_iter62_reg  |   1|   0|    1|          0|
    |ap_loop_exit_ready_pp0_iter63_reg  |   1|   0|    1|          0|
    |ap_loop_exit_ready_pp0_iter64_reg  |   1|   0|    1|          0|
    |ap_loop_exit_ready_pp0_iter65_reg  |   1|   0|    1|          0|
    |ap_loop_exit_ready_pp0_iter66_reg  |   1|   0|    1|          0|
    |ap_loop_exit_ready_pp0_iter67_reg  |   1|   0|    1|          0|
    |ap_loop_exit_ready_pp0_iter6_reg   |   1|   0|    1|          0|
    |ap_loop_exit_ready_pp0_iter7_reg   |   1|   0|    1|          0|
    |ap_loop_exit_ready_pp0_iter8_reg   |   1|   0|    1|          0|
    |ap_loop_exit_ready_pp0_iter9_reg   |   1|   0|    1|          0|
    |i_1_fu_164                         |   5|   0|    5|          0|
    |indvar_flatten70_fu_168            |   9|   0|    9|          0|
    |j_fu_160                           |   5|   0|    5|          0|
    |mul_10_reg_1478                    |  32|   0|   32|          0|
    |mul_11_reg_1508                    |  32|   0|   32|          0|
    |mul_12_reg_1538                    |  32|   0|   32|          0|
    |mul_13_reg_1568                    |  32|   0|   32|          0|
    |mul_14_reg_1593                    |  32|   0|   32|          0|
    |mul_1_reg_1178                     |  32|   0|   32|          0|
    |mul_2_reg_1208                     |  32|   0|   32|          0|
    |mul_3_reg_1238                     |  32|   0|   32|          0|
    |mul_4_reg_1268                     |  32|   0|   32|          0|
    |mul_5_reg_1298                     |  32|   0|   32|          0|
    |mul_6_reg_1328                     |  32|   0|   32|          0|
    |mul_7_reg_1358                     |  32|   0|   32|          0|
    |mul_8_reg_1388                     |  32|   0|   32|          0|
    |mul_9_reg_1418                     |  32|   0|   32|          0|
    |mul_reg_1148                       |  32|   0|   32|          0|
    |mul_s_reg_1448                     |  32|   0|   32|          0|
    |sum_10_reg_1473                    |  32|   0|   32|          0|
    |sum_11_reg_1503                    |  32|   0|   32|          0|
    |sum_12_reg_1533                    |  32|   0|   32|          0|
    |sum_13_reg_1563                    |  32|   0|   32|          0|
    |sum_14_reg_1588                    |  32|   0|   32|          0|
    |sum_1_reg_1203                     |  32|   0|   32|          0|
    |sum_2_reg_1233                     |  32|   0|   32|          0|
    |sum_3_reg_1263                     |  32|   0|   32|          0|
    |sum_4_reg_1293                     |  32|   0|   32|          0|
    |sum_5_reg_1323                     |  32|   0|   32|          0|
    |sum_6_reg_1353                     |  32|   0|   32|          0|
    |sum_7_reg_1383                     |  32|   0|   32|          0|
    |sum_8_reg_1413                     |  32|   0|   32|          0|
    |sum_9_reg_1443                     |  32|   0|   32|          0|
    |sum_reg_1173                       |  32|   0|   32|          0|
    |trunc_ln36_reg_1124                |   4|   0|    4|          0|
    |zext_ln34_reg_1065                 |   5|   0|   64|         59|
    |zext_ln35_reg_1105                 |   5|   0|   64|         59|
    |trunc_ln36_reg_1124                |  64|  32|    4|          0|
    |zext_ln34_reg_1065                 |  64|  32|   64|         59|
    |zext_ln35_reg_1105                 |  64|  32|   64|         59|
    +-----------------------------------+----+----+-----+-----------+
    |Total                              |2378|  96| 2436|        236|
    +-----------------------------------+----+----+-----+-----------+



================================================================
== Interface
================================================================
* Summary: 
+----------------------+-----+-----+------------+-----------------------------------------------------------+--------------+
|       RTL Ports      | Dir | Bits|  Protocol  |                       Source Object                       |    C Type    |
+----------------------+-----+-----+------------+-----------------------------------------------------------+--------------+
|ap_clk                |   in|    1|  ap_ctrl_hs|  matmul_optimized_Pipeline_VITIS_LOOP_34_3_VITIS_LOOP_35_4|  return value|
|ap_rst                |   in|    1|  ap_ctrl_hs|  matmul_optimized_Pipeline_VITIS_LOOP_34_3_VITIS_LOOP_35_4|  return value|
|ap_start              |   in|    1|  ap_ctrl_hs|  matmul_optimized_Pipeline_VITIS_LOOP_34_3_VITIS_LOOP_35_4|  return value|
|ap_done               |  out|    1|  ap_ctrl_hs|  matmul_optimized_Pipeline_VITIS_LOOP_34_3_VITIS_LOOP_35_4|  return value|
|ap_idle               |  out|    1|  ap_ctrl_hs|  matmul_optimized_Pipeline_VITIS_LOOP_34_3_VITIS_LOOP_35_4|  return value|
|ap_ready              |  out|    1|  ap_ctrl_hs|  matmul_optimized_Pipeline_VITIS_LOOP_34_3_VITIS_LOOP_35_4|  return value|
|AB_local_address0     |  out|    4|   ap_memory|                                                   AB_local|         array|
|AB_local_ce0          |  out|    1|   ap_memory|                                                   AB_local|         array|
|AB_local_we0          |  out|    1|   ap_memory|                                                   AB_local|         array|
|AB_local_d0           |  out|   32|   ap_memory|                                                   AB_local|         array|
|A_local_address0      |  out|    4|   ap_memory|                                                    A_local|         array|
|A_local_ce0           |  out|    1|   ap_memory|                                                    A_local|         array|
|A_local_q0            |   in|   32|   ap_memory|                                                    A_local|         array|
|A_local_1_address0    |  out|    4|   ap_memory|                                                  A_local_1|         array|
|A_local_1_ce0         |  out|    1|   ap_memory|                                                  A_local_1|         array|
|A_local_1_q0          |   in|   32|   ap_memory|                                                  A_local_1|         array|
|A_local_2_address0    |  out|    4|   ap_memory|                                                  A_local_2|         array|
|A_local_2_ce0         |  out|    1|   ap_memory|                                                  A_local_2|         array|
|A_local_2_q0          |   in|   32|   ap_memory|                                                  A_local_2|         array|
|A_local_3_address0    |  out|    4|   ap_memory|                                                  A_local_3|         array|
|A_local_3_ce0         |  out|    1|   ap_memory|                                                  A_local_3|         array|
|A_local_3_q0          |   in|   32|   ap_memory|                                                  A_local_3|         array|
|A_local_4_address0    |  out|    4|   ap_memory|                                                  A_local_4|         array|
|A_local_4_ce0         |  out|    1|   ap_memory|                                                  A_local_4|         array|
|A_local_4_q0          |   in|   32|   ap_memory|                                                  A_local_4|         array|
|A_local_5_address0    |  out|    4|   ap_memory|                                                  A_local_5|         array|
|A_local_5_ce0         |  out|    1|   ap_memory|                                                  A_local_5|         array|
|A_local_5_q0          |   in|   32|   ap_memory|                                                  A_local_5|         array|
|A_local_6_address0    |  out|    4|   ap_memory|                                                  A_local_6|         array|
|A_local_6_ce0         |  out|    1|   ap_memory|                                                  A_local_6|         array|
|A_local_6_q0          |   in|   32|   ap_memory|                                                  A_local_6|         array|
|A_local_7_address0    |  out|    4|   ap_memory|                                                  A_local_7|         array|
|A_local_7_ce0         |  out|    1|   ap_memory|                                                  A_local_7|         array|
|A_local_7_q0          |   in|   32|   ap_memory|                                                  A_local_7|         array|
|A_local_8_address0    |  out|    4|   ap_memory|                                                  A_local_8|         array|
|A_local_8_ce0         |  out|    1|   ap_memory|                                                  A_local_8|         array|
|A_local_8_q0          |   in|   32|   ap_memory|                                                  A_local_8|         array|
|A_local_9_address0    |  out|    4|   ap_memory|                                                  A_local_9|         array|
|A_local_9_ce0         |  out|    1|   ap_memory|                                                  A_local_9|         array|
|A_local_9_q0          |   in|   32|   ap_memory|                                                  A_local_9|         array|
|A_local_10_address0   |  out|    4|   ap_memory|                                                 A_local_10|         array|
|A_local_10_ce0        |  out|    1|   ap_memory|                                                 A_local_10|         array|
|A_local_10_q0         |   in|   32|   ap_memory|                                                 A_local_10|         array|
|A_local_11_address0   |  out|    4|   ap_memory|                                                 A_local_11|         array|
|A_local_11_ce0        |  out|    1|   ap_memory|                                                 A_local_11|         array|
|A_local_11_q0         |   in|   32|   ap_memory|                                                 A_local_11|         array|
|A_local_12_address0   |  out|    4|   ap_memory|                                                 A_local_12|         array|
|A_local_12_ce0        |  out|    1|   ap_memory|                                                 A_local_12|         array|
|A_local_12_q0         |   in|   32|   ap_memory|                                                 A_local_12|         array|
|A_local_13_address0   |  out|    4|   ap_memory|                                                 A_local_13|         array|
|A_local_13_ce0        |  out|    1|   ap_memory|                                                 A_local_13|         array|
|A_local_13_q0         |   in|   32|   ap_memory|                                                 A_local_13|         array|
|A_local_14_address0   |  out|    4|   ap_memory|                                                 A_local_14|         array|
|A_local_14_ce0        |  out|    1|   ap_memory|                                                 A_local_14|         array|
|A_local_14_q0         |   in|   32|   ap_memory|                                                 A_local_14|         array|
|A_local_15_address0   |  out|    4|   ap_memory|                                                 A_local_15|         array|
|A_local_15_ce0        |  out|    1|   ap_memory|                                                 A_local_15|         array|
|A_local_15_q0         |   in|   32|   ap_memory|                                                 A_local_15|         array|
|AB_local_15_address0  |  out|    4|   ap_memory|                                                AB_local_15|         array|
|AB_local_15_ce0       |  out|    1|   ap_memory|                                                AB_local_15|         array|
|AB_local_15_we0       |  out|    1|   ap_memory|                                                AB_local_15|         array|
|AB_local_15_d0        |  out|   32|   ap_memory|                                                AB_local_15|         array|
|AB_local_14_address0  |  out|    4|   ap_memory|                                                AB_local_14|         array|
|AB_local_14_ce0       |  out|    1|   ap_memory|                                                AB_local_14|         array|
|AB_local_14_we0       |  out|    1|   ap_memory|                                                AB_local_14|         array|
|AB_local_14_d0        |  out|   32|   ap_memory|                                                AB_local_14|         array|
|AB_local_13_address0  |  out|    4|   ap_memory|                                                AB_local_13|         array|
|AB_local_13_ce0       |  out|    1|   ap_memory|                                                AB_local_13|         array|
|AB_local_13_we0       |  out|    1|   ap_memory|                                                AB_local_13|         array|
|AB_local_13_d0        |  out|   32|   ap_memory|                                                AB_local_13|         array|
|AB_local_12_address0  |  out|    4|   ap_memory|                                                AB_local_12|         array|
|AB_local_12_ce0       |  out|    1|   ap_memory|                                                AB_local_12|         array|
|AB_local_12_we0       |  out|    1|   ap_memory|                                                AB_local_12|         array|
|AB_local_12_d0        |  out|   32|   ap_memory|                                                AB_local_12|         array|
|AB_local_11_address0  |  out|    4|   ap_memory|                                                AB_local_11|         array|
|AB_local_11_ce0       |  out|    1|   ap_memory|                                                AB_local_11|         array|
|AB_local_11_we0       |  out|    1|   ap_memory|                                                AB_local_11|         array|
|AB_local_11_d0        |  out|   32|   ap_memory|                                                AB_local_11|         array|
|AB_local_10_address0  |  out|    4|   ap_memory|                                                AB_local_10|         array|
|AB_local_10_ce0       |  out|    1|   ap_memory|                                                AB_local_10|         array|
|AB_local_10_we0       |  out|    1|   ap_memory|                                                AB_local_10|         array|
|AB_local_10_d0        |  out|   32|   ap_memory|                                                AB_local_10|         array|
|AB_local_9_address0   |  out|    4|   ap_memory|                                                 AB_local_9|         array|
|AB_local_9_ce0        |  out|    1|   ap_memory|                                                 AB_local_9|         array|
|AB_local_9_we0        |  out|    1|   ap_memory|                                                 AB_local_9|         array|
|AB_local_9_d0         |  out|   32|   ap_memory|                                                 AB_local_9|         array|
|AB_local_8_address0   |  out|    4|   ap_memory|                                                 AB_local_8|         array|
|AB_local_8_ce0        |  out|    1|   ap_memory|                                                 AB_local_8|         array|
|AB_local_8_we0        |  out|    1|   ap_memory|                                                 AB_local_8|         array|
|AB_local_8_d0         |  out|   32|   ap_memory|                                                 AB_local_8|         array|
|AB_local_7_address0   |  out|    4|   ap_memory|                                                 AB_local_7|         array|
|AB_local_7_ce0        |  out|    1|   ap_memory|                                                 AB_local_7|         array|
|AB_local_7_we0        |  out|    1|   ap_memory|                                                 AB_local_7|         array|
|AB_local_7_d0         |  out|   32|   ap_memory|                                                 AB_local_7|         array|
|AB_local_6_address0   |  out|    4|   ap_memory|                                                 AB_local_6|         array|
|AB_local_6_ce0        |  out|    1|   ap_memory|                                                 AB_local_6|         array|
|AB_local_6_we0        |  out|    1|   ap_memory|                                                 AB_local_6|         array|
|AB_local_6_d0         |  out|   32|   ap_memory|                                                 AB_local_6|         array|
|AB_local_5_address0   |  out|    4|   ap_memory|                                                 AB_local_5|         array|
|AB_local_5_ce0        |  out|    1|   ap_memory|                                                 AB_local_5|         array|
|AB_local_5_we0        |  out|    1|   ap_memory|                                                 AB_local_5|         array|
|AB_local_5_d0         |  out|   32|   ap_memory|                                                 AB_local_5|         array|
|AB_local_4_address0   |  out|    4|   ap_memory|                                                 AB_local_4|         array|
|AB_local_4_ce0        |  out|    1|   ap_memory|                                                 AB_local_4|         array|
|AB_local_4_we0        |  out|    1|   ap_memory|                                                 AB_local_4|         array|
|AB_local_4_d0         |  out|   32|   ap_memory|                                                 AB_local_4|         array|
|AB_local_3_address0   |  out|    4|   ap_memory|                                                 AB_local_3|         array|
|AB_local_3_ce0        |  out|    1|   ap_memory|                                                 AB_local_3|         array|
|AB_local_3_we0        |  out|    1|   ap_memory|                                                 AB_local_3|         array|
|AB_local_3_d0         |  out|   32|   ap_memory|                                                 AB_local_3|         array|
|AB_local_2_address0   |  out|    4|   ap_memory|                                                 AB_local_2|         array|
|AB_local_2_ce0        |  out|    1|   ap_memory|                                                 AB_local_2|         array|
|AB_local_2_we0        |  out|    1|   ap_memory|                                                 AB_local_2|         array|
|AB_local_2_d0         |  out|   32|   ap_memory|                                                 AB_local_2|         array|
|AB_local_1_address0   |  out|    4|   ap_memory|                                                 AB_local_1|         array|
|AB_local_1_ce0        |  out|    1|   ap_memory|                                                 AB_local_1|         array|
|AB_local_1_we0        |  out|    1|   ap_memory|                                                 AB_local_1|         array|
|AB_local_1_d0         |  out|   32|   ap_memory|                                                 AB_local_1|         array|
|B_local_address0      |  out|    4|   ap_memory|                                                    B_local|         array|
|B_local_ce0           |  out|    1|   ap_memory|                                                    B_local|         array|
|B_local_q0            |   in|   32|   ap_memory|                                                    B_local|         array|
|B_local_1_address0    |  out|    4|   ap_memory|                                                  B_local_1|         array|
|B_local_1_ce0         |  out|    1|   ap_memory|                                                  B_local_1|         array|
|B_local_1_q0          |   in|   32|   ap_memory|                                                  B_local_1|         array|
|B_local_2_address0    |  out|    4|   ap_memory|                                                  B_local_2|         array|
|B_local_2_ce0         |  out|    1|   ap_memory|                                                  B_local_2|         array|
|B_local_2_q0          |   in|   32|   ap_memory|                                                  B_local_2|         array|
|B_local_3_address0    |  out|    4|   ap_memory|                                                  B_local_3|         array|
|B_local_3_ce0         |  out|    1|   ap_memory|                                                  B_local_3|         array|
|B_local_3_q0          |   in|   32|   ap_memory|                                                  B_local_3|         array|
|B_local_4_address0    |  out|    4|   ap_memory|                                                  B_local_4|         array|
|B_local_4_ce0         |  out|    1|   ap_memory|                                                  B_local_4|         array|
|B_local_4_q0          |   in|   32|   ap_memory|                                                  B_local_4|         array|
|B_local_5_address0    |  out|    4|   ap_memory|                                                  B_local_5|         array|
|B_local_5_ce0         |  out|    1|   ap_memory|                                                  B_local_5|         array|
|B_local_5_q0          |   in|   32|   ap_memory|                                                  B_local_5|         array|
|B_local_6_address0    |  out|    4|   ap_memory|                                                  B_local_6|         array|
|B_local_6_ce0         |  out|    1|   ap_memory|                                                  B_local_6|         array|
|B_local_6_q0          |   in|   32|   ap_memory|                                                  B_local_6|         array|
|B_local_7_address0    |  out|    4|   ap_memory|                                                  B_local_7|         array|
|B_local_7_ce0         |  out|    1|   ap_memory|                                                  B_local_7|         array|
|B_local_7_q0          |   in|   32|   ap_memory|                                                  B_local_7|         array|
|B_local_8_address0    |  out|    4|   ap_memory|                                                  B_local_8|         array|
|B_local_8_ce0         |  out|    1|   ap_memory|                                                  B_local_8|         array|
|B_local_8_q0          |   in|   32|   ap_memory|                                                  B_local_8|         array|
|B_local_9_address0    |  out|    4|   ap_memory|                                                  B_local_9|         array|
|B_local_9_ce0         |  out|    1|   ap_memory|                                                  B_local_9|         array|
|B_local_9_q0          |   in|   32|   ap_memory|                                                  B_local_9|         array|
|B_local_10_address0   |  out|    4|   ap_memory|                                                 B_local_10|         array|
|B_local_10_ce0        |  out|    1|   ap_memory|                                                 B_local_10|         array|
|B_local_10_q0         |   in|   32|   ap_memory|                                                 B_local_10|         array|
|B_local_11_address0   |  out|    4|   ap_memory|                                                 B_local_11|         array|
|B_local_11_ce0        |  out|    1|   ap_memory|                                                 B_local_11|         array|
|B_local_11_q0         |   in|   32|   ap_memory|                                                 B_local_11|         array|
|B_local_12_address0   |  out|    4|   ap_memory|                                                 B_local_12|         array|
|B_local_12_ce0        |  out|    1|   ap_memory|                                                 B_local_12|         array|
|B_local_12_q0         |   in|   32|   ap_memory|                                                 B_local_12|         array|
|B_local_13_address0   |  out|    4|   ap_memory|                                                 B_local_13|         array|
|B_local_13_ce0        |  out|    1|   ap_memory|                                                 B_local_13|         array|
|B_local_13_q0         |   in|   32|   ap_memory|                                                 B_local_13|         array|
|B_local_14_address0   |  out|    4|   ap_memory|                                                 B_local_14|         array|
|B_local_14_ce0        |  out|    1|   ap_memory|                                                 B_local_14|         array|
|B_local_14_q0         |   in|   32|   ap_memory|                                                 B_local_14|         array|
|B_local_15_address0   |  out|    4|   ap_memory|                                                 B_local_15|         array|
|B_local_15_ce0        |  out|    1|   ap_memory|                                                 B_local_15|         array|
|B_local_15_q0         |   in|   32|   ap_memory|                                                 B_local_15|         array|
+----------------------+-----+-----+------------+-----------------------------------------------------------+--------------+

