

================================================================
== Synthesis Summary Report of 'fc6_hls'
================================================================
+ General Information: 
    * Date:           Fri Dec 13 17:23:46 2024
    * Version:        2023.2 (Build 4023990 on Oct 11 2023)
    * Project:        lenet_fc6
    * Solution:       solution1 (Vivado IP Flow Target)
    * Product family: zynquplus
    * Target device:  xck26-sfvc784-2LV-c
    

+ Performance & Resource Estimates: 
    
    PS: '+' for module; 'o' for loop; '*' for dataflow
    +---------------------------------------+------+------+---------+-----------+----------+---------+------+----------+---------+---------+-----------+-----------+-----+
    |                Modules                | Issue|      | Latency |  Latency  | Iteration|         | Trip |          |         |         |           |           |     |
    |                & Loops                | Type | Slack| (cycles)|    (ns)   |  Latency | Interval| Count| Pipelined|  BRAM   |   DSP   |     FF    |    LUT    | URAM|
    +---------------------------------------+------+------+---------+-----------+----------+---------+------+----------+---------+---------+-----------+-----------+-----+
    |+ fc6_hls                              |     -|  0.00|     3826|  3.826e+04|         -|     3827|     -|        no|  16 (5%)|  5 (~0%)|  5143 (2%)|  5025 (4%)|    -|
    | o VITIS_LOOP_18_1                     |     -|  7.30|     3825|  3.825e+04|       765|        -|     5|        no|        -|        -|          -|          -|    -|
    |  + fc6_hls_Pipeline_VITIS_LOOP_24_2   |     -|  0.00|      367|  3.670e+03|         -|      367|     -|        no|        -|        -|  145 (~0%)|  135 (~0%)|    -|
    |   o VITIS_LOOP_24_2                   |    II|  7.30|      365|  3.650e+03|         9|        3|   120|       yes|        -|        -|          -|          -|    -|
    |  + fc6_hls_Pipeline_VITIS_LOOP_24_21  |     -|  0.00|      367|  3.670e+03|         -|      367|     -|        no|        -|        -|  145 (~0%)|  135 (~0%)|    -|
    |   o VITIS_LOOP_24_2                   |    II|  7.30|      365|  3.650e+03|         9|        3|   120|       yes|        -|        -|          -|          -|    -|
    +---------------------------------------+------+------+---------+-----------+----------+---------+------+----------+---------+---------+-----------+-----------+-----+


================================================================
== HW Interfaces
================================================================
* M_AXI
+----------------+------------+---------------+---------+--------+----------+-----------+--------------+--------------+-------------+-------------+-------------------+
| Interface      | Data Width | Address Width | Latency | Offset | Register | Max Widen | Max Read     | Max Write    | Num Read    | Num Write   | Resource Estimate |
|                | (SW->HW)   |               |         |        |          | Bitwidth  | Burst Length | Burst Length | Outstanding | Outstanding |                   |
+----------------+------------+---------------+---------+--------+----------+-----------+--------------+--------------+-------------+-------------+-------------------+
| m_axi_BIAS     | 32 -> 32   | 64            | 0       | slave  | 0        | 0         | 16           | 16           | 16          | 16          | BRAM=4            |
| m_axi_INPUT_r  | 32 -> 32   | 64            | 0       | slave  | 0        | 0         | 16           | 16           | 16          | 16          | BRAM=4            |
| m_axi_OUTPUT_r | 32 -> 32   | 64            | 0       | slave  | 0        | 0         | 16           | 16           | 16          | 16          | BRAM=4            |
| m_axi_WEIGHTS  | 32 -> 32   | 64            | 0       | slave  | 0        | 0         | 16           | 16           | 16          | 16          | BRAM=4            |
+----------------+------------+---------------+---------+--------+----------+-----------+--------------+--------------+-------------+-------------+-------------------+

* S_AXILITE Interfaces
+----------------+------------+---------------+--------+----------+
| Interface      | Data Width | Address Width | Offset | Register |
+----------------+------------+---------------+--------+----------+
| s_axi_CTRL_BUS | 32         | 4             |        |          |
| s_axi_control  | 32         | 6             | 16     | 0        |
+----------------+------------+---------------+--------+----------+

* S_AXILITE Registers
+----------------+--------------+--------+-------+--------+----------------------------------+----------------------------------------------------------------------+
| Interface      | Register     | Offset | Width | Access | Description                      | Bit Fields                                                           |
+----------------+--------------+--------+-------+--------+----------------------------------+----------------------------------------------------------------------+
| s_axi_CTRL_BUS | CTRL         | 0x00   | 32    | RW     | Control signals                  | 0=AP_START 1=AP_DONE 2=AP_IDLE 3=AP_READY 7=AUTO_RESTART 9=INTERRUPT |
| s_axi_CTRL_BUS | GIER         | 0x04   | 32    | RW     | Global Interrupt Enable Register | 0=Enable                                                             |
| s_axi_CTRL_BUS | IP_IER       | 0x08   | 32    | RW     | IP Interrupt Enable Register     | 0=CHAN0_INT_EN 1=CHAN1_INT_EN                                        |
| s_axi_CTRL_BUS | IP_ISR       | 0x0c   | 32    | RW     | IP Interrupt Status Register     | 0=CHAN0_INT_ST 1=CHAN1_INT_ST                                        |
| s_axi_control  | input_r_r_1  | 0x10   | 32    | W      | Data signal of input_r_r         |                                                                      |
| s_axi_control  | input_r_r_2  | 0x14   | 32    | W      | Data signal of input_r_r         |                                                                      |
| s_axi_control  | weights_r_1  | 0x1c   | 32    | W      | Data signal of weights_r         |                                                                      |
| s_axi_control  | weights_r_2  | 0x20   | 32    | W      | Data signal of weights_r         |                                                                      |
| s_axi_control  | bias_r_1     | 0x28   | 32    | W      | Data signal of bias_r            |                                                                      |
| s_axi_control  | bias_r_2     | 0x2c   | 32    | W      | Data signal of bias_r            |                                                                      |
| s_axi_control  | output_r_r_1 | 0x34   | 32    | W      | Data signal of output_r_r        |                                                                      |
| s_axi_control  | output_r_r_2 | 0x38   | 32    | W      | Data signal of output_r_r        |                                                                      |
+----------------+--------------+--------+-------+--------+----------------------------------+----------------------------------------------------------------------+

* TOP LEVEL CONTROL
+-----------+------------+-----------+
| Interface | Type       | Ports     |
+-----------+------------+-----------+
| ap_clk    | clock      | ap_clk    |
| ap_rst_n  | reset      | ap_rst_n  |
| interrupt | interrupt  | interrupt |
| ap_ctrl   | ap_ctrl_hs |           |
+-----------+------------+-----------+


================================================================
== SW I/O Information
================================================================
* Top Function Arguments
+----------+-----------+----------+
| Argument | Direction | Datatype |
+----------+-----------+----------+
| input    | in        | float*   |
| weights  | in        | float*   |
| bias     | in        | float*   |
| output   | out       | float*   |
+----------+-----------+----------+

* SW-to-HW Mapping
+----------+----------------+-----------+----------+---------------------------------------+
| Argument | HW Interface   | HW Type   | HW Usage | HW Info                               |
+----------+----------------+-----------+----------+---------------------------------------+
| input    | m_axi_INPUT_r  | interface |          |                                       |
| input    | s_axi_control  | interface | offset   |                                       |
| weights  | m_axi_WEIGHTS  | interface |          |                                       |
| weights  | s_axi_control  | register  | offset   | name=weights_r_1 offset=0x1c range=32 |
| weights  | s_axi_control  | register  | offset   | name=weights_r_2 offset=0x20 range=32 |
| bias     | m_axi_BIAS     | interface |          |                                       |
| bias     | s_axi_control  | register  | offset   | name=bias_r_1 offset=0x28 range=32    |
| bias     | s_axi_control  | register  | offset   | name=bias_r_2 offset=0x2c range=32    |
| output   | m_axi_OUTPUT_r | interface |          |                                       |
| output   | s_axi_control  | interface | offset   |                                       |
+----------+----------------+-----------+----------+---------------------------------------+


================================================================
== M_AXI Burst Information
================================================================
 Note: All burst requests might be further partitioned into multiple requests during RTL generation based on max_read_burst_length or max_write_burst_length settings.

* Inferred Burst Summary
+---------------+-----------+--------+-------+-----------------+---------------------------------------------------------------------------------------+
| HW Interface  | Direction | Length | Width | Loop            | Loop Location                                                                         |
+---------------+-----------+--------+-------+-----------------+---------------------------------------------------------------------------------------+
| m_axi_INPUT_r | read      | 120    | 32    | VITIS_LOOP_24_2 | ../SoC-based-MatMul-Accelerator-and-DNN-Accelerator/lenet_hls/lenet_fc6_hls.cpp:24:26 |
| m_axi_WEIGHTS | read      | 120    | 32    | VITIS_LOOP_24_2 | ../SoC-based-MatMul-Accelerator-and-DNN-Accelerator/lenet_hls/lenet_fc6_hls.cpp:24:26 |
+---------------+-----------+--------+-------+-----------------+---------------------------------------------------------------------------------------+

* All M_AXI Variable Accesses
+---------------+----------+---------------------------------------------------------------------------------------+-----------+--------------+--------+-----------------+---------------------------------------------------------------------------------------+------------+---------------------------------------------------------------------------------------------------------+
| HW Interface  | Variable | Access Location                                                                       | Direction | Burst Status | Length | Loop            | Loop Location                                                                         | Resolution | Problem                                                                                                 |
+---------------+----------+---------------------------------------------------------------------------------------+-----------+--------------+--------+-----------------+---------------------------------------------------------------------------------------+------------+---------------------------------------------------------------------------------------------------------+
| m_axi_BIAS    | bias     | ../SoC-based-MatMul-Accelerator-and-DNN-Accelerator/lenet_hls/lenet_fc6_hls.cpp:32:27 | read      | Fail         |        | VITIS_LOOP_18_1 | ../SoC-based-MatMul-Accelerator-and-DNN-Accelerator/lenet_hls/lenet_fc6_hls.cpp:18:19 | 214-230    | Stride is incompatible                                                                                  |
| m_axi_INPUT   | input    | ../SoC-based-MatMul-Accelerator-and-DNN-Accelerator/lenet_hls/lenet_fc6_hls.cpp:26:20 | read      | Widen Fail   |        | VITIS_LOOP_24_2 | ../SoC-based-MatMul-Accelerator-and-DNN-Accelerator/lenet_hls/lenet_fc6_hls.cpp:24:26 | 214-353    | Could not widen since type float size is greater than or equal to the max_widen_bitwidth threshold of 0 |
| m_axi_INPUT   | input    | ../SoC-based-MatMul-Accelerator-and-DNN-Accelerator/lenet_hls/lenet_fc6_hls.cpp:26:20 | read      | Fail         |        | VITIS_LOOP_18_1 | ../SoC-based-MatMul-Accelerator-and-DNN-Accelerator/lenet_hls/lenet_fc6_hls.cpp:18:19 | 214-229    | Could not analyze pattern                                                                               |
| m_axi_INPUT   | input    | ../SoC-based-MatMul-Accelerator-and-DNN-Accelerator/lenet_hls/lenet_fc6_hls.cpp:26:20 | read      | Inferred     | 120    | VITIS_LOOP_24_2 | ../SoC-based-MatMul-Accelerator-and-DNN-Accelerator/lenet_hls/lenet_fc6_hls.cpp:24:26 |            |                                                                                                         |
| m_axi_OUTPUT  | output   | ../SoC-based-MatMul-Accelerator-and-DNN-Accelerator/lenet_hls/lenet_fc6_hls.cpp:32:19 | write     | Fail         |        | VITIS_LOOP_18_1 | ../SoC-based-MatMul-Accelerator-and-DNN-Accelerator/lenet_hls/lenet_fc6_hls.cpp:18:19 | 214-230    | Stride is incompatible                                                                                  |
| m_axi_WEIGHTS | weights  | ../SoC-based-MatMul-Accelerator-and-DNN-Accelerator/lenet_hls/lenet_fc6_hls.cpp:27:32 | read      | Widen Fail   |        | VITIS_LOOP_24_2 | ../SoC-based-MatMul-Accelerator-and-DNN-Accelerator/lenet_hls/lenet_fc6_hls.cpp:24:26 | 214-353    | Could not widen since type float size is greater than or equal to the max_widen_bitwidth threshold of 0 |
| m_axi_WEIGHTS | weights  | ../SoC-based-MatMul-Accelerator-and-DNN-Accelerator/lenet_hls/lenet_fc6_hls.cpp:27:32 | read      | Fail         |        | VITIS_LOOP_18_1 | ../SoC-based-MatMul-Accelerator-and-DNN-Accelerator/lenet_hls/lenet_fc6_hls.cpp:18:19 | 214-230    | Stride is incompatible                                                                                  |
| m_axi_WEIGHTS | weights  | ../SoC-based-MatMul-Accelerator-and-DNN-Accelerator/lenet_hls/lenet_fc6_hls.cpp:27:32 | read      | Inferred     | 120    | VITIS_LOOP_24_2 | ../SoC-based-MatMul-Accelerator-and-DNN-Accelerator/lenet_hls/lenet_fc6_hls.cpp:24:26 |            |                                                                                                         |
+---------------+----------+---------------------------------------------------------------------------------------+-----------+--------------+--------+-----------------+---------------------------------------------------------------------------------------+------------+---------------------------------------------------------------------------------------------------------+

    * Resolution URL: docs.xilinx.com/access/sources/dita/topic?Doc_Version=2023.2%20English&url=ug1448-hls-guidance&resourceid=XXX-YYY.html (replace XXX-YYY with column value)

================================================================
== Bind Op Report
================================================================
+--------------------------------------+-----+--------+------------+------+---------+---------+
| Name                                 | DSP | Pragma | Variable   | Op   | Impl    | Latency |
+--------------------------------------+-----+--------+------------+------+---------+---------+
| + fc6_hls                            | 5   |        |            |      |         |         |
|   sub_ln24_fu_329_p2                 |     |        | sub_ln24   | sub  | fabric  | 0       |
|   add_ln24_fu_339_p2                 |     |        | add_ln24   | add  | fabric  | 0       |
|   add_ln24_1_fu_354_p2               |     |        | add_ln24_1 | add  | fabric  | 0       |
|   add_ln24_2_fu_364_p2               |     |        | add_ln24_2 | add  | fabric  | 0       |
|   add_ln32_fu_381_p2                 |     |        | add_ln32   | add  | fabric  | 0       |
|   fadd_32ns_32ns_32_4_full_dsp_1_U15 | 2   |        | add1       | fadd | fulldsp | 3       |
|   add_ln32_1_fu_406_p2               |     |        | add_ln32_1 | add  | fabric  | 0       |
|   add_ln32_2_fu_451_p2               |     |        | add_ln32_2 | add  | fabric  | 0       |
|   fadd_32ns_32ns_32_4_full_dsp_1_U15 | 2   |        | add15_1    | fadd | fulldsp | 3       |
|   add_ln32_3_fu_476_p2               |     |        | add_ln32_3 | add  | fabric  | 0       |
|   add_ln18_fu_501_p2                 |     |        | add_ln18   | add  | fabric  | 0       |
|  + fc6_hls_Pipeline_VITIS_LOOP_24_2  | 0   |        |            |      |         |         |
|    add_ln24_fu_132_p2                |     |        | add_ln24   | add  | fabric  | 0       |
|  + fc6_hls_Pipeline_VITIS_LOOP_24_21 | 0   |        |            |      |         |         |
|    add_ln24_fu_132_p2                |     |        | add_ln24   | add  | fabric  | 0       |
+--------------------------------------+-----+--------+------------+------+---------+---------+


================================================================
== Storage Report
================================================================
+--------------------+-----------+-----------+------+------+--------+----------+------+---------+------------------+
| Name               | Usage     | Type      | BRAM | URAM | Pragma | Variable | Impl | Latency | Bitwidth, Depth, |
|                    |           |           |      |      |        |          |      |         | Banks            |
+--------------------+-----------+-----------+------+------+--------+----------+------+---------+------------------+
| + fc6_hls          |           |           | 16   | 0    |        |          |      |         |                  |
|   CTRL_BUS_s_axi_U | interface | s_axilite |      |      |        |          |      |         |                  |
|   control_s_axi_U  | interface | s_axilite |      |      |        |          |      |         |                  |
|   BIAS_m_axi_U     | interface | m_axi     | 4    |      |        |          |      |         |                  |
|   INPUT_r_m_axi_U  | interface | m_axi     | 4    |      |        |          |      |         |                  |
|   OUTPUT_r_m_axi_U | interface | m_axi     | 4    |      |        |          |      |         |                  |
|   WEIGHTS_m_axi_U  | interface | m_axi     | 4    |      |        |          |      |         |                  |
+--------------------+-----------+-----------+------+------+--------+----------+------+---------+------------------+


================================================================
== Pragma Report
================================================================
* Valid Pragma Syntax
+-----------+-----------------------------------------------------------+--------------------------------------------------------------------------------------------------------+
| Type      | Options                                                   | Location                                                                                               |
+-----------+-----------------------------------------------------------+--------------------------------------------------------------------------------------------------------+
| interface | s_axilite port=return bundle=CTRL_BUS                     | ../SoC-based-MatMul-Accelerator-and-DNN-Accelerator/lenet_hls/lenet_fc6_hls.cpp:11 in fc6_hls, return  |
| interface | m_axi depth=120 port=input offset=slave bundle=INPUT      | ../SoC-based-MatMul-Accelerator-and-DNN-Accelerator/lenet_hls/lenet_fc6_hls.cpp:12 in fc6_hls, input   |
| interface | m_axi depth=1200 port=weights offset=slave bundle=WEIGHTS | ../SoC-based-MatMul-Accelerator-and-DNN-Accelerator/lenet_hls/lenet_fc6_hls.cpp:13 in fc6_hls, weights |
| interface | m_axi depth=10 port=bias offset=slave bundle=BIAS         | ../SoC-based-MatMul-Accelerator-and-DNN-Accelerator/lenet_hls/lenet_fc6_hls.cpp:14 in fc6_hls, bias    |
| interface | m_axi depth=10 port=output offset=slave bundle=OUTPUT     | ../SoC-based-MatMul-Accelerator-and-DNN-Accelerator/lenet_hls/lenet_fc6_hls.cpp:15 in fc6_hls, output  |
| unroll    | factor=2                                                  | ../SoC-based-MatMul-Accelerator-and-DNN-Accelerator/lenet_hls/lenet_fc6_hls.cpp:19 in fc6_hls          |
| pipeline  | II=1                                                      | ../SoC-based-MatMul-Accelerator-and-DNN-Accelerator/lenet_hls/lenet_fc6_hls.cpp:25 in fc6_hls          |
+-----------+-----------------------------------------------------------+--------------------------------------------------------------------------------------------------------+


